TN:
SF:src/modules/agent/langgraph/edges.ts
FN:14,hasWorkOrders
FN:22,shouldAccept
FN:33,routeByType
FN:65,shouldSubmitResult
FN:73,afterExecution
FN:81,afterAccept
FNF:6
FNH:4
FNDA:2,hasWorkOrders
FNDA:1,shouldAccept
FNDA:1,routeByType
FNDA:1,shouldSubmitResult
FNDA:0,afterExecution
FNDA:0,afterAccept
DA:14,1
DA:15,2
DA:22,1
DA:23,1
DA:24,0
DA:26,1
DA:33,1
DA:40,1
DA:41,0
DA:44,1
DA:45,1
DA:47,1
DA:49,1
DA:51,0
DA:53,0
DA:55,0
DA:57,0
DA:65,1
DA:66,1
DA:73,1
DA:74,0
DA:81,1
DA:82,0
LF:23
LH:15
BRDA:15,0,0,1
BRDA:15,0,1,1
BRDA:23,1,0,0
BRDA:26,2,0,1
BRDA:26,2,1,0
BRDA:40,3,0,0
BRDA:47,4,0,1
BRDA:47,4,1,0
BRDA:47,4,2,0
BRDA:47,4,3,0
BRDA:47,4,4,0
BRDA:66,5,0,0
BRDA:66,5,1,1
BRF:13
BRH:5
end_of_record
TN:
SF:src/modules/agent/langgraph/graph.ts
FN:55,(anonymous_0)
FN:56,(anonymous_1)
FN:57,(anonymous_2)
FN:58,(anonymous_3)
FN:59,(anonymous_4)
FN:60,(anonymous_5)
FN:61,(anonymous_6)
FN:62,(anonymous_7)
FN:63,(anonymous_8)
FN:64,(anonymous_9)
FN:65,(anonymous_10)
FN:66,(anonymous_11)
FN:67,(anonymous_12)
FN:68,(anonymous_13)
FN:69,(anonymous_14)
FN:82,(anonymous_15)
FN:82,(anonymous_16)
FN:83,(anonymous_17)
FN:83,(anonymous_18)
FN:84,(anonymous_19)
FN:84,(anonymous_20)
FN:85,(anonymous_21)
FN:85,(anonymous_22)
FN:86,(anonymous_23)
FN:86,(anonymous_24)
FN:87,(anonymous_25)
FN:87,(anonymous_26)
FN:88,(anonymous_27)
FN:88,(anonymous_28)
FN:89,(anonymous_29)
FN:89,(anonymous_30)
FN:90,(anonymous_31)
FN:90,(anonymous_32)
FN:91,(anonymous_33)
FN:91,(anonymous_34)
FN:92,(anonymous_35)
FN:92,(anonymous_36)
FN:94,(anonymous_37)
FN:94,(anonymous_38)
FN:95,(anonymous_39)
FN:95,(anonymous_40)
FN:96,(anonymous_41)
FN:96,(anonymous_42)
FN:97,(anonymous_43)
FN:97,(anonymous_44)
FN:101,createAgentGraph
FN:167,runLangGraphIteration
FNF:47
FNH:31
FNDA:0,(anonymous_0)
FNDA:0,(anonymous_1)
FNDA:0,(anonymous_2)
FNDA:0,(anonymous_3)
FNDA:0,(anonymous_4)
FNDA:0,(anonymous_5)
FNDA:0,(anonymous_6)
FNDA:0,(anonymous_7)
FNDA:0,(anonymous_8)
FNDA:0,(anonymous_9)
FNDA:0,(anonymous_10)
FNDA:0,(anonymous_11)
FNDA:0,(anonymous_12)
FNDA:0,(anonymous_13)
FNDA:0,(anonymous_14)
FNDA:5,(anonymous_15)
FNDA:6,(anonymous_16)
FNDA:3,(anonymous_17)
FNDA:3,(anonymous_18)
FNDA:4,(anonymous_19)
FNDA:4,(anonymous_20)
FNDA:3,(anonymous_21)
FNDA:3,(anonymous_22)
FNDA:3,(anonymous_23)
FNDA:3,(anonymous_24)
FNDA:4,(anonymous_25)
FNDA:4,(anonymous_26)
FNDA:4,(anonymous_27)
FNDA:4,(anonymous_28)
FNDA:3,(anonymous_29)
FNDA:2,(anonymous_30)
FNDA:4,(anonymous_31)
FNDA:4,(anonymous_32)
FNDA:3,(anonymous_33)
FNDA:3,(anonymous_34)
FNDA:3,(anonymous_35)
FNDA:2,(anonymous_36)
FNDA:3,(anonymous_37)
FNDA:2,(anonymous_38)
FNDA:3,(anonymous_39)
FNDA:2,(anonymous_40)
FNDA:3,(anonymous_41)
FNDA:2,(anonymous_42)
FNDA:3,(anonymous_43)
FNDA:2,(anonymous_44)
FNDA:3,createAgentGraph
FNDA:0,runLangGraphIteration
DA:11,1
DA:14,1
DA:17,1
DA:18,1
DA:19,1
DA:20,1
DA:21,1
DA:22,1
DA:23,1
DA:24,1
DA:25,1
DA:26,1
DA:27,1
DA:28,1
DA:55,1
DA:56,1
DA:57,1
DA:58,1
DA:59,1
DA:60,1
DA:61,1
DA:62,1
DA:63,1
DA:64,1
DA:65,1
DA:66,1
DA:67,1
DA:68,1
DA:69,1
DA:81,1
DA:82,6
DA:83,3
DA:84,4
DA:85,3
DA:86,3
DA:87,4
DA:88,4
DA:89,3
DA:90,4
DA:91,3
DA:92,3
DA:94,3
DA:95,3
DA:96,3
DA:97,3
DA:101,1
DA:102,3
DA:105,3
DA:106,3
DA:107,3
DA:108,3
DA:109,3
DA:110,3
DA:111,3
DA:112,3
DA:113,3
DA:114,3
DA:115,3
DA:119,3
DA:121,3
DA:124,3
DA:129,3
DA:132,3
DA:138,3
DA:146,3
DA:147,3
DA:148,3
DA:149,3
DA:152,3
DA:157,3
DA:158,3
DA:160,3
DA:167,1
DA:172,0
DA:174,0
DA:193,0
DA:195,0
LF:77
LH:73
BRDA:184,0,0,0
BRDA:184,0,1,0
BRDA:196,1,0,0
BRDA:196,1,1,0
BRDA:197,2,0,0
BRDA:197,2,1,0
BRF:6
BRH:0
end_of_record
TN:
SF:src/modules/agent/langgraph/state.ts
FN:64,createInitialAgentState
FNF:1
FNH:0
FNDA:0,createInitialAgentState
DA:65,0
LF:1
LH:0
BRF:0
BRH:0
end_of_record
TN:
SF:src/modules/agent/langgraph/nodes/accept-wo.ts
FN:16,acceptWorkOrderNode
FNF:1
FNH:1
FNDA:3,acceptWorkOrderNode
DA:9,2
DA:10,2
DA:16,2
DA:17,3
DA:19,3
DA:20,0
DA:23,3
DA:25,3
DA:32,3
DA:33,2
DA:35,1
DA:38,3
LF:12
LH:11
BRDA:19,0,0,0
BRDA:32,1,0,2
BRDA:32,1,1,1
BRF:3
BRH:2
end_of_record
TN:
SF:src/modules/agent/langgraph/nodes/evaluate-economics.ts
FN:16,evaluateEconomics
FN:45,buildFullModelId
FNF:2
FNH:2
FNDA:2,evaluateEconomics
FNDA:2,buildFullModelId
DA:9,2
DA:10,2
DA:16,2
DA:17,2
DA:19,2
DA:20,0
DA:24,2
DA:27,2
DA:30,2
DA:32,2
DA:33,2
DA:34,2
DA:35,2
DA:36,2
DA:38,2
DA:46,2
DA:47,2
DA:49,2
DA:50,2
DA:53,0
DA:54,0
DA:57,0
LF:22
LH:18
BRDA:19,0,0,0
BRDA:35,1,0,2
BRDA:35,1,1,0
BRDA:36,2,0,2
BRDA:36,2,1,0
BRDA:47,3,0,0
BRDA:49,4,0,2
BRDA:53,5,0,0
BRF:8
BRH:3
end_of_record
TN:
SF:src/modules/agent/langgraph/nodes/execute-diloco.ts
FN:15,executeDiloco
FNF:1
FNH:0
FNDA:0,executeDiloco
DA:8,1
DA:9,1
DA:15,1
DA:16,0
DA:18,0
DA:19,0
DA:24,0
DA:26,0
DA:27,0
DA:34,0
DA:41,0
DA:42,0
DA:44,0
LF:13
LH:3
BRDA:18,0,0,0
BRDA:41,1,0,0
BRDA:41,1,1,0
BRF:3
BRH:0
end_of_record
TN:
SF:src/modules/agent/langgraph/nodes/execute-inference.ts
FN:15,executeInference
FNF:1
FNH:0
FNDA:0,executeInference
DA:8,1
DA:9,1
DA:15,1
DA:16,0
DA:18,0
DA:19,0
DA:24,0
DA:26,0
DA:27,0
DA:34,0
DA:45,0
DA:46,0
DA:48,0
LF:13
LH:3
BRDA:18,0,0,0
BRDA:45,1,0,0
BRDA:45,1,1,0
BRF:3
BRH:0
end_of_record
TN:
SF:src/modules/agent/langgraph/nodes/execute-research.ts
FN:15,executeResearch
FN:68,scoreResearchResult
FNF:2
FNH:1
FNDA:1,executeResearch
FNDA:0,scoreResearchResult
DA:8,1
DA:9,1
DA:15,1
DA:16,1
DA:18,1
DA:19,0
DA:25,1
DA:27,1
DA:28,1
DA:37,0
DA:50,0
DA:55,1
DA:56,1
DA:58,1
DA:70,0
DA:71,0
DA:72,0
DA:73,0
DA:74,0
LF:19
LH:11
BRDA:18,0,0,0
BRDA:44,1,0,0
BRDA:44,1,1,0
BRDA:55,2,0,1
BRDA:55,2,1,0
BRDA:71,3,0,0
BRDA:71,3,1,0
BRDA:72,4,0,0
BRDA:72,4,1,0
BRDA:73,5,0,0
BRDA:73,5,1,0
BRF:11
BRH:1
end_of_record
TN:
SF:src/modules/agent/langgraph/nodes/execute-training.ts
FN:15,executeTraining
FNF:1
FNH:0
FNDA:0,executeTraining
DA:8,1
DA:9,1
DA:15,1
DA:16,0
DA:18,0
DA:19,0
DA:24,0
DA:26,0
DA:27,0
DA:35,0
DA:42,0
DA:43,0
DA:45,0
LF:13
LH:3
BRDA:18,0,0,0
BRDA:42,1,0,0
BRDA:42,1,1,0
BRF:3
BRH:0
end_of_record
TN:
SF:src/modules/agent/langgraph/nodes/fetch-work-orders.ts
FN:32,fetchWorkOrders
FN:49,(anonymous_2)
FN:79,markWorkOrderCompleted
FN:88,setResearchCooldown
FN:96,resetWorkOrderFilters
FNF:5
FNH:3
FNDA:4,fetchWorkOrders
FNDA:2,(anonymous_2)
FNDA:0,markWorkOrderCompleted
FNDA:0,setResearchCooldown
FNDA:8,resetWorkOrderFilters
DA:8,2
DA:9,2
DA:10,2
DA:12,2
DA:18,2
DA:24,2
DA:32,2
DA:33,4
DA:35,4
DA:38,4
DA:40,4
DA:41,2
DA:42,2
DA:45,2
DA:48,2
DA:49,2
DA:50,2
DA:52,2
DA:53,2
DA:54,0
DA:55,0
DA:56,0
DA:58,2
DA:61,0
DA:64,2
DA:65,0
DA:68,2
DA:69,0
DA:70,0
DA:73,2
DA:79,2
DA:80,0
DA:81,0
DA:88,2
DA:89,0
DA:96,2
DA:97,8
DA:98,8
LF:38
LH:28
BRDA:40,0,0,2
BRDA:50,1,0,2
BRDA:53,2,0,0
BRDA:53,3,0,2
BRDA:53,3,1,0
BRDA:64,4,0,0
BRDA:68,5,0,0
BRDA:80,6,0,0
BRF:8
BRH:3
end_of_record
TN:
SF:src/modules/agent/langgraph/nodes/quality-gate.ts
FN:25,qualityGate
FN:68,sleep
FN:69,(anonymous_3)
FN:75,resetLastSubmissionTime
FN:82,getLastSubmissionTime
FNF:5
FNH:1
FNDA:1,qualityGate
FNDA:0,sleep
FNDA:0,(anonymous_3)
FNDA:0,resetLastSubmissionTime
FNDA:0,getLastSubmissionTime
DA:9,1
DA:10,1
DA:13,1
DA:14,1
DA:17,1
DA:25,1
DA:26,1
DA:29,1
DA:30,1
DA:31,1
DA:35,0
DA:36,0
DA:38,0
DA:39,0
DA:40,0
DA:43,0
DA:47,0
DA:48,0
DA:49,0
DA:51,0
DA:52,0
DA:53,0
DA:54,0
DA:57,0
DA:59,0
DA:69,0
DA:75,1
DA:76,0
DA:82,1
DA:83,0
LF:30
LH:12
BRDA:29,0,0,1
BRDA:35,1,0,0
BRDA:35,2,0,0
BRDA:35,2,1,0
BRDA:35,2,2,0
BRDA:38,3,0,0
BRDA:51,4,0,0
BRDA:60,5,0,0
BRDA:60,5,1,0
BRF:9
BRH:1
end_of_record
TN:
SF:src/modules/agent/langgraph/nodes/select-wo.ts
FN:20,selectBestWorkOrder
FNF:1
FNH:1
FNDA:3,selectBestWorkOrder
DA:9,2
DA:20,2
DA:21,3
DA:23,3
DA:24,1
DA:29,2
DA:31,2
DA:33,2
LF:8
LH:8
BRDA:23,0,0,1
BRF:1
BRH:1
end_of_record
TN:
SF:src/modules/agent/langgraph/nodes/submit-result.ts
FN:16,submitResult
FN:62,isResearchWorkOrder
FNF:2
FNH:0
FNDA:0,submitResult
FNDA:0,isResearchWorkOrder
DA:9,1
DA:10,1
DA:16,1
DA:24,0
DA:26,0
DA:27,0
DA:30,0
DA:33,0
DA:41,0
DA:42,0
DA:45,0
DA:46,0
DA:52,0
DA:55,0
DA:58,0
DA:63,0
LF:16
LH:3
BRDA:26,0,0,0
BRDA:26,1,0,0
BRDA:26,1,1,0
BRDA:41,2,0,0
BRDA:41,2,1,0
BRDA:45,3,0,0
BRDA:45,4,0,0
BRDA:45,4,1,0
BRF:8
BRH:0
end_of_record
TN:
SF:src/modules/agent/langgraph/nodes/update-memory.ts
FN:19,updateMemory
FNF:1
FNH:1
FNDA:2,updateMemory
DA:9,2
DA:10,2
DA:11,2
DA:19,2
DA:20,2
DA:22,2
DA:25,2
DA:26,1
DA:28,1
DA:31,1
DA:32,1
DA:36,2
LF:12
LH:12
BRDA:25,0,0,1
BRDA:25,1,0,2
BRDA:25,1,1,2
BRDA:25,1,2,1
BRDA:26,2,0,1
BRF:5
BRH:5
end_of_record
