<?xml version="1.0" encoding="UTF-8"?>
<coverage generated="1773307333026" clover="3.2.0">
  <project timestamp="1773307333026" name="All files">
    <metrics statements="454" coveredstatements="376" conditionals="262" coveredconditionals="161" methods="67" coveredmethods="57" elements="783" coveredelements="594" complexity="0" loc="454" ncloc="454" packages="1" files="7" classes="7"/>
    <file name="agent-loop.ts" path="/Users/kike/clawd/projects/synapseia-network/packages/node/src/agent-loop.ts">
      <metrics statements="106" coveredstatements="106" conditionals="29" coveredconditionals="27" methods="13" coveredmethods="13"/>
      <line num="12" count="1" type="stmt"/>
      <line num="13" count="1" type="stmt"/>
      <line num="41" count="1" type="stmt"/>
      <line num="51" count="1" type="stmt"/>
      <line num="52" count="6" type="stmt"/>
      <line num="58" count="1" type="stmt"/>
      <line num="59" count="30" type="stmt"/>
      <line num="70" count="1" type="stmt"/>
      <line num="74" count="18" type="stmt"/>
      <line num="75" count="18" type="stmt"/>
      <line num="77" count="16" type="cond" truecount="1" falsecount="0"/>
      <line num="78" count="1" type="stmt"/>
      <line num="81" count="15" type="stmt"/>
      <line num="84" count="15" type="cond" truecount="2" falsecount="0"/>
      <line num="85" count="9" type="cond" truecount="2" falsecount="0"/>
      <line num="86" count="3" type="cond" truecount="2" falsecount="2"/>
      <line num="89" count="2" type="stmt"/>
      <line num="90" count="2" type="stmt"/>
      <line num="97" count="1" type="stmt"/>
      <line num="103" count="11" type="stmt"/>
      <line num="104" count="11" type="stmt"/>
      <line num="114" count="10" type="cond" truecount="1" falsecount="0"/>
      <line num="115" count="1" type="stmt"/>
      <line num="118" count="9" type="stmt"/>
      <line num="119" count="9" type="stmt"/>
      <line num="121" count="2" type="stmt"/>
      <line num="128" count="1" type="stmt"/>
      <line num="133" count="10" type="stmt"/>
      <line num="134" count="10" type="stmt"/>
      <line num="144" count="10" type="cond" truecount="1" falsecount="0"/>
      <line num="145" count="1" type="stmt"/>
      <line num="148" count="1" type="stmt"/>
      <line num="149" count="1" type="stmt"/>
      <line num="156" count="1" type="stmt"/>
      <line num="163" count="11" type="stmt"/>
      <line num="166" count="11" type="cond" truecount="2" falsecount="0"/>
      <line num="168" count="1" type="stmt"/>
      <line num="175" count="1" type="stmt"/>
      <line num="179" count="11" type="stmt"/>
      <line num="181" count="11" type="stmt"/>
      <line num="184" count="11" type="stmt"/>
      <line num="185" count="11" type="stmt"/>
      <line num="186" count="10" type="stmt"/>
      <line num="189" count="10" type="cond" truecount="3" falsecount="0"/>
      <line num="190" count="2" type="stmt"/>
      <line num="192" count="10" type="stmt"/>
      <line num="195" count="10" type="stmt"/>
      <line num="196" count="10" type="stmt"/>
      <line num="197" count="9" type="stmt"/>
      <line num="198" count="9" type="stmt"/>
      <line num="201" count="9" type="stmt"/>
      <line num="202" count="9" type="cond" truecount="1" falsecount="0"/>
      <line num="203" count="1" type="stmt"/>
      <line num="207" count="8" type="stmt"/>
      <line num="208" count="8" type="cond" truecount="2" falsecount="0"/>
      <line num="209" count="8" type="stmt"/>
      <line num="210" count="8" type="stmt"/>
      <line num="213" count="8" type="stmt"/>
      <line num="214" count="8" type="cond" truecount="2" falsecount="0"/>
      <line num="215" count="8" type="stmt"/>
      <line num="222" count="8" type="stmt"/>
      <line num="223" count="8" type="stmt"/>
      <line num="224" count="8" type="stmt"/>
      <line num="227" count="8" type="stmt"/>
      <line num="228" count="8" type="stmt"/>
      <line num="231" count="8" type="stmt"/>
      <line num="232" count="8" type="cond" truecount="1" falsecount="0"/>
      <line num="233" count="7" type="stmt"/>
      <line num="234" count="7" type="stmt"/>
      <line num="238" count="8" type="stmt"/>
      <line num="240" count="8" type="stmt"/>
      <line num="241" count="8" type="stmt"/>
      <line num="243" count="8" type="stmt"/>
      <line num="255" count="1" type="stmt"/>
      <line num="256" count="4" type="cond" truecount="1" falsecount="0"/>
      <line num="257" count="1" type="stmt"/>
      <line num="260" count="3" type="stmt"/>
      <line num="261" count="3" type="stmt"/>
      <line num="263" count="3" type="stmt"/>
      <line num="264" count="3" type="stmt"/>
      <line num="265" count="3" type="stmt"/>
      <line num="266" count="3" type="stmt"/>
      <line num="267" count="3" type="stmt"/>
      <line num="268" count="3" type="cond" truecount="1" falsecount="0"/>
      <line num="269" count="2" type="stmt"/>
      <line num="271" count="3" type="stmt"/>
      <line num="273" count="3" type="stmt"/>
      <line num="274" count="3" type="stmt"/>
      <line num="276" count="3" type="stmt"/>
      <line num="278" count="6" type="cond" truecount="3" falsecount="0"/>
      <line num="279" count="2" type="stmt"/>
      <line num="280" count="2" type="stmt"/>
      <line num="283" count="4" type="stmt"/>
      <line num="284" count="4" type="stmt"/>
      <line num="286" count="1" type="stmt"/>
      <line num="290" count="3" type="cond" truecount="1" falsecount="0"/>
      <line num="291" count="3" type="stmt"/>
      <line num="292" count="3" type="stmt"/>
      <line num="295" count="3" type="stmt"/>
      <line num="298" count="2" type="stmt"/>
      <line num="299" count="2" type="stmt"/>
      <line num="306" count="1" type="stmt"/>
      <line num="307" count="31" type="stmt"/>
      <line num="308" count="31" type="stmt"/>
      <line num="315" count="3" type="stmt"/>
      <line num="319" count="1" type="stmt"/>
    </file>
    <file name="hardware.ts" path="/Users/kike/clawd/projects/synapseia-network/packages/node/src/hardware.ts">
      <metrics statements="45" coveredstatements="0" conditionals="67" coveredconditionals="0" methods="4" coveredmethods="0"/>
      <line num="5" count="0" type="stmt"/>
      <line num="6" count="0" type="stmt"/>
      <line num="18" count="0" type="stmt"/>
      <line num="51" count="0" type="cond" truecount="0" falsecount="2"/>
      <line num="52" count="0" type="cond" truecount="0" falsecount="4"/>
      <line num="53" count="0" type="cond" truecount="0" falsecount="2"/>
      <line num="54" count="0" type="cond" truecount="0" falsecount="2"/>
      <line num="55" count="0" type="cond" truecount="0" falsecount="4"/>
      <line num="56" count="0" type="cond" truecount="0" falsecount="2"/>
      <line num="57" count="0" type="cond" truecount="0" falsecount="4"/>
      <line num="60" count="0" type="cond" truecount="0" falsecount="4"/>
      <line num="61" count="0" type="cond" truecount="0" falsecount="4"/>
      <line num="62" count="0" type="cond" truecount="0" falsecount="4"/>
      <line num="63" count="0" type="cond" truecount="0" falsecount="2"/>
      <line num="67" count="0" type="stmt"/>
      <line num="69" count="0" type="cond" truecount="0" falsecount="2"/>
      <line num="70" count="0" type="stmt"/>
      <line num="71" count="0" type="cond" truecount="0" falsecount="1"/>
      <line num="72" count="0" type="cond" truecount="0" falsecount="1"/>
      <line num="73" count="0" type="stmt"/>
      <line num="74" count="0" type="cond" truecount="0" falsecount="1"/>
      <line num="78" count="0" type="cond" truecount="0" falsecount="2"/>
      <line num="79" count="0" type="cond" truecount="0" falsecount="2"/>
      <line num="80" count="0" type="cond" truecount="0" falsecount="4"/>
      <line num="81" count="0" type="cond" truecount="0" falsecount="4"/>
      <line num="82" count="0" type="cond" truecount="0" falsecount="4"/>
      <line num="83" count="0" type="cond" truecount="0" falsecount="3"/>
      <line num="86" count="0" type="cond" truecount="0" falsecount="1"/>
      <line num="87" count="0" type="stmt"/>
      <line num="95" count="0" type="cond" truecount="0" falsecount="1"/>
      <line num="97" count="0" type="stmt"/>
      <line num="98" count="0" type="stmt"/>
      <line num="99" count="0" type="cond" truecount="0" falsecount="2"/>
      <line num="100" count="0" type="stmt"/>
      <line num="101" count="0" type="stmt"/>
      <line num="102" count="0" type="cond" truecount="0" falsecount="1"/>
      <line num="103" count="0" type="stmt"/>
      <line num="110" count="0" type="stmt"/>
      <line num="111" count="0" type="stmt"/>
      <line num="112" count="0" type="stmt"/>
      <line num="114" count="0" type="stmt"/>
      <line num="118" count="0" type="stmt"/>
      <line num="124" count="0" type="stmt"/>
      <line num="125" count="0" type="stmt"/>
      <line num="126" count="0" type="cond" truecount="0" falsecount="2"/>
    </file>
    <file name="heartbeat.ts" path="/Users/kike/clawd/projects/synapseia-network/packages/node/src/heartbeat.ts">
      <metrics statements="32" coveredstatements="0" conditionals="6" coveredconditionals="0" methods="6" coveredmethods="0"/>
      <line num="1" count="0" type="stmt"/>
      <line num="21" count="0" type="stmt"/>
      <line num="26" count="0" type="stmt"/>
      <line num="27" count="0" type="stmt"/>
      <line num="29" count="0" type="stmt"/>
      <line num="37" count="0" type="stmt"/>
      <line num="40" count="0" type="stmt"/>
      <line num="41" count="0" type="stmt"/>
      <line num="42" count="0" type="stmt"/>
      <line num="50" count="0" type="stmt"/>
      <line num="51" count="0" type="stmt"/>
      <line num="53" count="0" type="stmt"/>
      <line num="54" count="0" type="stmt"/>
      <line num="56" count="0" type="cond" truecount="0" falsecount="1"/>
      <line num="58" count="0" type="stmt"/>
      <line num="59" count="0" type="stmt"/>
      <line num="64" count="0" type="stmt"/>
      <line num="70" count="0" type="stmt"/>
      <line num="71" count="0" type="stmt"/>
      <line num="74" count="0" type="stmt"/>
      <line num="77" count="0" type="cond" truecount="0" falsecount="1"/>
      <line num="78" count="0" type="stmt"/>
      <line num="82" count="0" type="cond" truecount="0" falsecount="3"/>
      <line num="83" count="0" type="stmt"/>
      <line num="86" count="0" type="stmt"/>
      <line num="92" count="0" type="stmt"/>
      <line num="98" count="0" type="stmt"/>
      <line num="99" count="0" type="stmt"/>
      <line num="100" count="0" type="stmt"/>
      <line num="101" count="0" type="stmt"/>
      <line num="103" count="0" type="stmt"/>
      <line num="108" count="0" type="stmt"/>
    </file>
    <file name="llm-provider.ts" path="/Users/kike/clawd/projects/synapseia-network/packages/node/src/llm-provider.ts">
      <metrics statements="106" coveredstatements="105" conditionals="52" coveredconditionals="41" methods="15" coveredmethods="15"/>
      <line num="6" count="1" type="stmt"/>
      <line num="35" count="1" type="stmt"/>
      <line num="36" count="20" type="stmt"/>
      <line num="37" count="20" type="cond" truecount="2" falsecount="0"/>
      <line num="39" count="0" type="stmt"/>
      <line num="46" count="1" type="stmt"/>
      <line num="59" count="1" type="stmt"/>
      <line num="72" count="1" type="stmt"/>
      <line num="73" count="12" type="cond" truecount="1" falsecount="0"/>
      <line num="74" count="9" type="stmt"/>
      <line num="75" count="9" type="cond" truecount="2" falsecount="0"/>
      <line num="81" count="1" type="stmt"/>
      <line num="82" count="6" type="stmt"/>
      <line num="83" count="6" type="cond" truecount="1" falsecount="0"/>
      <line num="85" count="4" type="stmt"/>
      <line num="94" count="1" type="stmt"/>
      <line num="95" count="24" type="cond" truecount="1" falsecount="0"/>
      <line num="96" count="6" type="stmt"/>
      <line num="98" count="18" type="cond" truecount="1" falsecount="0"/>
      <line num="99" count="17" type="stmt"/>
      <line num="102" count="1" type="stmt"/>
      <line num="117" count="1" type="stmt"/>
      <line num="122" count="15" type="cond" truecount="1" falsecount="0"/>
      <line num="123" count="2" type="stmt"/>
      <line num="125" count="13" type="cond" truecount="1" falsecount="0"/>
      <line num="126" count="12" type="stmt"/>
      <line num="129" count="1" type="stmt"/>
      <line num="135" count="6" type="stmt"/>
      <line num="136" count="6" type="stmt"/>
      <line num="138" count="3" type="cond" truecount="1" falsecount="0"/>
      <line num="139" count="1" type="stmt"/>
      <line num="147" count="2" type="stmt"/>
      <line num="148" count="2" type="stmt"/>
      <line num="150" count="2" type="cond" truecount="1" falsecount="0"/>
      <line num="151" count="1" type="stmt"/>
      <line num="159" count="1" type="stmt"/>
      <line num="166" count="3" type="stmt"/>
      <line num="176" count="2" type="stmt"/>
      <line num="182" count="17" type="cond" truecount="1" falsecount="0"/>
      <line num="183" count="1" type="stmt"/>
      <line num="191" count="16" type="cond" truecount="1" falsecount="0"/>
      <line num="192" count="5" type="stmt"/>
      <line num="194" count="11" type="cond" truecount="1" falsecount="0"/>
      <line num="195" count="5" type="stmt"/>
      <line num="197" count="6" type="cond" truecount="1" falsecount="0"/>
      <line num="198" count="5" type="stmt"/>
      <line num="201" count="1" type="stmt"/>
      <line num="210" count="12" type="cond" truecount="1" falsecount="0"/>
      <line num="211" count="3" type="stmt"/>
      <line num="214" count="9" type="cond" truecount="1" falsecount="0"/>
      <line num="215" count="2" type="stmt"/>
      <line num="217" count="7" type="cond" truecount="1" falsecount="0"/>
      <line num="218" count="2" type="stmt"/>
      <line num="220" count="5" type="cond" truecount="1" falsecount="0"/>
      <line num="221" count="4" type="stmt"/>
      <line num="224" count="1" type="stmt"/>
      <line num="230" count="5" type="stmt"/>
      <line num="231" count="5" type="stmt"/>
      <line num="233" count="5" type="stmt"/>
      <line num="248" count="2" type="cond" truecount="1" falsecount="0"/>
      <line num="249" count="1" type="stmt"/>
      <line num="250" count="1" type="cond" truecount="1" falsecount="1"/>
      <line num="251" count="1" type="stmt"/>
      <line num="254" count="1" type="stmt"/>
      <line num="262" count="4" type="stmt"/>
      <line num="272" count="2" type="stmt"/>
      <line num="291" count="2" type="cond" truecount="1" falsecount="0"/>
      <line num="292" count="1" type="stmt"/>
      <line num="293" count="1" type="cond" truecount="1" falsecount="1"/>
      <line num="294" count="1" type="stmt"/>
      <line num="297" count="1" type="stmt"/>
      <line num="298" count="1" type="stmt"/>
      <line num="304" count="5" type="stmt"/>
      <line num="305" count="5" type="stmt"/>
      <line num="307" count="5" type="stmt"/>
      <line num="320" count="2" type="cond" truecount="1" falsecount="0"/>
      <line num="321" count="1" type="stmt"/>
      <line num="322" count="1" type="cond" truecount="1" falsecount="1"/>
      <line num="323" count="1" type="stmt"/>
      <line num="326" count="1" type="stmt"/>
      <line num="334" count="4" type="stmt"/>
      <line num="344" count="2" type="stmt"/>
      <line num="361" count="2" type="cond" truecount="1" falsecount="0"/>
      <line num="362" count="1" type="stmt"/>
      <line num="363" count="1" type="cond" truecount="1" falsecount="1"/>
      <line num="364" count="1" type="stmt"/>
      <line num="367" count="1" type="stmt"/>
      <line num="368" count="1" type="stmt"/>
      <line num="374" count="5" type="stmt"/>
      <line num="375" count="5" type="stmt"/>
      <line num="377" count="5" type="stmt"/>
      <line num="390" count="2" type="cond" truecount="1" falsecount="0"/>
      <line num="391" count="1" type="stmt"/>
      <line num="392" count="1" type="cond" truecount="1" falsecount="1"/>
      <line num="393" count="1" type="stmt"/>
      <line num="396" count="1" type="stmt"/>
      <line num="404" count="4" type="stmt"/>
      <line num="419" count="4" type="cond" truecount="2" falsecount="0"/>
      <line num="421" count="4" type="stmt"/>
      <line num="438" count="4" type="cond" truecount="1" falsecount="0"/>
      <line num="439" count="2" type="stmt"/>
      <line num="440" count="2" type="cond" truecount="2" falsecount="0"/>
      <line num="441" count="2" type="stmt"/>
      <line num="444" count="2" type="stmt"/>
      <line num="445" count="2" type="stmt"/>
      <line num="449" count="1" type="stmt"/>
    </file>
    <file name="mutation-engine.ts" path="/Users/kike/clawd/projects/synapseia-network/packages/node/src/mutation-engine.ts">
      <metrics statements="39" coveredstatements="39" conditionals="50" coveredconditionals="45" methods="13" coveredmethods="13"/>
      <line num="6" count="1" type="stmt"/>
      <line num="25" count="1" type="stmt"/>
      <line num="30" count="19" type="cond" truecount="1" falsecount="0"/>
      <line num="32" count="4" type="stmt"/>
      <line num="53" count="15" type="stmt"/>
      <line num="54" count="15" type="stmt"/>
      <line num="56" count="15" type="stmt"/>
      <line num="58" count="14" type="stmt"/>
      <line num="66" count="16" type="stmt"/>
      <line num="67" count="16" type="stmt"/>
      <line num="69" count="16" type="stmt"/>
      <line num="121" count="19" type="cond" truecount="2" falsecount="0"/>
      <line num="124" count="19" type="cond" truecount="1" falsecount="0"/>
      <line num="125" count="1" type="stmt"/>
      <line num="128" count="18" type="cond" truecount="2" falsecount="0"/>
      <line num="129" count="18" type="stmt"/>
      <line num="132" count="18" type="stmt"/>
      <line num="148" count="18" type="stmt"/>
      <line num="150" count="18" type="stmt"/>
      <line num="160" count="90" type="stmt"/>
      <line num="164" count="18" type="stmt"/>
      <line num="165" count="18" type="stmt"/>
      <line num="166" count="54" type="cond" truecount="2" falsecount="0"/>
      <line num="168" count="18" type="stmt"/>
      <line num="172" count="18" type="stmt"/>
      <line num="173" count="18" type="stmt"/>
      <line num="174" count="54" type="cond" truecount="2" falsecount="0"/>
      <line num="176" count="18" type="stmt"/>
      <line num="180" count="18" type="stmt"/>
      <line num="181" count="18" type="stmt"/>
      <line num="182" count="36" type="cond" truecount="2" falsecount="0"/>
      <line num="184" count="18" type="stmt"/>
      <line num="188" count="18" type="stmt"/>
      <line num="189" count="18" type="cond" truecount="2" falsecount="0"/>
      <line num="193" count="18" type="stmt"/>
      <line num="194" count="18" type="cond" truecount="2" falsecount="0"/>
      <line num="198" count="18" type="stmt"/>
      <line num="199" count="18" type="cond" truecount="2" falsecount="0"/>
      <line num="202" count="1" type="stmt"/>
    </file>
    <file name="ollama.ts" path="/Users/kike/clawd/projects/synapseia-network/packages/node/src/ollama.ts">
      <metrics statements="56" coveredstatements="56" conditionals="28" coveredconditionals="21" methods="7" coveredmethods="7"/>
      <line num="1" count="1" type="stmt"/>
      <line num="2" count="1" type="stmt"/>
      <line num="22" count="1" type="cond" truecount="0" falsecount="1"/>
      <line num="23" count="15" type="stmt"/>
      <line num="25" count="15" type="stmt"/>
      <line num="29" count="8" type="stmt"/>
      <line num="32" count="12" type="stmt"/>
      <line num="33" count="6" type="stmt"/>
      <line num="34" count="6" type="stmt"/>
      <line num="36" count="6" type="cond" truecount="2" falsecount="0"/>
      <line num="38" count="6" type="stmt"/>
      <line num="45" count="9" type="cond" truecount="3" falsecount="0"/>
      <line num="46" count="9" type="cond" truecount="1" falsecount="0"/>
      <line num="47" count="1" type="stmt"/>
      <line num="57" count="8" type="stmt"/>
      <line num="58" count="8" type="cond" truecount="1" falsecount="0"/>
      <line num="59" count="4" type="stmt"/>
      <line num="62" count="8" type="stmt"/>
      <line num="78" count="1" type="cond" truecount="0" falsecount="1"/>
      <line num="79" count="4" type="stmt"/>
      <line num="80" count="4" type="stmt"/>
      <line num="82" count="4" type="stmt"/>
      <line num="84" count="4" type="stmt"/>
      <line num="89" count="3" type="stmt"/>
      <line num="91" count="3" type="stmt"/>
      <line num="92" count="5" type="cond" truecount="3" falsecount="0"/>
      <line num="93" count="1" type="cond" truecount="3" falsecount="1"/>
      <line num="96" count="1" type="stmt"/>
      <line num="97" count="1" type="stmt"/>
      <line num="100" count="5" type="cond" truecount="1" falsecount="0"/>
      <line num="101" count="3" type="stmt"/>
      <line num="105" count="1" type="cond" truecount="1" falsecount="1"/>
      <line num="106" count="1" type="stmt"/>
      <line num="117" count="1" type="stmt"/>
      <line num="122" count="5" type="stmt"/>
      <line num="124" count="5" type="stmt"/>
      <line num="125" count="5" type="cond" truecount="1" falsecount="0"/>
      <line num="126" count="2" type="stmt"/>
      <line num="127" count="2" type="cond" truecount="1" falsecount="0"/>
      <line num="128" count="1" type="stmt"/>
      <line num="130" count="1" type="stmt"/>
      <line num="133" count="4" type="stmt"/>
      <line num="135" count="4" type="stmt"/>
      <line num="137" count="4" type="stmt"/>
      <line num="148" count="3" type="stmt"/>
      <line num="150" count="2" type="cond" truecount="1" falsecount="1"/>
      <line num="151" count="2" type="stmt"/>
      <line num="160" count="1" type="cond" truecount="0" falsecount="1"/>
      <line num="161" count="4" type="stmt"/>
      <line num="163" count="4" type="cond" truecount="1" falsecount="0"/>
      <line num="164" count="1" type="stmt"/>
      <line num="167" count="3" type="stmt"/>
      <line num="169" count="3" type="cond" truecount="2" falsecount="0"/>
      <line num="170" count="1" type="stmt"/>
      <line num="171" count="1" type="stmt"/>
      <line num="173" count="2" type="stmt"/>
    </file>
    <file name="trainer.ts" path="/Users/kike/clawd/projects/synapseia-network/packages/node/src/trainer.ts">
      <metrics statements="70" coveredstatements="70" conditionals="30" coveredconditionals="27" methods="9" coveredmethods="9"/>
      <line num="6" count="1" type="stmt"/>
      <line num="7" count="1" type="stmt"/>
      <line num="33" count="1" type="stmt"/>
      <line num="40" count="9" type="stmt"/>
      <line num="42" count="9" type="stmt"/>
      <line num="43" count="9" type="stmt"/>
      <line num="46" count="9" type="stmt"/>
      <line num="52" count="9" type="stmt"/>
      <line num="53" count="9" type="stmt"/>
      <line num="57" count="9" type="stmt"/>
      <line num="58" count="9" type="stmt"/>
      <line num="59" count="9" type="stmt"/>
      <line num="62" count="9" type="stmt"/>
      <line num="63" count="9" type="stmt"/>
      <line num="66" count="9" type="stmt"/>
      <line num="67" count="28" type="stmt"/>
      <line num="69" count="12" type="stmt"/>
      <line num="70" count="16" type="stmt"/>
      <line num="71" count="16" type="stmt"/>
      <line num="74" count="14" type="cond" truecount="3" falsecount="0"/>
      <line num="75" count="8" type="stmt"/>
      <line num="79" count="14" type="cond" truecount="1" falsecount="0"/>
      <line num="80" count="6" type="stmt"/>
      <line num="90" count="12" type="stmt"/>
      <line num="94" count="9" type="stmt"/>
      <line num="95" count="1" type="stmt"/>
      <line num="99" count="9" type="stmt"/>
      <line num="100" count="8" type="stmt"/>
      <line num="102" count="8" type="cond" truecount="1" falsecount="0"/>
      <line num="103" count="1" type="cond" truecount="1" falsecount="1"/>
      <line num="104" count="1" type="stmt"/>
      <line num="107" count="7" type="cond" truecount="1" falsecount="0"/>
      <line num="108" count="1" type="stmt"/>
      <line num="109" count="1" type="stmt"/>
      <line num="113" count="6" type="stmt"/>
      <line num="115" count="6" type="stmt"/>
      <line num="126" count="6" type="stmt"/>
      <line num="130" count="9" type="stmt"/>
      <line num="131" count="1" type="stmt"/>
      <line num="139" count="1" type="stmt"/>
      <line num="140" count="22" type="stmt"/>
      <line num="143" count="22" type="cond" truecount="3" falsecount="0"/>
      <line num="144" count="2" type="stmt"/>
      <line num="148" count="20" type="stmt"/>
      <line num="149" count="20" type="cond" truecount="1" falsecount="0"/>
      <line num="150" count="1" type="stmt"/>
      <line num="154" count="19" type="stmt"/>
      <line num="155" count="19" type="cond" truecount="1" falsecount="0"/>
      <line num="156" count="1" type="stmt"/>
      <line num="160" count="18" type="cond" truecount="3" falsecount="0"/>
      <line num="161" count="2" type="stmt"/>
      <line num="165" count="16" type="stmt"/>
      <line num="166" count="16" type="cond" truecount="1" falsecount="0"/>
      <line num="167" count="1" type="stmt"/>
      <line num="171" count="15" type="stmt"/>
      <line num="172" count="15" type="cond" truecount="1" falsecount="0"/>
      <line num="173" count="1" type="stmt"/>
      <line num="177" count="14" type="stmt"/>
      <line num="178" count="14" type="cond" truecount="1" falsecount="0"/>
      <line num="179" count="1" type="stmt"/>
      <line num="183" count="13" type="stmt"/>
      <line num="184" count="13" type="cond" truecount="1" falsecount="0"/>
      <line num="185" count="1" type="stmt"/>
      <line num="189" count="12" type="cond" truecount="3" falsecount="0"/>
      <line num="190" count="2" type="stmt"/>
      <line num="193" count="10" type="stmt"/>
      <line num="199" count="1" type="stmt"/>
      <line num="200" count="6" type="cond" truecount="1" falsecount="0"/>
      <line num="201" count="4" type="stmt"/>
      <line num="205" count="1" type="stmt"/>
    </file>
  </project>
</coverage>
