<?xml version="1.0" encoding="UTF-8"?>
<coverage generated="1774028301192" clover="3.2.0">
  <project timestamp="1774028301193" name="All files">
    <metrics statements="1465" coveredstatements="1386" conditionals="592" coveredconditionals="525" methods="322" coveredmethods="313" elements="2379" coveredelements="2224" complexity="0" loc="1465" ncloc="1465" packages="13" files="47" classes="47"/>
    <package name="src">
      <metrics statements="1276" coveredstatements="1212" conditionals="588" coveredconditionals="521" methods="205" coveredmethods="200"/>
      <file name="agent-brain.ts" path="/Users/kike/clawd/projects/synapseia-network/packages/node/src/agent-brain.ts">
        <metrics statements="39" coveredstatements="39" conditionals="29" coveredconditionals="29" methods="7" coveredmethods="7"/>
        <line num="36" count="2" type="stmt"/>
        <line num="41" count="2" type="stmt"/>
        <line num="42" count="28" type="stmt"/>
        <line num="60" count="2" type="stmt"/>
        <line num="70" count="394" type="stmt"/>
        <line num="73" count="394" type="cond" truecount="3" falsecount="0"/>
        <line num="74" count="25" type="stmt"/>
        <line num="78" count="394" type="stmt"/>
        <line num="84" count="394" type="stmt"/>
        <line num="87" count="394" type="stmt"/>
        <line num="95" count="394" type="stmt"/>
        <line num="98" count="394" type="cond" truecount="2" falsecount="0"/>
        <line num="100" count="365" type="stmt"/>
        <line num="101" count="365" type="stmt"/>
        <line num="104" count="365" type="cond" truecount="3" falsecount="0"/>
        <line num="105" count="18" type="stmt"/>
        <line num="107" count="18" type="cond" truecount="1" falsecount="0"/>
        <line num="108" count="5" type="stmt"/>
        <line num="113" count="29" type="stmt"/>
        <line num="116" count="29" type="cond" truecount="1" falsecount="0"/>
        <line num="117" count="19" type="stmt"/>
        <line num="122" count="394" type="cond" truecount="1" falsecount="0"/>
        <line num="123" count="100" type="stmt"/>
        <line num="125" count="394" type="cond" truecount="1" falsecount="0"/>
        <line num="126" count="100" type="stmt"/>
        <line num="129" count="394" type="stmt"/>
        <line num="135" count="2" type="stmt"/>
        <line num="137" count="6" type="cond" truecount="1" falsecount="0"/>
        <line num="138" count="2" type="stmt"/>
        <line num="142" count="4" type="cond" truecount="1" falsecount="0"/>
        <line num="143" count="2" type="stmt"/>
        <line num="147" count="2" type="stmt"/>
        <line num="153" count="2" type="stmt"/>
        <line num="158" count="5" type="stmt"/>
        <line num="159" count="12" type="stmt"/>
        <line num="160" count="6" type="stmt"/>
        <line num="163" count="5" type="stmt"/>
        <line num="169" count="2" type="cond" truecount="1" falsecount="0"/>
        <line num="170" count="4" type="stmt"/>
      </file>
      <file name="agent-loop.ts" path="/Users/kike/clawd/projects/synapseia-network/packages/node/src/agent-loop.ts">
        <metrics statements="106" coveredstatements="106" conditionals="29" coveredconditionals="27" methods="13" coveredmethods="13"/>
        <line num="12" count="1" type="stmt"/>
        <line num="13" count="1" type="stmt"/>
        <line num="41" count="1" type="stmt"/>
        <line num="51" count="1" type="stmt"/>
        <line num="52" count="6" type="stmt"/>
        <line num="58" count="1" type="stmt"/>
        <line num="59" count="30" type="stmt"/>
        <line num="70" count="1" type="stmt"/>
        <line num="74" count="18" type="stmt"/>
        <line num="75" count="18" type="stmt"/>
        <line num="77" count="16" type="cond" truecount="1" falsecount="0"/>
        <line num="78" count="1" type="stmt"/>
        <line num="81" count="15" type="stmt"/>
        <line num="84" count="15" type="cond" truecount="2" falsecount="0"/>
        <line num="85" count="9" type="cond" truecount="2" falsecount="0"/>
        <line num="86" count="3" type="cond" truecount="2" falsecount="2"/>
        <line num="89" count="2" type="stmt"/>
        <line num="90" count="2" type="stmt"/>
        <line num="97" count="1" type="stmt"/>
        <line num="103" count="11" type="stmt"/>
        <line num="104" count="11" type="stmt"/>
        <line num="114" count="10" type="cond" truecount="1" falsecount="0"/>
        <line num="115" count="1" type="stmt"/>
        <line num="118" count="9" type="stmt"/>
        <line num="119" count="9" type="stmt"/>
        <line num="121" count="2" type="stmt"/>
        <line num="128" count="1" type="stmt"/>
        <line num="133" count="10" type="stmt"/>
        <line num="134" count="10" type="stmt"/>
        <line num="144" count="10" type="cond" truecount="1" falsecount="0"/>
        <line num="145" count="1" type="stmt"/>
        <line num="148" count="1" type="stmt"/>
        <line num="149" count="1" type="stmt"/>
        <line num="156" count="1" type="stmt"/>
        <line num="163" count="11" type="stmt"/>
        <line num="166" count="11" type="cond" truecount="2" falsecount="0"/>
        <line num="168" count="1" type="stmt"/>
        <line num="175" count="1" type="stmt"/>
        <line num="179" count="11" type="stmt"/>
        <line num="181" count="11" type="stmt"/>
        <line num="184" count="11" type="stmt"/>
        <line num="185" count="11" type="stmt"/>
        <line num="186" count="10" type="stmt"/>
        <line num="189" count="10" type="cond" truecount="3" falsecount="0"/>
        <line num="190" count="2" type="stmt"/>
        <line num="192" count="10" type="stmt"/>
        <line num="195" count="10" type="stmt"/>
        <line num="196" count="10" type="stmt"/>
        <line num="197" count="9" type="stmt"/>
        <line num="198" count="9" type="stmt"/>
        <line num="201" count="9" type="stmt"/>
        <line num="202" count="9" type="cond" truecount="1" falsecount="0"/>
        <line num="203" count="1" type="stmt"/>
        <line num="207" count="8" type="stmt"/>
        <line num="208" count="8" type="cond" truecount="2" falsecount="0"/>
        <line num="209" count="8" type="stmt"/>
        <line num="210" count="8" type="stmt"/>
        <line num="213" count="8" type="stmt"/>
        <line num="214" count="8" type="cond" truecount="2" falsecount="0"/>
        <line num="215" count="8" type="stmt"/>
        <line num="222" count="8" type="stmt"/>
        <line num="223" count="8" type="stmt"/>
        <line num="224" count="8" type="stmt"/>
        <line num="227" count="8" type="stmt"/>
        <line num="228" count="8" type="stmt"/>
        <line num="231" count="8" type="stmt"/>
        <line num="232" count="8" type="cond" truecount="1" falsecount="0"/>
        <line num="233" count="7" type="stmt"/>
        <line num="234" count="7" type="stmt"/>
        <line num="238" count="8" type="stmt"/>
        <line num="240" count="8" type="stmt"/>
        <line num="241" count="8" type="stmt"/>
        <line num="243" count="8" type="stmt"/>
        <line num="255" count="1" type="stmt"/>
        <line num="256" count="4" type="cond" truecount="1" falsecount="0"/>
        <line num="257" count="1" type="stmt"/>
        <line num="260" count="3" type="stmt"/>
        <line num="261" count="3" type="stmt"/>
        <line num="263" count="3" type="stmt"/>
        <line num="264" count="3" type="stmt"/>
        <line num="265" count="3" type="stmt"/>
        <line num="266" count="3" type="stmt"/>
        <line num="267" count="3" type="stmt"/>
        <line num="268" count="3" type="cond" truecount="1" falsecount="0"/>
        <line num="269" count="2" type="stmt"/>
        <line num="271" count="3" type="stmt"/>
        <line num="273" count="3" type="stmt"/>
        <line num="274" count="3" type="stmt"/>
        <line num="276" count="3" type="stmt"/>
        <line num="278" count="6" type="cond" truecount="3" falsecount="0"/>
        <line num="279" count="2" type="stmt"/>
        <line num="280" count="2" type="stmt"/>
        <line num="283" count="4" type="stmt"/>
        <line num="284" count="4" type="stmt"/>
        <line num="286" count="1" type="stmt"/>
        <line num="290" count="3" type="cond" truecount="1" falsecount="0"/>
        <line num="291" count="3" type="stmt"/>
        <line num="292" count="3" type="stmt"/>
        <line num="295" count="3" type="stmt"/>
        <line num="298" count="2" type="stmt"/>
        <line num="299" count="2" type="stmt"/>
        <line num="306" count="1" type="stmt"/>
        <line num="307" count="31" type="stmt"/>
        <line num="308" count="31" type="stmt"/>
        <line num="315" count="3" type="stmt"/>
        <line num="319" count="1" type="stmt"/>
      </file>
      <file name="app.module.ts" path="/Users/kike/clawd/projects/synapseia-network/packages/node/src/app.module.ts">
        <metrics statements="1" coveredstatements="0" conditionals="0" coveredconditionals="0" methods="0" coveredmethods="0"/>
        <line num="29" count="0" type="stmt"/>
      </file>
      <file name="config.ts" path="/Users/kike/clawd/projects/synapseia-network/packages/node/src/config.ts">
        <metrics statements="28" coveredstatements="28" conditionals="13" coveredconditionals="13" methods="6" coveredmethods="6"/>
        <line num="1" count="1" type="stmt"/>
        <line num="2" count="1" type="stmt"/>
        <line num="3" count="1" type="stmt"/>
        <line num="6" count="1" type="stmt"/>
        <line num="7" count="1" type="stmt"/>
        <line num="17" count="1" type="stmt"/>
        <line num="18" count="5" type="stmt"/>
        <line num="24" count="1" type="stmt"/>
        <line num="25" count="3" type="cond" truecount="1" falsecount="0"/>
        <line num="26" count="2" type="stmt"/>
        <line num="27" count="2" type="stmt"/>
        <line num="29" count="1" type="stmt"/>
        <line num="32" count="1" type="stmt"/>
        <line num="35" count="1" type="stmt"/>
        <line num="36" count="3" type="cond" truecount="1" falsecount="0"/>
        <line num="37" count="1" type="stmt"/>
        <line num="39" count="3" type="stmt"/>
        <line num="42" count="1" type="stmt"/>
        <line num="43" count="8" type="cond" truecount="2" falsecount="0"/>
        <line num="46" count="1" type="stmt"/>
        <line num="48" count="10" type="stmt"/>
        <line num="49" count="10" type="cond" truecount="1" falsecount="0"/>
        <line num="51" count="7" type="stmt"/>
        <line num="52" count="7" type="cond" truecount="3" falsecount="0"/>
        <line num="55" count="5" type="cond" truecount="1" falsecount="0"/>
        <line num="57" count="3" type="stmt"/>
        <line num="60" count="1" type="stmt"/>
        <line num="61" count="10" type="cond" truecount="4" falsecount="0"/>
      </file>
      <file name="embedding.ts" path="/Users/kike/clawd/projects/synapseia-network/packages/node/src/embedding.ts">
        <metrics statements="37" coveredstatements="37" conditionals="11" coveredconditionals="10" methods="5" coveredmethods="5"/>
        <line num="9" count="1" type="stmt"/>
        <line num="13" count="46" type="stmt"/>
        <line num="14" count="46" type="stmt"/>
        <line num="19" count="46" type="stmt"/>
        <line num="25" count="44" type="cond" truecount="1" falsecount="0"/>
        <line num="26" count="1" type="stmt"/>
        <line num="29" count="43" type="stmt"/>
        <line num="30" count="43" type="stmt"/>
        <line num="36" count="1" type="stmt"/>
        <line num="37" count="42" type="cond" truecount="1" falsecount="0"/>
        <line num="38" count="1" type="stmt"/>
        <line num="41" count="41" type="cond" truecount="1" falsecount="0"/>
        <line num="42" count="1" type="stmt"/>
        <line num="45" count="40" type="stmt"/>
        <line num="46" count="40" type="stmt"/>
        <line num="47" count="40" type="stmt"/>
        <line num="49" count="40" type="stmt"/>
        <line num="50" count="1115" type="stmt"/>
        <line num="51" count="1115" type="stmt"/>
        <line num="52" count="1115" type="stmt"/>
        <line num="55" count="40" type="cond" truecount="3" falsecount="0"/>
        <line num="56" count="1" type="stmt"/>
        <line num="59" count="39" type="stmt"/>
        <line num="83" count="1" type="stmt"/>
        <line num="89" count="11" type="cond" truecount="1" falsecount="0"/>
        <line num="90" count="1" type="stmt"/>
        <line num="93" count="10" type="cond" truecount="1" falsecount="0"/>
        <line num="94" count="2" type="stmt"/>
        <line num="98" count="8" type="stmt"/>
        <line num="104" count="7" type="stmt"/>
        <line num="106" count="7" type="stmt"/>
        <line num="107" count="31" type="stmt"/>
        <line num="108" count="31" type="stmt"/>
        <line num="109" count="31" type="stmt"/>
        <line num="113" count="24" type="stmt"/>
        <line num="114" count="7" type="stmt"/>
        <line num="116" count="14" type="stmt"/>
      </file>
      <file name="hardware.ts" path="/Users/kike/clawd/projects/synapseia-network/packages/node/src/hardware.ts">
        <metrics statements="113" coveredstatements="113" conditionals="117" coveredconditionals="113" methods="13" coveredmethods="13"/>
        <line num="5" count="2" type="stmt"/>
        <line num="6" count="2" type="stmt"/>
        <line num="48" count="2" type="stmt"/>
        <line num="81" count="2" type="stmt"/>
        <line num="82" count="34" type="cond" truecount="2" falsecount="0"/>
        <line num="83" count="31" type="cond" truecount="4" falsecount="0"/>
        <line num="84" count="21" type="cond" truecount="2" falsecount="0"/>
        <line num="85" count="18" type="cond" truecount="2" falsecount="0"/>
        <line num="86" count="16" type="cond" truecount="4" falsecount="0"/>
        <line num="87" count="11" type="cond" truecount="2" falsecount="0"/>
        <line num="88" count="9" type="cond" truecount="4" falsecount="0"/>
        <line num="91" count="34" type="cond" truecount="4" falsecount="0"/>
        <line num="92" count="26" type="cond" truecount="2" falsecount="0"/>
        <line num="93" count="15" type="cond" truecount="4" falsecount="0"/>
        <line num="94" count="8" type="cond" truecount="2" falsecount="0"/>
        <line num="98" count="2" type="stmt"/>
        <line num="99" count="19" type="cond" truecount="1" falsecount="0"/>
        <line num="100" count="2" type="stmt"/>
        <line num="103" count="19" type="cond" truecount="2" falsecount="0"/>
        <line num="104" count="6" type="stmt"/>
        <line num="105" count="6" type="cond" truecount="1" falsecount="0"/>
        <line num="106" count="13" type="cond" truecount="1" falsecount="0"/>
        <line num="107" count="11" type="stmt"/>
        <line num="108" count="11" type="cond" truecount="1" falsecount="0"/>
        <line num="112" count="19" type="cond" truecount="2" falsecount="0"/>
        <line num="113" count="17" type="cond" truecount="2" falsecount="0"/>
        <line num="114" count="15" type="cond" truecount="4" falsecount="0"/>
        <line num="115" count="10" type="cond" truecount="4" falsecount="0"/>
        <line num="116" count="8" type="cond" truecount="4" falsecount="0"/>
        <line num="117" count="6" type="cond" truecount="3" falsecount="0"/>
        <line num="120" count="2" type="cond" truecount="1" falsecount="0"/>
        <line num="121" count="10" type="stmt"/>
        <line num="129" count="10" type="cond" truecount="1" falsecount="0"/>
        <line num="131" count="6" type="stmt"/>
        <line num="132" count="6" type="cond" truecount="2" falsecount="0"/>
        <line num="133" count="6" type="cond" truecount="2" falsecount="0"/>
        <line num="134" count="5" type="stmt"/>
        <line num="135" count="5" type="stmt"/>
        <line num="136" count="1" type="cond" truecount="1" falsecount="0"/>
        <line num="137" count="1" type="stmt"/>
        <line num="144" count="6" type="stmt"/>
        <line num="145" count="6" type="stmt"/>
        <line num="146" count="4" type="stmt"/>
        <line num="148" count="2" type="stmt"/>
        <line num="152" count="10" type="stmt"/>
        <line num="158" count="2" type="stmt"/>
        <line num="159" count="17" type="stmt"/>
        <line num="160" count="17" type="cond" truecount="2" falsecount="0"/>
        <line num="164" count="2" type="stmt"/>
        <line num="165" count="16" type="cond" truecount="1" falsecount="0"/>
        <line num="166" count="6" type="cond" truecount="1" falsecount="0"/>
        <line num="167" count="4" type="cond" truecount="1" falsecount="0"/>
        <line num="168" count="2" type="stmt"/>
        <line num="172" count="2" type="stmt"/>
        <line num="173" count="31" type="cond" truecount="1" falsecount="0"/>
        <line num="174" count="29" type="cond" truecount="1" falsecount="0"/>
        <line num="175" count="26" type="cond" truecount="1" falsecount="0"/>
        <line num="176" count="24" type="cond" truecount="1" falsecount="0"/>
        <line num="177" count="22" type="cond" truecount="1" falsecount="0"/>
        <line num="178" count="19" type="cond" truecount="1" falsecount="0"/>
        <line num="179" count="17" type="cond" truecount="1" falsecount="0"/>
        <line num="180" count="15" type="cond" truecount="1" falsecount="0"/>
        <line num="181" count="13" type="cond" truecount="3" falsecount="0"/>
        <line num="182" count="9" type="cond" truecount="1" falsecount="0"/>
        <line num="183" count="3" type="stmt"/>
        <line num="187" count="2" type="stmt"/>
        <line num="188" count="11" type="stmt"/>
        <line num="190" count="18" type="cond" truecount="1" falsecount="1"/>
        <line num="191" count="11" type="cond" truecount="2" falsecount="0"/>
        <line num="192" count="11" type="cond" truecount="2" falsecount="0"/>
        <line num="194" count="11" type="stmt"/>
        <line num="195" count="11" type="cond" truecount="1" falsecount="0"/>
        <line num="197" count="6" type="stmt"/>
        <line num="198" count="6" type="stmt"/>
        <line num="199" count="6" type="cond" truecount="2" falsecount="0"/>
        <line num="200" count="6" type="stmt"/>
        <line num="206" count="2" type="stmt"/>
        <line num="207" count="8" type="stmt"/>
        <line num="208" count="8" type="stmt"/>
        <line num="209" count="8" type="cond" truecount="2" falsecount="0"/>
        <line num="210" count="8" type="stmt"/>
        <line num="212" count="8" type="cond" truecount="1" falsecount="1"/>
        <line num="213" count="8" type="cond" truecount="1" falsecount="1"/>
        <line num="214" count="8" type="stmt"/>
        <line num="216" count="8" type="stmt"/>
        <line num="217" count="8" type="stmt"/>
        <line num="219" count="8" type="stmt"/>
        <line num="220" count="8" type="cond" truecount="4" falsecount="0"/>
        <line num="221" count="6" type="stmt"/>
        <line num="222" count="5" type="stmt"/>
        <line num="223" count="5" type="stmt"/>
        <line num="224" count="2" type="cond" truecount="3" falsecount="0"/>
        <line num="225" count="2" type="stmt"/>
        <line num="226" count="2" type="stmt"/>
        <line num="227" count="2" type="stmt"/>
        <line num="228" count="2" type="stmt"/>
        <line num="229" count="2" type="stmt"/>
        <line num="238" count="8" type="stmt"/>
        <line num="257" count="2" type="cond" truecount="1" falsecount="0"/>
        <line num="258" count="10" type="cond" truecount="3" falsecount="0"/>
        <line num="260" count="5" type="stmt"/>
        <line num="273" count="55" type="stmt"/>
        <line num="276" count="12" type="stmt"/>
        <line num="282" count="2" type="stmt"/>
        <line num="283" count="32" type="cond" truecount="1" falsecount="0"/>
        <line num="284" count="28" type="cond" truecount="1" falsecount="0"/>
        <line num="285" count="24" type="cond" truecount="1" falsecount="0"/>
        <line num="286" count="21" type="cond" truecount="1" falsecount="0"/>
        <line num="287" count="18" type="cond" truecount="1" falsecount="0"/>
        <line num="288" count="16" type="cond" truecount="1" falsecount="0"/>
        <line num="289" count="14" type="cond" truecount="1" falsecount="0"/>
        <line num="290" count="9" type="cond" truecount="1" falsecount="0"/>
        <line num="291" count="6" type="stmt"/>
      </file>
      <file name="heartbeat.ts" path="/Users/kike/clawd/projects/synapseia-network/packages/node/src/heartbeat.ts">
        <metrics statements="38" coveredstatements="29" conditionals="10" coveredconditionals="6" methods="6" coveredmethods="5"/>
        <line num="1" count="1" type="stmt"/>
        <line num="23" count="1" type="stmt"/>
        <line num="28" count="3" type="stmt"/>
        <line num="29" count="3" type="stmt"/>
        <line num="31" count="3" type="stmt"/>
        <line num="40" count="3" type="stmt"/>
        <line num="43" count="3" type="stmt"/>
        <line num="44" count="7" type="stmt"/>
        <line num="45" count="7" type="stmt"/>
        <line num="53" count="7" type="stmt"/>
        <line num="54" count="2" type="stmt"/>
        <line num="56" count="5" type="stmt"/>
        <line num="57" count="5" type="stmt"/>
        <line num="59" count="5" type="cond" truecount="1" falsecount="0"/>
        <line num="61" count="4" type="stmt"/>
        <line num="62" count="4" type="stmt"/>
        <line num="67" count="1" type="stmt"/>
        <line num="73" count="1" type="stmt"/>
        <line num="74" count="6" type="stmt"/>
        <line num="77" count="6" type="stmt"/>
        <line num="80" count="6" type="cond" truecount="1" falsecount="0"/>
        <line num="81" count="5" type="stmt"/>
        <line num="85" count="6" type="cond" truecount="3" falsecount="0"/>
        <line num="86" count="5" type="stmt"/>
        <line num="89" count="6" type="stmt"/>
        <line num="97" count="1" type="stmt"/>
        <line num="104" count="3" type="stmt"/>
        <line num="105" count="3" type="stmt"/>
        <line num="106" count="0" type="stmt"/>
        <line num="107" count="0" type="stmt"/>
        <line num="108" count="0" type="cond" truecount="0" falsecount="4"/>
        <line num="109" count="0" type="stmt"/>
        <line num="110" count="0" type="stmt"/>
        <line num="119" count="0" type="stmt"/>
        <line num="121" count="0" type="stmt"/>
        <line num="122" count="0" type="stmt"/>
        <line num="125" count="0" type="stmt"/>
        <line num="129" count="3" type="stmt"/>
      </file>
      <file name="identity.ts" path="/Users/kike/clawd/projects/synapseia-network/packages/node/src/identity.ts">
        <metrics statements="73" coveredstatements="59" conditionals="25" coveredconditionals="24" methods="8" coveredmethods="6"/>
        <line num="6" count="2" type="stmt"/>
        <line num="7" count="2" type="stmt"/>
        <line num="8" count="2" type="stmt"/>
        <line num="9" count="2" type="stmt"/>
        <line num="24" count="2" type="stmt"/>
        <line num="25" count="2" type="stmt"/>
        <line num="30" count="2" type="cond" truecount="1" falsecount="0"/>
        <line num="31" count="31" type="cond" truecount="1" falsecount="0"/>
        <line num="32" count="5" type="stmt"/>
        <line num="36" count="31" type="stmt"/>
        <line num="38" count="31" type="stmt"/>
        <line num="39" count="31" type="stmt"/>
        <line num="42" count="31" type="stmt"/>
        <line num="45" count="31" type="stmt"/>
        <line num="47" count="31" type="stmt"/>
        <line num="58" count="31" type="stmt"/>
        <line num="59" count="31" type="stmt"/>
        <line num="61" count="31" type="stmt"/>
        <line num="67" count="2" type="cond" truecount="1" falsecount="0"/>
        <line num="68" count="29" type="stmt"/>
        <line num="70" count="29" type="cond" truecount="1" falsecount="0"/>
        <line num="71" count="4" type="stmt"/>
        <line num="74" count="25" type="stmt"/>
        <line num="75" count="25" type="stmt"/>
        <line num="77" count="25" type="cond" truecount="4" falsecount="0"/>
        <line num="78" count="1" type="stmt"/>
        <line num="82" count="24" type="cond" truecount="1" falsecount="0"/>
        <line num="83" count="2" type="stmt"/>
        <line num="85" count="24" type="cond" truecount="1" falsecount="0"/>
        <line num="86" count="2" type="stmt"/>
        <line num="88" count="24" type="cond" truecount="1" falsecount="0"/>
        <line num="89" count="2" type="stmt"/>
        <line num="91" count="24" type="cond" truecount="1" falsecount="0"/>
        <line num="92" count="2" type="stmt"/>
        <line num="95" count="24" type="stmt"/>
        <line num="104" count="2" type="stmt"/>
        <line num="110" count="5" type="stmt"/>
        <line num="111" count="5" type="stmt"/>
        <line num="112" count="5" type="stmt"/>
        <line num="113" count="5" type="stmt"/>
        <line num="114" count="5" type="stmt"/>
        <line num="123" count="2" type="stmt"/>
        <line num="128" count="0" type="stmt"/>
        <line num="129" count="0" type="stmt"/>
        <line num="130" count="0" type="stmt"/>
        <line num="131" count="0" type="stmt"/>
        <line num="137" count="0" type="stmt"/>
        <line num="138" count="0" type="stmt"/>
        <line num="139" count="0" type="stmt"/>
        <line num="140" count="0" type="stmt"/>
        <line num="142" count="0" type="stmt"/>
        <line num="149" count="2" type="stmt"/>
        <line num="150" count="0" type="stmt"/>
        <line num="151" count="0" type="stmt"/>
        <line num="152" count="0" type="stmt"/>
        <line num="153" count="0" type="stmt"/>
        <line num="155" count="0" type="stmt"/>
        <line num="161" count="2" type="cond" truecount="0" falsecount="1"/>
        <line num="162" count="5" type="stmt"/>
        <line num="163" count="5" type="stmt"/>
        <line num="165" count="3" type="stmt"/>
        <line num="172" count="2" type="stmt"/>
        <line num="176" count="12" type="stmt"/>
        <line num="178" count="12" type="cond" truecount="1" falsecount="0"/>
        <line num="179" count="9" type="stmt"/>
        <line num="181" count="12" type="cond" truecount="1" falsecount="0"/>
        <line num="182" count="3" type="stmt"/>
        <line num="184" count="12" type="cond" truecount="1" falsecount="0"/>
        <line num="185" count="4" type="stmt"/>
        <line num="188" count="12" type="stmt"/>
        <line num="189" count="12" type="stmt"/>
        <line num="195" count="2" type="stmt"/>
        <line num="204" count="7" type="stmt"/>
      </file>
      <file name="inference-server.ts" path="/Users/kike/clawd/projects/synapseia-network/packages/node/src/inference-server.ts">
        <metrics statements="80" coveredstatements="77" conditionals="34" coveredconditionals="31" methods="14" coveredmethods="14"/>
        <line num="9" count="1" type="stmt"/>
        <line num="10" count="1" type="stmt"/>
        <line num="67" count="1" type="stmt"/>
        <line num="68" count="16" type="stmt"/>
        <line num="69" count="16" type="stmt"/>
        <line num="70" count="16" type="stmt"/>
        <line num="71" count="14" type="stmt"/>
        <line num="73" count="16" type="stmt"/>
        <line num="74" count="15" type="stmt"/>
        <line num="75" count="15" type="cond" truecount="2" falsecount="0"/>
        <line num="77" count="2" type="stmt"/>
        <line num="80" count="16" type="stmt"/>
        <line num="88" count="1" type="stmt"/>
        <line num="89" count="11" type="stmt"/>
        <line num="95" count="11" type="cond" truecount="3" falsecount="0"/>
        <line num="96" count="4" type="stmt"/>
        <line num="97" count="4" type="cond" truecount="1" falsecount="0"/>
        <line num="98" count="3" type="stmt"/>
        <line num="100" count="4" type="cond" truecount="1" falsecount="0"/>
        <line num="101" count="3" type="stmt"/>
        <line num="105" count="11" type="stmt"/>
        <line num="113" count="8" type="cond" truecount="1" falsecount="0"/>
        <line num="114" count="2" type="stmt"/>
        <line num="117" count="6" type="stmt"/>
        <line num="124" count="1" type="stmt"/>
        <line num="125" count="7" type="stmt"/>
        <line num="147" count="1" type="stmt"/>
        <line num="152" count="12" type="stmt"/>
        <line num="153" count="12" type="stmt"/>
        <line num="155" count="11" type="cond" truecount="5" falsecount="0"/>
        <line num="156" count="3" type="stmt"/>
        <line num="157" count="3" type="stmt"/>
        <line num="163" count="3" type="stmt"/>
        <line num="166" count="8" type="stmt"/>
        <line num="167" count="5" type="stmt"/>
        <line num="169" count="5" type="stmt"/>
        <line num="170" count="5" type="stmt"/>
        <line num="172" count="4" type="stmt"/>
        <line num="173" count="4" type="stmt"/>
        <line num="186" count="1" type="stmt"/>
        <line num="191" count="4" type="stmt"/>
        <line num="192" count="4" type="stmt"/>
        <line num="193" count="4" type="stmt"/>
        <line num="205" count="1" type="stmt"/>
        <line num="206" count="4" type="stmt"/>
        <line num="207" count="4" type="stmt"/>
        <line num="208" count="4" type="stmt"/>
        <line num="218" count="1" type="stmt"/>
        <line num="219" count="1" type="stmt"/>
        <line num="230" count="1" type="stmt"/>
        <line num="231" count="3" type="stmt"/>
        <line num="232" count="3" type="cond" truecount="3" falsecount="1"/>
        <line num="234" count="3" type="stmt"/>
        <line num="236" count="5" type="stmt"/>
        <line num="237" count="5" type="stmt"/>
        <line num="238" count="5" type="stmt"/>
        <line num="241" count="5" type="cond" truecount="1" falsecount="0"/>
        <line num="242" count="1" type="stmt"/>
        <line num="243" count="1" type="stmt"/>
        <line num="244" count="1" type="stmt"/>
        <line num="247" count="4" type="cond" truecount="1" falsecount="1"/>
        <line num="249" count="4" type="stmt"/>
        <line num="250" count="4" type="cond" truecount="4" falsecount="0"/>
        <line num="251" count="1" type="stmt"/>
        <line num="252" count="3" type="cond" truecount="4" falsecount="0"/>
        <line num="253" count="1" type="stmt"/>
        <line num="254" count="2" type="cond" truecount="4" falsecount="0"/>
        <line num="255" count="1" type="stmt"/>
        <line num="257" count="1" type="stmt"/>
        <line num="260" count="0" type="stmt"/>
        <line num="261" count="0" type="stmt"/>
        <line num="262" count="0" type="stmt"/>
        <line num="271" count="3" type="stmt"/>
        <line num="272" count="3" type="stmt"/>
        <line num="273" count="3" type="stmt"/>
        <line num="274" count="3" type="stmt"/>
        <line num="275" count="3" type="stmt"/>
        <line num="278" count="3" type="stmt"/>
        <line num="281" count="3" type="stmt"/>
        <line num="282" count="3" type="stmt"/>
      </file>
      <file name="llm-provider.ts" path="/Users/kike/clawd/projects/synapseia-network/packages/node/src/llm-provider.ts">
        <metrics statements="132" coveredstatements="108" conditionals="68" coveredconditionals="41" methods="17" coveredmethods="15"/>
        <line num="6" count="2" type="stmt"/>
        <line num="35" count="2" type="stmt"/>
        <line num="36" count="20" type="stmt"/>
        <line num="37" count="20" type="cond" truecount="2" falsecount="0"/>
        <line num="39" count="0" type="stmt"/>
        <line num="46" count="2" type="stmt"/>
        <line num="61" count="2" type="stmt"/>
        <line num="76" count="2" type="stmt"/>
        <line num="77" count="12" type="cond" truecount="1" falsecount="0"/>
        <line num="78" count="9" type="stmt"/>
        <line num="79" count="9" type="cond" truecount="2" falsecount="0"/>
        <line num="85" count="2" type="stmt"/>
        <line num="86" count="23" type="stmt"/>
        <line num="87" count="23" type="cond" truecount="1" falsecount="0"/>
        <line num="91" count="12" type="cond" truecount="0" falsecount="1"/>
        <line num="92" count="0" type="stmt"/>
        <line num="93" count="0" type="cond" truecount="0" falsecount="1"/>
        <line num="94" count="0" type="stmt"/>
        <line num="98" count="12" type="stmt"/>
        <line num="107" count="2" type="stmt"/>
        <line num="108" count="24" type="cond" truecount="1" falsecount="0"/>
        <line num="109" count="6" type="stmt"/>
        <line num="111" count="18" type="cond" truecount="1" falsecount="0"/>
        <line num="112" count="17" type="stmt"/>
        <line num="115" count="1" type="stmt"/>
        <line num="130" count="2" type="stmt"/>
        <line num="135" count="17" type="cond" truecount="1" falsecount="0"/>
        <line num="136" count="3" type="stmt"/>
        <line num="138" count="13" type="cond" truecount="1" falsecount="0"/>
        <line num="139" count="12" type="stmt"/>
        <line num="142" count="1" type="stmt"/>
        <line num="148" count="6" type="stmt"/>
        <line num="149" count="6" type="stmt"/>
        <line num="151" count="3" type="cond" truecount="1" falsecount="0"/>
        <line num="152" count="1" type="stmt"/>
        <line num="160" count="2" type="stmt"/>
        <line num="161" count="2" type="stmt"/>
        <line num="163" count="2" type="cond" truecount="1" falsecount="0"/>
        <line num="164" count="1" type="stmt"/>
        <line num="172" count="1" type="stmt"/>
        <line num="179" count="3" type="stmt"/>
        <line num="189" count="3" type="stmt"/>
        <line num="195" count="17" type="cond" truecount="1" falsecount="0"/>
        <line num="196" count="1" type="stmt"/>
        <line num="204" count="16" type="cond" truecount="1" falsecount="0"/>
        <line num="205" count="5" type="stmt"/>
        <line num="207" count="11" type="cond" truecount="1" falsecount="0"/>
        <line num="208" count="5" type="stmt"/>
        <line num="210" count="6" type="cond" truecount="1" falsecount="0"/>
        <line num="211" count="5" type="stmt"/>
        <line num="213" count="1" type="cond" truecount="0" falsecount="1"/>
        <line num="214" count="0" type="stmt"/>
        <line num="217" count="1" type="stmt"/>
        <line num="226" count="12" type="cond" truecount="1" falsecount="0"/>
        <line num="227" count="3" type="stmt"/>
        <line num="230" count="9" type="cond" truecount="1" falsecount="0"/>
        <line num="231" count="2" type="stmt"/>
        <line num="233" count="7" type="cond" truecount="1" falsecount="0"/>
        <line num="234" count="2" type="stmt"/>
        <line num="236" count="5" type="cond" truecount="1" falsecount="0"/>
        <line num="237" count="4" type="stmt"/>
        <line num="239" count="1" type="cond" truecount="0" falsecount="1"/>
        <line num="240" count="0" type="stmt"/>
        <line num="243" count="1" type="stmt"/>
        <line num="249" count="5" type="stmt"/>
        <line num="250" count="5" type="stmt"/>
        <line num="252" count="5" type="stmt"/>
        <line num="267" count="2" type="cond" truecount="1" falsecount="0"/>
        <line num="268" count="1" type="stmt"/>
        <line num="269" count="1" type="cond" truecount="1" falsecount="1"/>
        <line num="270" count="1" type="stmt"/>
        <line num="273" count="1" type="stmt"/>
        <line num="281" count="4" type="stmt"/>
        <line num="291" count="2" type="stmt"/>
        <line num="310" count="2" type="cond" truecount="1" falsecount="0"/>
        <line num="311" count="1" type="stmt"/>
        <line num="312" count="1" type="cond" truecount="1" falsecount="1"/>
        <line num="313" count="1" type="stmt"/>
        <line num="316" count="1" type="stmt"/>
        <line num="317" count="1" type="stmt"/>
        <line num="323" count="5" type="stmt"/>
        <line num="324" count="5" type="stmt"/>
        <line num="326" count="5" type="stmt"/>
        <line num="339" count="2" type="cond" truecount="1" falsecount="0"/>
        <line num="340" count="1" type="stmt"/>
        <line num="341" count="1" type="cond" truecount="1" falsecount="1"/>
        <line num="342" count="1" type="stmt"/>
        <line num="345" count="1" type="stmt"/>
        <line num="353" count="4" type="stmt"/>
        <line num="363" count="2" type="stmt"/>
        <line num="380" count="2" type="cond" truecount="1" falsecount="0"/>
        <line num="381" count="1" type="stmt"/>
        <line num="382" count="1" type="cond" truecount="1" falsecount="1"/>
        <line num="383" count="1" type="stmt"/>
        <line num="386" count="1" type="stmt"/>
        <line num="387" count="1" type="stmt"/>
        <line num="393" count="5" type="stmt"/>
        <line num="394" count="5" type="stmt"/>
        <line num="396" count="5" type="stmt"/>
        <line num="409" count="2" type="cond" truecount="1" falsecount="0"/>
        <line num="410" count="1" type="stmt"/>
        <line num="411" count="1" type="cond" truecount="1" falsecount="1"/>
        <line num="412" count="1" type="stmt"/>
        <line num="415" count="1" type="stmt"/>
        <line num="423" count="4" type="stmt"/>
        <line num="438" count="4" type="cond" truecount="2" falsecount="0"/>
        <line num="440" count="4" type="stmt"/>
        <line num="457" count="4" type="cond" truecount="1" falsecount="0"/>
        <line num="458" count="2" type="stmt"/>
        <line num="459" count="2" type="cond" truecount="2" falsecount="0"/>
        <line num="460" count="2" type="stmt"/>
        <line num="463" count="2" type="stmt"/>
        <line num="464" count="2" type="stmt"/>
        <line num="470" count="0" type="stmt"/>
        <line num="471" count="0" type="stmt"/>
        <line num="472" count="0" type="cond" truecount="0" falsecount="2"/>
        <line num="474" count="0" type="stmt"/>
        <line num="487" count="0" type="cond" truecount="0" falsecount="1"/>
        <line num="488" count="0" type="stmt"/>
        <line num="489" count="0" type="cond" truecount="0" falsecount="2"/>
        <line num="490" count="0" type="stmt"/>
        <line num="493" count="0" type="stmt"/>
        <line num="501" count="0" type="stmt"/>
        <line num="516" count="0" type="cond" truecount="0" falsecount="2"/>
        <line num="518" count="0" type="stmt"/>
        <line num="535" count="0" type="cond" truecount="0" falsecount="1"/>
        <line num="536" count="0" type="stmt"/>
        <line num="537" count="0" type="cond" truecount="0" falsecount="2"/>
        <line num="538" count="0" type="stmt"/>
        <line num="541" count="0" type="stmt"/>
        <line num="542" count="0" type="stmt"/>
        <line num="546" count="2" type="stmt"/>
      </file>
      <file name="model-catalog.ts" path="/Users/kike/clawd/projects/synapseia-network/packages/node/src/model-catalog.ts">
        <metrics statements="46" coveredstatements="45" conditionals="9" coveredconditionals="9" methods="17" coveredmethods="17"/>
        <line num="6" count="1" type="stmt"/>
        <line num="42" count="1" type="stmt"/>
        <line num="242" count="1" type="stmt"/>
        <line num="256" count="1" type="stmt"/>
        <line num="261" count="1" type="stmt"/>
        <line num="262" count="5" type="cond" truecount="1" falsecount="0"/>
        <line num="263" count="104" type="stmt"/>
        <line num="265" count="1" type="stmt"/>
        <line num="271" count="1" type="stmt"/>
        <line num="272" count="364" type="cond" truecount="2" falsecount="0"/>
        <line num="278" count="1" type="stmt"/>
        <line num="279" count="72" type="stmt"/>
        <line num="285" count="1" type="stmt"/>
        <line num="286" count="2" type="stmt"/>
        <line num="288" count="2" type="stmt"/>
        <line num="290" count="1" type="stmt"/>
        <line num="293" count="1" type="stmt"/>
        <line num="294" count="1" type="stmt"/>
        <line num="295" count="1" type="stmt"/>
        <line num="296" count="0" type="stmt"/>
        <line num="298" count="1" type="stmt"/>
        <line num="305" count="1" type="stmt"/>
        <line num="306" count="6" type="stmt"/>
        <line num="307" count="6" type="stmt"/>
        <line num="308" count="4" type="stmt"/>
        <line num="309" count="4" type="stmt"/>
        <line num="311" count="2" type="stmt"/>
        <line num="318" count="1" type="stmt"/>
        <line num="319" count="3" type="stmt"/>
        <line num="320" count="3" type="stmt"/>
        <line num="326" count="1" type="stmt"/>
        <line num="327" count="5" type="stmt"/>
        <line num="328" count="5" type="cond" truecount="1" falsecount="0"/>
        <line num="329" count="25" type="stmt"/>
        <line num="333" count="5" type="stmt"/>
        <line num="334" count="242" type="cond" truecount="1" falsecount="0"/>
        <line num="335" count="121" type="stmt"/>
        <line num="337" count="121" type="stmt"/>
        <line num="340" count="5" type="stmt"/>
        <line num="346" count="1" type="stmt"/>
        <line num="347" count="2" type="stmt"/>
        <line num="356" count="1" type="stmt"/>
        <line num="357" count="13" type="stmt"/>
        <line num="366" count="1" type="stmt"/>
        <line num="367" count="8" type="stmt"/>
        <line num="368" count="78" type="cond" truecount="4" falsecount="0"/>
      </file>
      <file name="mutation-engine.ts" path="/Users/kike/clawd/projects/synapseia-network/packages/node/src/mutation-engine.ts">
        <metrics statements="39" coveredstatements="39" conditionals="50" coveredconditionals="45" methods="13" coveredmethods="13"/>
        <line num="6" count="1" type="stmt"/>
        <line num="25" count="1" type="stmt"/>
        <line num="30" count="19" type="cond" truecount="1" falsecount="0"/>
        <line num="32" count="4" type="stmt"/>
        <line num="53" count="15" type="stmt"/>
        <line num="54" count="15" type="stmt"/>
        <line num="56" count="15" type="stmt"/>
        <line num="58" count="14" type="stmt"/>
        <line num="66" count="16" type="stmt"/>
        <line num="67" count="16" type="stmt"/>
        <line num="69" count="16" type="stmt"/>
        <line num="121" count="19" type="cond" truecount="2" falsecount="0"/>
        <line num="124" count="19" type="cond" truecount="1" falsecount="0"/>
        <line num="125" count="1" type="stmt"/>
        <line num="128" count="18" type="cond" truecount="2" falsecount="0"/>
        <line num="129" count="18" type="stmt"/>
        <line num="132" count="18" type="stmt"/>
        <line num="148" count="18" type="stmt"/>
        <line num="150" count="18" type="stmt"/>
        <line num="160" count="90" type="stmt"/>
        <line num="164" count="18" type="stmt"/>
        <line num="165" count="18" type="stmt"/>
        <line num="166" count="54" type="cond" truecount="2" falsecount="0"/>
        <line num="168" count="18" type="stmt"/>
        <line num="172" count="18" type="stmt"/>
        <line num="173" count="18" type="stmt"/>
        <line num="174" count="54" type="cond" truecount="2" falsecount="0"/>
        <line num="176" count="18" type="stmt"/>
        <line num="180" count="18" type="stmt"/>
        <line num="181" count="18" type="stmt"/>
        <line num="182" count="36" type="cond" truecount="2" falsecount="0"/>
        <line num="184" count="18" type="stmt"/>
        <line num="188" count="18" type="stmt"/>
        <line num="189" count="18" type="cond" truecount="2" falsecount="0"/>
        <line num="193" count="18" type="stmt"/>
        <line num="194" count="18" type="cond" truecount="2" falsecount="0"/>
        <line num="198" count="18" type="stmt"/>
        <line num="199" count="18" type="cond" truecount="2" falsecount="0"/>
        <line num="202" count="1" type="stmt"/>
      </file>
      <file name="ollama.ts" path="/Users/kike/clawd/projects/synapseia-network/packages/node/src/ollama.ts">
        <metrics statements="56" coveredstatements="56" conditionals="28" coveredconditionals="22" methods="7" coveredmethods="7"/>
        <line num="1" count="2" type="stmt"/>
        <line num="2" count="2" type="stmt"/>
        <line num="22" count="2" type="cond" truecount="0" falsecount="1"/>
        <line num="23" count="15" type="stmt"/>
        <line num="25" count="15" type="stmt"/>
        <line num="29" count="8" type="stmt"/>
        <line num="32" count="12" type="stmt"/>
        <line num="33" count="6" type="stmt"/>
        <line num="34" count="6" type="stmt"/>
        <line num="36" count="6" type="cond" truecount="2" falsecount="0"/>
        <line num="38" count="6" type="stmt"/>
        <line num="45" count="9" type="cond" truecount="3" falsecount="0"/>
        <line num="46" count="9" type="cond" truecount="1" falsecount="0"/>
        <line num="47" count="1" type="stmt"/>
        <line num="57" count="8" type="stmt"/>
        <line num="58" count="8" type="cond" truecount="1" falsecount="0"/>
        <line num="59" count="4" type="stmt"/>
        <line num="62" count="8" type="stmt"/>
        <line num="78" count="2" type="cond" truecount="0" falsecount="1"/>
        <line num="79" count="4" type="stmt"/>
        <line num="80" count="4" type="stmt"/>
        <line num="82" count="4" type="stmt"/>
        <line num="84" count="4" type="stmt"/>
        <line num="89" count="3" type="stmt"/>
        <line num="91" count="3" type="stmt"/>
        <line num="92" count="5" type="cond" truecount="3" falsecount="0"/>
        <line num="93" count="1" type="cond" truecount="3" falsecount="1"/>
        <line num="96" count="1" type="stmt"/>
        <line num="97" count="1" type="stmt"/>
        <line num="100" count="5" type="cond" truecount="1" falsecount="0"/>
        <line num="101" count="3" type="stmt"/>
        <line num="105" count="1" type="cond" truecount="1" falsecount="1"/>
        <line num="106" count="1" type="stmt"/>
        <line num="117" count="2" type="stmt"/>
        <line num="122" count="6" type="stmt"/>
        <line num="124" count="6" type="stmt"/>
        <line num="125" count="6" type="cond" truecount="1" falsecount="0"/>
        <line num="126" count="2" type="stmt"/>
        <line num="127" count="2" type="cond" truecount="1" falsecount="0"/>
        <line num="128" count="1" type="stmt"/>
        <line num="130" count="1" type="stmt"/>
        <line num="133" count="5" type="stmt"/>
        <line num="135" count="5" type="stmt"/>
        <line num="137" count="5" type="stmt"/>
        <line num="148" count="3" type="stmt"/>
        <line num="150" count="3" type="cond" truecount="1" falsecount="1"/>
        <line num="151" count="3" type="stmt"/>
        <line num="160" count="2" type="cond" truecount="0" falsecount="1"/>
        <line num="161" count="4" type="stmt"/>
        <line num="163" count="4" type="cond" truecount="1" falsecount="0"/>
        <line num="164" count="1" type="stmt"/>
        <line num="167" count="3" type="stmt"/>
        <line num="169" count="3" type="cond" truecount="2" falsecount="0"/>
        <line num="170" count="1" type="stmt"/>
        <line num="171" count="1" type="stmt"/>
        <line num="173" count="2" type="stmt"/>
      </file>
      <file name="p2p.ts" path="/Users/kike/clawd/projects/synapseia-network/packages/node/src/p2p.ts">
        <metrics statements="55" coveredstatements="55" conditionals="16" coveredconditionals="15" methods="16" coveredmethods="16"/>
        <line num="2" count="1" type="stmt"/>
        <line num="3" count="1" type="stmt"/>
        <line num="4" count="1" type="stmt"/>
        <line num="5" count="1" type="stmt"/>
        <line num="6" count="1" type="stmt"/>
        <line num="7" count="1" type="stmt"/>
        <line num="8" count="1" type="stmt"/>
        <line num="9" count="1" type="stmt"/>
        <line num="11" count="1" type="stmt"/>
        <line num="13" count="1" type="stmt"/>
        <line num="23" count="1" type="stmt"/>
        <line num="24" count="27" type="stmt"/>
        <line num="25" count="27" type="stmt"/>
        <line num="27" count="27" type="stmt"/>
        <line num="30" count="21" type="stmt"/>
        <line num="36" count="21" type="cond" truecount="2" falsecount="0"/>
        <line num="40" count="21" type="stmt"/>
        <line num="46" count="21" type="stmt"/>
        <line num="48" count="21" type="stmt"/>
        <line num="49" count="4" type="stmt"/>
        <line num="50" count="4" type="stmt"/>
        <line num="51" count="4" type="stmt"/>
        <line num="52" count="3" type="cond" truecount="2" falsecount="0"/>
        <line num="53" count="3" type="cond" truecount="1" falsecount="1"/>
        <line num="60" count="21" type="stmt"/>
        <line num="61" count="84" type="stmt"/>
        <line num="64" count="21" type="stmt"/>
        <line num="65" count="21" type="stmt"/>
        <line num="66" count="21" type="stmt"/>
        <line num="67" count="21" type="cond" truecount="1" falsecount="0"/>
        <line num="71" count="2" type="cond" truecount="1" falsecount="0"/>
        <line num="72" count="1" type="stmt"/>
        <line num="73" count="1" type="stmt"/>
        <line num="74" count="1" type="stmt"/>
        <line num="79" count="5" type="stmt"/>
        <line num="83" count="2" type="cond" truecount="1" falsecount="0"/>
        <line num="84" count="1" type="stmt"/>
        <line num="88" count="2" type="cond" truecount="1" falsecount="0"/>
        <line num="89" count="2" type="stmt"/>
        <line num="93" count="2" type="cond" truecount="1" falsecount="0"/>
        <line num="94" count="1" type="stmt"/>
        <line num="98" count="5" type="cond" truecount="2" falsecount="0"/>
        <line num="99" count="5" type="stmt"/>
        <line num="103" count="2" type="cond" truecount="1" falsecount="0"/>
        <line num="104" count="1" type="stmt"/>
        <line num="105" count="1" type="stmt"/>
        <line num="109" count="1" type="stmt"/>
        <line num="110" count="1" type="stmt"/>
        <line num="111" count="1" type="stmt"/>
        <line num="114" count="1" type="stmt"/>
        <line num="118" count="1" type="stmt"/>
        <line num="122" count="1" type="stmt"/>
        <line num="126" count="3" type="stmt"/>
        <line num="127" count="3" type="stmt"/>
        <line num="128" count="3" type="stmt"/>
      </file>
      <file name="rewards.ts" path="/Users/kike/clawd/projects/synapseia-network/packages/node/src/rewards.ts">
        <metrics statements="43" coveredstatements="40" conditionals="9" coveredconditionals="7" methods="14" coveredmethods="14"/>
        <line num="6" count="1" type="stmt"/>
        <line num="37" count="1" type="stmt"/>
        <line num="41" count="13" type="cond" truecount="1" falsecount="0"/>
        <line num="42" count="12" type="stmt"/>
        <line num="49" count="1" type="stmt"/>
        <line num="54" count="26" type="stmt"/>
        <line num="55" count="26" type="stmt"/>
        <line num="62" count="1" type="stmt"/>
        <line num="68" count="13" type="stmt"/>
        <line num="69" count="13" type="stmt"/>
        <line num="76" count="1" type="stmt"/>
        <line num="80" count="16" type="stmt"/>
        <line num="83" count="11" type="cond" truecount="1" falsecount="0"/>
        <line num="84" count="2" type="stmt"/>
        <line num="85" count="2" type="stmt"/>
        <line num="92" count="14" type="stmt"/>
        <line num="101" count="1" type="stmt"/>
        <line num="110" count="6" type="stmt"/>
        <line num="111" count="8" type="stmt"/>
        <line num="115" count="6" type="stmt"/>
        <line num="116" count="8" type="stmt"/>
        <line num="120" count="8" type="stmt"/>
        <line num="125" count="8" type="stmt"/>
        <line num="132" count="8" type="stmt"/>
        <line num="143" count="6" type="stmt"/>
        <line num="144" count="8" type="stmt"/>
        <line num="146" count="6" type="stmt"/>
        <line num="159" count="1" type="stmt"/>
        <line num="163" count="2" type="stmt"/>
        <line num="164" count="2" type="stmt"/>
        <line num="172" count="2" type="stmt"/>
        <line num="174" count="2" type="stmt"/>
        <line num="180" count="0" type="stmt"/>
        <line num="190" count="1" type="stmt"/>
        <line num="195" count="3" type="stmt"/>
        <line num="196" count="3" type="stmt"/>
        <line num="202" count="3" type="stmt"/>
        <line num="204" count="0" type="stmt"/>
        <line num="211" count="1" type="stmt"/>
        <line num="215" count="3" type="stmt"/>
        <line num="216" count="3" type="stmt"/>
        <line num="222" count="3" type="stmt"/>
        <line num="224" count="0" type="stmt"/>
      </file>
      <file name="staking.ts" path="/Users/kike/clawd/projects/synapseia-network/packages/node/src/staking.ts">
        <metrics statements="44" coveredstatements="44" conditionals="24" coveredconditionals="23" methods="8" coveredmethods="8"/>
        <line num="6" count="1" type="stmt"/>
        <line num="7" count="1" type="stmt"/>
        <line num="11" count="9" type="stmt"/>
        <line num="34" count="1" type="stmt"/>
        <line num="38" count="9" type="stmt"/>
        <line num="39" count="9" type="stmt"/>
        <line num="40" count="9" type="stmt"/>
        <line num="43" count="9" type="stmt"/>
        <line num="45" count="7" type="cond" truecount="3" falsecount="0"/>
        <line num="46" count="3" type="stmt"/>
        <line num="53" count="4" type="stmt"/>
        <line num="55" count="4" type="stmt"/>
        <line num="63" count="4" type="stmt"/>
        <line num="68" count="2" type="stmt"/>
        <line num="78" count="1" type="stmt"/>
        <line num="79" count="11" type="stmt"/>
        <line num="87" count="11" type="cond" truecount="2" falsecount="0"/>
        <line num="93" count="1" type="stmt"/>
        <line num="94" count="16" type="cond" truecount="1" falsecount="0"/>
        <line num="95" count="12" type="cond" truecount="1" falsecount="0"/>
        <line num="96" count="8" type="cond" truecount="1" falsecount="0"/>
        <line num="97" count="4" type="cond" truecount="1" falsecount="0"/>
        <line num="98" count="2" type="cond" truecount="1" falsecount="0"/>
        <line num="99" count="1" type="stmt"/>
        <line num="105" count="1" type="stmt"/>
        <line num="106" count="4" type="stmt"/>
        <line num="107" count="4" type="stmt"/>
        <line num="125" count="9" type="cond" truecount="1" falsecount="0"/>
        <line num="126" count="1" type="stmt"/>
        <line num="130" count="8" type="stmt"/>
        <line num="132" count="8" type="stmt"/>
        <line num="142" count="1" type="stmt"/>
        <line num="147" count="2" type="stmt"/>
        <line num="148" count="2" type="cond" truecount="4" falsecount="0"/>
        <line num="154" count="1" type="stmt"/>
        <line num="157" count="5" type="stmt"/>
        <line num="158" count="5" type="stmt"/>
        <line num="159" count="5" type="stmt"/>
        <line num="169" count="4" type="stmt"/>
        <line num="170" count="4" type="stmt"/>
        <line num="171" count="5" type="stmt"/>
        <line num="172" count="4" type="stmt"/>
        <line num="175" count="3" type="stmt"/>
        <line num="177" count="2" type="stmt"/>
      </file>
      <file name="trainer.ts" path="/Users/kike/clawd/projects/synapseia-network/packages/node/src/trainer.ts">
        <metrics statements="70" coveredstatements="70" conditionals="30" coveredconditionals="27" methods="9" coveredmethods="9"/>
        <line num="6" count="1" type="stmt"/>
        <line num="7" count="1" type="stmt"/>
        <line num="33" count="1" type="stmt"/>
        <line num="40" count="9" type="stmt"/>
        <line num="42" count="9" type="stmt"/>
        <line num="43" count="9" type="stmt"/>
        <line num="46" count="9" type="stmt"/>
        <line num="52" count="9" type="stmt"/>
        <line num="53" count="9" type="stmt"/>
        <line num="57" count="9" type="stmt"/>
        <line num="58" count="9" type="stmt"/>
        <line num="59" count="9" type="stmt"/>
        <line num="62" count="9" type="stmt"/>
        <line num="63" count="9" type="stmt"/>
        <line num="66" count="9" type="stmt"/>
        <line num="67" count="28" type="stmt"/>
        <line num="69" count="12" type="stmt"/>
        <line num="70" count="16" type="stmt"/>
        <line num="71" count="16" type="stmt"/>
        <line num="74" count="14" type="cond" truecount="3" falsecount="0"/>
        <line num="75" count="8" type="stmt"/>
        <line num="79" count="14" type="cond" truecount="1" falsecount="0"/>
        <line num="80" count="6" type="stmt"/>
        <line num="90" count="12" type="stmt"/>
        <line num="94" count="9" type="stmt"/>
        <line num="95" count="1" type="stmt"/>
        <line num="99" count="9" type="stmt"/>
        <line num="100" count="8" type="stmt"/>
        <line num="102" count="8" type="cond" truecount="1" falsecount="0"/>
        <line num="103" count="1" type="cond" truecount="1" falsecount="1"/>
        <line num="104" count="1" type="stmt"/>
        <line num="107" count="7" type="cond" truecount="1" falsecount="0"/>
        <line num="108" count="1" type="stmt"/>
        <line num="109" count="1" type="stmt"/>
        <line num="113" count="6" type="stmt"/>
        <line num="115" count="6" type="stmt"/>
        <line num="126" count="6" type="stmt"/>
        <line num="130" count="9" type="stmt"/>
        <line num="131" count="1" type="stmt"/>
        <line num="139" count="1" type="stmt"/>
        <line num="140" count="22" type="stmt"/>
        <line num="143" count="22" type="cond" truecount="3" falsecount="0"/>
        <line num="144" count="2" type="stmt"/>
        <line num="148" count="20" type="stmt"/>
        <line num="149" count="20" type="cond" truecount="1" falsecount="0"/>
        <line num="150" count="1" type="stmt"/>
        <line num="154" count="19" type="stmt"/>
        <line num="155" count="19" type="cond" truecount="1" falsecount="0"/>
        <line num="156" count="1" type="stmt"/>
        <line num="160" count="18" type="cond" truecount="3" falsecount="0"/>
        <line num="161" count="2" type="stmt"/>
        <line num="165" count="16" type="stmt"/>
        <line num="166" count="16" type="cond" truecount="1" falsecount="0"/>
        <line num="167" count="1" type="stmt"/>
        <line num="171" count="15" type="stmt"/>
        <line num="172" count="15" type="cond" truecount="1" falsecount="0"/>
        <line num="173" count="1" type="stmt"/>
        <line num="177" count="14" type="stmt"/>
        <line num="178" count="14" type="cond" truecount="1" falsecount="0"/>
        <line num="179" count="1" type="stmt"/>
        <line num="183" count="13" type="stmt"/>
        <line num="184" count="13" type="cond" truecount="1" falsecount="0"/>
        <line num="185" count="1" type="stmt"/>
        <line num="189" count="12" type="cond" truecount="3" falsecount="0"/>
        <line num="190" count="2" type="stmt"/>
        <line num="193" count="10" type="stmt"/>
        <line num="199" count="1" type="stmt"/>
        <line num="200" count="6" type="cond" truecount="1" falsecount="0"/>
        <line num="201" count="4" type="stmt"/>
        <line num="205" count="1" type="stmt"/>
      </file>
      <file name="validation.ts" path="/Users/kike/clawd/projects/synapseia-network/packages/node/src/validation.ts">
        <metrics statements="29" coveredstatements="29" conditionals="5" coveredconditionals="5" methods="6" coveredmethods="6"/>
        <line num="6" count="1" type="stmt"/>
        <line num="26" count="1" type="stmt"/>
        <line num="30" count="43" type="cond" truecount="2" falsecount="0"/>
        <line num="31" count="43" type="stmt"/>
        <line num="33" count="43" type="stmt"/>
        <line num="45" count="1" type="stmt"/>
        <line num="49" count="22" type="stmt"/>
        <line num="52" count="22" type="stmt"/>
        <line num="53" count="22" type="stmt"/>
        <line num="55" count="22" type="stmt"/>
        <line num="56" count="22" type="stmt"/>
        <line num="59" count="22" type="stmt"/>
        <line num="61" count="22" type="stmt"/>
        <line num="74" count="1" type="stmt"/>
        <line num="79" count="10" type="stmt"/>
        <line num="80" count="10" type="stmt"/>
        <line num="82" count="10" type="cond" truecount="1" falsecount="0"/>
        <line num="83" count="3" type="stmt"/>
        <line num="87" count="7" type="stmt"/>
        <line num="88" count="7" type="cond" truecount="1" falsecount="0"/>
        <line num="89" count="3" type="stmt"/>
        <line num="92" count="4" type="stmt"/>
        <line num="98" count="1" type="stmt"/>
        <line num="99" count="3" type="stmt"/>
        <line num="105" count="1" type="stmt"/>
        <line num="109" count="11" type="stmt"/>
        <line num="110" count="11" type="stmt"/>
        <line num="116" count="1" type="stmt"/>
        <line num="117" count="6" type="stmt"/>
      </file>
      <file name="work-order-agent.ts" path="/Users/kike/clawd/projects/synapseia-network/packages/node/src/work-order-agent.ts">
        <metrics statements="247" coveredstatements="238" conditionals="81" coveredconditionals="74" methods="26" coveredmethods="26"/>
        <line num="12" count="1" type="stmt"/>
        <line num="23" count="19" type="cond" truecount="0" falsecount="1"/>
        <line num="25" count="19" type="cond" truecount="1" falsecount="0"/>
        <line num="27" count="0" type="cond" truecount="0" falsecount="1"/>
        <line num="28" count="0" type="stmt"/>
        <line num="29" count="0" type="stmt"/>
        <line num="30" count="0" type="stmt"/>
        <line num="112" count="1" type="stmt"/>
        <line num="123" count="1" type="stmt"/>
        <line num="147" count="1" type="stmt"/>
        <line num="153" count="1" type="stmt"/>
        <line num="155" count="15" type="cond" truecount="1" falsecount="0"/>
        <line num="156" count="9" type="stmt"/>
        <line num="160" count="6" type="cond" truecount="1" falsecount="0"/>
        <line num="161" count="1" type="stmt"/>
        <line num="165" count="5" type="stmt"/>
        <line num="166" count="5" type="stmt"/>
        <line num="172" count="1" type="stmt"/>
        <line num="173" count="6" type="stmt"/>
        <line num="179" count="1" type="stmt"/>
        <line num="180" count="84" type="stmt"/>
        <line num="191" count="1" type="stmt"/>
        <line num="196" count="24" type="stmt"/>
        <line num="197" count="24" type="stmt"/>
        <line num="198" count="24" type="stmt"/>
        <line num="200" count="24" type="stmt"/>
        <line num="202" count="22" type="cond" truecount="1" falsecount="0"/>
        <line num="203" count="2" type="cond" truecount="1" falsecount="0"/>
        <line num="205" count="1" type="stmt"/>
        <line num="207" count="1" type="stmt"/>
        <line num="210" count="20" type="stmt"/>
        <line num="211" count="20" type="cond" truecount="2" falsecount="0"/>
        <line num="213" count="3" type="stmt"/>
        <line num="214" count="3" type="stmt"/>
        <line num="221" count="1" type="stmt"/>
        <line num="227" count="10" type="stmt"/>
        <line num="228" count="10" type="stmt"/>
        <line num="238" count="9" type="cond" truecount="1" falsecount="0"/>
        <line num="239" count="2" type="stmt"/>
        <line num="240" count="2" type="stmt"/>
        <line num="241" count="2" type="stmt"/>
        <line num="244" count="7" type="stmt"/>
        <line num="246" count="1" type="stmt"/>
        <line num="247" count="1" type="stmt"/>
        <line num="254" count="1" type="stmt"/>
        <line num="261" count="10" type="stmt"/>
        <line num="262" count="10" type="stmt"/>
        <line num="273" count="9" type="cond" truecount="1" falsecount="0"/>
        <line num="274" count="2" type="stmt"/>
        <line num="275" count="2" type="stmt"/>
        <line num="276" count="2" type="stmt"/>
        <line num="279" count="7" type="stmt"/>
        <line num="282" count="7" type="cond" truecount="3" falsecount="0"/>
        <line num="283" count="6" type="stmt"/>
        <line num="286" count="7" type="stmt"/>
        <line num="288" count="1" type="stmt"/>
        <line num="289" count="1" type="stmt"/>
        <line num="297" count="1" type="stmt"/>
        <line num="298" count="28" type="cond" truecount="1" falsecount="0"/>
        <line num="301" count="25" type="stmt"/>
        <line num="302" count="25" type="stmt"/>
        <line num="303" count="11" type="cond" truecount="2" falsecount="0"/>
        <line num="305" count="14" type="stmt"/>
        <line num="312" count="1" type="stmt"/>
        <line num="313" count="19" type="stmt"/>
        <line num="314" count="19" type="stmt"/>
        <line num="315" count="16" type="cond" truecount="3" falsecount="0"/>
        <line num="316" count="14" type="stmt"/>
        <line num="321" count="2" type="stmt"/>
        <line num="323" count="3" type="stmt"/>
        <line num="330" count="1" type="stmt"/>
        <line num="331" count="8" type="stmt"/>
        <line num="346" count="1" type="stmt"/>
        <line num="351" count="8" type="stmt"/>
        <line num="353" count="8" type="stmt"/>
        <line num="354" count="8" type="cond" truecount="1" falsecount="0"/>
        <line num="355" count="1" type="stmt"/>
        <line num="358" count="7" type="stmt"/>
        <line num="359" count="7" type="stmt"/>
        <line num="362" count="7" type="stmt"/>
        <line num="366" count="7" type="stmt"/>
        <line num="367" count="7" type="stmt"/>
        <line num="368" count="7" type="cond" truecount="2" falsecount="0"/>
        <line num="369" count="1" type="stmt"/>
        <line num="371" count="6" type="stmt"/>
        <line num="372" count="6" type="cond" truecount="2" falsecount="0"/>
        <line num="374" count="7" type="stmt"/>
        <line num="377" count="6" type="cond" truecount="4" falsecount="0"/>
        <line num="378" count="1" type="stmt"/>
        <line num="381" count="5" type="stmt"/>
        <line num="382" count="5" type="stmt"/>
        <line num="384" count="2" type="stmt"/>
        <line num="385" count="2" type="stmt"/>
        <line num="400" count="1" type="stmt"/>
        <line num="406" count="6" type="stmt"/>
        <line num="407" count="6" type="stmt"/>
        <line num="419" count="5" type="cond" truecount="1" falsecount="0"/>
        <line num="420" count="2" type="stmt"/>
        <line num="421" count="2" type="stmt"/>
        <line num="422" count="2" type="stmt"/>
        <line num="425" count="3" type="stmt"/>
        <line num="426" count="3" type="stmt"/>
        <line num="428" count="1" type="stmt"/>
        <line num="429" count="1" type="stmt"/>
        <line num="436" count="1" type="stmt"/>
        <line num="441" count="3" type="stmt"/>
        <line num="447" count="3" type="stmt"/>
        <line num="450" count="3" type="stmt"/>
        <line num="456" count="3" type="stmt"/>
        <line num="459" count="3" type="cond" truecount="1" falsecount="0"/>
        <line num="460" count="1" type="stmt"/>
        <line num="462" count="3" type="cond" truecount="1" falsecount="0"/>
        <line num="463" count="1" type="stmt"/>
        <line num="478" count="1" type="stmt"/>
        <line num="480" count="12" type="cond" truecount="3" falsecount="0"/>
        <line num="485" count="12" type="stmt"/>
        <line num="486" count="12" type="cond" truecount="2" falsecount="0"/>
        <line num="491" count="12" type="cond" truecount="2" falsecount="0"/>
        <line num="493" count="2" type="stmt"/>
        <line num="494" count="10" type="cond" truecount="2" falsecount="0"/>
        <line num="496" count="5" type="stmt"/>
        <line num="499" count="5" type="stmt"/>
        <line num="502" count="12" type="stmt"/>
        <line num="521" count="1" type="stmt"/>
        <line num="526" count="9" type="cond" truecount="1" falsecount="0"/>
        <line num="527" count="5" type="stmt"/>
        <line num="531" count="4" type="stmt"/>
        <line num="532" count="4" type="stmt"/>
        <line num="533" count="4" type="stmt"/>
        <line num="536" count="4" type="stmt"/>
        <line num="537" count="4" type="stmt"/>
        <line num="551" count="1" type="stmt"/>
        <line num="555" count="13" type="stmt"/>
        <line num="556" count="13" type="stmt"/>
        <line num="559" count="13" type="cond" truecount="1" falsecount="0"/>
        <line num="560" count="6" type="stmt"/>
        <line num="571" count="7" type="stmt"/>
        <line num="572" count="7" type="cond" truecount="1" falsecount="0"/>
        <line num="573" count="1" type="stmt"/>
        <line num="584" count="6" type="stmt"/>
        <line num="587" count="6" type="cond" truecount="1" falsecount="0"/>
        <line num="588" count="4" type="stmt"/>
        <line num="599" count="2" type="cond" truecount="0" falsecount="1"/>
        <line num="600" count="0" type="stmt"/>
        <line num="610" count="2" type="stmt"/>
        <line num="611" count="2" type="stmt"/>
        <line num="613" count="2" type="stmt"/>
        <line num="628" count="1" type="stmt"/>
        <line num="633" count="5" type="stmt"/>
        <line num="635" count="5" type="stmt"/>
        <line num="637" count="5" type="cond" truecount="0" falsecount="1"/>
        <line num="638" count="0" type="stmt"/>
        <line num="643" count="0" type="stmt"/>
        <line num="647" count="5" type="stmt"/>
        <line num="648" count="5" type="stmt"/>
        <line num="650" count="3" type="stmt"/>
        <line num="652" count="3" type="stmt"/>
        <line num="654" count="2" type="stmt"/>
        <line num="655" count="2" type="stmt"/>
        <line num="666" count="5" type="stmt"/>
        <line num="679" count="1" type="stmt"/>
        <line num="684" count="19" type="stmt"/>
        <line num="686" count="19" type="stmt"/>
        <line num="689" count="19" type="stmt"/>
        <line num="690" count="19" type="stmt"/>
        <line num="692" count="19" type="cond" truecount="1" falsecount="0"/>
        <line num="693" count="12" type="stmt"/>
        <line num="694" count="12" type="stmt"/>
        <line num="697" count="7" type="stmt"/>
        <line num="700" count="7" type="stmt"/>
        <line num="701" count="7" type="stmt"/>
        <line num="705" count="7" type="stmt"/>
        <line num="706" count="7" type="stmt"/>
        <line num="708" count="7" type="stmt"/>
        <line num="709" count="7" type="stmt"/>
        <line num="710" count="7" type="stmt"/>
        <line num="711" count="7" type="cond" truecount="1" falsecount="1"/>
        <line num="712" count="7" type="cond" truecount="1" falsecount="1"/>
        <line num="714" count="7" type="cond" truecount="0" falsecount="1"/>
        <line num="715" count="0" type="stmt"/>
        <line num="716" count="0" type="stmt"/>
        <line num="720" count="7" type="stmt"/>
        <line num="721" count="7" type="stmt"/>
        <line num="723" count="7" type="cond" truecount="1" falsecount="0"/>
        <line num="724" count="1" type="stmt"/>
        <line num="725" count="1" type="stmt"/>
        <line num="728" count="6" type="stmt"/>
        <line num="729" count="6" type="stmt"/>
        <line num="732" count="6" type="stmt"/>
        <line num="738" count="6" type="cond" truecount="2" falsecount="0"/>
        <line num="740" count="3" type="stmt"/>
        <line num="741" count="3" type="stmt"/>
        <line num="742" count="3" type="stmt"/>
        <line num="743" count="3" type="stmt"/>
        <line num="746" count="3" type="cond" truecount="3" falsecount="0"/>
        <line num="747" count="1" type="stmt"/>
        <line num="748" count="1" type="stmt"/>
        <line num="752" count="3" type="cond" truecount="1" falsecount="0"/>
        <line num="753" count="3" type="stmt"/>
        <line num="759" count="3" type="cond" truecount="1" falsecount="0"/>
        <line num="760" count="2" type="stmt"/>
        <line num="765" count="3" type="stmt"/>
        <line num="766" count="3" type="stmt"/>
        <line num="767" count="3" type="stmt"/>
        <line num="771" count="6" type="stmt"/>
        <line num="772" count="6" type="stmt"/>
        <line num="780" count="6" type="cond" truecount="2" falsecount="0"/>
        <line num="781" count="5" type="stmt"/>
        <line num="782" count="5" type="stmt"/>
        <line num="784" count="1" type="stmt"/>
        <line num="787" count="6" type="stmt"/>
        <line num="788" count="6" type="stmt"/>
        <line num="790" count="6" type="stmt"/>
        <line num="796" count="1" type="stmt"/>
        <line num="797" count="6" type="cond" truecount="1" falsecount="0"/>
        <line num="798" count="1" type="stmt"/>
        <line num="801" count="5" type="stmt"/>
        <line num="802" count="5" type="stmt"/>
        <line num="804" count="5" type="stmt"/>
        <line num="805" count="5" type="stmt"/>
        <line num="806" count="5" type="stmt"/>
        <line num="807" count="5" type="stmt"/>
        <line num="808" count="5" type="stmt"/>
        <line num="809" count="5" type="stmt"/>
        <line num="810" count="5" type="cond" truecount="1" falsecount="0"/>
        <line num="811" count="4" type="stmt"/>
        <line num="813" count="5" type="stmt"/>
        <line num="815" count="5" type="stmt"/>
        <line num="816" count="5" type="stmt"/>
        <line num="836" count="5" type="cond" truecount="3" falsecount="0"/>
        <line num="837" count="4" type="stmt"/>
        <line num="840" count="5" type="stmt"/>
        <line num="841" count="5" type="stmt"/>
        <line num="848" count="1" type="stmt"/>
        <line num="849" count="3" type="stmt"/>
        <line num="850" count="3" type="stmt"/>
        <line num="857" count="1" type="stmt"/>
        <line num="861" count="8" type="cond" truecount="1" falsecount="0"/>
        <line num="862" count="6" type="stmt"/>
        <line num="869" count="1" type="stmt"/>
        <line num="874" count="26" type="cond" truecount="1" falsecount="0"/>
        <line num="875" count="22" type="cond" truecount="3" falsecount="0"/>
        <line num="876" count="16" type="stmt"/>
        <line num="883" count="1" type="stmt"/>
        <line num="884" count="13" type="stmt"/>
        <line num="891" count="10" type="stmt"/>
        <line num="895" count="1" type="stmt"/>
      </file>
    </package>
    <package name="src.modules.agent">
      <metrics statements="45" coveredstatements="44" conditionals="0" coveredconditionals="0" methods="35" coveredmethods="35"/>
      <file name="agent-brain.service.ts" path="/Users/kike/clawd/projects/synapseia-network/packages/node/src/modules/agent/agent-brain.service.ts">
        <metrics statements="8" coveredstatements="8" conditionals="0" coveredconditionals="0" methods="5" coveredmethods="5"/>
        <line num="1" count="1" type="stmt"/>
        <line num="2" count="1" type="stmt"/>
        <line num="14" count="1" type="stmt"/>
        <line num="16" count="2" type="stmt"/>
        <line num="23" count="2" type="stmt"/>
        <line num="27" count="3" type="stmt"/>
        <line num="35" count="2" type="stmt"/>
        <line num="39" count="2" type="stmt"/>
      </file>
      <file name="agent-loop.service.ts" path="/Users/kike/clawd/projects/synapseia-network/packages/node/src/modules/agent/agent-loop.service.ts">
        <metrics statements="12" coveredstatements="12" conditionals="0" coveredconditionals="0" methods="9" coveredmethods="9"/>
        <line num="1" count="1" type="stmt"/>
        <line num="2" count="1" type="stmt"/>
        <line num="21" count="1" type="stmt"/>
        <line num="23" count="1" type="stmt"/>
        <line num="27" count="1" type="stmt"/>
        <line num="31" count="1" type="stmt"/>
        <line num="35" count="1" type="stmt"/>
        <line num="39" count="1" type="stmt"/>
        <line num="43" count="2" type="stmt"/>
        <line num="52" count="1" type="stmt"/>
        <line num="60" count="1" type="stmt"/>
        <line num="70" count="1" type="stmt"/>
      </file>
      <file name="agent.module.ts" path="/Users/kike/clawd/projects/synapseia-network/packages/node/src/modules/agent/agent.module.ts">
        <metrics statements="1" coveredstatements="0" conditionals="0" coveredconditionals="0" methods="0" coveredmethods="0"/>
        <line num="10" count="0" type="stmt"/>
      </file>
      <file name="work-order-agent.service.ts" path="/Users/kike/clawd/projects/synapseia-network/packages/node/src/modules/agent/work-order-agent.service.ts">
        <metrics statements="24" coveredstatements="24" conditionals="0" coveredconditionals="0" methods="21" coveredmethods="21"/>
        <line num="1" count="1" type="stmt"/>
        <line num="2" count="1" type="stmt"/>
        <line num="34" count="1" type="stmt"/>
        <line num="36" count="1" type="stmt"/>
        <line num="40" count="1" type="stmt"/>
        <line num="44" count="1" type="stmt"/>
        <line num="48" count="1" type="stmt"/>
        <line num="56" count="2" type="stmt"/>
        <line num="64" count="1" type="stmt"/>
        <line num="73" count="1" type="stmt"/>
        <line num="83" count="1" type="stmt"/>
        <line num="91" count="1" type="stmt"/>
        <line num="99" count="1" type="stmt"/>
        <line num="103" count="1" type="stmt"/>
        <line num="107" count="1" type="stmt"/>
        <line num="111" count="1" type="stmt"/>
        <line num="115" count="1" type="stmt"/>
        <line num="119" count="2" type="stmt"/>
        <line num="123" count="1" type="stmt"/>
        <line num="127" count="1" type="stmt"/>
        <line num="131" count="1" type="stmt"/>
        <line num="135" count="1" type="stmt"/>
        <line num="139" count="1" type="stmt"/>
        <line num="148" count="1" type="stmt"/>
      </file>
    </package>
    <package name="src.modules.config">
      <metrics statements="10" coveredstatements="9" conditionals="0" coveredconditionals="0" methods="6" coveredmethods="6"/>
      <file name="node-config.module.ts" path="/Users/kike/clawd/projects/synapseia-network/packages/node/src/modules/config/node-config.module.ts">
        <metrics statements="1" coveredstatements="0" conditionals="0" coveredconditionals="0" methods="0" coveredmethods="0"/>
        <line num="8" count="0" type="stmt"/>
      </file>
      <file name="node-config.service.ts" path="/Users/kike/clawd/projects/synapseia-network/packages/node/src/modules/config/node-config.service.ts">
        <metrics statements="9" coveredstatements="9" conditionals="0" coveredconditionals="0" methods="6" coveredmethods="6"/>
        <line num="1" count="1" type="stmt"/>
        <line num="2" count="1" type="stmt"/>
        <line num="13" count="1" type="stmt"/>
        <line num="15" count="1" type="stmt"/>
        <line num="19" count="1" type="stmt"/>
        <line num="23" count="1" type="stmt"/>
        <line num="27" count="2" type="stmt"/>
        <line num="31" count="1" type="stmt"/>
        <line num="35" count="2" type="stmt"/>
      </file>
    </package>
    <package name="src.modules.hardware">
      <metrics statements="9" coveredstatements="8" conditionals="2" coveredconditionals="2" methods="5" coveredmethods="5"/>
      <file name="hardware.module.ts" path="/Users/kike/clawd/projects/synapseia-network/packages/node/src/modules/hardware/hardware.module.ts">
        <metrics statements="1" coveredstatements="0" conditionals="0" coveredconditionals="0" methods="0" coveredmethods="0"/>
        <line num="8" count="0" type="stmt"/>
      </file>
      <file name="hardware.service.ts" path="/Users/kike/clawd/projects/synapseia-network/packages/node/src/modules/hardware/hardware.service.ts">
        <metrics statements="8" coveredstatements="8" conditionals="2" coveredconditionals="2" methods="5" coveredmethods="5"/>
        <line num="1" count="1" type="stmt"/>
        <line num="2" count="1" type="stmt"/>
        <line num="15" count="1" type="stmt"/>
        <line num="17" count="2" type="stmt"/>
        <line num="21" count="1" type="stmt"/>
        <line num="25" count="2" type="stmt"/>
        <line num="29" count="1" type="stmt"/>
        <line num="33" count="1" type="stmt"/>
      </file>
    </package>
    <package name="src.modules.heartbeat">
      <metrics statements="7" coveredstatements="6" conditionals="1" coveredconditionals="1" methods="3" coveredmethods="3"/>
      <file name="heartbeat.module.ts" path="/Users/kike/clawd/projects/synapseia-network/packages/node/src/modules/heartbeat/heartbeat.module.ts">
        <metrics statements="1" coveredstatements="0" conditionals="0" coveredconditionals="0" methods="0" coveredmethods="0"/>
        <line num="8" count="0" type="stmt"/>
      </file>
      <file name="heartbeat.service.ts" path="/Users/kike/clawd/projects/synapseia-network/packages/node/src/modules/heartbeat/heartbeat.service.ts">
        <metrics statements="6" coveredstatements="6" conditionals="1" coveredconditionals="1" methods="3" coveredmethods="3"/>
        <line num="1" count="1" type="stmt"/>
        <line num="2" count="1" type="stmt"/>
        <line num="14" count="1" type="stmt"/>
        <line num="16" count="1" type="stmt"/>
        <line num="26" count="2" type="stmt"/>
        <line num="30" count="1" type="stmt"/>
      </file>
    </package>
    <package name="src.modules.identity">
      <metrics statements="12" coveredstatements="11" conditionals="0" coveredconditionals="0" methods="8" coveredmethods="8"/>
      <file name="identity.module.ts" path="/Users/kike/clawd/projects/synapseia-network/packages/node/src/modules/identity/identity.module.ts">
        <metrics statements="1" coveredstatements="0" conditionals="0" coveredconditionals="0" methods="0" coveredmethods="0"/>
        <line num="8" count="0" type="stmt"/>
      </file>
      <file name="identity.service.ts" path="/Users/kike/clawd/projects/synapseia-network/packages/node/src/modules/identity/identity.service.ts">
        <metrics statements="11" coveredstatements="11" conditionals="0" coveredconditionals="0" methods="8" coveredmethods="8"/>
        <line num="1" count="1" type="stmt"/>
        <line num="2" count="1" type="stmt"/>
        <line num="15" count="1" type="stmt"/>
        <line num="17" count="2" type="stmt"/>
        <line num="21" count="1" type="stmt"/>
        <line num="25" count="1" type="stmt"/>
        <line num="32" count="1" type="stmt"/>
        <line num="36" count="1" type="stmt"/>
        <line num="40" count="1" type="stmt"/>
        <line num="44" count="1" type="stmt"/>
        <line num="48" count="1" type="stmt"/>
      </file>
    </package>
    <package name="src.modules.inference">
      <metrics statements="11" coveredstatements="10" conditionals="0" coveredconditionals="0" methods="7" coveredmethods="7"/>
      <file name="inference.module.ts" path="/Users/kike/clawd/projects/synapseia-network/packages/node/src/modules/inference/inference.module.ts">
        <metrics statements="1" coveredstatements="0" conditionals="0" coveredconditionals="0" methods="0" coveredmethods="0"/>
        <line num="8" count="0" type="stmt"/>
      </file>
      <file name="inference.service.ts" path="/Users/kike/clawd/projects/synapseia-network/packages/node/src/modules/inference/inference.service.ts">
        <metrics statements="10" coveredstatements="10" conditionals="0" coveredconditionals="0" methods="7" coveredmethods="7"/>
        <line num="1" count="1" type="stmt"/>
        <line num="2" count="1" type="stmt"/>
        <line num="18" count="1" type="stmt"/>
        <line num="20" count="1" type="stmt"/>
        <line num="24" count="1" type="stmt"/>
        <line num="28" count="1" type="stmt"/>
        <line num="32" count="1" type="stmt"/>
        <line num="40" count="1" type="stmt"/>
        <line num="48" count="1" type="stmt"/>
        <line num="52" count="1" type="stmt"/>
      </file>
    </package>
    <package name="src.modules.llm">
      <metrics statements="12" coveredstatements="11" conditionals="0" coveredconditionals="0" methods="7" coveredmethods="7"/>
      <file name="llm.module.ts" path="/Users/kike/clawd/projects/synapseia-network/packages/node/src/modules/llm/llm.module.ts">
        <metrics statements="1" coveredstatements="0" conditionals="0" coveredconditionals="0" methods="0" coveredmethods="0"/>
        <line num="8" count="0" type="stmt"/>
      </file>
      <file name="llm.service.ts" path="/Users/kike/clawd/projects/synapseia-network/packages/node/src/modules/llm/llm.service.ts">
        <metrics statements="11" coveredstatements="11" conditionals="0" coveredconditionals="0" methods="7" coveredmethods="7"/>
        <line num="1" count="1" type="stmt"/>
        <line num="2" count="1" type="stmt"/>
        <line num="12" count="1" type="stmt"/>
        <line num="15" count="1" type="stmt"/>
        <line num="17" count="2" type="stmt"/>
        <line num="21" count="2" type="stmt"/>
        <line num="25" count="2" type="stmt"/>
        <line num="29" count="1" type="stmt"/>
        <line num="33" count="1" type="stmt"/>
        <line num="37" count="1" type="stmt"/>
        <line num="41" count="1" type="stmt"/>
      </file>
    </package>
    <package name="src.modules.model">
      <metrics statements="27" coveredstatements="26" conditionals="0" coveredconditionals="0" methods="17" coveredmethods="17"/>
      <file name="model-catalog.service.ts" path="/Users/kike/clawd/projects/synapseia-network/packages/node/src/modules/model/model-catalog.service.ts">
        <metrics statements="16" coveredstatements="16" conditionals="0" coveredconditionals="0" methods="13" coveredmethods="13"/>
        <line num="1" count="1" type="stmt"/>
        <line num="2" count="1" type="stmt"/>
        <line num="21" count="1" type="stmt"/>
        <line num="23" count="2" type="stmt"/>
        <line num="27" count="1" type="stmt"/>
        <line num="31" count="2" type="stmt"/>
        <line num="35" count="1" type="stmt"/>
        <line num="39" count="1" type="stmt"/>
        <line num="43" count="1" type="stmt"/>
        <line num="47" count="2" type="stmt"/>
        <line num="51" count="1" type="stmt"/>
        <line num="55" count="1" type="stmt"/>
        <line num="59" count="2" type="stmt"/>
        <line num="63" count="1" type="stmt"/>
        <line num="67" count="1" type="stmt"/>
        <line num="71" count="1" type="stmt"/>
      </file>
      <file name="model.module.ts" path="/Users/kike/clawd/projects/synapseia-network/packages/node/src/modules/model/model.module.ts">
        <metrics statements="1" coveredstatements="0" conditionals="0" coveredconditionals="0" methods="0" coveredmethods="0"/>
        <line num="10" count="0" type="stmt"/>
      </file>
      <file name="mutation-engine.service.ts" path="/Users/kike/clawd/projects/synapseia-network/packages/node/src/modules/model/mutation-engine.service.ts">
        <metrics statements="4" coveredstatements="4" conditionals="0" coveredconditionals="0" methods="1" coveredmethods="1"/>
        <line num="1" count="1" type="stmt"/>
        <line num="2" count="1" type="stmt"/>
        <line num="6" count="1" type="stmt"/>
        <line num="12" count="2" type="stmt"/>
      </file>
      <file name="trainer.service.ts" path="/Users/kike/clawd/projects/synapseia-network/packages/node/src/modules/model/trainer.service.ts">
        <metrics statements="6" coveredstatements="6" conditionals="0" coveredconditionals="0" methods="3" coveredmethods="3"/>
        <line num="1" count="1" type="stmt"/>
        <line num="2" count="1" type="stmt"/>
        <line num="12" count="1" type="stmt"/>
        <line num="14" count="1" type="stmt"/>
        <line num="18" count="2" type="stmt"/>
        <line num="22" count="2" type="stmt"/>
      </file>
    </package>
    <package name="src.modules.p2p">
      <metrics statements="6" coveredstatements="5" conditionals="1" coveredconditionals="1" methods="2" coveredmethods="2"/>
      <file name="p2p.module.ts" path="/Users/kike/clawd/projects/synapseia-network/packages/node/src/modules/p2p/p2p.module.ts">
        <metrics statements="1" coveredstatements="0" conditionals="0" coveredconditionals="0" methods="0" coveredmethods="0"/>
        <line num="8" count="0" type="stmt"/>
      </file>
      <file name="p2p.service.ts" path="/Users/kike/clawd/projects/synapseia-network/packages/node/src/modules/p2p/p2p.service.ts">
        <metrics statements="5" coveredstatements="5" conditionals="1" coveredconditionals="1" methods="2" coveredmethods="2"/>
        <line num="1" count="1" type="stmt"/>
        <line num="2" count="1" type="stmt"/>
        <line num="6" count="1" type="stmt"/>
        <line num="8" count="2" type="stmt"/>
        <line num="12" count="1" type="stmt"/>
      </file>
    </package>
    <package name="src.modules.staking">
      <metrics statements="21" coveredstatements="20" conditionals="0" coveredconditionals="0" methods="14" coveredmethods="14"/>
      <file name="rewards.service.ts" path="/Users/kike/clawd/projects/synapseia-network/packages/node/src/modules/staking/rewards.service.ts">
        <metrics statements="11" coveredstatements="11" conditionals="0" coveredconditionals="0" methods="8" coveredmethods="8"/>
        <line num="1" count="1" type="stmt"/>
        <line num="2" count="1" type="stmt"/>
        <line num="18" count="1" type="stmt"/>
        <line num="20" count="1" type="stmt"/>
        <line num="24" count="1" type="stmt"/>
        <line num="33" count="1" type="stmt"/>
        <line num="37" count="1" type="stmt"/>
        <line num="49" count="1" type="stmt"/>
        <line num="53" count="2" type="stmt"/>
        <line num="57" count="2" type="stmt"/>
        <line num="61" count="2" type="stmt"/>
      </file>
      <file name="staking.module.ts" path="/Users/kike/clawd/projects/synapseia-network/packages/node/src/modules/staking/staking.module.ts">
        <metrics statements="1" coveredstatements="0" conditionals="0" coveredconditionals="0" methods="0" coveredmethods="0"/>
        <line num="9" count="0" type="stmt"/>
      </file>
      <file name="staking.service.ts" path="/Users/kike/clawd/projects/synapseia-network/packages/node/src/modules/staking/staking.service.ts">
        <metrics statements="9" coveredstatements="9" conditionals="0" coveredconditionals="0" methods="6" coveredmethods="6"/>
        <line num="1" count="1" type="stmt"/>
        <line num="2" count="1" type="stmt"/>
        <line num="14" count="1" type="stmt"/>
        <line num="16" count="2" type="stmt"/>
        <line num="20" count="1" type="stmt"/>
        <line num="24" count="1" type="stmt"/>
        <line num="28" count="2" type="stmt"/>
        <line num="32" count="2" type="stmt"/>
        <line num="36" count="2" type="stmt"/>
      </file>
    </package>
    <package name="src.modules.wallet">
      <metrics statements="13" coveredstatements="12" conditionals="0" coveredconditionals="0" methods="9" coveredmethods="9"/>
      <file name="wallet.module.ts" path="/Users/kike/clawd/projects/synapseia-network/packages/node/src/modules/wallet/wallet.module.ts">
        <metrics statements="1" coveredstatements="0" conditionals="0" coveredconditionals="0" methods="0" coveredmethods="0"/>
        <line num="8" count="0" type="stmt"/>
      </file>
      <file name="wallet.service.ts" path="/Users/kike/clawd/projects/synapseia-network/packages/node/src/modules/wallet/wallet.service.ts">
        <metrics statements="12" coveredstatements="12" conditionals="0" coveredconditionals="0" methods="9" coveredmethods="9"/>
        <line num="1" count="1" type="stmt"/>
        <line num="2" count="1" type="stmt"/>
        <line num="17" count="1" type="stmt"/>
        <line num="19" count="2" type="stmt"/>
        <line num="23" count="1" type="stmt"/>
        <line num="27" count="1" type="stmt"/>
        <line num="31" count="1" type="stmt"/>
        <line num="35" count="2" type="stmt"/>
        <line num="39" count="1" type="stmt"/>
        <line num="43" count="1" type="stmt"/>
        <line num="47" count="1" type="stmt"/>
        <line num="51" count="1" type="stmt"/>
      </file>
    </package>
    <package name="src.utils">
      <metrics statements="16" coveredstatements="12" conditionals="0" coveredconditionals="0" methods="4" coveredmethods="0"/>
      <file name="idl.ts" path="/Users/kike/clawd/projects/synapseia-network/packages/node/src/utils/idl.ts">
        <metrics statements="16" coveredstatements="12" conditionals="0" coveredconditionals="0" methods="4" coveredmethods="0"/>
        <line num="6" count="1" type="stmt"/>
        <line num="9" count="1" type="stmt"/>
        <line num="12" count="1" type="stmt"/>
        <line num="15" count="1" type="stmt"/>
        <line num="19" count="1" type="stmt"/>
        <line num="24" count="1" type="stmt"/>
        <line num="25" count="1" type="stmt"/>
        <line num="26" count="1" type="stmt"/>
        <line num="31" count="1" type="stmt"/>
        <line num="32" count="0" type="stmt"/>
        <line num="41" count="1" type="stmt"/>
        <line num="42" count="0" type="stmt"/>
        <line num="51" count="1" type="stmt"/>
        <line num="52" count="0" type="stmt"/>
        <line num="61" count="1" type="stmt"/>
        <line num="62" count="0" type="stmt"/>
      </file>
    </package>
  </project>
</coverage>
