{"/Users/kike/clawd/projects/synapseia-network/packages/node/src/app.module.ts": {"path":"/Users/kike/clawd/projects/synapseia-network/packages/node/src/app.module.ts","statementMap":{"0":{"start":{"line":29,"column":7},"end":{"line":29,"column":null}},"1":{"start":{"line":29,"column":13},"end":{"line":29,"column":null}}},"fnMap":{},"branchMap":{},"s":{"0":0,"1":0},"f":{},"b":{}}
,"/Users/kike/clawd/projects/synapseia-network/packages/node/src/node-runtime.ts": {"path":"/Users/kike/clawd/projects/synapseia-network/packages/node/src/node-runtime.ts","statementMap":{"0":{"start":{"line":82,"column":2},"end":{"line":82,"column":39}},"1":{"start":{"line":83,"column":32},"end":{"line":83,"column":36}},"2":{"start":{"line":84,"column":2},"end":{"line":101,"column":3}},"3":{"start":{"line":85,"column":20},"end":{"line":87,"column":27}},"4":{"start":{"line":88,"column":24},"end":{"line":88,"column":74}},"5":{"start":{"line":89,"column":27},"end":{"line":91,"column":10}},"6":{"start":{"line":93,"column":4},"end":{"line":93,"column":84}},"7":{"start":{"line":94,"column":4},"end":{"line":94,"column":49}},"8":{"start":{"line":95,"column":18},"end":{"line":95,"column":41}},"9":{"start":{"line":96,"column":4},"end":{"line":98,"column":5}},"10":{"start":{"line":97,"column":6},"end":{"line":97,"column":57}},"11":{"start":{"line":100,"column":4},"end":{"line":100,"column":92}},"12":{"start":{"line":104,"column":2},"end":{"line":104,"column":46}},"13":{"start":{"line":105,"column":26},"end":{"line":105,"column":47}},"14":{"start":{"line":106,"column":27},"end":{"line":113,"column":null}},"15":{"start":{"line":115,"column":2},"end":{"line":115,"column":57}},"16":{"start":{"line":116,"column":2},"end":{"line":116,"column":82}},"17":{"start":{"line":119,"column":2},"end":{"line":119,"column":47}},"18":{"start":{"line":120,"column":2},"end":{"line":120,"column":48}},"19":{"start":{"line":121,"column":2},"end":{"line":121,"column":57}},"20":{"start":{"line":122,"column":2},"end":{"line":122,"column":67}},"21":{"start":{"line":123,"column":2},"end":{"line":123,"column":122}},"22":{"start":{"line":124,"column":2},"end":{"line":124,"column":82}},"23":{"start":{"line":127,"column":2},"end":{"line":139,"column":7}},"24":{"start":{"line":138,"column":6},"end":{"line":138,"column":63}},"25":{"start":{"line":142,"column":2},"end":{"line":157,"column":4}},"26":{"start":{"line":145,"column":6},"end":{"line":145,"column":45}},"27":{"start":{"line":146,"column":6},"end":{"line":146,"column":25}},"28":{"start":{"line":147,"column":6},"end":{"line":147,"column":44}},"29":{"start":{"line":148,"column":6},"end":{"line":154,"column":7}},"30":{"start":{"line":149,"column":8},"end":{"line":153,"column":9}},"31":{"start":{"line":150,"column":10},"end":{"line":150,"column":80}},"32":{"start":{"line":155,"column":6},"end":{"line":155,"column":36}}},"fnMap":{"0":{"name":"startNode","decl":{"start":{"line":61,"column":22},"end":{"line":61,"column":31}},"loc":{"start":{"line":79,"column":3},"end":{"line":158,"column":1}}},"1":{"name":"(anonymous_1)","decl":{"start":{"line":137,"column":11},"end":{"line":137,"column":12}},"loc":{"start":{"line":137,"column":26},"end":{"line":139,"column":5}}},"2":{"name":"(anonymous_2)","decl":{"start":{"line":144,"column":10},"end":{"line":144,"column":15}},"loc":{"start":{"line":144,"column":21},"end":{"line":156,"column":5}}}},"branchMap":{"0":{"loc":{"start":{"line":88,"column":24},"end":{"line":88,"column":74}},"type":"binary-expr","locations":[{"start":{"line":88,"column":24},"end":{"line":88,"column":47}},{"start":{"line":88,"column":51},"end":{"line":88,"column":74}}]},"1":{"loc":{"start":{"line":89,"column":27},"end":{"line":91,"column":10}},"type":"cond-expr","locations":[{"start":{"line":90,"column":8},"end":{"line":90,"column":79}},{"start":{"line":91,"column":8},"end":{"line":91,"column":10}}]},"2":{"loc":{"start":{"line":90,"column":9},"end":{"line":90,"column":78}},"type":"cond-expr","locations":[{"start":{"line":90,"column":23},"end":{"line":90,"column":48}},{"start":{"line":90,"column":51},"end":{"line":90,"column":78}}]},"3":{"loc":{"start":{"line":96,"column":4},"end":{"line":98,"column":5}},"type":"if","locations":[{"start":{"line":96,"column":4},"end":{"line":98,"column":5}}]},"4":{"loc":{"start":{"line":110,"column":4},"end":{"line":110,"column":30}},"type":"binary-expr","locations":[{"start":{"line":110,"column":4},"end":{"line":110,"column":21}},{"start":{"line":110,"column":25},"end":{"line":110,"column":30}}]},"5":{"loc":{"start":{"line":111,"column":4},"end":{"line":111,"column":24}},"type":"binary-expr","locations":[{"start":{"line":111,"column":4},"end":{"line":111,"column":11}},{"start":{"line":111,"column":15},"end":{"line":111,"column":24}}]},"6":{"loc":{"start":{"line":116,"column":31},"end":{"line":116,"column":57}},"type":"binary-expr","locations":[{"start":{"line":116,"column":31},"end":{"line":116,"column":48}},{"start":{"line":116,"column":52},"end":{"line":116,"column":57}}]},"7":{"loc":{"start":{"line":123,"column":26},"end":{"line":123,"column":92}},"type":"cond-expr","locations":[{"start":{"line":123,"column":55},"end":{"line":123,"column":87}},{"start":{"line":123,"column":90},"end":{"line":123,"column":92}}]},"8":{"loc":{"start":{"line":124,"column":31},"end":{"line":124,"column":57}},"type":"binary-expr","locations":[{"start":{"line":124,"column":31},"end":{"line":124,"column":48}},{"start":{"line":124,"column":52},"end":{"line":124,"column":57}}]},"9":{"loc":{"start":{"line":134,"column":18},"end":{"line":134,"column":44}},"type":"binary-expr","locations":[{"start":{"line":134,"column":18},"end":{"line":134,"column":35}},{"start":{"line":134,"column":39},"end":{"line":134,"column":44}}]},"10":{"loc":{"start":{"line":148,"column":6},"end":{"line":154,"column":7}},"type":"if","locations":[{"start":{"line":148,"column":6},"end":{"line":154,"column":7}}]}},"s":{"0":0,"1":0,"2":0,"3":0,"4":0,"5":0,"6":0,"7":0,"8":0,"9":0,"10":0,"11":0,"12":0,"13":0,"14":0,"15":0,"16":0,"17":0,"18":0,"19":0,"20":0,"21":0,"22":0,"23":0,"24":0,"25":0,"26":0,"27":0,"28":0,"29":0,"30":0,"31":0,"32":0},"f":{"0":0,"1":0,"2":0},"b":{"0":[0,0],"1":[0,0],"2":[0,0],"3":[0],"4":[0,0],"5":[0,0],"6":[0,0],"7":[0,0],"8":[0,0],"9":[0,0],"10":[0]}}
,"/Users/kike/clawd/projects/synapseia-network/packages/node/src/modules/agent/agent-brain.ts": {"path":"/Users/kike/clawd/projects/synapseia-network/packages/node/src/modules/agent/agent-brain.ts","statementMap":{"0":{"start":{"line":38,"column":22},"end":{"line":38,"column":71}},"1":{"start":{"line":44,"column":2},"end":{"line":56,"column":4}},"2":{"start":{"line":72,"column":2},"end":{"line":72,"column":27}},"3":{"start":{"line":75,"column":2},"end":{"line":77,"column":3}},"4":{"start":{"line":76,"column":4},"end":{"line":76,"column":38}},"5":{"start":{"line":80,"column":35},"end":{"line":85,"column":4}},"6":{"start":{"line":86,"column":2},"end":{"line":86,"column":33}},"7":{"start":{"line":89,"column":37},"end":{"line":96,"column":4}},"8":{"start":{"line":97,"column":2},"end":{"line":97,"column":35}},"9":{"start":{"line":100,"column":2},"end":{"line":121,"column":3}},"10":{"start":{"line":102,"column":4},"end":{"line":102,"column":89}},"11":{"start":{"line":103,"column":4},"end":{"line":103,"column":43}},"12":{"start":{"line":106,"column":4},"end":{"line":112,"column":5}},"13":{"start":{"line":107,"column":6},"end":{"line":107,"column":55}},"14":{"start":{"line":109,"column":6},"end":{"line":111,"column":7}},"15":{"start":{"line":110,"column":8},"end":{"line":110,"column":79}},"16":{"start":{"line":115,"column":4},"end":{"line":115,"column":41}},"17":{"start":{"line":118,"column":4},"end":{"line":120,"column":5}},"18":{"start":{"line":119,"column":6},"end":{"line":119,"column":91}},"19":{"start":{"line":124,"column":2},"end":{"line":126,"column":3}},"20":{"start":{"line":125,"column":4},"end":{"line":125,"column":44}},"21":{"start":{"line":127,"column":2},"end":{"line":129,"column":3}},"22":{"start":{"line":128,"column":4},"end":{"line":128,"column":46}},"23":{"start":{"line":131,"column":2},"end":{"line":131,"column":15}},"24":{"start":{"line":139,"column":2},"end":{"line":141,"column":3}},"25":{"start":{"line":140,"column":4},"end":{"line":140,"column":18}},"26":{"start":{"line":144,"column":2},"end":{"line":146,"column":3}},"27":{"start":{"line":145,"column":4},"end":{"line":145,"column":21}},"28":{"start":{"line":149,"column":2},"end":{"line":149,"column":19}},"29":{"start":{"line":160,"column":25},"end":{"line":163,"column":25}},"30":{"start":{"line":161,"column":19},"end":{"line":161,"column":48}},"31":{"start":{"line":162,"column":20},"end":{"line":162,"column":47}},"32":{"start":{"line":165,"column":2},"end":{"line":165,"column":24}},"33":{"start":{"line":172,"column":2},"end":{"line":172,"column":52}},"34":{"start":{"line":180,"column":7},"end":{"line":207,"column":null}},"35":{"start":{"line":182,"column":4},"end":{"line":182,"column":28}},"36":{"start":{"line":189,"column":4},"end":{"line":189,"column":38}},"37":{"start":{"line":193,"column":4},"end":{"line":193,"column":32}},"38":{"start":{"line":201,"column":4},"end":{"line":201,"column":63}},"39":{"start":{"line":205,"column":4},"end":{"line":205,"column":47}},"40":{"start":{"line":180,"column":13},"end":{"line":207,"column":null}}},"fnMap":{"0":{"name":"initBrain","decl":{"start":{"line":43,"column":16},"end":{"line":43,"column":25}},"loc":{"start":{"line":43,"column":42},"end":{"line":57,"column":1}}},"1":{"name":"updateBrain","decl":{"start":{"line":62,"column":16},"end":{"line":62,"column":27}},"loc":{"start":{"line":69,"column":3},"end":{"line":132,"column":1}}},"2":{"name":"getNextAction","decl":{"start":{"line":137,"column":16},"end":{"line":137,"column":29}},"loc":{"start":{"line":137,"column":47},"end":{"line":150,"column":1}}},"3":{"name":"getRecentMemories","decl":{"start":{"line":155,"column":16},"end":{"line":155,"column":33}},"loc":{"start":{"line":158,"column":29},"end":{"line":166,"column":1}}},"4":{"name":"(anonymous_5)","decl":{"start":{"line":161,"column":12},"end":{"line":161,"column":13}},"loc":{"start":{"line":161,"column":19},"end":{"line":161,"column":48}}},"5":{"name":"(anonymous_6)","decl":{"start":{"line":162,"column":10},"end":{"line":162,"column":11}},"loc":{"start":{"line":162,"column":20},"end":{"line":162,"column":47}}},"6":{"name":"getRecentJournal","decl":{"start":{"line":171,"column":16},"end":{"line":171,"column":32}},"loc":{"start":{"line":171,"column":75},"end":{"line":173,"column":1}}},"7":{"name":"(anonymous_8)","decl":{"start":{"line":181,"column":2},"end":{"line":181,"column":11}},"loc":{"start":{"line":181,"column":28},"end":{"line":183,"column":3}}},"8":{"name":"(anonymous_9)","decl":{"start":{"line":185,"column":2},"end":{"line":185,"column":13}},"loc":{"start":{"line":187,"column":85},"end":{"line":190,"column":3}}},"9":{"name":"(anonymous_10)","decl":{"start":{"line":192,"column":2},"end":{"line":192,"column":15}},"loc":{"start":{"line":192,"column":33},"end":{"line":194,"column":3}}},"10":{"name":"(anonymous_11)","decl":{"start":{"line":196,"column":2},"end":{"line":196,"column":19}},"loc":{"start":{"line":199,"column":26},"end":{"line":202,"column":3}}},"11":{"name":"(anonymous_12)","decl":{"start":{"line":204,"column":2},"end":{"line":204,"column":18}},"loc":{"start":{"line":204,"column":57},"end":{"line":206,"column":3}}}},"branchMap":{"0":{"loc":{"start":{"line":45,"column":11},"end":{"line":45,"column":50}},"type":"cond-expr","locations":[{"start":{"line":45,"column":19},"end":{"line":45,"column":29}},{"start":{"line":45,"column":32},"end":{"line":45,"column":50}}]},"1":{"loc":{"start":{"line":75,"column":2},"end":{"line":77,"column":3}},"type":"if","locations":[{"start":{"line":75,"column":2},"end":{"line":77,"column":3}}]},"2":{"loc":{"start":{"line":75,"column":6},"end":{"line":75,"column":68}},"type":"binary-expr","locations":[{"start":{"line":75,"column":6},"end":{"line":75,"column":31}},{"start":{"line":75,"column":35},"end":{"line":75,"column":68}}]},"3":{"loc":{"start":{"line":82,"column":10},"end":{"line":82,"column":52}},"type":"cond-expr","locations":[{"start":{"line":82,"column":28},"end":{"line":82,"column":40}},{"start":{"line":82,"column":43},"end":{"line":82,"column":52}}]},"4":{"loc":{"start":{"line":84,"column":16},"end":{"line":84,"column":75}},"type":"cond-expr","locations":[{"start":{"line":84,"column":34},"end":{"line":84,"column":69}},{"start":{"line":84,"column":72},"end":{"line":84,"column":75}}]},"5":{"loc":{"start":{"line":92,"column":13},"end":{"line":92,"column":54}},"type":"cond-expr","locations":[{"start":{"line":92,"column":31},"end":{"line":92,"column":41}},{"start":{"line":92,"column":44},"end":{"line":92,"column":54}}]},"6":{"loc":{"start":{"line":94,"column":6},"end":{"line":95,"column":80}},"type":"binary-expr","locations":[{"start":{"line":94,"column":6},"end":{"line":94,"column":19}},{"start":{"line":95,"column":7},"end":{"line":95,"column":79}}]},"7":{"loc":{"start":{"line":95,"column":7},"end":{"line":95,"column":79}},"type":"cond-expr","locations":[{"start":{"line":95,"column":25},"end":{"line":95,"column":50}},{"start":{"line":95,"column":53},"end":{"line":95,"column":79}}]},"8":{"loc":{"start":{"line":100,"column":2},"end":{"line":121,"column":3}},"type":"if","locations":[{"start":{"line":100,"column":2},"end":{"line":121,"column":3}},{"start":{"line":113,"column":9},"end":{"line":121,"column":3}}]},"9":{"loc":{"start":{"line":106,"column":4},"end":{"line":112,"column":5}},"type":"if","locations":[{"start":{"line":106,"column":4},"end":{"line":112,"column":5}}]},"10":{"loc":{"start":{"line":106,"column":8},"end":{"line":106,"column":78}},"type":"binary-expr","locations":[{"start":{"line":106,"column":8},"end":{"line":106,"column":21}},{"start":{"line":106,"column":25},"end":{"line":106,"column":78}}]},"11":{"loc":{"start":{"line":109,"column":6},"end":{"line":111,"column":7}},"type":"if","locations":[{"start":{"line":109,"column":6},"end":{"line":111,"column":7}}]},"12":{"loc":{"start":{"line":118,"column":4},"end":{"line":120,"column":5}},"type":"if","locations":[{"start":{"line":118,"column":4},"end":{"line":120,"column":5}}]},"13":{"loc":{"start":{"line":124,"column":2},"end":{"line":126,"column":3}},"type":"if","locations":[{"start":{"line":124,"column":2},"end":{"line":126,"column":3}}]},"14":{"loc":{"start":{"line":127,"column":2},"end":{"line":129,"column":3}},"type":"if","locations":[{"start":{"line":127,"column":2},"end":{"line":129,"column":3}}]},"15":{"loc":{"start":{"line":139,"column":2},"end":{"line":141,"column":3}},"type":"if","locations":[{"start":{"line":139,"column":2},"end":{"line":141,"column":3}}]},"16":{"loc":{"start":{"line":144,"column":2},"end":{"line":146,"column":3}},"type":"if","locations":[{"start":{"line":144,"column":2},"end":{"line":146,"column":3}}]},"17":{"loc":{"start":{"line":157,"column":2},"end":{"line":157,"column":24}},"type":"default-arg","locations":[{"start":{"line":157,"column":23},"end":{"line":157,"column":24}}]},"18":{"loc":{"start":{"line":158,"column":2},"end":{"line":158,"column":29}},"type":"default-arg","locations":[{"start":{"line":158,"column":26},"end":{"line":158,"column":29}}]},"19":{"loc":{"start":{"line":171,"column":52},"end":{"line":171,"column":75}},"type":"default-arg","locations":[{"start":{"line":171,"column":73},"end":{"line":171,"column":75}}]}},"s":{"0":0,"1":0,"2":0,"3":0,"4":0,"5":0,"6":0,"7":0,"8":0,"9":0,"10":0,"11":0,"12":0,"13":0,"14":0,"15":0,"16":0,"17":0,"18":0,"19":0,"20":0,"21":0,"22":0,"23":0,"24":0,"25":0,"26":0,"27":0,"28":0,"29":0,"30":0,"31":0,"32":0,"33":0,"34":0,"35":0,"36":0,"37":0,"38":0,"39":0,"40":0},"f":{"0":0,"1":0,"2":0,"3":0,"4":0,"5":0,"6":0,"7":0,"8":0,"9":0,"10":0,"11":0},"b":{"0":[0,0],"1":[0],"2":[0,0],"3":[0,0],"4":[0,0],"5":[0,0],"6":[0,0],"7":[0,0],"8":[0,0],"9":[0],"10":[0,0],"11":[0],"12":[0],"13":[0],"14":[0],"15":[0],"16":[0],"17":[0],"18":[0],"19":[0]}}
,"/Users/kike/clawd/projects/synapseia-network/packages/node/src/modules/agent/agent-loop.ts": {"path":"/Users/kike/clawd/projects/synapseia-network/packages/node/src/modules/agent/agent-loop.ts","statementMap":{"0":{"start":{"line":43,"column":32},"end":{"line":48,"column":2}},"1":{"start":{"line":54,"column":2},"end":{"line":54,"column":26}},"2":{"start":{"line":61,"column":2},"end":{"line":66,"column":4}},"3":{"start":{"line":76,"column":2},"end":{"line":93,"column":3}},"4":{"start":{"line":77,"column":21},"end":{"line":77,"column":97}},"5":{"start":{"line":79,"column":4},"end":{"line":81,"column":5}},"6":{"start":{"line":80,"column":6},"end":{"line":80,"column":77}},"7":{"start":{"line":83,"column":17},"end":{"line":83,"column":71}},"8":{"start":{"line":86,"column":4},"end":{"line":89,"column":23}},"9":{"start":{"line":87,"column":35},"end":{"line":87,"column":84}},"10":{"start":{"line":88,"column":46},"end":{"line":88,"column":95}},"11":{"start":{"line":91,"column":4},"end":{"line":91,"column":74}},"12":{"start":{"line":92,"column":4},"end":{"line":92,"column":14}},"13":{"start":{"line":105,"column":2},"end":{"line":124,"column":3}},"14":{"start":{"line":106,"column":21},"end":{"line":114,"column":6}},"15":{"start":{"line":116,"column":4},"end":{"line":118,"column":5}},"16":{"start":{"line":117,"column":6},"end":{"line":117,"column":77}},"17":{"start":{"line":120,"column":17},"end":{"line":120,"column":72}},"18":{"start":{"line":121,"column":4},"end":{"line":121,"column":30}},"19":{"start":{"line":123,"column":4},"end":{"line":123,"column":80}},"20":{"start":{"line":135,"column":2},"end":{"line":152,"column":3}},"21":{"start":{"line":136,"column":21},"end":{"line":144,"column":6}},"22":{"start":{"line":146,"column":4},"end":{"line":148,"column":5}},"23":{"start":{"line":147,"column":6},"end":{"line":147,"column":77}},"24":{"start":{"line":150,"column":4},"end":{"line":150,"column":75}},"25":{"start":{"line":151,"column":4},"end":{"line":151,"column":16}},"26":{"start":{"line":165,"column":2},"end":{"line":171,"column":3}},"27":{"start":{"line":168,"column":4},"end":{"line":168,"column":149}},"28":{"start":{"line":170,"column":4},"end":{"line":170,"column":69}},"29":{"start":{"line":181,"column":64},"end":{"line":181,"column":70}},"30":{"start":{"line":183,"column":2},"end":{"line":183,"column":56}},"31":{"start":{"line":186,"column":2},"end":{"line":186,"column":47}},"32":{"start":{"line":187,"column":25},"end":{"line":187,"column":66}},"33":{"start":{"line":188,"column":2},"end":{"line":188,"column":62}},"34":{"start":{"line":191,"column":2},"end":{"line":193,"column":3}},"35":{"start":{"line":192,"column":4},"end":{"line":192,"column":81}},"36":{"start":{"line":194,"column":2},"end":{"line":194,"column":70}},"37":{"start":{"line":197,"column":2},"end":{"line":197,"column":49}},"38":{"start":{"line":198,"column":19},"end":{"line":198,"column":90}},"39":{"start":{"line":199,"column":2},"end":{"line":199,"column":42}},"40":{"start":{"line":200,"column":2},"end":{"line":200,"column":69}},"41":{"start":{"line":203,"column":21},"end":{"line":203,"column":53}},"42":{"start":{"line":204,"column":2},"end":{"line":206,"column":3}},"43":{"start":{"line":205,"column":4},"end":{"line":205,"column":68}},"44":{"start":{"line":209,"column":2},"end":{"line":209,"column":42}},"45":{"start":{"line":210,"column":15},"end":{"line":210,"column":51}},"46":{"start":{"line":211,"column":23},"end":{"line":211,"column":85}},"47":{"start":{"line":212,"column":2},"end":{"line":212,"column":50}},"48":{"start":{"line":215,"column":2},"end":{"line":215,"column":43}},"49":{"start":{"line":216,"column":19},"end":{"line":216,"column":63}},"50":{"start":{"line":217,"column":25},"end":{"line":222,"column":4}},"51":{"start":{"line":224,"column":2},"end":{"line":224,"column":80}},"52":{"start":{"line":225,"column":2},"end":{"line":225,"column":60}},"53":{"start":{"line":226,"column":2},"end":{"line":226,"column":66}},"54":{"start":{"line":229,"column":2},"end":{"line":229,"column":42}},"55":{"start":{"line":230,"column":2},"end":{"line":230,"column":71}},"56":{"start":{"line":233,"column":19},"end":{"line":233,"column":62}},"57":{"start":{"line":234,"column":2},"end":{"line":237,"column":3}},"58":{"start":{"line":235,"column":4},"end":{"line":235,"column":48}},"59":{"start":{"line":236,"column":4},"end":{"line":236,"column":70}},"60":{"start":{"line":240,"column":2},"end":{"line":240,"column":79}},"61":{"start":{"line":242,"column":2},"end":{"line":242,"column":34}},"62":{"start":{"line":243,"column":2},"end":{"line":243,"column":31}},"63":{"start":{"line":245,"column":2},"end":{"line":251,"column":4}},"64":{"start":{"line":258,"column":2},"end":{"line":260,"column":3}},"65":{"start":{"line":259,"column":4},"end":{"line":259,"column":53}},"66":{"start":{"line":262,"column":2},"end":{"line":262,"column":29}},"67":{"start":{"line":263,"column":40},"end":{"line":263,"column":46}},"68":{"start":{"line":265,"column":2},"end":{"line":265,"column":49}},"69":{"start":{"line":266,"column":2},"end":{"line":266,"column":57}},"70":{"start":{"line":267,"column":2},"end":{"line":267,"column":45}},"71":{"start":{"line":268,"column":2},"end":{"line":268,"column":67}},"72":{"start":{"line":269,"column":2},"end":{"line":269,"column":45}},"73":{"start":{"line":270,"column":2},"end":{"line":272,"column":3}},"74":{"start":{"line":271,"column":4},"end":{"line":271,"column":54}},"75":{"start":{"line":273,"column":2},"end":{"line":273,"column":17}},"76":{"start":{"line":275,"column":2},"end":{"line":302,"column":3}},"77":{"start":{"line":276,"column":20},"end":{"line":276,"column":21}},"78":{"start":{"line":278,"column":4},"end":{"line":298,"column":5}},"79":{"start":{"line":280,"column":6},"end":{"line":283,"column":7}},"80":{"start":{"line":281,"column":8},"end":{"line":281,"column":79}},"81":{"start":{"line":282,"column":8},"end":{"line":282,"column":14}},"82":{"start":{"line":285,"column":6},"end":{"line":289,"column":7}},"83":{"start":{"line":286,"column":8},"end":{"line":286,"column":51}},"84":{"start":{"line":288,"column":8},"end":{"line":288,"column":83}},"85":{"start":{"line":292,"column":6},"end":{"line":295,"column":7}},"86":{"start":{"line":293,"column":8},"end":{"line":293,"column":56}},"87":{"start":{"line":294,"column":8},"end":{"line":294,"column":32}},"88":{"start":{"line":297,"column":6},"end":{"line":297,"column":18}},"89":{"start":{"line":300,"column":4},"end":{"line":300,"column":32}},"90":{"start":{"line":301,"column":4},"end":{"line":301,"column":42}},"91":{"start":{"line":309,"column":2},"end":{"line":309,"column":30}},"92":{"start":{"line":310,"column":2},"end":{"line":310,"column":42}},"93":{"start":{"line":317,"column":2},"end":{"line":317,"column":57}},"94":{"start":{"line":317,"column":32},"end":{"line":317,"column":55}},"95":{"start":{"line":321,"column":21},"end":{"line":328,"column":2}},"96":{"start":{"line":335,"column":7},"end":{"line":386,"column":null}},"97":{"start":{"line":337,"column":4},"end":{"line":337,"column":34}},"98":{"start":{"line":341,"column":4},"end":{"line":341,"column":27}},"99":{"start":{"line":345,"column":4},"end":{"line":345,"column":48}},"100":{"start":{"line":349,"column":4},"end":{"line":349,"column":31}},"101":{"start":{"line":353,"column":4},"end":{"line":353,"column":33}},"102":{"start":{"line":357,"column":4},"end":{"line":357,"column":54}},"103":{"start":{"line":366,"column":4},"end":{"line":366,"column":68}},"104":{"start":{"line":374,"column":4},"end":{"line":374,"column":66}},"105":{"start":{"line":384,"column":4},"end":{"line":384,"column":74}},"106":{"start":{"line":335,"column":13},"end":{"line":386,"column":null}}},"fnMap":{"0":{"name":"getAgentLoopState","decl":{"start":{"line":53,"column":16},"end":{"line":53,"column":33}},"loc":{"start":{"line":53,"column":33},"end":{"line":55,"column":1}}},"1":{"name":"resetAgentLoopState","decl":{"start":{"line":60,"column":16},"end":{"line":60,"column":35}},"loc":{"start":{"line":60,"column":35},"end":{"line":67,"column":1}}},"2":{"name":"fetchTopExperiments","decl":{"start":{"line":72,"column":22},"end":{"line":72,"column":41}},"loc":{"start":{"line":74,"column":19},"end":{"line":94,"column":1}}},"3":{"name":"(anonymous_4)","decl":{"start":{"line":87,"column":14},"end":{"line":87,"column":15}},"loc":{"start":{"line":87,"column":35},"end":{"line":87,"column":84}}},"4":{"name":"(anonymous_5)","decl":{"start":{"line":88,"column":12},"end":{"line":88,"column":13}},"loc":{"start":{"line":88,"column":46},"end":{"line":88,"column":95}}},"5":{"name":"createExperiment","decl":{"start":{"line":99,"column":22},"end":{"line":99,"column":38}},"loc":{"start":{"line":103,"column":14},"end":{"line":125,"column":1}}},"6":{"name":"updateExperiment","decl":{"start":{"line":130,"column":22},"end":{"line":130,"column":38}},"loc":{"start":{"line":133,"column":24},"end":{"line":153,"column":1}}},"7":{"name":"postToFeed","decl":{"start":{"line":158,"column":22},"end":{"line":158,"column":32}},"loc":{"start":{"line":163,"column":19},"end":{"line":172,"column":1}}},"8":{"name":"runAgentIteration","decl":{"start":{"line":177,"column":22},"end":{"line":177,"column":39}},"loc":{"start":{"line":179,"column":19},"end":{"line":252,"column":1}}},"9":{"name":"startAgentLoop","decl":{"start":{"line":257,"column":22},"end":{"line":257,"column":36}},"loc":{"start":{"line":257,"column":60},"end":{"line":303,"column":1}}},"10":{"name":"stopAgentLoop","decl":{"start":{"line":308,"column":16},"end":{"line":308,"column":29}},"loc":{"start":{"line":308,"column":29},"end":{"line":311,"column":1}}},"11":{"name":"sleep","decl":{"start":{"line":316,"column":9},"end":{"line":316,"column":14}},"loc":{"start":{"line":316,"column":25},"end":{"line":318,"column":1}}},"12":{"name":"(anonymous_13)","decl":{"start":{"line":317,"column":21},"end":{"line":317,"column":28}},"loc":{"start":{"line":317,"column":32},"end":{"line":317,"column":55}}},"13":{"name":"(anonymous_14)","decl":{"start":{"line":336,"column":2},"end":{"line":336,"column":16}},"loc":{"start":{"line":336,"column":40},"end":{"line":338,"column":3}}},"14":{"name":"(anonymous_15)","decl":{"start":{"line":340,"column":2},"end":{"line":340,"column":15}},"loc":{"start":{"line":340,"column":15},"end":{"line":342,"column":3}}},"15":{"name":"(anonymous_16)","decl":{"start":{"line":344,"column":2},"end":{"line":344,"column":19}},"loc":{"start":{"line":344,"column":62},"end":{"line":346,"column":3}}},"16":{"name":"(anonymous_17)","decl":{"start":{"line":348,"column":2},"end":{"line":348,"column":19}},"loc":{"start":{"line":348,"column":19},"end":{"line":350,"column":3}}},"17":{"name":"(anonymous_18)","decl":{"start":{"line":352,"column":2},"end":{"line":352,"column":21}},"loc":{"start":{"line":352,"column":21},"end":{"line":354,"column":3}}},"18":{"name":"(anonymous_19)","decl":{"start":{"line":356,"column":2},"end":{"line":356,"column":21}},"loc":{"start":{"line":356,"column":60},"end":{"line":358,"column":3}}},"19":{"name":"(anonymous_20)","decl":{"start":{"line":360,"column":2},"end":{"line":360,"column":18}},"loc":{"start":{"line":364,"column":16},"end":{"line":367,"column":3}}},"20":{"name":"(anonymous_21)","decl":{"start":{"line":369,"column":2},"end":{"line":369,"column":18}},"loc":{"start":{"line":372,"column":56},"end":{"line":375,"column":3}}},"21":{"name":"(anonymous_22)","decl":{"start":{"line":377,"column":2},"end":{"line":377,"column":12}},"loc":{"start":{"line":382,"column":21},"end":{"line":385,"column":3}}}},"branchMap":{"0":{"loc":{"start":{"line":74,"column":2},"end":{"line":74,"column":19}},"type":"default-arg","locations":[{"start":{"line":74,"column":18},"end":{"line":74,"column":19}}]},"1":{"loc":{"start":{"line":79,"column":4},"end":{"line":81,"column":5}},"type":"if","locations":[{"start":{"line":79,"column":4},"end":{"line":81,"column":5}}]},"2":{"loc":{"start":{"line":86,"column":12},"end":{"line":86,"column":34}},"type":"binary-expr","locations":[{"start":{"line":86,"column":12},"end":{"line":86,"column":28}},{"start":{"line":86,"column":32},"end":{"line":86,"column":34}}]},"3":{"loc":{"start":{"line":87,"column":35},"end":{"line":87,"column":84}},"type":"binary-expr","locations":[{"start":{"line":87,"column":35},"end":{"line":87,"column":55}},{"start":{"line":87,"column":59},"end":{"line":87,"column":84}}]},"4":{"loc":{"start":{"line":88,"column":47},"end":{"line":88,"column":68}},"type":"binary-expr","locations":[{"start":{"line":88,"column":47},"end":{"line":88,"column":56}},{"start":{"line":88,"column":60},"end":{"line":88,"column":68}}]},"5":{"loc":{"start":{"line":88,"column":73},"end":{"line":88,"column":94}},"type":"binary-expr","locations":[{"start":{"line":88,"column":73},"end":{"line":88,"column":82}},{"start":{"line":88,"column":86},"end":{"line":88,"column":94}}]},"6":{"loc":{"start":{"line":116,"column":4},"end":{"line":118,"column":5}},"type":"if","locations":[{"start":{"line":116,"column":4},"end":{"line":118,"column":5}}]},"7":{"loc":{"start":{"line":146,"column":4},"end":{"line":148,"column":5}},"type":"if","locations":[{"start":{"line":146,"column":4},"end":{"line":148,"column":5}}]},"8":{"loc":{"start":{"line":168,"column":25},"end":{"line":168,"column":66}},"type":"cond-expr","locations":[{"start":{"line":168,"column":36},"end":{"line":168,"column":52}},{"start":{"line":168,"column":55},"end":{"line":168,"column":66}}]},"9":{"loc":{"start":{"line":191,"column":2},"end":{"line":193,"column":3}},"type":"if","locations":[{"start":{"line":191,"column":2},"end":{"line":193,"column":3}}]},"10":{"loc":{"start":{"line":191,"column":6},"end":{"line":191,"column":60}},"type":"binary-expr","locations":[{"start":{"line":191,"column":6},"end":{"line":191,"column":31}},{"start":{"line":191,"column":35},"end":{"line":191,"column":60}}]},"11":{"loc":{"start":{"line":204,"column":2},"end":{"line":206,"column":3}},"type":"if","locations":[{"start":{"line":204,"column":2},"end":{"line":206,"column":3}}]},"12":{"loc":{"start":{"line":210,"column":15},"end":{"line":210,"column":51}},"type":"cond-expr","locations":[{"start":{"line":210,"column":46},"end":{"line":210,"column":47}},{"start":{"line":210,"column":50},"end":{"line":210,"column":51}}]},"13":{"loc":{"start":{"line":216,"column":19},"end":{"line":216,"column":63}},"type":"cond-expr","locations":[{"start":{"line":216,"column":50},"end":{"line":216,"column":55}},{"start":{"line":216,"column":58},"end":{"line":216,"column":63}}]},"14":{"loc":{"start":{"line":234,"column":2},"end":{"line":237,"column":3}},"type":"if","locations":[{"start":{"line":234,"column":2},"end":{"line":237,"column":3}}]},"15":{"loc":{"start":{"line":258,"column":2},"end":{"line":260,"column":3}},"type":"if","locations":[{"start":{"line":258,"column":2},"end":{"line":260,"column":3}}]},"16":{"loc":{"start":{"line":270,"column":2},"end":{"line":272,"column":3}},"type":"if","locations":[{"start":{"line":270,"column":2},"end":{"line":272,"column":3}}]},"17":{"loc":{"start":{"line":280,"column":6},"end":{"line":283,"column":7}},"type":"if","locations":[{"start":{"line":280,"column":6},"end":{"line":283,"column":7}}]},"18":{"loc":{"start":{"line":280,"column":10},"end":{"line":280,"column":52}},"type":"binary-expr","locations":[{"start":{"line":280,"column":10},"end":{"line":280,"column":23}},{"start":{"line":280,"column":27},"end":{"line":280,"column":52}}]},"19":{"loc":{"start":{"line":292,"column":6},"end":{"line":295,"column":7}},"type":"if","locations":[{"start":{"line":292,"column":6},"end":{"line":295,"column":7}}]}},"s":{"0":0,"1":0,"2":0,"3":0,"4":0,"5":0,"6":0,"7":0,"8":0,"9":0,"10":0,"11":0,"12":0,"13":0,"14":0,"15":0,"16":0,"17":0,"18":0,"19":0,"20":0,"21":0,"22":0,"23":0,"24":0,"25":0,"26":0,"27":0,"28":0,"29":0,"30":0,"31":0,"32":0,"33":0,"34":0,"35":0,"36":0,"37":0,"38":0,"39":0,"40":0,"41":0,"42":0,"43":0,"44":0,"45":0,"46":0,"47":0,"48":0,"49":0,"50":0,"51":0,"52":0,"53":0,"54":0,"55":0,"56":0,"57":0,"58":0,"59":0,"60":0,"61":0,"62":0,"63":0,"64":0,"65":0,"66":0,"67":0,"68":0,"69":0,"70":0,"71":0,"72":0,"73":0,"74":0,"75":0,"76":0,"77":0,"78":0,"79":0,"80":0,"81":0,"82":0,"83":0,"84":0,"85":0,"86":0,"87":0,"88":0,"89":0,"90":0,"91":0,"92":0,"93":0,"94":0,"95":0,"96":0,"97":0,"98":0,"99":0,"100":0,"101":0,"102":0,"103":0,"104":0,"105":0,"106":0},"f":{"0":0,"1":0,"2":0,"3":0,"4":0,"5":0,"6":0,"7":0,"8":0,"9":0,"10":0,"11":0,"12":0,"13":0,"14":0,"15":0,"16":0,"17":0,"18":0,"19":0,"20":0,"21":0},"b":{"0":[0],"1":[0],"2":[0,0],"3":[0,0],"4":[0,0],"5":[0,0],"6":[0],"7":[0],"8":[0,0],"9":[0],"10":[0,0],"11":[0],"12":[0,0],"13":[0,0],"14":[0],"15":[0],"16":[0],"17":[0],"18":[0,0],"19":[0]}}
,"/Users/kike/clawd/projects/synapseia-network/packages/node/src/modules/agent/agent.module.ts": {"path":"/Users/kike/clawd/projects/synapseia-network/packages/node/src/modules/agent/agent.module.ts","statementMap":{"0":{"start":{"line":20,"column":7},"end":{"line":20,"column":null}},"1":{"start":{"line":20,"column":13},"end":{"line":20,"column":null}}},"fnMap":{},"branchMap":{},"s":{"0":0,"1":0},"f":{},"b":{}}
,"/Users/kike/clawd/projects/synapseia-network/packages/node/src/modules/agent/round-listener.ts": {"path":"/Users/kike/clawd/projects/synapseia-network/packages/node/src/modules/agent/round-listener.ts","statementMap":{"0":{"start":{"line":31,"column":0},"end":{"line":31,"column":16}},"1":{"start":{"line":80,"column":0},"end":{"line":80,"column":16}},"2":{"start":{"line":7,"column":0},"end":{"line":7,"column":46}},"3":{"start":{"line":8,"column":0},"end":{"line":8,"column":43}},"4":{"start":{"line":24,"column":29},"end":{"line":24,"column":33}},"5":{"start":{"line":32,"column":2},"end":{"line":32,"column":22}},"6":{"start":{"line":32,"column":15},"end":{"line":32,"column":22}},"7":{"start":{"line":34,"column":2},"end":{"line":39,"column":5}},"8":{"start":{"line":41,"column":2},"end":{"line":43,"column":5}},"9":{"start":{"line":42,"column":4},"end":{"line":42,"column":82}},"10":{"start":{"line":45,"column":2},"end":{"line":47,"column":5}},"11":{"start":{"line":46,"column":4},"end":{"line":46,"column":78}},"12":{"start":{"line":49,"column":2},"end":{"line":73,"column":5}},"13":{"start":{"line":50,"column":4},"end":{"line":50,"column":99}},"14":{"start":{"line":52,"column":21},"end":{"line":52,"column":65}},"15":{"start":{"line":52,"column":45},"end":{"line":52,"column":64}},"16":{"start":{"line":53,"column":26},"end":{"line":54,"column":41}},"17":{"start":{"line":54,"column":6},"end":{"line":54,"column":41}},"18":{"start":{"line":56,"column":4},"end":{"line":72,"column":5}},"19":{"start":{"line":57,"column":24},"end":{"line":57,"column":86}},"20":{"start":{"line":58,"column":6},"end":{"line":62,"column":8}},"21":{"start":{"line":63,"column":11},"end":{"line":72,"column":5}},"22":{"start":{"line":64,"column":21},"end":{"line":64,"column":37}},"23":{"start":{"line":65,"column":6},"end":{"line":69,"column":8}},"24":{"start":{"line":71,"column":6},"end":{"line":71,"column":82}},"25":{"start":{"line":75,"column":2},"end":{"line":77,"column":5}},"26":{"start":{"line":76,"column":4},"end":{"line":76,"column":82}},"27":{"start":{"line":81,"column":2},"end":{"line":84,"column":3}},"28":{"start":{"line":82,"column":4},"end":{"line":82,"column":25}},"29":{"start":{"line":83,"column":4},"end":{"line":83,"column":19}}},"fnMap":{"0":{"name":"startRoundListener","decl":{"start":{"line":31,"column":16},"end":{"line":31,"column":34}},"loc":{"start":{"line":31,"column":73},"end":{"line":78,"column":1}}},"1":{"name":"(anonymous_2)","decl":{"start":{"line":41,"column":24},"end":{"line":41,"column":27}},"loc":{"start":{"line":41,"column":29},"end":{"line":43,"column":3}}},"2":{"name":"(anonymous_3)","decl":{"start":{"line":45,"column":27},"end":{"line":45,"column":28}},"loc":{"start":{"line":45,"column":38},"end":{"line":47,"column":3}}},"3":{"name":"(anonymous_4)","decl":{"start":{"line":49,"column":29},"end":{"line":49,"column":30}},"loc":{"start":{"line":49,"column":57},"end":{"line":73,"column":3}}},"4":{"name":"(anonymous_5)","decl":{"start":{"line":52,"column":40},"end":{"line":52,"column":41}},"loc":{"start":{"line":52,"column":45},"end":{"line":52,"column":64}}},"5":{"name":"(anonymous_6)","decl":{"start":{"line":53,"column":26},"end":{"line":53,"column":27}},"loc":{"start":{"line":54,"column":6},"end":{"line":54,"column":41}}},"6":{"name":"(anonymous_7)","decl":{"start":{"line":75,"column":30},"end":{"line":75,"column":31}},"loc":{"start":{"line":75,"column":38},"end":{"line":77,"column":3}}},"7":{"name":"stopRoundListener","decl":{"start":{"line":80,"column":16},"end":{"line":80,"column":33}},"loc":{"start":{"line":80,"column":33},"end":{"line":85,"column":1}}}},"branchMap":{"0":{"loc":{"start":{"line":32,"column":2},"end":{"line":32,"column":22}},"type":"if","locations":[{"start":{"line":32,"column":2},"end":{"line":32,"column":22}}]},"1":{"loc":{"start":{"line":56,"column":4},"end":{"line":72,"column":5}},"type":"if","locations":[{"start":{"line":56,"column":4},"end":{"line":72,"column":5}},{"start":{"line":63,"column":11},"end":{"line":72,"column":5}}]},"2":{"loc":{"start":{"line":57,"column":24},"end":{"line":57,"column":86}},"type":"cond-expr","locations":[{"start":{"line":57,"column":46},"end":{"line":57,"column":50}},{"start":{"line":57,"column":53},"end":{"line":57,"column":86}}]},"3":{"loc":{"start":{"line":57,"column":53},"end":{"line":57,"column":86}},"type":"cond-expr","locations":[{"start":{"line":57,"column":75},"end":{"line":57,"column":79}},{"start":{"line":57,"column":82},"end":{"line":57,"column":86}}]},"4":{"loc":{"start":{"line":63,"column":11},"end":{"line":72,"column":5}},"type":"if","locations":[{"start":{"line":63,"column":11},"end":{"line":72,"column":5}},{"start":{"line":70,"column":11},"end":{"line":72,"column":5}}]},"5":{"loc":{"start":{"line":81,"column":2},"end":{"line":84,"column":3}},"type":"if","locations":[{"start":{"line":81,"column":2},"end":{"line":84,"column":3}}]}},"s":{"0":1,"1":1,"2":1,"3":1,"4":1,"5":0,"6":0,"7":0,"8":0,"9":0,"10":0,"11":0,"12":0,"13":0,"14":0,"15":0,"16":0,"17":0,"18":0,"19":0,"20":0,"21":0,"22":0,"23":0,"24":0,"25":0,"26":0,"27":0,"28":0,"29":0},"f":{"0":0,"1":0,"2":0,"3":0,"4":0,"5":0,"6":0,"7":0},"b":{"0":[0],"1":[0,0],"2":[0,0],"3":[0,0],"4":[0,0],"5":[0]}}
,"/Users/kike/clawd/projects/synapseia-network/packages/node/src/modules/agent/work-order-agent.ts": {"path":"/Users/kike/clawd/projects/synapseia-network/packages/node/src/modules/agent/work-order-agent.ts","statementMap":{"0":{"start":{"line":84,"column":0},"end":{"line":84,"column":16}},"1":{"start":{"line":218,"column":0},"end":{"line":218,"column":16}},"2":{"start":{"line":237,"column":0},"end":{"line":237,"column":16}},"3":{"start":{"line":244,"column":0},"end":{"line":244,"column":16}},"4":{"start":{"line":258,"column":0},"end":{"line":258,"column":7}},"5":{"start":{"line":288,"column":0},"end":{"line":288,"column":7}},"6":{"start":{"line":321,"column":0},"end":{"line":321,"column":7}},"7":{"start":{"line":388,"column":0},"end":{"line":388,"column":16}},"8":{"start":{"line":403,"column":0},"end":{"line":403,"column":7}},"9":{"start":{"line":425,"column":0},"end":{"line":425,"column":7}},"10":{"start":{"line":460,"column":0},"end":{"line":460,"column":7}},"11":{"start":{"line":491,"column":0},"end":{"line":491,"column":7}},"12":{"start":{"line":576,"column":0},"end":{"line":576,"column":16}},"13":{"start":{"line":591,"column":0},"end":{"line":591,"column":16}},"14":{"start":{"line":609,"column":0},"end":{"line":609,"column":16}},"15":{"start":{"line":634,"column":0},"end":{"line":634,"column":7}},"16":{"start":{"line":647,"column":0},"end":{"line":647,"column":7}},"17":{"start":{"line":672,"column":0},"end":{"line":672,"column":7}},"18":{"start":{"line":763,"column":0},"end":{"line":763,"column":7}},"19":{"start":{"line":801,"column":0},"end":{"line":801,"column":16}},"20":{"start":{"line":847,"column":0},"end":{"line":847,"column":7}},"21":{"start":{"line":902,"column":0},"end":{"line":902,"column":16}},"22":{"start":{"line":944,"column":0},"end":{"line":944,"column":7}},"23":{"start":{"line":963,"column":0},"end":{"line":963,"column":16}},"24":{"start":{"line":993,"column":0},"end":{"line":993,"column":16}},"25":{"start":{"line":1071,"column":0},"end":{"line":1071,"column":7}},"26":{"start":{"line":1122,"column":0},"end":{"line":1122,"column":7}},"27":{"start":{"line":1327,"column":0},"end":{"line":1327,"column":7}},"28":{"start":{"line":1374,"column":0},"end":{"line":1374,"column":16}},"29":{"start":{"line":1383,"column":0},"end":{"line":1383,"column":16}},"30":{"start":{"line":1395,"column":0},"end":{"line":1395,"column":16}},"31":{"start":{"line":1409,"column":0},"end":{"line":1409,"column":16}},"32":{"start":{"line":12,"column":0},"end":{"line":12,"column":44}},"33":{"start":{"line":13,"column":0},"end":{"line":13,"column":43}},"34":{"start":{"line":14,"column":0},"end":{"line":14,"column":69}},"35":{"start":{"line":17,"column":0},"end":{"line":17,"column":57}},"36":{"start":{"line":18,"column":0},"end":{"line":18,"column":54}},"37":{"start":{"line":19,"column":0},"end":{"line":19,"column":62}},"38":{"start":{"line":29,"column":2},"end":{"line":29,"column":28}},"39":{"start":{"line":29,"column":18},"end":{"line":29,"column":28}},"40":{"start":{"line":31,"column":2},"end":{"line":31,"column":57}},"41":{"start":{"line":31,"column":32},"end":{"line":31,"column":57}},"42":{"start":{"line":33,"column":34},"end":{"line":33,"column":54}},"43":{"start":{"line":34,"column":19},"end":{"line":34,"column":20}},"44":{"start":{"line":35,"column":20},"end":{"line":35,"column":68}},"45":{"start":{"line":36,"column":2},"end":{"line":36,"column":62}},"46":{"start":{"line":85,"column":14},"end":{"line":85,"column":15}},"47":{"start":{"line":88,"column":21},"end":{"line":88,"column":57}},"48":{"start":{"line":89,"column":2},"end":{"line":93,"column":3}},"49":{"start":{"line":90,"column":4},"end":{"line":90,"column":17}},"50":{"start":{"line":91,"column":9},"end":{"line":93,"column":3}},"51":{"start":{"line":92,"column":4},"end":{"line":92,"column":44}},"52":{"start":{"line":96,"column":19},"end":{"line":96,"column":78}},"53":{"start":{"line":97,"column":23},"end":{"line":97,"column":38}},"54":{"start":{"line":98,"column":2},"end":{"line":102,"column":3}},"55":{"start":{"line":99,"column":4},"end":{"line":99,"column":17}},"56":{"start":{"line":100,"column":9},"end":{"line":102,"column":3}},"57":{"start":{"line":101,"column":4},"end":{"line":101,"column":38}},"58":{"start":{"line":103,"column":2},"end":{"line":106,"column":3}},"59":{"start":{"line":104,"column":19},"end":{"line":104,"column":95}},"60":{"start":{"line":104,"column":47},"end":{"line":104,"column":76}},"61":{"start":{"line":105,"column":4},"end":{"line":105,"column":35}},"62":{"start":{"line":105,"column":22},"end":{"line":105,"column":35}},"63":{"start":{"line":109,"column":22},"end":{"line":109,"column":59}},"64":{"start":{"line":110,"column":2},"end":{"line":114,"column":3}},"65":{"start":{"line":111,"column":4},"end":{"line":111,"column":17}},"66":{"start":{"line":112,"column":9},"end":{"line":114,"column":3}},"67":{"start":{"line":113,"column":4},"end":{"line":113,"column":45}},"68":{"start":{"line":116,"column":2},"end":{"line":116,"column":54}},"69":{"start":{"line":168,"column":29},"end":{"line":168,"column":100}},"70":{"start":{"line":170,"column":39},"end":{"line":177,"column":3}},"71":{"start":{"line":183,"column":48},"end":{"line":209,"column":2}},"72":{"start":{"line":212,"column":28},"end":{"line":212,"column":35}},"73":{"start":{"line":220,"column":2},"end":{"line":222,"column":3}},"74":{"start":{"line":221,"column":4},"end":{"line":221,"column":34}},"75":{"start":{"line":225,"column":2},"end":{"line":227,"column":3}},"76":{"start":{"line":226,"column":4},"end":{"line":226,"column":13}},"77":{"start":{"line":230,"column":2},"end":{"line":230,"column":117}},"78":{"start":{"line":231,"column":2},"end":{"line":231,"column":29}},"79":{"start":{"line":238,"column":2},"end":{"line":238,"column":27}},"80":{"start":{"line":245,"column":2},"end":{"line":252,"column":4}},"81":{"start":{"line":263,"column":2},"end":{"line":282,"column":3}},"82":{"start":{"line":264,"column":30},"end":{"line":264,"column":52}},"83":{"start":{"line":265,"column":16},"end":{"line":265,"column":108}},"84":{"start":{"line":267,"column":21},"end":{"line":267,"column":37}},"85":{"start":{"line":269,"column":4},"end":{"line":275,"column":5}},"86":{"start":{"line":270,"column":6},"end":{"line":273,"column":7}},"87":{"start":{"line":272,"column":8},"end":{"line":272,"column":18}},"88":{"start":{"line":274,"column":6},"end":{"line":274,"column":77}},"89":{"start":{"line":277,"column":17},"end":{"line":277,"column":53}},"90":{"start":{"line":278,"column":4},"end":{"line":278,"column":22}},"91":{"start":{"line":280,"column":4},"end":{"line":280,"column":75}},"92":{"start":{"line":281,"column":4},"end":{"line":281,"column":14}},"93":{"start":{"line":294,"column":2},"end":{"line":315,"column":3}},"94":{"start":{"line":295,"column":21},"end":{"line":303,"column":6}},"95":{"start":{"line":305,"column":4},"end":{"line":309,"column":5}},"96":{"start":{"line":306,"column":20},"end":{"line":306,"column":41}},"97":{"start":{"line":307,"column":6},"end":{"line":307,"column":73}},"98":{"start":{"line":308,"column":6},"end":{"line":308,"column":19}},"99":{"start":{"line":311,"column":4},"end":{"line":311,"column":16}},"100":{"start":{"line":313,"column":4},"end":{"line":313,"column":75}},"101":{"start":{"line":314,"column":4},"end":{"line":314,"column":17}},"102":{"start":{"line":328,"column":2},"end":{"line":357,"column":3}},"103":{"start":{"line":329,"column":21},"end":{"line":338,"column":6}},"104":{"start":{"line":340,"column":4},"end":{"line":344,"column":5}},"105":{"start":{"line":341,"column":20},"end":{"line":341,"column":41}},"106":{"start":{"line":342,"column":6},"end":{"line":342,"column":75}},"107":{"start":{"line":343,"column":6},"end":{"line":343,"column":19}},"108":{"start":{"line":346,"column":17},"end":{"line":346,"column":51}},"109":{"start":{"line":349,"column":4},"end":{"line":351,"column":5}},"110":{"start":{"line":350,"column":6},"end":{"line":350,"column":77}},"111":{"start":{"line":353,"column":4},"end":{"line":353,"column":16}},"112":{"start":{"line":355,"column":4},"end":{"line":355,"column":77}},"113":{"start":{"line":356,"column":4},"end":{"line":356,"column":17}},"114":{"start":{"line":389,"column":2},"end":{"line":389,"column":49}},"115":{"start":{"line":389,"column":37},"end":{"line":389,"column":49}},"116":{"start":{"line":392,"column":2},"end":{"line":397,"column":3}},"117":{"start":{"line":393,"column":20},"end":{"line":393,"column":90}},"118":{"start":{"line":394,"column":4},"end":{"line":394,"column":106}},"119":{"start":{"line":396,"column":4},"end":{"line":396,"column":17}},"120":{"start":{"line":404,"column":2},"end":{"line":419,"column":3}},"121":{"start":{"line":405,"column":16},"end":{"line":405,"column":72}},"122":{"start":{"line":406,"column":4},"end":{"line":406,"column":27}},"123":{"start":{"line":406,"column":17},"end":{"line":406,"column":27}},"124":{"start":{"line":407,"column":17},"end":{"line":407,"column":106}},"125":{"start":{"line":409,"column":20},"end":{"line":409,"column":52}},"126":{"start":{"line":410,"column":4},"end":{"line":416,"column":8}},"127":{"start":{"line":410,"column":33},"end":{"line":416,"column":6}},"128":{"start":{"line":418,"column":4},"end":{"line":418,"column":14}},"129":{"start":{"line":432,"column":2},"end":{"line":454,"column":3}},"130":{"start":{"line":433,"column":4},"end":{"line":451,"column":7}},"131":{"start":{"line":468,"column":2},"end":{"line":485,"column":3}},"132":{"start":{"line":469,"column":4},"end":{"line":482,"column":7}},"133":{"start":{"line":498,"column":2},"end":{"line":498,"column":56}},"134":{"start":{"line":501,"column":2},"end":{"line":505,"column":3}},"135":{"start":{"line":502,"column":4},"end":{"line":502,"column":76}},"136":{"start":{"line":504,"column":4},"end":{"line":504,"column":66}},"137":{"start":{"line":508,"column":25},"end":{"line":508,"column":66}},"138":{"start":{"line":511,"column":17},"end":{"line":511,"column":93}},"139":{"start":{"line":514,"column":2},"end":{"line":519,"column":3}},"140":{"start":{"line":515,"column":4},"end":{"line":518,"column":6}},"141":{"start":{"line":523,"column":2},"end":{"line":533,"column":3}},"142":{"start":{"line":524,"column":4},"end":{"line":529,"column":7}},"143":{"start":{"line":531,"column":4},"end":{"line":531,"column":62}},"144":{"start":{"line":532,"column":4},"end":{"line":532,"column":84}},"145":{"start":{"line":535,"column":19},"end":{"line":535,"column":67}},"146":{"start":{"line":538,"column":2},"end":{"line":544,"column":4}},"147":{"start":{"line":546,"column":2},"end":{"line":553,"column":4}},"148":{"start":{"line":555,"column":17},"end":{"line":565,"column":4}},"149":{"start":{"line":567,"column":2},"end":{"line":567,"column":104}},"150":{"start":{"line":569,"column":2},"end":{"line":569,"column":35}},"151":{"start":{"line":577,"column":2},"end":{"line":577,"column":49}},"152":{"start":{"line":577,"column":37},"end":{"line":577,"column":49}},"153":{"start":{"line":580,"column":2},"end":{"line":585,"column":3}},"154":{"start":{"line":581,"column":20},"end":{"line":581,"column":53}},"155":{"start":{"line":582,"column":4},"end":{"line":582,"column":49}},"156":{"start":{"line":584,"column":4},"end":{"line":584,"column":17}},"157":{"start":{"line":592,"column":2},"end":{"line":603,"column":3}},"158":{"start":{"line":593,"column":20},"end":{"line":593,"column":53}},"159":{"start":{"line":594,"column":4},"end":{"line":599,"column":5}},"160":{"start":{"line":595,"column":6},"end":{"line":598,"column":8}},"161":{"start":{"line":600,"column":4},"end":{"line":600,"column":16}},"162":{"start":{"line":602,"column":4},"end":{"line":602,"column":16}},"163":{"start":{"line":610,"column":2},"end":{"line":628,"column":31}},"164":{"start":{"line":638,"column":2},"end":{"line":644,"column":3}},"165":{"start":{"line":639,"column":16},"end":{"line":639,"column":68}},"166":{"start":{"line":640,"column":4},"end":{"line":640,"column":29}},"167":{"start":{"line":640,"column":17},"end":{"line":640,"column":29}},"168":{"start":{"line":641,"column":4},"end":{"line":641,"column":35}},"169":{"start":{"line":643,"column":4},"end":{"line":643,"column":16}},"170":{"start":{"line":654,"column":2},"end":{"line":669,"column":3}},"171":{"start":{"line":655,"column":4},"end":{"line":666,"column":7}},"172":{"start":{"line":679,"column":2},"end":{"line":679,"column":56}},"173":{"start":{"line":681,"column":18},"end":{"line":681,"column":51}},"174":{"start":{"line":682,"column":2},"end":{"line":684,"column":3}},"175":{"start":{"line":683,"column":4},"end":{"line":683,"column":62}},"176":{"start":{"line":687,"column":131},"end":{"line":687,"column":135}},"177":{"start":{"line":688,"column":40},"end":{"line":688,"column":49}},"178":{"start":{"line":689,"column":2},"end":{"line":696,"column":3}},"179":{"start":{"line":690,"column":23},"end":{"line":690,"column":66}},"180":{"start":{"line":691,"column":4},"end":{"line":695,"column":5}},"181":{"start":{"line":692,"column":6},"end":{"line":692,"column":38}},"182":{"start":{"line":693,"column":6},"end":{"line":693,"column":37}},"183":{"start":{"line":694,"column":6},"end":{"line":694,"column":122}},"184":{"start":{"line":698,"column":17},"end":{"line":698,"column":45}},"185":{"start":{"line":699,"column":18},"end":{"line":699,"column":28}},"186":{"start":{"line":700,"column":22},"end":{"line":702,"column":16}},"187":{"start":{"line":703,"column":20},"end":{"line":703,"column":40}},"188":{"start":{"line":706,"column":2},"end":{"line":757,"column":3}},"189":{"start":{"line":712,"column":18},"end":{"line":714,"column":13}},"190":{"start":{"line":716,"column":23},"end":{"line":717,"column":64}},"191":{"start":{"line":718,"column":4},"end":{"line":720,"column":5}},"192":{"start":{"line":719,"column":6},"end":{"line":719,"column":37}},"193":{"start":{"line":722,"column":22},"end":{"line":722,"column":50}},"194":{"start":{"line":723,"column":4},"end":{"line":723,"column":49}},"195":{"start":{"line":724,"column":19},"end":{"line":724,"column":56}},"196":{"start":{"line":727,"column":4},"end":{"line":729,"column":5}},"197":{"start":{"line":728,"column":6},"end":{"line":728,"column":59}},"198":{"start":{"line":731,"column":4},"end":{"line":731,"column":82}},"199":{"start":{"line":734,"column":4},"end":{"line":742,"column":5}},"200":{"start":{"line":735,"column":27},"end":{"line":739,"column":8}},"201":{"start":{"line":740,"column":6},"end":{"line":740,"column":101}},"202":{"start":{"line":741,"column":6},"end":{"line":741,"column":93}},"203":{"start":{"line":744,"column":4},"end":{"line":744,"column":89}},"204":{"start":{"line":746,"column":4},"end":{"line":746,"column":80}},"205":{"start":{"line":747,"column":4},"end":{"line":756,"column":6}},"206":{"start":{"line":770,"column":2},"end":{"line":795,"column":3}},"207":{"start":{"line":771,"column":21},"end":{"line":782,"column":6}},"208":{"start":{"line":784,"column":4},"end":{"line":788,"column":5}},"209":{"start":{"line":785,"column":20},"end":{"line":785,"column":41}},"210":{"start":{"line":786,"column":6},"end":{"line":786,"column":63}},"211":{"start":{"line":787,"column":6},"end":{"line":787,"column":19}},"212":{"start":{"line":790,"column":4},"end":{"line":790,"column":58}},"213":{"start":{"line":791,"column":4},"end":{"line":791,"column":16}},"214":{"start":{"line":793,"column":4},"end":{"line":793,"column":80}},"215":{"start":{"line":794,"column":4},"end":{"line":794,"column":17}},"216":{"start":{"line":806,"column":23},"end":{"line":811,"column":4}},"217":{"start":{"line":812,"column":2},"end":{"line":812,"column":35}},"218":{"start":{"line":815,"column":22},"end":{"line":820,"column":4}},"219":{"start":{"line":821,"column":2},"end":{"line":821,"column":33}},"220":{"start":{"line":824,"column":2},"end":{"line":826,"column":3}},"221":{"start":{"line":825,"column":4},"end":{"line":825,"column":46}},"222":{"start":{"line":827,"column":2},"end":{"line":829,"column":3}},"223":{"start":{"line":828,"column":4},"end":{"line":828,"column":44}},"224":{"start":{"line":837,"column":66},"end":{"line":837,"column":70}},"225":{"start":{"line":838,"column":31},"end":{"line":838,"column":44}},"226":{"start":{"line":848,"column":23},"end":{"line":848,"column":27}},"227":{"start":{"line":851,"column":2},"end":{"line":853,"column":3}},"228":{"start":{"line":852,"column":4},"end":{"line":852,"column":24}},"229":{"start":{"line":856,"column":2},"end":{"line":858,"column":3}},"230":{"start":{"line":857,"column":4},"end":{"line":857,"column":32}},"231":{"start":{"line":860,"column":23},"end":{"line":860,"column":52}},"232":{"start":{"line":861,"column":2},"end":{"line":864,"column":3}},"233":{"start":{"line":862,"column":4},"end":{"line":862,"column":85}},"234":{"start":{"line":863,"column":4},"end":{"line":863,"column":24}},"235":{"start":{"line":866,"column":2},"end":{"line":888,"column":3}},"236":{"start":{"line":867,"column":16},"end":{"line":867,"column":79}},"237":{"start":{"line":868,"column":21},"end":{"line":868,"column":76}},"238":{"start":{"line":869,"column":4},"end":{"line":869,"column":77}},"239":{"start":{"line":869,"column":22},"end":{"line":869,"column":77}},"240":{"start":{"line":871,"column":17},"end":{"line":871,"column":null}},"241":{"start":{"line":876,"column":18},"end":{"line":876,"column":60}},"242":{"start":{"line":876,"column":49},"end":{"line":876,"column":59}},"243":{"start":{"line":877,"column":4},"end":{"line":877,"column":65}},"244":{"start":{"line":877,"column":28},"end":{"line":877,"column":65}},"245":{"start":{"line":878,"column":4},"end":{"line":878,"column":76}},"246":{"start":{"line":878,"column":25},"end":{"line":878,"column":74}},"247":{"start":{"line":879,"column":18},"end":{"line":879,"column":48}},"248":{"start":{"line":880,"column":4},"end":{"line":880,"column":86}},"249":{"start":{"line":880,"column":36},"end":{"line":880,"column":86}},"250":{"start":{"line":882,"column":4},"end":{"line":882,"column":54}},"251":{"start":{"line":883,"column":4},"end":{"line":883,"column":75}},"252":{"start":{"line":884,"column":4},"end":{"line":884,"column":17}},"253":{"start":{"line":886,"column":4},"end":{"line":886,"column":105}},"254":{"start":{"line":887,"column":4},"end":{"line":887,"column":24}},"255":{"start":{"line":904,"column":19},"end":{"line":904,"column":78}},"256":{"start":{"line":909,"column":24},"end":{"line":909,"column":54}},"257":{"start":{"line":910,"column":38},"end":{"line":910,"column":72}},"258":{"start":{"line":915,"column":2},"end":{"line":924,"column":3}},"259":{"start":{"line":917,"column":4},"end":{"line":917,"column":72}},"260":{"start":{"line":918,"column":9},"end":{"line":924,"column":3}},"261":{"start":{"line":920,"column":4},"end":{"line":920,"column":27}},"262":{"start":{"line":923,"column":4},"end":{"line":923,"column":59}},"263":{"start":{"line":928,"column":22},"end":{"line":928,"column":69}},"264":{"start":{"line":930,"column":2},"end":{"line":936,"column":4}},"265":{"start":{"line":945,"column":15},"end":{"line":945,"column":47}},"266":{"start":{"line":947,"column":2},"end":{"line":949,"column":3}},"267":{"start":{"line":948,"column":4},"end":{"line":948,"column":48}},"268":{"start":{"line":950,"column":2},"end":{"line":950,"column":14}},"269":{"start":{"line":968,"column":2},"end":{"line":970,"column":3}},"270":{"start":{"line":969,"column":4},"end":{"line":969,"column":13}},"271":{"start":{"line":973,"column":22},"end":{"line":973,"column":52}},"272":{"start":{"line":974,"column":23},"end":{"line":974,"column":26}},"273":{"start":{"line":975,"column":22},"end":{"line":975,"column":48}},"274":{"start":{"line":978,"column":15},"end":{"line":978,"column":63}},"275":{"start":{"line":979,"column":2},"end":{"line":979,"column":14}},"276":{"start":{"line":997,"column":20},"end":{"line":997,"column":62}},"277":{"start":{"line":999,"column":20},"end":{"line":999,"column":66}},"278":{"start":{"line":1002,"column":2},"end":{"line":1011,"column":3}},"279":{"start":{"line":1003,"column":4},"end":{"line":1010,"column":6}},"280":{"start":{"line":1014,"column":18},"end":{"line":1014,"column":51}},"281":{"start":{"line":1015,"column":2},"end":{"line":1024,"column":3}},"282":{"start":{"line":1016,"column":4},"end":{"line":1023,"column":6}},"283":{"start":{"line":1027,"column":27},"end":{"line":1027,"column":68}},"284":{"start":{"line":1030,"column":2},"end":{"line":1039,"column":3}},"285":{"start":{"line":1031,"column":4},"end":{"line":1038,"column":6}},"286":{"start":{"line":1042,"column":2},"end":{"line":1051,"column":3}},"287":{"start":{"line":1043,"column":4},"end":{"line":1050,"column":6}},"288":{"start":{"line":1053,"column":22},"end":{"line":1053,"column":50}},"289":{"start":{"line":1054,"column":23},"end":{"line":1054,"column":59}},"290":{"start":{"line":1056,"column":2},"end":{"line":1065,"column":4}},"291":{"start":{"line":1076,"column":2},"end":{"line":1076,"column":47}},"292":{"start":{"line":1078,"column":2},"end":{"line":1102,"column":3}},"293":{"start":{"line":1080,"column":4},"end":{"line":1087,"column":5}},"294":{"start":{"line":1081,"column":47},"end":{"line":1084,"column":null}},"295":{"start":{"line":1086,"column":6},"end":{"line":1086,"column":46}},"296":{"start":{"line":1090,"column":19},"end":{"line":1090,"column":50}},"297":{"start":{"line":1091,"column":19},"end":{"line":1091,"column":65}},"298":{"start":{"line":1093,"column":4},"end":{"line":1093,"column":77}},"299":{"start":{"line":1095,"column":4},"end":{"line":1095,"column":37}},"300":{"start":{"line":1097,"column":4},"end":{"line":1097,"column":65}},"301":{"start":{"line":1098,"column":4},"end":{"line":1101,"column":6}},"302":{"start":{"line":1109,"column":2},"end":{"line":1116,"column":11}},"303":{"start":{"line":1127,"column":72},"end":{"line":1127,"column":78}},"304":{"start":{"line":1129,"column":2},"end":{"line":1129,"column":47}},"305":{"start":{"line":1130,"column":2},"end":{"line":1130,"column":51}},"306":{"start":{"line":1133,"column":2},"end":{"line":1133,"column":54}},"307":{"start":{"line":1134,"column":21},"end":{"line":1134,"column":89}},"308":{"start":{"line":1136,"column":2},"end":{"line":1139,"column":3}},"309":{"start":{"line":1137,"column":4},"end":{"line":1137,"column":44}},"310":{"start":{"line":1138,"column":4},"end":{"line":1138,"column":32}},"311":{"start":{"line":1141,"column":2},"end":{"line":1141,"column":68}},"312":{"start":{"line":1146,"column":14},"end":{"line":1146,"column":24}},"313":{"start":{"line":1147,"column":28},"end":{"line":1158,"column":4}},"314":{"start":{"line":1148,"column":4},"end":{"line":1156,"column":5}},"315":{"start":{"line":1149,"column":28},"end":{"line":1149,"column":67}},"316":{"start":{"line":1150,"column":6},"end":{"line":1154,"column":7}},"317":{"start":{"line":1151,"column":29},"end":{"line":1151,"column":68}},"318":{"start":{"line":1152,"column":8},"end":{"line":1152,"column":90}},"319":{"start":{"line":1153,"column":8},"end":{"line":1153,"column":21}},"320":{"start":{"line":1155,"column":6},"end":{"line":1155,"column":18}},"321":{"start":{"line":1157,"column":4},"end":{"line":1157,"column":56}},"322":{"start":{"line":1159,"column":2},"end":{"line":1161,"column":3}},"323":{"start":{"line":1160,"column":4},"end":{"line":1160,"column":143}},"324":{"start":{"line":1162,"column":2},"end":{"line":1165,"column":3}},"325":{"start":{"line":1163,"column":4},"end":{"line":1163,"column":70}},"326":{"start":{"line":1164,"column":4},"end":{"line":1164,"column":32}},"327":{"start":{"line":1168,"column":2},"end":{"line":1316,"column":3}},"328":{"start":{"line":1169,"column":4},"end":{"line":1169,"column":90}},"329":{"start":{"line":1172,"column":27},"end":{"line":1172,"column":71}},"330":{"start":{"line":1173,"column":23},"end":{"line":1173,"column":67}},"331":{"start":{"line":1175,"column":4},"end":{"line":1175,"column":40}},"332":{"start":{"line":1176,"column":4},"end":{"line":1176,"column":101}},"333":{"start":{"line":1177,"column":4},"end":{"line":1177,"column":79}},"334":{"start":{"line":1178,"column":4},"end":{"line":1178,"column":123}},"335":{"start":{"line":1179,"column":4},"end":{"line":1179,"column":102}},"336":{"start":{"line":1181,"column":4},"end":{"line":1184,"column":5}},"337":{"start":{"line":1182,"column":6},"end":{"line":1182,"column":63}},"338":{"start":{"line":1183,"column":6},"end":{"line":1183,"column":15}},"339":{"start":{"line":1187,"column":4},"end":{"line":1187,"column":43}},"340":{"start":{"line":1188,"column":21},"end":{"line":1188,"column":94}},"341":{"start":{"line":1190,"column":4},"end":{"line":1193,"column":5}},"342":{"start":{"line":1191,"column":6},"end":{"line":1191,"column":89}},"343":{"start":{"line":1192,"column":6},"end":{"line":1192,"column":15}},"344":{"start":{"line":1195,"column":4},"end":{"line":1195,"column":39}},"345":{"start":{"line":1196,"column":4},"end":{"line":1196,"column":44}},"346":{"start":{"line":1199,"column":2},"end":{"line":1199,"column":41}},"347":{"start":{"line":1205,"column":2},"end":{"line":1281,"column":3}},"348":{"start":{"line":1207,"column":21},"end":{"line":1212,"column":null}},"349":{"start":{"line":1214,"column":4},"end":{"line":1214,"column":29}},"350":{"start":{"line":1215,"column":4},"end":{"line":1215,"column":31}},"351":{"start":{"line":1216,"column":9},"end":{"line":1281,"column":3}},"352":{"start":{"line":1218,"column":21},"end":{"line":1218,"column":107}},"353":{"start":{"line":1220,"column":4},"end":{"line":1228,"column":7}},"354":{"start":{"line":1229,"column":4},"end":{"line":1229,"column":31}},"355":{"start":{"line":1230,"column":4},"end":{"line":1230,"column":37}},"356":{"start":{"line":1231,"column":32},"end":{"line":1231,"column":52}},"357":{"start":{"line":1234,"column":4},"end":{"line":1237,"column":5}},"358":{"start":{"line":1235,"column":6},"end":{"line":1235,"column":60}},"359":{"start":{"line":1236,"column":6},"end":{"line":1236,"column":51}},"360":{"start":{"line":1240,"column":4},"end":{"line":1275,"column":5}},"361":{"start":{"line":1242,"column":20},"end":{"line":1242,"column":58}},"362":{"start":{"line":1244,"column":25},"end":{"line":1258,"column":7}},"363":{"start":{"line":1245,"column":8},"end":{"line":1256,"column":9}},"364":{"start":{"line":1246,"column":23},"end":{"line":1246,"column":77}},"365":{"start":{"line":1247,"column":10},"end":{"line":1247,"column":36}},"366":{"start":{"line":1247,"column":24},"end":{"line":1247,"column":36}},"367":{"start":{"line":1248,"column":23},"end":{"line":1248,"column":91}},"368":{"start":{"line":1249,"column":10},"end":{"line":1249,"column":40}},"369":{"start":{"line":1249,"column":28},"end":{"line":1249,"column":40}},"370":{"start":{"line":1250,"column":24},"end":{"line":1252,"column":65}},"371":{"start":{"line":1250,"column":46},"end":{"line":1252,"column":64}},"372":{"start":{"line":1253,"column":10},"end":{"line":1253,"column":37}},"373":{"start":{"line":1253,"column":21},"end":{"line":1253,"column":37}},"374":{"start":{"line":1255,"column":10},"end":{"line":1255,"column":55}},"375":{"start":{"line":1257,"column":8},"end":{"line":1257,"column":20}},"376":{"start":{"line":1260,"column":27},"end":{"line":1260,"column":60}},"377":{"start":{"line":1261,"column":6},"end":{"line":1263,"column":7}},"378":{"start":{"line":1262,"column":8},"end":{"line":1262,"column":31}},"379":{"start":{"line":1265,"column":24},"end":{"line":1270,"column":null}},"380":{"start":{"line":1272,"column":6},"end":{"line":1274,"column":7}},"381":{"start":{"line":1273,"column":8},"end":{"line":1273,"column":67}},"382":{"start":{"line":1278,"column":22},"end":{"line":1278,"column":76}},"383":{"start":{"line":1279,"column":4},"end":{"line":1279,"column":30}},"384":{"start":{"line":1280,"column":4},"end":{"line":1280,"column":32}},"385":{"start":{"line":1284,"column":2},"end":{"line":1288,"column":3}},"386":{"start":{"line":1285,"column":4},"end":{"line":1285,"column":104}},"387":{"start":{"line":1286,"column":4},"end":{"line":1286,"column":44}},"388":{"start":{"line":1287,"column":4},"end":{"line":1287,"column":13}},"389":{"start":{"line":1290,"column":2},"end":{"line":1290,"column":37}},"390":{"start":{"line":1291,"column":20},"end":{"line":1296,"column":null}},"391":{"start":{"line":1299,"column":2},"end":{"line":1312,"column":3}},"392":{"start":{"line":1300,"column":4},"end":{"line":1300,"column":131}},"393":{"start":{"line":1301,"column":4},"end":{"line":1301,"column":75}},"394":{"start":{"line":1302,"column":4},"end":{"line":1302,"column":42}},"395":{"start":{"line":1303,"column":4},"end":{"line":1309,"column":5}},"396":{"start":{"line":1305,"column":6},"end":{"line":1305,"column":88}},"397":{"start":{"line":1306,"column":6},"end":{"line":1306,"column":105}},"398":{"start":{"line":1308,"column":6},"end":{"line":1308,"column":57}},"399":{"start":{"line":1311,"column":4},"end":{"line":1311,"column":47}},"400":{"start":{"line":1314,"column":4},"end":{"line":1314,"column":37}},"401":{"start":{"line":1315,"column":4},"end":{"line":1315,"column":52}},"402":{"start":{"line":1319,"column":2},"end":{"line":1319,"column":73}},"403":{"start":{"line":1320,"column":2},"end":{"line":1320,"column":35}},"404":{"start":{"line":1321,"column":2},"end":{"line":1321,"column":30}},"405":{"start":{"line":1328,"column":2},"end":{"line":1330,"column":3}},"406":{"start":{"line":1329,"column":4},"end":{"line":1329,"column":59}},"407":{"start":{"line":1332,"column":2},"end":{"line":1332,"column":30}},"408":{"start":{"line":1333,"column":40},"end":{"line":1333,"column":46}},"409":{"start":{"line":1336,"column":17},"end":{"line":1336,"column":43}},"410":{"start":{"line":1337,"column":2},"end":{"line":1337,"column":52}},"411":{"start":{"line":1341,"column":2},"end":{"line":1368,"column":3}},"412":{"start":{"line":1342,"column":20},"end":{"line":1342,"column":21}},"413":{"start":{"line":1362,"column":4},"end":{"line":1364,"column":5}},"414":{"start":{"line":1363,"column":6},"end":{"line":1363,"column":76}},"415":{"start":{"line":1366,"column":4},"end":{"line":1366,"column":33}},"416":{"start":{"line":1367,"column":4},"end":{"line":1367,"column":29}},"417":{"start":{"line":1375,"column":2},"end":{"line":1375,"column":31}},"418":{"start":{"line":1376,"column":2},"end":{"line":1376,"column":29}},"419":{"start":{"line":1387,"column":2},"end":{"line":1387,"column":35}},"420":{"start":{"line":1387,"column":22},"end":{"line":1387,"column":35}},"421":{"start":{"line":1388,"column":2},"end":{"line":1388,"column":35}},"422":{"start":{"line":1400,"column":2},"end":{"line":1400,"column":31}},"423":{"start":{"line":1400,"column":18},"end":{"line":1400,"column":31}},"424":{"start":{"line":1401,"column":2},"end":{"line":1401,"column":63}},"425":{"start":{"line":1401,"column":50},"end":{"line":1401,"column":63}},"426":{"start":{"line":1402,"column":2},"end":{"line":1402,"column":14}},"427":{"start":{"line":1410,"column":2},"end":{"line":1410,"column":19}},"428":{"start":{"line":1417,"column":2},"end":{"line":1417,"column":57}},"429":{"start":{"line":1417,"column":32},"end":{"line":1417,"column":55}},"430":{"start":{"line":1421,"column":13},"end":{"line":1446,"column":2}},"431":{"start":{"line":1453,"column":7},"end":{"line":1573,"column":null}},"432":{"start":{"line":1455,"column":4},"end":{"line":1455,"column":39}},"433":{"start":{"line":1459,"column":4},"end":{"line":1459,"column":32}},"434":{"start":{"line":1463,"column":4},"end":{"line":1463,"column":36}},"435":{"start":{"line":1467,"column":4},"end":{"line":1467,"column":38}},"436":{"start":{"line":1475,"column":4},"end":{"line":1475,"column":64}},"437":{"start":{"line":1483,"column":4},"end":{"line":1483,"column":74}},"438":{"start":{"line":1492,"column":4},"end":{"line":1492,"column":82}},"439":{"start":{"line":1502,"column":4},"end":{"line":1502,"column":83}},"440":{"start":{"line":1510,"column":4},"end":{"line":1510,"column":60}},"441":{"start":{"line":1518,"column":4},"end":{"line":1518,"column":68}},"442":{"start":{"line":1527,"column":4},"end":{"line":1527,"column":77}},"443":{"start":{"line":1531,"column":4},"end":{"line":1531,"column":42}},"444":{"start":{"line":1535,"column":4},"end":{"line":1535,"column":45}},"445":{"start":{"line":1539,"column":4},"end":{"line":1539,"column":40}},"446":{"start":{"line":1543,"column":4},"end":{"line":1543,"column":57}},"447":{"start":{"line":1547,"column":4},"end":{"line":1547,"column":48}},"448":{"start":{"line":1551,"column":4},"end":{"line":1551,"column":44}},"449":{"start":{"line":1555,"column":4},"end":{"line":1555,"column":45}},"450":{"start":{"line":1559,"column":4},"end":{"line":1559,"column":42}},"451":{"start":{"line":1563,"column":4},"end":{"line":1563,"column":67}},"452":{"start":{"line":1567,"column":4},"end":{"line":1567,"column":64}},"453":{"start":{"line":1571,"column":4},"end":{"line":1571,"column":51}},"454":{"start":{"line":1453,"column":13},"end":{"line":1453,"column":33}},"455":{"start":{"line":1453,"column":13},"end":{"line":1573,"column":null}}},"fnMap":{"0":{"name":"parseSynToLamports","decl":{"start":{"line":28,"column":9},"end":{"line":28,"column":27}},"loc":{"start":{"line":28,"column":45},"end":{"line":37,"column":1}}},"1":{"name":"scoreResearchResult","decl":{"start":{"line":84,"column":16},"end":{"line":84,"column":35}},"loc":{"start":{"line":84,"column":58},"end":{"line":117,"column":1}}},"2":{"name":"(anonymous_4)","decl":{"start":{"line":104,"column":35},"end":{"line":104,"column":36}},"loc":{"start":{"line":104,"column":47},"end":{"line":104,"column":76}}},"3":{"name":"getModelCostPer1kTokens","decl":{"start":{"line":218,"column":16},"end":{"line":218,"column":39}},"loc":{"start":{"line":218,"column":53},"end":{"line":232,"column":1}}},"4":{"name":"getWorkOrderAgentState","decl":{"start":{"line":237,"column":16},"end":{"line":237,"column":38}},"loc":{"start":{"line":237,"column":38},"end":{"line":239,"column":1}}},"5":{"name":"resetWorkOrderAgentState","decl":{"start":{"line":244,"column":16},"end":{"line":244,"column":40}},"loc":{"start":{"line":244,"column":40},"end":{"line":253,"column":1}}},"6":{"name":"fetchAvailableWorkOrders","decl":{"start":{"line":258,"column":22},"end":{"line":258,"column":46}},"loc":{"start":{"line":261,"column":24},"end":{"line":283,"column":1}}},"7":{"name":"acceptWorkOrder","decl":{"start":{"line":288,"column":22},"end":{"line":288,"column":37}},"loc":{"start":{"line":292,"column":33},"end":{"line":316,"column":1}}},"8":{"name":"completeWorkOrder","decl":{"start":{"line":321,"column":22},"end":{"line":321,"column":39}},"loc":{"start":{"line":326,"column":25},"end":{"line":358,"column":1}}},"9":{"name":"isTrainingWorkOrder","decl":{"start":{"line":388,"column":16},"end":{"line":388,"column":35}},"loc":{"start":{"line":388,"column":56},"end":{"line":398,"column":1}}},"10":{"name":"fetchTopExperiments","decl":{"start":{"line":403,"column":22},"end":{"line":403,"column":41}},"loc":{"start":{"line":403,"column":64},"end":{"line":420,"column":1}}},"11":{"name":"(anonymous_13)","decl":{"start":{"line":410,"column":23},"end":{"line":410,"column":28}},"loc":{"start":{"line":410,"column":33},"end":{"line":416,"column":6}}},"12":{"name":"submitTrainingExperiment","decl":{"start":{"line":425,"column":22},"end":{"line":425,"column":46}},"loc":{"start":{"line":430,"column":20},"end":{"line":455,"column":1}}},"13":{"name":"submitTrainingToExperiments","decl":{"start":{"line":460,"column":22},"end":{"line":460,"column":49}},"loc":{"start":{"line":466,"column":20},"end":{"line":486,"column":1}}},"14":{"name":"executeTrainingWorkOrder","decl":{"start":{"line":491,"column":22},"end":{"line":491,"column":46}},"loc":{"start":{"line":496,"column":19},"end":{"line":570,"column":1}}},"15":{"name":"isResearchWorkOrder","decl":{"start":{"line":576,"column":16},"end":{"line":576,"column":35}},"loc":{"start":{"line":576,"column":56},"end":{"line":586,"column":1}}},"16":{"name":"extractResearchPayload","decl":{"start":{"line":591,"column":16},"end":{"line":591,"column":38}},"loc":{"start":{"line":591,"column":59},"end":{"line":604,"column":1}}},"17":{"name":"buildResearchPrompt","decl":{"start":{"line":609,"column":16},"end":{"line":609,"column":35}},"loc":{"start":{"line":609,"column":60},"end":{"line":629,"column":1}}},"18":{"name":"fetchHyperparamConfig","decl":{"start":{"line":634,"column":22},"end":{"line":634,"column":43}},"loc":{"start":{"line":634,"column":66},"end":{"line":645,"column":1}}},"19":{"name":"reportHyperparamExperiment","decl":{"start":{"line":647,"column":22},"end":{"line":647,"column":48}},"loc":{"start":{"line":652,"column":19},"end":{"line":670,"column":1}}},"20":{"name":"executeResearchWorkOrder","decl":{"start":{"line":672,"column":22},"end":{"line":672,"column":46}},"loc":{"start":{"line":677,"column":17},"end":{"line":758,"column":1}}},"21":{"name":"submitResearchResult","decl":{"start":{"line":763,"column":22},"end":{"line":763,"column":42}},"loc":{"start":{"line":768,"column":39},"end":{"line":796,"column":1}}},"22":{"name":"saveResearchToBrain","decl":{"start":{"line":801,"column":16},"end":{"line":801,"column":35}},"loc":{"start":{"line":804,"column":24},"end":{"line":830,"column":1}}},"23":{"name":"fetchSynPriceUsd","decl":{"start":{"line":847,"column":22},"end":{"line":847,"column":38}},"loc":{"start":{"line":847,"column":38},"end":{"line":889,"column":1}}},"24":{"name":"(anonymous_26)","decl":{"start":{"line":876,"column":44},"end":{"line":876,"column":45}},"loc":{"start":{"line":876,"column":49},"end":{"line":876,"column":59}}},"25":{"name":"(anonymous_27)","decl":{"start":{"line":878,"column":15},"end":{"line":878,"column":16}},"loc":{"start":{"line":878,"column":25},"end":{"line":878,"column":74}}},"26":{"name":"loadEconomicConfig","decl":{"start":{"line":902,"column":16},"end":{"line":902,"column":34}},"loc":{"start":{"line":902,"column":56},"end":{"line":937,"column":1}}},"27":{"name":"loadEconomicConfigAsync","decl":{"start":{"line":944,"column":22},"end":{"line":944,"column":45}},"loc":{"start":{"line":944,"column":67},"end":{"line":951,"column":1}}},"28":{"name":"estimateLLMCost","decl":{"start":{"line":963,"column":16},"end":{"line":963,"column":31}},"loc":{"start":{"line":965,"column":24},"end":{"line":980,"column":1}}},"29":{"name":"evaluateWorkOrder","decl":{"start":{"line":993,"column":16},"end":{"line":993,"column":33}},"loc":{"start":{"line":995,"column":24},"end":{"line":1066,"column":1}}},"30":{"name":"executeWorkOrder","decl":{"start":{"line":1071,"column":22},"end":{"line":1071,"column":38}},"loc":{"start":{"line":1074,"column":23},"end":{"line":1103,"column":1}}},"31":{"name":"buildWorkOrderPrompt","decl":{"start":{"line":1108,"column":9},"end":{"line":1108,"column":29}},"loc":{"start":{"line":1108,"column":50},"end":{"line":1117,"column":1}}},"32":{"name":"runWorkOrderAgentIteration","decl":{"start":{"line":1122,"column":22},"end":{"line":1122,"column":48}},"loc":{"start":{"line":1125,"column":20},"end":{"line":1322,"column":1}}},"33":{"name":"(anonymous_35)","decl":{"start":{"line":1147,"column":46},"end":{"line":1147,"column":48}},"loc":{"start":{"line":1147,"column":51},"end":{"line":1158,"column":3}}},"34":{"name":"(anonymous_36)","decl":{"start":{"line":1244,"column":25},"end":{"line":1244,"column":30}},"loc":{"start":{"line":1244,"column":86},"end":{"line":1258,"column":7}}},"35":{"name":"(anonymous_37)","decl":{"start":{"line":1250,"column":41},"end":{"line":1250,"column":42}},"loc":{"start":{"line":1250,"column":46},"end":{"line":1252,"column":64}}},"36":{"name":"startWorkOrderAgent","decl":{"start":{"line":1327,"column":22},"end":{"line":1327,"column":41}},"loc":{"start":{"line":1327,"column":70},"end":{"line":1369,"column":1}}},"37":{"name":"stopWorkOrderAgent","decl":{"start":{"line":1374,"column":16},"end":{"line":1374,"column":34}},"loc":{"start":{"line":1374,"column":34},"end":{"line":1377,"column":1}}},"38":{"name":"shouldStopForMaxIterations","decl":{"start":{"line":1383,"column":16},"end":{"line":1383,"column":42}},"loc":{"start":{"line":1385,"column":24},"end":{"line":1389,"column":1}}},"39":{"name":"shouldContinueLoop","decl":{"start":{"line":1395,"column":16},"end":{"line":1395,"column":34}},"loc":{"start":{"line":1398,"column":24},"end":{"line":1403,"column":1}}},"40":{"name":"shouldSleepBetweenIterations","decl":{"start":{"line":1409,"column":16},"end":{"line":1409,"column":44}},"loc":{"start":{"line":1409,"column":63},"end":{"line":1411,"column":1}}},"41":{"name":"sleep","decl":{"start":{"line":1416,"column":9},"end":{"line":1416,"column":14}},"loc":{"start":{"line":1416,"column":25},"end":{"line":1418,"column":1}}},"42":{"name":"(anonymous_44)","decl":{"start":{"line":1417,"column":21},"end":{"line":1417,"column":28}},"loc":{"start":{"line":1417,"column":32},"end":{"line":1417,"column":55}}},"43":{"name":"(anonymous_45)","decl":{"start":{"line":1454,"column":2},"end":{"line":1454,"column":21}},"loc":{"start":{"line":1454,"column":50},"end":{"line":1456,"column":3}}},"44":{"name":"(anonymous_46)","decl":{"start":{"line":1458,"column":2},"end":{"line":1458,"column":20}},"loc":{"start":{"line":1458,"column":20},"end":{"line":1460,"column":3}}},"45":{"name":"(anonymous_47)","decl":{"start":{"line":1462,"column":2},"end":{"line":1462,"column":24}},"loc":{"start":{"line":1462,"column":24},"end":{"line":1464,"column":3}}},"46":{"name":"(anonymous_48)","decl":{"start":{"line":1466,"column":2},"end":{"line":1466,"column":26}},"loc":{"start":{"line":1466,"column":26},"end":{"line":1468,"column":3}}},"47":{"name":"(anonymous_49)","decl":{"start":{"line":1470,"column":2},"end":{"line":1470,"column":28}},"loc":{"start":{"line":1473,"column":22},"end":{"line":1476,"column":3}}},"48":{"name":"(anonymous_50)","decl":{"start":{"line":1478,"column":2},"end":{"line":1478,"column":26}},"loc":{"start":{"line":1481,"column":26},"end":{"line":1484,"column":3}}},"49":{"name":"(anonymous_51)","decl":{"start":{"line":1486,"column":2},"end
[...]
,"/Users/kike/clawd/projects/synapseia-network/packages/node/src/shared/embedding.ts": {"path":"/Users/kike/clawd/projects/synapseia-network/packages/node/src/shared/embedding.ts","statementMap":{"0":{"start":{"line":26,"column":7},"end":{"line":126,"column":null}},"1":{"start":{"line":34,"column":16},"end":{"line":34,"column":55}},"2":{"start":{"line":35,"column":20},"end":{"line":38,"column":6}},"3":{"start":{"line":40,"column":21},"end":{"line":44,"column":6}},"4":{"start":{"line":46,"column":4},"end":{"line":48,"column":5}},"5":{"start":{"line":47,"column":6},"end":{"line":47,"column":96}},"6":{"start":{"line":50,"column":18},"end":{"line":50,"column":39}},"7":{"start":{"line":51,"column":4},"end":{"line":51,"column":26}},"8":{"start":{"line":58,"column":4},"end":{"line":60,"column":5}},"9":{"start":{"line":59,"column":6},"end":{"line":59,"column":55}},"10":{"start":{"line":62,"column":4},"end":{"line":64,"column":5}},"11":{"start":{"line":63,"column":6},"end":{"line":63,"column":51}},"12":{"start":{"line":66,"column":21},"end":{"line":66,"column":22}},"13":{"start":{"line":67,"column":16},"end":{"line":67,"column":17}},"14":{"start":{"line":68,"column":16},"end":{"line":68,"column":17}},"15":{"start":{"line":70,"column":4},"end":{"line":74,"column":5}},"16":{"start":{"line":70,"column":17},"end":{"line":70,"column":18}},"17":{"start":{"line":71,"column":6},"end":{"line":71,"column":32}},"18":{"start":{"line":72,"column":6},"end":{"line":72,"column":27}},"19":{"start":{"line":73,"column":6},"end":{"line":73,"column":27}},"20":{"start":{"line":76,"column":4},"end":{"line":78,"column":5}},"21":{"start":{"line":77,"column":6},"end":{"line":77,"column":15}},"22":{"start":{"line":80,"column":4},"end":{"line":80,"column":62}},"23":{"start":{"line":93,"column":4},"end":{"line":95,"column":5}},"24":{"start":{"line":94,"column":6},"end":{"line":94,"column":16}},"25":{"start":{"line":97,"column":4},"end":{"line":99,"column":5}},"26":{"start":{"line":98,"column":6},"end":{"line":98,"column":16}},"27":{"start":{"line":102,"column":27},"end":{"line":102,"column":69}},"28":{"start":{"line":108,"column":9},"end":{"line":108,"column":11}},"29":{"start":{"line":110,"column":4},"end":{"line":114,"column":5}},"30":{"start":{"line":111,"column":27},"end":{"line":111,"column":72}},"31":{"start":{"line":112,"column":20},"end":{"line":112,"column":71}},"32":{"start":{"line":113,"column":6},"end":{"line":113,"column":35}},"33":{"start":{"line":117,"column":4},"end":{"line":117,"column":46}},"34":{"start":{"line":117,"column":27},"end":{"line":117,"column":44}},"35":{"start":{"line":118,"column":23},"end":{"line":118,"column":71}},"36":{"start":{"line":120,"column":4},"end":{"line":124,"column":8}},"37":{"start":{"line":120,"column":34},"end":{"line":124,"column":6}},"38":{"start":{"line":26,"column":13},"end":{"line":126,"column":null}},"39":{"start":{"line":129,"column":33},"end":{"line":130,"column":50}},"40":{"start":{"line":130,"column":2},"end":{"line":130,"column":50}},"41":{"start":{"line":132,"column":32},"end":{"line":133,"column":49}},"42":{"start":{"line":133,"column":2},"end":{"line":133,"column":49}},"43":{"start":{"line":135,"column":32},"end":{"line":136,"column":49}},"44":{"start":{"line":136,"column":2},"end":{"line":136,"column":49}}},"fnMap":{"0":{"name":"(anonymous_1)","decl":{"start":{"line":30,"column":2},"end":{"line":30,"column":7}},"loc":{"start":{"line":32,"column":38},"end":{"line":52,"column":3}}},"1":{"name":"(anonymous_2)","decl":{"start":{"line":57,"column":2},"end":{"line":57,"column":18}},"loc":{"start":{"line":57,"column":43},"end":{"line":81,"column":3}}},"2":{"name":"(anonymous_3)","decl":{"start":{"line":87,"column":2},"end":{"line":87,"column":7}},"loc":{"start":{"line":91,"column":38},"end":{"line":125,"column":3}}},"3":{"name":"(anonymous_4)","decl":{"start":{"line":117,"column":17},"end":{"line":117,"column":18}},"loc":{"start":{"line":117,"column":27},"end":{"line":117,"column":44}}},"4":{"name":"(anonymous_5)","decl":{"start":{"line":120,"column":26},"end":{"line":120,"column":27}},"loc":{"start":{"line":120,"column":34},"end":{"line":124,"column":6}}},"5":{"name":"(anonymous_6)","decl":{"start":{"line":129,"column":33},"end":{"line":129,"column":34}},"loc":{"start":{"line":130,"column":2},"end":{"line":130,"column":50}}},"6":{"name":"(anonymous_7)","decl":{"start":{"line":132,"column":32},"end":{"line":132,"column":33}},"loc":{"start":{"line":133,"column":2},"end":{"line":133,"column":49}}},"7":{"name":"(anonymous_8)","decl":{"start":{"line":135,"column":32},"end":{"line":135,"column":33}},"loc":{"start":{"line":136,"column":2},"end":{"line":136,"column":49}}}},"branchMap":{"0":{"loc":{"start":{"line":32,"column":4},"end":{"line":32,"column":38}},"type":"default-arg","locations":[{"start":{"line":32,"column":20},"end":{"line":32,"column":38}}]},"1":{"loc":{"start":{"line":46,"column":4},"end":{"line":48,"column":5}},"type":"if","locations":[{"start":{"line":46,"column":4},"end":{"line":48,"column":5}}]},"2":{"loc":{"start":{"line":58,"column":4},"end":{"line":60,"column":5}},"type":"if","locations":[{"start":{"line":58,"column":4},"end":{"line":60,"column":5}}]},"3":{"loc":{"start":{"line":62,"column":4},"end":{"line":64,"column":5}},"type":"if","locations":[{"start":{"line":62,"column":4},"end":{"line":64,"column":5}}]},"4":{"loc":{"start":{"line":76,"column":4},"end":{"line":78,"column":5}},"type":"if","locations":[{"start":{"line":76,"column":4},"end":{"line":78,"column":5}}]},"5":{"loc":{"start":{"line":76,"column":8},"end":{"line":76,"column":34}},"type":"binary-expr","locations":[{"start":{"line":76,"column":8},"end":{"line":76,"column":19}},{"start":{"line":76,"column":23},"end":{"line":76,"column":34}}]},"6":{"loc":{"start":{"line":90,"column":4},"end":{"line":90,"column":20}},"type":"default-arg","locations":[{"start":{"line":90,"column":19},"end":{"line":90,"column":20}}]},"7":{"loc":{"start":{"line":91,"column":4},"end":{"line":91,"column":38}},"type":"default-arg","locations":[{"start":{"line":91,"column":20},"end":{"line":91,"column":38}}]},"8":{"loc":{"start":{"line":93,"column":4},"end":{"line":95,"column":5}},"type":"if","locations":[{"start":{"line":93,"column":4},"end":{"line":95,"column":5}}]},"9":{"loc":{"start":{"line":97,"column":4},"end":{"line":99,"column":5}},"type":"if","locations":[{"start":{"line":97,"column":4},"end":{"line":99,"column":5}}]}},"s":{"0":0,"1":0,"2":0,"3":0,"4":0,"5":0,"6":0,"7":0,"8":0,"9":0,"10":0,"11":0,"12":0,"13":0,"14":0,"15":0,"16":0,"17":0,"18":0,"19":0,"20":0,"21":0,"22":0,"23":0,"24":0,"25":0,"26":0,"27":0,"28":0,"29":0,"30":0,"31":0,"32":0,"33":0,"34":0,"35":0,"36":0,"37":0,"38":0,"39":0,"40":0,"41":0,"42":0,"43":0,"44":0},"f":{"0":0,"1":0,"2":0,"3":0,"4":0,"5":0,"6":0,"7":0},"b":{"0":[0],"1":[0],"2":[0],"3":[0],"4":[0],"5":[0,0],"6":[0],"7":[0],"8":[0],"9":[0]}}
,"/Users/kike/clawd/projects/synapseia-network/packages/node/src/shared/validation.ts": {"path":"/Users/kike/clawd/projects/synapseia-network/packages/node/src/shared/validation.ts","statementMap":{"0":{"start":{"line":25,"column":7},"end":{"line":122,"column":null}},"1":{"start":{"line":33,"column":25},"end":{"line":33,"column":99}},"2":{"start":{"line":34,"column":20},"end":{"line":34,"column":64}},"3":{"start":{"line":36,"column":4},"end":{"line":41,"column":6}},"4":{"start":{"line":52,"column":22},"end":{"line":52,"column":32}},"5":{"start":{"line":55,"column":20},"end":{"line":55,"column":73}},"6":{"start":{"line":56,"column":17},"end":{"line":56,"column":67}},"7":{"start":{"line":58,"column":20},"end":{"line":58,"column":30}},"8":{"start":{"line":59,"column":22},"end":{"line":59,"column":41}},"9":{"start":{"line":62,"column":18},"end":{"line":62,"column":34}},"10":{"start":{"line":64,"column":4},"end":{"line":70,"column":6}},"11":{"start":{"line":82,"column":20},"end":{"line":82,"column":80}},"12":{"start":{"line":83,"column":25},"end":{"line":83,"column":75}},"13":{"start":{"line":85,"column":4},"end":{"line":87,"column":5}},"14":{"start":{"line":86,"column":6},"end":{"line":86,"column":19}},"15":{"start":{"line":90,"column":23},"end":{"line":90,"column":50}},"16":{"start":{"line":91,"column":4},"end":{"line":93,"column":5}},"17":{"start":{"line":92,"column":6},"end":{"line":92,"column":19}},"18":{"start":{"line":95,"column":4},"end":{"line":95,"column":16}},"19":{"start":{"line":102,"column":4},"end":{"line":102,"column":33}},"20":{"start":{"line":112,"column":20},"end":{"line":112,"column":73}},"21":{"start":{"line":113,"column":4},"end":{"line":113,"column":62}},"22":{"start":{"line":120,"column":4},"end":{"line":120,"column":29}},"23":{"start":{"line":25,"column":13},"end":{"line":122,"column":null}},"24":{"start":{"line":125,"column":33},"end":{"line":126,"column":51}},"25":{"start":{"line":126,"column":2},"end":{"line":126,"column":51}},"26":{"start":{"line":128,"column":34},"end":{"line":129,"column":52}},"27":{"start":{"line":129,"column":2},"end":{"line":129,"column":52}},"28":{"start":{"line":131,"column":33},"end":{"line":132,"column":51}},"29":{"start":{"line":132,"column":2},"end":{"line":132,"column":51}},"30":{"start":{"line":134,"column":29},"end":{"line":135,"column":47}},"31":{"start":{"line":135,"column":2},"end":{"line":135,"column":47}},"32":{"start":{"line":137,"column":39},"end":{"line":138,"column":57}},"33":{"start":{"line":138,"column":2},"end":{"line":138,"column":57}},"34":{"start":{"line":140,"column":29},"end":{"line":141,"column":47}},"35":{"start":{"line":141,"column":2},"end":{"line":141,"column":47}}},"fnMap":{"0":{"name":"(anonymous_1)","decl":{"start":{"line":29,"column":2},"end":{"line":29,"column":19}},"loc":{"start":{"line":31,"column":26},"end":{"line":42,"column":3}}},"1":{"name":"(anonymous_2)","decl":{"start":{"line":48,"column":2},"end":{"line":48,"column":20}},"loc":{"start":{"line":50,"column":18},"end":{"line":71,"column":3}}},"2":{"name":"(anonymous_3)","decl":{"start":{"line":77,"column":2},"end":{"line":77,"column":19}},"loc":{"start":{"line":79,"column":29},"end":{"line":96,"column":3}}},"3":{"name":"(anonymous_4)","decl":{"start":{"line":101,"column":2},"end":{"line":101,"column":15}},"loc":{"start":{"line":101,"column":35},"end":{"line":103,"column":3}}},"4":{"name":"(anonymous_5)","decl":{"start":{"line":108,"column":2},"end":{"line":108,"column":25}},"loc":{"start":{"line":110,"column":18},"end":{"line":114,"column":3}}},"5":{"name":"(anonymous_6)","decl":{"start":{"line":119,"column":2},"end":{"line":119,"column":15}},"loc":{"start":{"line":119,"column":34},"end":{"line":121,"column":3}}},"6":{"name":"(anonymous_7)","decl":{"start":{"line":125,"column":33},"end":{"line":125,"column":34}},"loc":{"start":{"line":126,"column":2},"end":{"line":126,"column":51}}},"7":{"name":"(anonymous_8)","decl":{"start":{"line":128,"column":34},"end":{"line":128,"column":35}},"loc":{"start":{"line":129,"column":2},"end":{"line":129,"column":52}}},"8":{"name":"(anonymous_9)","decl":{"start":{"line":131,"column":33},"end":{"line":131,"column":34}},"loc":{"start":{"line":132,"column":2},"end":{"line":132,"column":51}}},"9":{"name":"(anonymous_10)","decl":{"start":{"line":134,"column":29},"end":{"line":134,"column":30}},"loc":{"start":{"line":135,"column":2},"end":{"line":135,"column":47}}},"10":{"name":"(anonymous_11)","decl":{"start":{"line":137,"column":39},"end":{"line":137,"column":40}},"loc":{"start":{"line":138,"column":2},"end":{"line":138,"column":57}}},"11":{"name":"(anonymous_12)","decl":{"start":{"line":140,"column":29},"end":{"line":140,"column":30}},"loc":{"start":{"line":141,"column":2},"end":{"line":141,"column":47}}}},"branchMap":{"0":{"loc":{"start":{"line":31,"column":4},"end":{"line":31,"column":26}},"type":"default-arg","locations":[{"start":{"line":31,"column":25},"end":{"line":31,"column":26}}]},"1":{"loc":{"start":{"line":33,"column":25},"end":{"line":33,"column":99}},"type":"binary-expr","locations":[{"start":{"line":33,"column":25},"end":{"line":33,"column":32}},{"start":{"line":33,"column":36},"end":{"line":33,"column":99}}]},"2":{"loc":{"start":{"line":85,"column":4},"end":{"line":87,"column":5}},"type":"if","locations":[{"start":{"line":85,"column":4},"end":{"line":87,"column":5}}]},"3":{"loc":{"start":{"line":91,"column":4},"end":{"line":93,"column":5}},"type":"if","locations":[{"start":{"line":91,"column":4},"end":{"line":93,"column":5}}]}},"s":{"0":0,"1":0,"2":0,"3":0,"4":0,"5":0,"6":0,"7":0,"8":0,"9":0,"10":0,"11":0,"12":0,"13":0,"14":0,"15":0,"16":0,"17":0,"18":0,"19":0,"20":0,"21":0,"22":0,"23":0,"24":0,"25":0,"26":0,"27":0,"28":0,"29":0,"30":0,"31":0,"32":0,"33":0,"34":0,"35":0},"f":{"0":0,"1":0,"2":0,"3":0,"4":0,"5":0,"6":0,"7":0,"8":0,"9":0,"10":0,"11":0},"b":{"0":[0],"1":[0,0],"2":[0],"3":[0]}}
,"/Users/kike/clawd/projects/synapseia-network/packages/node/src/utils/idl.ts": {"path":"/Users/kike/clawd/projects/synapseia-network/packages/node/src/utils/idl.ts","statementMap":{"0":{"start":{"line":9,"column":14},"end":{"line":9,"column":30}},"1":{"start":{"line":10,"column":2},"end":{"line":10,"column":51}},"2":{"start":{"line":10,"column":12},"end":{"line":10,"column":51}},"3":{"start":{"line":11,"column":2},"end":{"line":11,"column":13}},"4":{"start":{"line":15,"column":34},"end":{"line":15,"column":81}},"5":{"start":{"line":16,"column":34},"end":{"line":16,"column":79}},"6":{"start":{"line":17,"column":34},"end":{"line":17,"column":80}},"7":{"start":{"line":19,"column":34},"end":{"line":19,"column":83}},"8":{"start":{"line":22,"column":26},"end":{"line":22,"column":33}},"9":{"start":{"line":23,"column":31},"end":{"line":23,"column":43}},"10":{"start":{"line":24,"column":27},"end":{"line":24,"column":35}},"11":{"start":{"line":30,"column":2},"end":{"line":33,"column":4}},"12":{"start":{"line":40,"column":2},"end":{"line":43,"column":4}},"13":{"start":{"line":50,"column":2},"end":{"line":53,"column":4}},"14":{"start":{"line":60,"column":2},"end":{"line":64,"column":4}}},"fnMap":{"0":{"name":"requireEnv","decl":{"start":{"line":8,"column":9},"end":{"line":8,"column":19}},"loc":{"start":{"line":8,"column":31},"end":{"line":12,"column":1}}},"1":{"name":"deriveStakeAccount","decl":{"start":{"line":29,"column":16},"end":{"line":29,"column":34}},"loc":{"start":{"line":29,"column":49},"end":{"line":34,"column":1}}},"2":{"name":"deriveTokenMint","decl":{"start":{"line":39,"column":16},"end":{"line":39,"column":31}},"loc":{"start":{"line":39,"column":31},"end":{"line":44,"column":1}}},"3":{"name":"deriveEscrowAccount","decl":{"start":{"line":49,"column":16},"end":{"line":49,"column":35}},"loc":{"start":{"line":49,"column":50},"end":{"line":54,"column":1}}},"4":{"name":"getAllProgramIds","decl":{"start":{"line":59,"column":16},"end":{"line":59,"column":32}},"loc":{"start":{"line":59,"column":32},"end":{"line":65,"column":1}}}},"branchMap":{"0":{"loc":{"start":{"line":10,"column":2},"end":{"line":10,"column":51}},"type":"if","locations":[{"start":{"line":10,"column":2},"end":{"line":10,"column":51}}]}},"s":{"0":0,"1":0,"2":0,"3":0,"4":0,"5":0,"6":0,"7":0,"8":0,"9":0,"10":0,"11":0,"12":0,"13":0,"14":0},"f":{"0":0,"1":0,"2":0,"3":0,"4":0},"b":{"0":[0]}}
,"/Users/kike/clawd/projects/synapseia-network/packages/node/src/utils/logger.ts": {"path":"/Users/kike/clawd/projects/synapseia-network/packages/node/src/utils/logger.ts","statementMap":{"0":{"start":{"line":10,"column":10},"end":{"line":18,"column":2}},"1":{"start":{"line":21,"column":14},"end":{"line":21,"column":24}},"2":{"start":{"line":22,"column":13},"end":{"line":22,"column":52}},"3":{"start":{"line":23,"column":13},"end":{"line":23,"column":54}},"4":{"start":{"line":24,"column":13},"end":{"line":24,"column":54}},"5":{"start":{"line":25,"column":13},"end":{"line":25,"column":59}},"6":{"start":{"line":26,"column":2},"end":{"line":26,"column":54}},"7":{"start":{"line":31,"column":2},"end":{"line":31,"column":43}},"8":{"start":{"line":35,"column":14},"end":{"line":37,"column":14}},"9":{"start":{"line":36,"column":15},"end":{"line":36,"column":69}},"10":{"start":{"line":38,"column":16},"end":{"line":38,"column":39}},"11":{"start":{"line":39,"column":2},"end":{"line":39,"column":73}},"12":{"start":{"line":42,"column":13},"end":{"line":57,"column":2}},"13":{"start":{"line":44,"column":4},"end":{"line":46,"column":5}},"14":{"start":{"line":45,"column":6},"end":{"line":45,"column":49}},"15":{"start":{"line":49,"column":4},"end":{"line":49,"column":48}},"16":{"start":{"line":52,"column":4},"end":{"line":52,"column":50}},"17":{"start":{"line":55,"column":4},"end":{"line":55,"column":48}},"18":{"start":{"line":60,"column":13},"end":{"line":66,"column":2}},"19":{"start":{"line":68,"column":0},"end":{"line":68,"column":22}}},"fnMap":{"0":{"name":"timestamp","decl":{"start":{"line":20,"column":9},"end":{"line":20,"column":18}},"loc":{"start":{"line":20,"column":18},"end":{"line":27,"column":1}}},"1":{"name":"stripServicePrefix","decl":{"start":{"line":29,"column":9},"end":{"line":29,"column":27}},"loc":{"start":{"line":29,"column":39},"end":{"line":32,"column":1}}},"2":{"name":"format","decl":{"start":{"line":34,"column":9},"end":{"line":34,"column":15}},"loc":{"start":{"line":34,"column":61},"end":{"line":40,"column":1}}},"3":{"name":"(anonymous_3)","decl":{"start":{"line":36,"column":9},"end":{"line":36,"column":10}},"loc":{"start":{"line":36,"column":15},"end":{"line":36,"column":69}}},"4":{"name":"(anonymous_4)","decl":{"start":{"line":43,"column":9},"end":{"line":43,"column":10}},"loc":{"start":{"line":43,"column":32},"end":{"line":47,"column":3}}},"5":{"name":"(anonymous_5)","decl":{"start":{"line":48,"column":8},"end":{"line":48,"column":9}},"loc":{"start":{"line":48,"column":31},"end":{"line":50,"column":3}}},"6":{"name":"(anonymous_6)","decl":{"start":{"line":51,"column":8},"end":{"line":51,"column":9}},"loc":{"start":{"line":51,"column":31},"end":{"line":53,"column":3}}},"7":{"name":"(anonymous_7)","decl":{"start":{"line":54,"column":9},"end":{"line":54,"column":10}},"loc":{"start":{"line":54,"column":32},"end":{"line":56,"column":3}}}},"branchMap":{"0":{"loc":{"start":{"line":36,"column":15},"end":{"line":36,"column":69}},"type":"cond-expr","locations":[{"start":{"line":36,"column":39},"end":{"line":36,"column":40}},{"start":{"line":36,"column":43},"end":{"line":36,"column":69}}]},"1":{"loc":{"start":{"line":44,"column":4},"end":{"line":46,"column":5}},"type":"if","locations":[{"start":{"line":44,"column":4},"end":{"line":46,"column":5}}]}},"s":{"0":1,"1":9,"2":9,"3":9,"4":9,"5":9,"6":9,"7":9,"8":9,"9":10,"10":9,"11":9,"12":1,"13":0,"14":0,"15":8,"16":0,"17":1,"18":1,"19":1},"f":{"0":9,"1":9,"2":9,"3":10,"4":0,"5":8,"6":0,"7":1},"b":{"0":[10,0],"1":[0]}}
}
