{"/Users/kike/clawd/projects/synapseia-network/packages/node/src/p2p.ts": {"path":"/Users/kike/clawd/projects/synapseia-network/packages/node/src/p2p.ts","statementMap":{"0":{"start":{"line":120,"column":0},"end":{"line":120,"column":7}},"1":{"start":{"line":2,"column":0},"end":{"line":2,"column":38}},"2":{"start":{"line":3,"column":0},"end":{"line":3,"column":34}},"3":{"start":{"line":4,"column":0},"end":{"line":4,"column":38}},"4":{"start":{"line":5,"column":0},"end":{"line":5,"column":38}},"5":{"start":{"line":6,"column":0},"end":{"line":6,"column":46}},"6":{"start":{"line":7,"column":0},"end":{"line":7,"column":41}},"7":{"start":{"line":8,"column":0},"end":{"line":8,"column":46}},"8":{"start":{"line":9,"column":0},"end":{"line":9,"column":44}},"9":{"start":{"line":11,"column":0},"end":{"line":11,"column":55}},"10":{"start":{"line":13,"column":13},"end":{"line":18,"column":11}},"11":{"start":{"line":27,"column":31},"end":{"line":27,"column":49}},"12":{"start":{"line":24,"column":10},"end":{"line":24,"column":27}},"13":{"start":{"line":25,"column":10},"end":{"line":25,"column":53}},"14":{"start":{"line":30,"column":20},"end":{"line":34,"column":15}},"15":{"start":{"line":36,"column":16},"end":{"line":38,"column":15}},"16":{"start":{"line":40,"column":4},"end":{"line":45,"column":7}},"17":{"start":{"line":46,"column":4},"end":{"line":46,"column":28}},"18":{"start":{"line":48,"column":4},"end":{"line":58,"column":7}},"19":{"start":{"line":49,"column":6},"end":{"line":57,"column":7}},"20":{"start":{"line":50,"column":38},"end":{"line":50,"column":48}},"21":{"start":{"line":51,"column":23},"end":{"line":51,"column":79}},"22":{"start":{"line":52,"column":8},"end":{"line":54,"column":9}},"23":{"start":{"line":53,"column":10},"end":{"line":53,"column":79}},"24":{"start":{"line":60,"column":4},"end":{"line":62,"column":5}},"25":{"start":{"line":61,"column":6},"end":{"line":61,"column":45}},"26":{"start":{"line":64,"column":27},"end":{"line":64,"column":54}},"27":{"start":{"line":65,"column":28},"end":{"line":65,"column":93}},"28":{"start":{"line":65,"column":70},"end":{"line":65,"column":92}},"29":{"start":{"line":66,"column":4},"end":{"line":66,"column":56}},"30":{"start":{"line":67,"column":4},"end":{"line":67,"column":79}},"31":{"start":{"line":67,"column":26},"end":{"line":67,"column":79}},"32":{"start":{"line":71,"column":4},"end":{"line":75,"column":5}},"33":{"start":{"line":72,"column":6},"end":{"line":72,"column":29}},"34":{"start":{"line":73,"column":6},"end":{"line":73,"column":23}},"35":{"start":{"line":74,"column":6},"end":{"line":74,"column":40}},"36":{"start":{"line":79,"column":4},"end":{"line":79,"column":30}},"37":{"start":{"line":83,"column":4},"end":{"line":83,"column":48}},"38":{"start":{"line":83,"column":20},"end":{"line":83,"column":48}},"39":{"start":{"line":84,"column":4},"end":{"line":84,"column":49}},"40":{"start":{"line":88,"column":4},"end":{"line":88,"column":30}},"41":{"start":{"line":88,"column":20},"end":{"line":88,"column":30}},"42":{"start":{"line":89,"column":4},"end":{"line":89,"column":83}},"43":{"start":{"line":89,"column":59},"end":{"line":89,"column":81}},"44":{"start":{"line":93,"column":4},"end":{"line":93,"column":30}},"45":{"start":{"line":93,"column":20},"end":{"line":93,"column":30}},"46":{"start":{"line":94,"column":4},"end":{"line":94,"column":88}},"47":{"start":{"line":94,"column":64},"end":{"line":94,"column":86}},"48":{"start":{"line":98,"column":21},"end":{"line":98,"column":51}},"49":{"start":{"line":99,"column":4},"end":{"line":99,"column":48}},"50":{"start":{"line":103,"column":4},"end":{"line":103,"column":60}},"51":{"start":{"line":103,"column":20},"end":{"line":103,"column":60}},"52":{"start":{"line":104,"column":20},"end":{"line":104,"column":66}},"53":{"start":{"line":105,"column":4},"end":{"line":105,"column":60}},"54":{"start":{"line":109,"column":20},"end":{"line":109,"column":31}},"55":{"start":{"line":110,"column":22},"end":{"line":110,"column":47}},"56":{"start":{"line":111,"column":22},"end":{"line":111,"column":69}},"57":{"start":{"line":112,"column":4},"end":{"line":112,"column":69}},"58":{"start":{"line":116,"column":4},"end":{"line":116,"column":49}},"59":{"start":{"line":23,"column":0},"end":{"line":23,"column":13}},"60":{"start":{"line":124,"column":15},"end":{"line":124,"column":36}},"61":{"start":{"line":125,"column":2},"end":{"line":125,"column":35}},"62":{"start":{"line":126,"column":2},"end":{"line":126,"column":14}}},"fnMap":{"0":{"name":"(anonymous_0)","decl":{"start":{"line":27,"column":2},"end":{"line":27,"column":31}},"loc":{"start":{"line":27,"column":49},"end":{"line":27,"column":53}}},"1":{"name":"(anonymous_1)","decl":{"start":{"line":29,"column":2},"end":{"line":29,"column":7}},"loc":{"start":{"line":29,"column":43},"end":{"line":68,"column":3}}},"2":{"name":"(anonymous_2)","decl":{"start":{"line":48,"column":58},"end":{"line":48,"column":59}},"loc":{"start":{"line":48,"column":71},"end":{"line":58,"column":5}}},"3":{"name":"(anonymous_3)","decl":{"start":{"line":65,"column":58},"end":{"line":65,"column":59}},"loc":{"start":{"line":65,"column":70},"end":{"line":65,"column":92}}},"4":{"name":"(anonymous_4)","decl":{"start":{"line":70,"column":2},"end":{"line":70,"column":7}},"loc":{"start":{"line":70,"column":12},"end":{"line":76,"column":3}}},"5":{"name":"(anonymous_5)","decl":{"start":{"line":78,"column":2},"end":{"line":78,"column":11}},"loc":{"start":{"line":78,"column":11},"end":{"line":80,"column":3}}},"6":{"name":"(anonymous_6)","decl":{"start":{"line":82,"column":2},"end":{"line":82,"column":11}},"loc":{"start":{"line":82,"column":11},"end":{"line":85,"column":3}}},"7":{"name":"(anonymous_7)","decl":{"start":{"line":87,"column":2},"end":{"line":87,"column":19}},"loc":{"start":{"line":87,"column":19},"end":{"line":90,"column":3}}},"8":{"name":"(anonymous_8)","decl":{"start":{"line":89,"column":47},"end":{"line":89,"column":48}},"loc":{"start":{"line":89,"column":59},"end":{"line":89,"column":81}}},"9":{"name":"(anonymous_9)","decl":{"start":{"line":92,"column":2},"end":{"line":92,"column":15}},"loc":{"start":{"line":92,"column":15},"end":{"line":95,"column":3}}},"10":{"name":"(anonymous_10)","decl":{"start":{"line":94,"column":52},"end":{"line":94,"column":53}},"loc":{"start":{"line":94,"column":64},"end":{"line":94,"column":86}}},"11":{"name":"(anonymous_11)","decl":{"start":{"line":97,"column":2},"end":{"line":97,"column":11}},"loc":{"start":{"line":97,"column":36},"end":{"line":100,"column":3}}},"12":{"name":"(anonymous_12)","decl":{"start":{"line":102,"column":2},"end":{"line":102,"column":7}},"loc":{"start":{"line":102,"column":60},"end":{"line":106,"column":3}}},"13":{"name":"(anonymous_13)","decl":{"start":{"line":108,"column":2},"end":{"line":108,"column":7}},"loc":{"start":{"line":108,"column":54},"end":{"line":113,"column":3}}},"14":{"name":"(anonymous_14)","decl":{"start":{"line":115,"column":2},"end":{"line":115,"column":7}},"loc":{"start":{"line":115,"column":55},"end":{"line":117,"column":3}}},"15":{"name":"createP2PNode","decl":{"start":{"line":120,"column":22},"end":{"line":120,"column":35}},"loc":{"start":{"line":122,"column":31},"end":{"line":127,"column":1}}}},"branchMap":{"0":{"loc":{"start":{"line":29,"column":14},"end":{"line":29,"column":43}},"type":"default-arg","locations":[{"start":{"line":29,"column":41},"end":{"line":29,"column":43}}]},"1":{"loc":{"start":{"line":36,"column":16},"end":{"line":38,"column":15}},"type":"cond-expr","locations":[{"start":{"line":37,"column":8},"end":{"line":37,"column":70}},{"start":{"line":38,"column":8},"end":{"line":38,"column":15}}]},"2":{"loc":{"start":{"line":52,"column":26},"end":{"line":52,"column":66}},"type":"binary-expr","locations":[{"start":{"line":52,"column":26},"end":{"line":52,"column":60}},{"start":{"line":52,"column":64},"end":{"line":52,"column":66}}]},"3":{"loc":{"start":{"line":53,"column":48},"end":{"line":53,"column":77}},"type":"binary-expr","locations":[{"start":{"line":53,"column":48},"end":{"line":53,"column":64}},{"start":{"line":53,"column":68},"end":{"line":53,"column":77}}]},"4":{"loc":{"start":{"line":67,"column":4},"end":{"line":67,"column":79}},"type":"if","locations":[{"start":{"line":67,"column":4},"end":{"line":67,"column":79}}]},"5":{"loc":{"start":{"line":71,"column":4},"end":{"line":75,"column":5}},"type":"if","locations":[{"start":{"line":71,"column":4},"end":{"line":75,"column":5}}]},"6":{"loc":{"start":{"line":83,"column":4},"end":{"line":83,"column":48}},"type":"if","locations":[{"start":{"line":83,"column":4},"end":{"line":83,"column":48}}]},"7":{"loc":{"start":{"line":88,"column":4},"end":{"line":88,"column":30}},"type":"if","locations":[{"start":{"line":88,"column":4},"end":{"line":88,"column":30}}]},"8":{"loc":{"start":{"line":93,"column":4},"end":{"line":93,"column":30}},"type":"if","locations":[{"start":{"line":93,"column":4},"end":{"line":93,"column":30}}]},"9":{"loc":{"start":{"line":98,"column":21},"end":{"line":98,"column":51}},"type":"binary-expr","locations":[{"start":{"line":98,"column":21},"end":{"line":98,"column":45}},{"start":{"line":98,"column":49},"end":{"line":98,"column":51}}]},"10":{"loc":{"start":{"line":103,"column":4},"end":{"line":103,"column":60}},"type":"if","locations":[{"start":{"line":103,"column":4},"end":{"line":103,"column":60}}]},"11":{"loc":{"start":{"line":122,"column":2},"end":{"line":122,"column":31}},"type":"default-arg","locations":[{"start":{"line":122,"column":29},"end":{"line":122,"column":31}}]}},"s":{"0":1,"1":1,"2":1,"3":1,"4":1,"5":1,"6":1,"7":1,"8":1,"9":1,"10":1,"11":27,"12":27,"13":27,"14":21,"15":21,"16":21,"17":21,"18":21,"19":4,"20":4,"21":4,"22":3,"23":3,"24":21,"25":84,"26":21,"27":21,"28":20,"29":21,"30":21,"31":20,"32":2,"33":1,"34":1,"35":1,"36":5,"37":2,"38":1,"39":1,"40":2,"41":1,"42":1,"43":2,"44":2,"45":1,"46":1,"47":1,"48":5,"49":5,"50":2,"51":1,"52":1,"53":1,"54":1,"55":1,"56":1,"57":1,"58":1,"59":1,"60":3,"61":3,"62":3},"f":{"0":27,"1":21,"2":4,"3":20,"4":2,"5":5,"6":2,"7":2,"8":2,"9":2,"10":1,"11":5,"12":2,"13":1,"14":1,"15":3},"b":{"0":[15],"1":[3,18],"2":[3,1],"3":[3,0],"4":[20],"5":[1],"6":[1],"7":[1],"8":[1],"9":[5,4],"10":[1],"11":[1]}}
}
