TN:
SF:src/app.module.ts
FNF:0
FNH:0
DA:29,0
LF:1
LH:0
BRF:0
BRH:0
end_of_record
TN:
SF:src/node-runtime.ts
FN:61,startNode
FN:137,(anonymous_1)
FN:144,(anonymous_2)
FNF:3
FNH:0
FNDA:0,startNode
FNDA:0,(anonymous_1)
FNDA:0,(anonymous_2)
DA:82,0
DA:83,0
DA:84,0
DA:85,0
DA:88,0
DA:89,0
DA:93,0
DA:94,0
DA:95,0
DA:96,0
DA:97,0
DA:100,0
DA:104,0
DA:105,0
DA:106,0
DA:115,0
DA:116,0
DA:119,0
DA:120,0
DA:121,0
DA:122,0
DA:123,0
DA:124,0
DA:127,0
DA:138,0
DA:142,0
DA:145,0
DA:146,0
DA:147,0
DA:148,0
DA:149,0
DA:150,0
DA:155,0
LF:33
LH:0
BRDA:88,0,0,0
BRDA:88,0,1,0
BRDA:89,1,0,0
BRDA:89,1,1,0
BRDA:90,2,0,0
BRDA:90,2,1,0
BRDA:96,3,0,0
BRDA:110,4,0,0
BRDA:110,4,1,0
BRDA:111,5,0,0
BRDA:111,5,1,0
BRDA:116,6,0,0
BRDA:116,6,1,0
BRDA:123,7,0,0
BRDA:123,7,1,0
BRDA:124,8,0,0
BRDA:124,8,1,0
BRDA:134,9,0,0
BRDA:134,9,1,0
BRDA:148,10,0,0
BRF:20
BRH:0
end_of_record
TN:
SF:src/modules/agent/agent-brain.ts
FN:43,initBrain
FN:62,updateBrain
FN:137,getNextAction
FN:155,getRecentMemories
FN:161,(anonymous_5)
FN:162,(anonymous_6)
FN:171,getRecentJournal
FN:181,(anonymous_8)
FN:185,(anonymous_9)
FN:192,(anonymous_10)
FN:196,(anonymous_11)
FN:204,(anonymous_12)
FNF:12
FNH:0
FNDA:0,initBrain
FNDA:0,updateBrain
FNDA:0,getNextAction
FNDA:0,getRecentMemories
FNDA:0,(anonymous_5)
FNDA:0,(anonymous_6)
FNDA:0,getRecentJournal
FNDA:0,(anonymous_8)
FNDA:0,(anonymous_9)
FNDA:0,(anonymous_10)
FNDA:0,(anonymous_11)
FNDA:0,(anonymous_12)
DA:38,0
DA:44,0
DA:72,0
DA:75,0
DA:76,0
DA:80,0
DA:86,0
DA:89,0
DA:97,0
DA:100,0
DA:102,0
DA:103,0
DA:106,0
DA:107,0
DA:109,0
DA:110,0
DA:115,0
DA:118,0
DA:119,0
DA:124,0
DA:125,0
DA:127,0
DA:128,0
DA:131,0
DA:139,0
DA:140,0
DA:144,0
DA:145,0
DA:149,0
DA:160,0
DA:161,0
DA:162,0
DA:165,0
DA:172,0
DA:180,0
DA:182,0
DA:189,0
DA:193,0
DA:201,0
DA:205,0
LF:40
LH:0
BRDA:45,0,0,0
BRDA:45,0,1,0
BRDA:75,1,0,0
BRDA:75,2,0,0
BRDA:75,2,1,0
BRDA:82,3,0,0
BRDA:82,3,1,0
BRDA:84,4,0,0
BRDA:84,4,1,0
BRDA:92,5,0,0
BRDA:92,5,1,0
BRDA:94,6,0,0
BRDA:94,6,1,0
BRDA:95,7,0,0
BRDA:95,7,1,0
BRDA:100,8,0,0
BRDA:100,8,1,0
BRDA:106,9,0,0
BRDA:106,10,0,0
BRDA:106,10,1,0
BRDA:109,11,0,0
BRDA:118,12,0,0
BRDA:124,13,0,0
BRDA:127,14,0,0
BRDA:139,15,0,0
BRDA:144,16,0,0
BRDA:157,17,0,0
BRDA:158,18,0,0
BRDA:171,19,0,0
BRF:29
BRH:0
end_of_record
TN:
SF:src/modules/agent/agent-loop.ts
FN:53,getAgentLoopState
FN:60,resetAgentLoopState
FN:72,fetchTopExperiments
FN:87,(anonymous_4)
FN:88,(anonymous_5)
FN:99,createExperiment
FN:130,updateExperiment
FN:158,postToFeed
FN:177,runAgentIteration
FN:257,startAgentLoop
FN:308,stopAgentLoop
FN:316,sleep
FN:317,(anonymous_13)
FN:336,(anonymous_14)
FN:340,(anonymous_15)
FN:344,(anonymous_16)
FN:348,(anonymous_17)
FN:352,(anonymous_18)
FN:356,(anonymous_19)
FN:360,(anonymous_20)
FN:369,(anonymous_21)
FN:377,(anonymous_22)
FNF:22
FNH:0
FNDA:0,getAgentLoopState
FNDA:0,resetAgentLoopState
FNDA:0,fetchTopExperiments
FNDA:0,(anonymous_4)
FNDA:0,(anonymous_5)
FNDA:0,createExperiment
FNDA:0,updateExperiment
FNDA:0,postToFeed
FNDA:0,runAgentIteration
FNDA:0,startAgentLoop
FNDA:0,stopAgentLoop
FNDA:0,sleep
FNDA:0,(anonymous_13)
FNDA:0,(anonymous_14)
FNDA:0,(anonymous_15)
FNDA:0,(anonymous_16)
FNDA:0,(anonymous_17)
FNDA:0,(anonymous_18)
FNDA:0,(anonymous_19)
FNDA:0,(anonymous_20)
FNDA:0,(anonymous_21)
FNDA:0,(anonymous_22)
DA:43,0
DA:54,0
DA:61,0
DA:76,0
DA:77,0
DA:79,0
DA:80,0
DA:83,0
DA:86,0
DA:87,0
DA:88,0
DA:91,0
DA:92,0
DA:105,0
DA:106,0
DA:116,0
DA:117,0
DA:120,0
DA:121,0
DA:123,0
DA:135,0
DA:136,0
DA:146,0
DA:147,0
DA:150,0
DA:151,0
DA:165,0
DA:168,0
DA:170,0
DA:181,0
DA:183,0
DA:186,0
DA:187,0
DA:188,0
DA:191,0
DA:192,0
DA:194,0
DA:197,0
DA:198,0
DA:199,0
DA:200,0
DA:203,0
DA:204,0
DA:205,0
DA:209,0
DA:210,0
DA:211,0
DA:212,0
DA:215,0
DA:216,0
DA:217,0
DA:224,0
DA:225,0
DA:226,0
DA:229,0
DA:230,0
DA:233,0
DA:234,0
DA:235,0
DA:236,0
DA:240,0
DA:242,0
DA:243,0
DA:245,0
DA:258,0
DA:259,0
DA:262,0
DA:263,0
DA:265,0
DA:266,0
DA:267,0
DA:268,0
DA:269,0
DA:270,0
DA:271,0
DA:273,0
DA:275,0
DA:276,0
DA:278,0
DA:280,0
DA:281,0
DA:282,0
DA:285,0
DA:286,0
DA:288,0
DA:292,0
DA:293,0
DA:294,0
DA:297,0
DA:300,0
DA:301,0
DA:309,0
DA:310,0
DA:317,0
DA:321,0
DA:335,0
DA:337,0
DA:341,0
DA:345,0
DA:349,0
DA:353,0
DA:357,0
DA:366,0
DA:374,0
DA:384,0
LF:105
LH:0
BRDA:74,0,0,0
BRDA:79,1,0,0
BRDA:86,2,0,0
BRDA:86,2,1,0
BRDA:87,3,0,0
BRDA:87,3,1,0
BRDA:88,4,0,0
BRDA:88,4,1,0
BRDA:88,5,0,0
BRDA:88,5,1,0
BRDA:116,6,0,0
BRDA:146,7,0,0
BRDA:168,8,0,0
BRDA:168,8,1,0
BRDA:191,9,0,0
BRDA:191,10,0,0
BRDA:191,10,1,0
BRDA:204,11,0,0
BRDA:210,12,0,0
BRDA:210,12,1,0
BRDA:216,13,0,0
BRDA:216,13,1,0
BRDA:234,14,0,0
BRDA:258,15,0,0
BRDA:270,16,0,0
BRDA:280,17,0,0
BRDA:280,18,0,0
BRDA:280,18,1,0
BRDA:292,19,0,0
BRF:29
BRH:0
end_of_record
TN:
SF:src/modules/agent/agent.module.ts
FNF:0
FNH:0
DA:20,0
LF:1
LH:0
BRF:0
BRH:0
end_of_record
TN:
SF:src/modules/agent/round-listener.ts
FN:31,startRoundListener
FN:41,(anonymous_2)
FN:45,(anonymous_3)
FN:49,(anonymous_4)
FN:52,(anonymous_5)
FN:53,(anonymous_6)
FN:75,(anonymous_7)
FN:80,stopRoundListener
FNF:8
FNH:0
FNDA:0,startRoundListener
FNDA:0,(anonymous_2)
FNDA:0,(anonymous_3)
FNDA:0,(anonymous_4)
FNDA:0,(anonymous_5)
FNDA:0,(anonymous_6)
FNDA:0,(anonymous_7)
FNDA:0,stopRoundListener
DA:7,1
DA:8,1
DA:24,1
DA:31,1
DA:32,0
DA:34,0
DA:41,0
DA:42,0
DA:45,0
DA:46,0
DA:49,0
DA:50,0
DA:52,0
DA:53,0
DA:54,0
DA:56,0
DA:57,0
DA:58,0
DA:63,0
DA:64,0
DA:65,0
DA:71,0
DA:75,0
DA:76,0
DA:80,1
DA:81,0
DA:82,0
DA:83,0
LF:28
LH:5
BRDA:32,0,0,0
BRDA:56,1,0,0
BRDA:56,1,1,0
BRDA:57,2,0,0
BRDA:57,2,1,0
BRDA:57,3,0,0
BRDA:57,3,1,0
BRDA:63,4,0,0
BRDA:63,4,1,0
BRDA:81,5,0,0
BRF:10
BRH:0
end_of_record
TN:
SF:src/modules/agent/work-order-agent.ts
FN:33,parseSynToLamports
FN:89,scoreResearchResult
FN:109,(anonymous_13)
FN:223,getModelCostPer1kTokens
FN:242,getWorkOrderAgentState
FN:249,resetWorkOrderAgentState
FN:263,fetchAvailableWorkOrders
FN:293,acceptWorkOrder
FN:326,completeWorkOrder
FN:412,isDiLoCoWorkOrder
FN:431,uploadGradients
FN:470,executeDiLoCoWorkOrder
FN:538,(anonymous_23)
FN:538,(anonymous_24)
FN:575,isTrainingWorkOrder
FN:590,fetchTopExperiments
FN:597,(anonymous_27)
FN:612,submitTrainingExperiment
FN:647,submitTrainingToExperiments
FN:680,getDatasetCacheDir
FN:692,downloadDataset
FN:771,executeTrainingWorkOrder
FN:865,isResearchWorkOrder
FN:880,extractResearchPayload
FN:898,buildResearchPrompt
FN:923,fetchHyperparamConfig
FN:936,reportHyperparamExperiment
FN:961,executeResearchWorkOrder
FN:1052,submitResearchResult
FN:1090,saveResearchToBrain
FN:1136,fetchSynPriceUsd
FN:1165,(anonymous_42)
FN:1167,(anonymous_43)
FN:1191,loadEconomicConfig
FN:1233,loadEconomicConfigAsync
FN:1252,estimateLLMCost
FN:1282,evaluateWorkOrder
FN:1360,executeWorkOrder
FN:1397,buildWorkOrderPrompt
FN:1411,runWorkOrderAgentIteration
FN:1436,(anonymous_51)
FN:1543,(anonymous_52)
FN:1549,(anonymous_53)
FN:1626,startWorkOrderAgent
FN:1673,stopWorkOrderAgent
FN:1682,shouldStopForMaxIterations
FN:1694,shouldContinueLoop
FN:1708,shouldSleepBetweenIterations
FN:1715,sleep
FN:1716,(anonymous_60)
FN:1758,(anonymous_61)
FN:1762,(anonymous_62)
FN:1766,(anonymous_63)
FN:1770,(anonymous_64)
FN:1774,(anonymous_65)
FN:1782,(anonymous_66)
FN:1790,(anonymous_67)
FN:1799,(anonymous_68)
FN:1809,(anonymous_69)
FN:1817,(anonymous_70)
FN:1825,(anonymous_71)
FN:1834,(anonymous_72)
FN:1838,(anonymous_73)
FN:1842,(anonymous_74)
FN:1846,(anonymous_75)
FN:1850,(anonymous_76)
FN:1854,(anonymous_77)
FN:1858,(anonymous_78)
FN:1862,(anonymous_79)
FN:1866,(anonymous_80)
FN:1870,(anonymous_81)
FN:1874,(anonymous_82)
FN:1878,(anonymous_83)
FN:1882,(anonymous_84)
FNF:74
FNH:7
FNDA:0,parseSynToLamports
FNDA:0,scoreResearchResult
FNDA:0,(anonymous_13)
FNDA:0,getModelCostPer1kTokens
FNDA:0,getWorkOrderAgentState
FNDA:0,resetWorkOrderAgentState
FNDA:0,fetchAvailableWorkOrders
FNDA:0,acceptWorkOrder
FNDA:0,completeWorkOrder
FNDA:6,isDiLoCoWorkOrder
FNDA:4,uploadGradients
FNDA:2,executeDiLoCoWorkOrder
FNDA:1,(anonymous_23)
FNDA:1,(anonymous_24)
FNDA:0,isTrainingWorkOrder
FNDA:0,fetchTopExperiments
FNDA:0,(anonymous_27)
FNDA:0,submitTrainingExperiment
FNDA:0,submitTrainingToExperiments
FNDA:1,getDatasetCacheDir
FNDA:1,downloadDataset
FNDA:0,executeTrainingWorkOrder
FNDA:0,isResearchWorkOrder
FNDA:0,extractResearchPayload
FNDA:0,buildResearchPrompt
FNDA:0,fetchHyperparamConfig
FNDA:0,reportHyperparamExperiment
FNDA:0,executeResearchWorkOrder
FNDA:0,submitResearchResult
FNDA:0,saveResearchToBrain
FNDA:0,fetchSynPriceUsd
FNDA:0,(anonymous_42)
FNDA:0,(anonymous_43)
FNDA:0,loadEconomicConfig
FNDA:0,loadEconomicConfigAsync
FNDA:0,estimateLLMCost
FNDA:0,evaluateWorkOrder
FNDA:0,executeWorkOrder
FNDA:0,buildWorkOrderPrompt
FNDA:0,runWorkOrderAgentIteration
FNDA:0,(anonymous_51)
FNDA:0,(anonymous_52)
FNDA:0,(anonymous_53)
FNDA:0,startWorkOrderAgent
FNDA:0,stopWorkOrderAgent
FNDA:0,shouldStopForMaxIterations
FNDA:0,shouldContinueLoop
FNDA:0,shouldSleepBetweenIterations
FNDA:0,sleep
FNDA:0,(anonymous_60)
FNDA:0,(anonymous_61)
FNDA:0,(anonymous_62)
FNDA:0,(anonymous_63)
FNDA:0,(anonymous_64)
FNDA:0,(anonymous_65)
FNDA:0,(anonymous_66)
FNDA:0,(anonymous_67)
FNDA:0,(anonymous_68)
FNDA:0,(anonymous_69)
FNDA:0,(anonymous_70)
FNDA:0,(anonymous_71)
FNDA:0,(anonymous_72)
FNDA:0,(anonymous_73)
FNDA:0,(anonymous_74)
FNDA:0,(anonymous_75)
FNDA:0,(anonymous_76)
FNDA:0,(anonymous_77)
FNDA:0,(anonymous_78)
FNDA:0,(anonymous_79)
FNDA:0,(anonymous_80)
FNDA:0,(anonymous_81)
FNDA:0,(anonymous_82)
FNDA:0,(anonymous_83)
FNDA:0,(anonymous_84)
DA:12,1
DA:13,1
DA:14,1
DA:15,1
DA:16,1
DA:17,1
DA:20,1
DA:21,1
DA:22,1
DA:23,1
DA:24,1
DA:34,0
DA:36,0
DA:38,0
DA:39,0
DA:40,0
DA:41,0
DA:89,1
DA:90,0
DA:93,0
DA:94,0
DA:95,0
DA:96,0
DA:97,0
DA:101,0
DA:102,0
DA:103,0
DA:104,0
DA:105,0
DA:106,0
DA:108,0
DA:109,0
DA:110,0
DA:114,0
DA:115,0
DA:116,0
DA:117,0
DA:118,0
DA:121,0
DA:173,1
DA:175,1
DA:188,1
DA:217,1
DA:223,1
DA:225,0
DA:226,0
DA:230,0
DA:231,0
DA:235,0
DA:236,0
DA:242,1
DA:243,0
DA:249,1
DA:250,0
DA:263,1
DA:268,0
DA:269,0
DA:270,0
DA:272,0
DA:274,0
DA:275,0
DA:277,0
DA:279,0
DA:282,0
DA:283,0
DA:285,0
DA:286,0
DA:293,1
DA:299,0
DA:300,0
DA:310,0
DA:311,0
DA:312,0
DA:313,0
DA:316,0
DA:318,0
DA:319,0
DA:326,1
DA:333,0
DA:334,0
DA:345,0
DA:346,0
DA:347,0
DA:348,0
DA:351,0
DA:354,0
DA:355,0
DA:358,0
DA:360,0
DA:361,0
DA:412,1
DA:413,6
DA:414,5
DA:415,5
DA:416,4
DA:424,1
DA:431,1
DA:437,4
DA:438,4
DA:439,4
DA:440,4
DA:446,4
DA:451,3
DA:452,2
DA:453,2
DA:454,2
DA:456,1
DA:458,1
DA:459,1
DA:470,1
DA:476,2
DA:479,2
DA:480,2
DA:482,1
DA:487,1
DA:488,0
DA:495,0
DA:496,0
DA:497,0
DA:499,0
DA:500,0
DA:505,1
DA:506,1
DA:507,1
DA:508,1
DA:510,0
DA:514,1
DA:521,1
DA:522,1
DA:532,0
DA:533,0
DA:537,1
DA:538,1
DA:539,1
DA:541,1
DA:547,1
DA:548,1
DA:551,0
DA:554,1
DA:564,1
DA:569,1
DA:575,1
DA:576,0
DA:579,0
DA:580,0
DA:581,0
DA:583,0
DA:590,1
DA:591,0
DA:592,0
DA:593,0
DA:594,0
DA:596,0
DA:597,0
DA:605,0
DA:612,1
DA:619,0
DA:620,0
DA:647,1
DA:655,0
DA:656,0
DA:680,1
DA:681,1
DA:692,1
DA:693,1
DA:694,1
DA:695,1
DA:698,1
DA:699,0
DA:705,1
DA:706,1
DA:707,1
DA:711,1
DA:712,1
DA:718,1
DA:719,1
DA:720,1
DA:721,1
DA:722,0
DA:723,0
DA:727,1
DA:728,1
DA:731,0
DA:732,0
DA:733,0
DA:735,0
DA:738,1
DA:740,0
DA:741,0
DA:744,1
DA:745,1
DA:746,1
DA:747,1
DA:749,0
DA:753,0
DA:754,0
DA:757,0
DA:758,0
DA:759,0
DA:760,0
DA:761,0
DA:762,0
DA:764,0
DA:765,0
DA:771,1
DA:778,0
DA:781,0
DA:782,0
DA:784,0
DA:788,0
DA:791,0
DA:794,0
DA:795,0
DA:802,0
DA:803,0
DA:804,0
DA:805,0
DA:807,0
DA:812,0
DA:813,0
DA:820,0
DA:821,0
DA:824,0
DA:827,0
DA:835,0
DA:844,0
DA:856,0
DA:858,0
DA:865,1
DA:866,0
DA:869,0
DA:870,0
DA:871,0
DA:873,0
DA:880,1
DA:881,0
DA:882,0
DA:883,0
DA:884,0
DA:889,0
DA:891,0
DA:898,1
DA:899,0
DA:923,1
DA:927,0
DA:928,0
DA:929,0
DA:930,0
DA:932,0
DA:936,1
DA:943,0
DA:944,0
DA:961,1
DA:968,0
DA:970,0
DA:971,0
DA:972,0
DA:976,0
DA:977,0
DA:978,0
DA:979,0
DA:980,0
DA:981,0
DA:982,0
DA:983,0
DA:987,0
DA:988,0
DA:989,0
DA:992,0
DA:995,0
DA:1001,0
DA:1005,0
DA:1007,0
DA:1008,0
DA:1011,0
DA:1012,0
DA:1013,0
DA:1016,0
DA:1017,0
DA:1020,0
DA:1023,0
DA:1024,0
DA:1029,0
DA:1030,0
DA:1033,0
DA:1035,0
DA:1036,0
DA:1052,1
DA:1059,0
DA:1060,0
DA:1073,0
DA:1074,0
DA:1075,0
DA:1076,0
DA:1079,0
DA:1080,0
DA:1082,0
DA:1083,0
DA:1090,1
DA:1095,0
DA:1101,0
DA:1104,0
DA:1110,0
DA:1113,0
DA:1114,0
DA:1116,0
DA:1117,0
DA:1126,1
DA:1127,1
DA:1136,1
DA:1137,0
DA:1140,0
DA:1141,0
DA:1145,0
DA:1146,0
DA:1149,0
DA:1150,0
DA:1151,0
DA:1152,0
DA:1155,0
DA:1156,0
DA:1157,0
DA:1158,0
DA:1160,0
DA:1165,0
DA:1166,0
DA:1167,0
DA:1168,0
DA:1169,0
DA:1171,0
DA:1172,0
DA:1173,0
DA:1175,0
DA:1176,0
DA:1191,1
DA:1193,0
DA:1198,0
DA:1199,0
DA:1204,0
DA:1206,0
DA:1207,0
DA:1209,0
DA:1212,0
DA:1217,0
DA:1219,0
DA:1233,1
DA:1234,0
DA:1236,0
DA:1237,0
DA:1239,0
DA:1252,1
DA:1257,0
DA:1258,0
DA:1262,0
DA:1263,0
DA:1264,0
DA:1267,0
DA:1268,0
DA:1282,1
DA:1286,0
DA:1288,0
DA:1291,0
DA:1292,0
DA:1303,0
DA:1304,0
DA:1305,0
DA:1316,0
DA:1319,0
DA:1320,0
DA:1331,0
DA:1332,0
DA:1342,0
DA:1343,0
DA:1345,0
DA:1360,1
DA:1365,0
DA:1367,0
DA:1369,0
DA:1370,0
DA:1375,0
DA:1379,0
DA:1380,0
DA:1382,0
DA:1384,0
DA:1386,0
DA:1387,0
DA:1398,0
DA:1411,1
DA:1416,0
DA:1418,0
DA:1419,0
DA:1422,0
DA:1423,0
DA:1425,0
DA:1426,0
DA:1427,0
DA:1430,0
DA:1435,0
DA:1436,0
DA:1437,0
DA:1438,0
DA:1439,0
DA:1440,0
DA:1441,0
DA:1442,0
DA:1444,0
DA:1446,0
DA:1448,0
DA:1449,0
DA:1451,0
DA:1452,0
DA:1453,0
DA:1457,0
DA:1458,0
DA:1461,0
DA:1462,0
DA:1464,0
DA:1465,0
DA:1466,0
DA:1467,0
DA:1468,0
DA:1470,0
DA:1471,0
DA:1472,0
DA:1476,0
DA:1477,0
DA:1479,0
DA:1480,0
DA:1481,0
DA:1484,0
DA:1485,0
DA:1488,0
DA:1494,0
DA:1496,0
DA:1502,0
DA:1503,0
DA:1504,0
DA:1506,0
DA:1513,0
DA:1514,0
DA:1515,0
DA:1517,0
DA:1519,0
DA:1528,0
DA:1529,0
DA:1530,0
DA:1533,0
DA:1534,0
DA:1535,0
DA:1539,0
DA:1541,0
DA:1543,0
DA:1544,0
DA:1545,0
DA:1546,0
DA:1547,0
DA:1548,0
DA:1549,0
DA:1552,0
DA:1554,0
DA:1556,0
DA:1559,0
DA:1560,0
DA:1561,0
DA:1564,0
DA:1571,0
DA:1572,0
DA:1577,0
DA:1578,0
DA:1579,0
DA:1583,0
DA:1584,0
DA:1585,0
DA:1586,0
DA:1589,0
DA:1590,0
DA:1598,0
DA:1599,0
DA:1600,0
DA:1601,0
DA:1602,0
DA:1604,0
DA:1605,0
DA:1607,0
DA:1610,0
DA:1613,0
DA:1614,0
DA:1618,0
DA:1619,0
DA:1620,0
DA:1626,1
DA:1627,0
DA:1628,0
DA:1631,0
DA:1632,0
DA:1635,0
DA:1636,0
DA:1640,0
DA:1641,0
DA:1661,0
DA:1662,0
DA:1665,0
DA:1666,0
DA:1673,1
DA:1674,0
DA:1675,0
DA:1682,1
DA:1686,0
DA:1687,0
DA:1694,1
DA:1699,0
DA:1700,0
DA:1701,0
DA:1708,1
DA:1709,0
DA:1716,0
DA:1720,1
DA:1757,1
DA:1759,0
DA:1763,0
DA:1767,0
DA:1771,0
DA:1779,0
DA:1787,0
DA:1796,0
DA:1806,0
DA:1814,0
DA:1822,0
DA:1831,0
DA:1835,0
DA:1839,0
DA:1843,0
DA:1847,0
DA:1851,0
DA:1855,0
DA:1859,0
DA:1863,0
DA:1867,0
DA:1871,0
DA:1875,0
DA:1879,0
DA:1883,0
LF:542
LH:115
BRDA:34,0,0,0
BRDA:36,1,0,0
BRDA:38,2,0,0
BRDA:93,3,0,0
BRDA:93,3,1,0
BRDA:94,4,0,0
BRDA:94,4,1,0
BRDA:96,5,0,0
BRDA:101,6,0,0
BRDA:101,6,1,0
BRDA:103,7,0,0
BRDA:103,7,1,0
BRDA:105,8,0,0
BRDA:108,9,0,0
BRDA:109,10,0,0
BRDA:109,10,1,0
BRDA:110,11,0,0
BRDA:114,12,0,0
BRDA:114,12,1,0
BRDA:115,13,0,0
BRDA:115,13,1,0
BRDA:117,14,0,0
BRDA:173,15,0,1
BRDA:173,15,1,1
BRDA:225,16,0,0
BRDA:230,17,0,0
BRDA:274,18,0,0
BRDA:275,19,0,0
BRDA:283,20,0,0
BRDA:283,20,1,0
BRDA:297,21,0,0
BRDA:310,22,0,0
BRDA:331,23,0,0
BRDA:345,24,0,0
BRDA:354,25,0,0
BRDA:354,26,0,0
BRDA:354,26,1,0
BRDA:413,27,0,1
BRDA:417,28,0,4
BRDA:417,28,1,3
BRDA:417,28,2,2
BRDA:417,28,3,2
BRDA:417,28,4,2
BRDA:451,29,0,2
BRDA:487,30,0,0
BRDA:514,31,0,0
BRDA:514,31,1,1
BRDA:516,32,0,0
BRDA:516,32,1,1
BRDA:547,33,0,1
BRDA:576,34,0,0
BRDA:581,35,0,0
BRDA:581,35,1,0
BRDA:581,35,2,0
BRDA:593,36,0,0
BRDA:596,37,0,0
BRDA:596,37,1,0
BRDA:598,38,0,0
BRDA:598,38,1,0
BRDA:600,39,0,0
BRDA:600,39,1,0
BRDA:601,40,0,0
BRDA:601,40,1,0
BRDA:626,41,0,0
BRDA:626,41,1,0
BRDA:698,42,0,0
BRDA:705,43,0,1
BRDA:720,44,0,1
BRDA:720,44,1,0
BRDA:722,45,0,0
BRDA:731,46,0,0
BRDA:738,47,0,0
BRDA:744,48,0,1
BRDA:745,49,0,1
BRDA:760,50,0,0
BRDA:761,51,0,0
BRDA:794,52,0,0
BRDA:816,53,0,0
BRDA:816,53,1,0
BRDA:866,54,0,0
BRDA:871,55,0,0
BRDA:871,55,1,0
BRDA:883,56,0,0
BRDA:883,57,0,0
BRDA:883,57,1,0
BRDA:929,58,0,0
BRDA:949,59,0,0
BRDA:949,59,1,0
BRDA:971,60,0,0
BRDA:978,61,0,0
BRDA:980,62,0,0
BRDA:989,63,0,0
BRDA:989,63,1,0
BRDA:1005,64,0,0
BRDA:1005,64,1,0
BRDA:1007,65,0,0
BRDA:1012,66,0,0
BRDA:1012,66,1,0
BRDA:1016,67,0,0
BRDA:1016,68,0,0
BRDA:1016,68,1,0
BRDA:1016,68,2,0
BRDA:1023,69,0,0
BRDA:1023,70,0,0
BRDA:1023,70,1,0
BRDA:1023,70,2,0
BRDA:1025,71,0,0
BRDA:1025,71,1,0
BRDA:1026,72,0,0
BRDA:1026,72,1,0
BRDA:1027,73,0,0
BRDA:1027,73,1,0
BRDA:1033,74,0,0
BRDA:1033,74,1,0
BRDA:1044,75,0,0
BRDA:1044,75,1,0
BRDA:1069,76,0,0
BRDA:1069,76,1,0
BRDA:1073,77,0,0
BRDA:1113,78,0,0
BRDA:1116,79,0,0
BRDA:1140,80,0,0
BRDA:1145,81,0,0
BRDA:1145,82,0,0
BRDA:1145,82,1,0
BRDA:1150,83,0,0
BRDA:1158,84,0,0
BRDA:1165,85,0,0
BRDA:1165,85,1,0
BRDA:1166,86,0,0
BRDA:1167,87,0,0
BRDA:1167,87,1,0
BRDA:1167,88,0,0
BRDA:1167,88,1,0
BRDA:1169,89,0,0
BRDA:1169,90,0,0
BRDA:1169,90,1,0
BRDA:1193,91,0,0
BRDA:1193,91,1,0
BRDA:1193,91,2,0
BRDA:1199,92,0,0
BRDA:1199,92,1,0
BRDA:1204,93,0,0
BRDA:1204,93,1,0
BRDA:1207,94,0,0
BRDA:1207,94,1,0
BRDA:1217,95,0,0
BRDA:1217,95,1,0
BRDA:1224,96,0,0
BRDA:1224,96,1,0
BRDA:1236,97,0,0
BRDA:1257,98,0,0
BRDA:1291,99,0,0
BRDA:1304,100,0,0
BRDA:1319,101,0,0
BRDA:1331,102,0,0
BRDA:1351,103,0,0
BRDA:1351,103,1,0
BRDA:1369,104,0,0
BRDA:1425,105,0,0
BRDA:1437,106,0,0
BRDA:1439,107,0,0
BRDA:1439,108,0,0
BRDA:1439,108,1,0
BRDA:1448,109,0,0
BRDA:1451,110,0,0
BRDA:1467,111,0,0
BRDA:1467,111,1,0
BRDA:1468,112,0,0
BRDA:1468,112,1,0
BRDA:1470,113,0,0
BRDA:1479,114,0,0
BRDA:1494,115,0,0
BRDA:1494,115,1,0
BRDA:1504,116,0,0
BRDA:1504,116,1,0
BRDA:1515,117,0,0
BRDA:1515,117,1,0
BRDA:1525,118,0,0
BRDA:1525,118,1,0
BRDA:1533,119,0,0
BRDA:1533,120,0,0
BRDA:1533,120,1,0
BRDA:1539,121,0,0
BRDA:1546,122,0,0
BRDA:1548,123,0,0
BRDA:1549,124,0,0
BRDA:1549,124,1,0
BRDA:1549,124,2,0
BRDA:1552,125,0,0
BRDA:1560,126,0,0
BRDA:1571,127,0,0
BRDA:1583,128,0,0
BRDA:1583,129,0,0
BRDA:1583,129,1,0
BRDA:1583,129,2,0
BRDA:1583,129,3,0
BRDA:1598,130,0,0
BRDA:1598,130,1,0
BRDA:1602,131,0,0
BRDA:1602,131,1,0
BRDA:1627,132,0,0
BRDA:1635,133,0,0
BRDA:1635,133,1,0
BRDA:1661,134,0,0
BRDA:1661,135,0,0
BRDA:1661,135,1,0
BRDA:1686,136,0,0
BRDA:1699,137,0,0
BRDA:1700,138,0,0
BRDA:1700,139,0,0
BRDA:1700,139,1,0
BRF:212
BRH:16
end_of_record
TN:
SF:src/modules/agent/services/agent-brain.service.ts
FN:6,(anonymous_2)
FN:8,(anonymous_3)
FN:12,(anonymous_4)
FN:19,(anonymous_5)
FN:23,(anonymous_6)
FN:31,(anonymous_7)
FNF:6
FNH:0
FNDA:0,(anonymous_2)
FNDA:0,(anonymous_3)
FNDA:0,(anonymous_4)
FNDA:0,(anonymous_5)
FNDA:0,(anonymous_6)
FNDA:0,(anonymous_7)
DA:5,0
DA:6,0
DA:9,0
DA:16,0
DA:20,0
DA:28,0
DA:32,0
LF:7
LH:0
BRF:0
BRH:0
end_of_record
TN:
SF:src/modules/agent/services/agent-loop.service.ts
FN:9,(anonymous_2)
FN:11,(anonymous_3)
FN:15,(anonymous_4)
FN:19,(anonymous_5)
FN:23,(anonymous_6)
FN:27,(anonymous_7)
FN:31,(anonymous_8)
FN:35,(anonymous_9)
FN:44,(anonymous_10)
FN:52,(anonymous_11)
FNF:10
FNH:0
FNDA:0,(anonymous_2)
FNDA:0,(anonymous_3)
FNDA:0,(anonymous_4)
FNDA:0,(anonymous_5)
FNDA:0,(anonymous_6)
FNDA:0,(anonymous_7)
FNDA:0,(anonymous_8)
FNDA:0,(anonymous_9)
FNDA:0,(anonymous_10)
FNDA:0,(anonymous_11)
DA:8,0
DA:9,0
DA:12,0
DA:16,0
DA:20,0
DA:24,0
DA:28,0
DA:32,0
DA:41,0
DA:49,0
DA:59,0
LF:11
LH:0
BRF:0
BRH:0
end_of_record
TN:
SF:src/modules/agent/services/work-order-agent.service.ts
FN:16,(anonymous_2)
FN:18,(anonymous_3)
FN:22,(anonymous_4)
FN:26,(anonymous_5)
FN:30,(anonymous_6)
FN:34,(anonymous_7)
FN:42,(anonymous_8)
FN:50,(anonymous_9)
FN:59,(anonymous_10)
FN:69,(anonymous_11)
FN:77,(anonymous_12)
FN:85,(anonymous_13)
FN:89,(anonymous_14)
FN:93,(anonymous_15)
FN:97,(anonymous_16)
FN:101,(anonymous_17)
FN:105,(anonymous_18)
FN:109,(anonymous_19)
FN:113,(anonymous_20)
FN:117,(anonymous_21)
FN:121,(anonymous_22)
FN:125,(anonymous_23)
FNF:22
FNH:0
FNDA:0,(anonymous_2)
FNDA:0,(anonymous_3)
FNDA:0,(anonymous_4)
FNDA:0,(anonymous_5)
FNDA:0,(anonymous_6)
FNDA:0,(anonymous_7)
FNDA:0,(anonymous_8)
FNDA:0,(anonymous_9)
FNDA:0,(anonymous_10)
FNDA:0,(anonymous_11)
FNDA:0,(anonymous_12)
FNDA:0,(anonymous_13)
FNDA:0,(anonymous_14)
FNDA:0,(anonymous_15)
FNDA:0,(anonymous_16)
FNDA:0,(anonymous_17)
FNDA:0,(anonymous_18)
FNDA:0,(anonymous_19)
FNDA:0,(anonymous_20)
FNDA:0,(anonymous_21)
FNDA:0,(anonymous_22)
FNDA:0,(anonymous_23)
DA:15,0
DA:16,0
DA:19,0
DA:23,0
DA:27,0
DA:31,0
DA:39,0
DA:47,0
DA:56,0
DA:66,0
DA:74,0
DA:82,0
DA:86,0
DA:90,0
DA:94,0
DA:98,0
DA:102,0
DA:106,0
DA:110,0
DA:114,0
DA:118,0
DA:122,0
DA:131,0
LF:23
LH:0
BRF:0
BRH:0
end_of_record
TN:
SF:src/modules/config/config.ts
FN:26,(anonymous_1)
FN:35,(anonymous_2)
FN:36,(anonymous_3)
FN:65,(anonymous_4)
FN:72,(anonymous_5)
FN:76,(anonymous_6)
FN:90,(anonymous_7)
FN:99,(anonymous_8)
FN:102,(anonymous_9)
FN:105,(anonymous_10)
FN:108,(anonymous_11)
FN:111,(anonymous_12)
FN:114,(anonymous_13)
FNF:13
FNH:0
FNDA:0,(anonymous_1)
FNDA:0,(anonymous_2)
FNDA:0,(anonymous_3)
FNDA:0,(anonymous_4)
FNDA:0,(anonymous_5)
FNDA:0,(anonymous_6)
FNDA:0,(anonymous_7)
FNDA:0,(anonymous_8)
FNDA:0,(anonymous_9)
FNDA:0,(anonymous_10)
FNDA:0,(anonymous_11)
FNDA:0,(anonymous_12)
FNDA:0,(anonymous_13)
DA:7,0
DA:8,0
DA:10,0
DA:25,0
DA:27,0
DA:36,0
DA:37,0
DA:38,0
DA:39,0
DA:41,0
DA:44,0
DA:62,0
DA:66,0
DA:67,0
DA:69,0
DA:73,0
DA:78,0
DA:79,0
DA:81,0
DA:82,0
DA:85,0
DA:87,0
DA:91,0
DA:99,0
DA:100,0
DA:102,0
DA:103,0
DA:105,0
DA:106,0
DA:108,0
DA:109,0
DA:111,0
DA:112,0
DA:114,0
DA:115,0
LF:35
LH:0
BRDA:7,0,0,0
BRDA:7,0,1,0
BRDA:29,1,0,0
BRDA:29,1,1,0
BRDA:37,2,0,0
BRDA:66,3,0,0
BRDA:73,4,0,0
BRDA:73,4,1,0
BRDA:79,5,0,0
BRDA:82,6,0,0
BRDA:82,7,0,0
BRDA:82,7,1,0
BRDA:85,8,0,0
BRDA:91,9,0,0
BRDA:91,9,1,0
BRDA:91,9,2,0
BRDA:91,9,3,0
BRF:17
BRH:0
end_of_record
TN:
SF:src/modules/config/node-config.module.ts
FNF:0
FNH:0
DA:9,0
LF:1
LH:0
BRF:0
BRH:0
end_of_record
TN:
SF:src/modules/config/services/node-config.service.ts
FN:6,(anonymous_2)
FN:8,(anonymous_3)
FN:12,(anonymous_4)
FN:16,(anonymous_5)
FN:20,(anonymous_6)
FN:24,(anonymous_7)
FN:28,(anonymous_8)
FNF:7
FNH:0
FNDA:0,(anonymous_2)
FNDA:0,(anonymous_3)
FNDA:0,(anonymous_4)
FNDA:0,(anonymous_5)
FNDA:0,(anonymous_6)
FNDA:0,(anonymous_7)
FNDA:0,(anonymous_8)
DA:5,0
DA:6,0
DA:9,0
DA:13,0
DA:17,0
DA:21,0
DA:25,0
DA:29,0
LF:8
LH:0
BRF:0
BRH:0
end_of_record
TN:
SF:src/modules/hardware/hardware.module.ts
FNF:0
FNH:0
DA:9,0
LF:1
LH:0
BRF:0
BRH:0
end_of_record
TN:
SF:src/modules/hardware/hardware.ts
FN:85,(anonymous_10)
FN:102,(anonymous_11)
FN:124,(anonymous_12)
FN:162,(anonymous_13)
FN:168,(anonymous_14)
FN:176,(anonymous_15)
FN:191,(anonymous_16)
FN:194,(anonymous_17)
FN:210,(anonymous_18)
FN:261,(anonymous_19)
FN:277,(anonymous_20)
FN:280,(anonymous_21)
FN:286,(anonymous_22)
FN:307,(anonymous_23)
FN:330,(anonymous_24)
FN:359,(anonymous_25)
FN:373,(anonymous_26)
FN:375,(anonymous_27)
FN:377,(anonymous_28)
FN:379,(anonymous_29)
FN:381,(anonymous_30)
FN:383,(anonymous_31)
FN:385,(anonymous_32)
FN:387,(anonymous_33)
FN:389,(anonymous_34)
FN:391,(anonymous_35)
FN:393,(anonymous_36)
FN:395,(anonymous_37)
FN:397,(anonymous_38)
FNF:29
FNH:5
FNDA:0,(anonymous_10)
FNDA:0,(anonymous_11)
FNDA:0,(anonymous_12)
FNDA:0,(anonymous_13)
FNDA:0,(anonymous_14)
FNDA:0,(anonymous_15)
FNDA:0,(anonymous_16)
FNDA:0,(anonymous_17)
FNDA:0,(anonymous_18)
FNDA:0,(anonymous_19)
FNDA:0,(anonymous_20)
FNDA:0,(anonymous_21)
FNDA:0,(anonymous_22)
FNDA:1,(anonymous_23)
FNDA:5,(anonymous_24)
FNDA:6,(anonymous_25)
FNDA:0,(anonymous_26)
FNDA:0,(anonymous_27)
FNDA:0,(anonymous_28)
FNDA:0,(anonymous_29)
FNDA:0,(anonymous_30)
FNDA:0,(anonymous_31)
FNDA:0,(anonymous_32)
FNDA:0,(anonymous_33)
FNDA:0,(anonymous_34)
FNDA:0,(anonymous_35)
FNDA:0,(anonymous_36)
FNDA:1,(anonymous_37)
FNDA:1,(anonymous_38)
DA:5,1
DA:6,1
DA:7,1
DA:50,1
DA:80,1
DA:86,0
DA:87,0
DA:88,0
DA:89,0
DA:90,0
DA:91,0
DA:92,0
DA:95,0
DA:96,0
DA:97,0
DA:98,0
DA:103,0
DA:104,0
DA:107,0
DA:108,0
DA:109,0
DA:110,0
DA:111,0
DA:112,0
DA:116,0
DA:117,0
DA:118,0
DA:119,0
DA:120,0
DA:121,0
DA:125,0
DA:133,0
DA:135,0
DA:136,0
DA:137,0
DA:138,0
DA:139,0
DA:140,0
DA:141,0
DA:148,0
DA:149,0
DA:150,0
DA:152,0
DA:156,0
DA:163,0
DA:164,0
DA:169,0
DA:170,0
DA:171,0
DA:172,0
DA:177,0
DA:178,0
DA:179,0
DA:180,0
DA:181,0
DA:182,0
DA:183,0
DA:184,0
DA:185,0
DA:186,0
DA:187,0
DA:192,0
DA:194,0
DA:195,0
DA:196,0
DA:198,0
DA:199,0
DA:201,0
DA:202,0
DA:203,0
DA:204,0
DA:211,0
DA:212,0
DA:213,0
DA:214,0
DA:216,0
DA:217,0
DA:218,0
DA:220,0
DA:221,0
DA:223,0
DA:224,0
DA:225,0
DA:226,0
DA:227,0
DA:228,0
DA:229,0
DA:230,0
DA:231,0
DA:232,0
DA:233,0
DA:242,0
DA:262,0
DA:264,0
DA:277,0
DA:280,0
DA:287,0
DA:288,0
DA:289,0
DA:290,0
DA:291,0
DA:292,0
DA:293,0
DA:294,0
DA:295,0
DA:309,1
DA:310,1
DA:311,0
DA:315,1
DA:316,1
DA:332,5
DA:333,5
DA:334,4
DA:338,1
DA:339,1
DA:340,0
DA:344,1
DA:345,1
DA:346,0
DA:350,1
DA:351,1
DA:360,6
DA:361,6
DA:362,6
DA:363,6
DA:364,6
DA:365,2
DA:366,2
DA:368,6
DA:373,1
DA:374,0
DA:375,1
DA:376,0
DA:377,1
DA:378,0
DA:379,1
DA:380,0
DA:381,1
DA:382,0
DA:383,1
DA:384,0
DA:385,1
DA:386,0
DA:387,1
DA:388,0
DA:389,1
DA:390,0
DA:391,1
DA:392,0
DA:393,1
DA:394,0
DA:395,1
DA:396,1
DA:397,1
DA:398,1
LF:155
LH:41
BRDA:86,0,0,0
BRDA:86,0,1,0
BRDA:87,1,0,0
BRDA:87,1,1,0
BRDA:87,2,0,0
BRDA:87,2,1,0
BRDA:88,3,0,0
BRDA:88,3,1,0
BRDA:89,4,0,0
BRDA:89,4,1,0
BRDA:90,5,0,0
BRDA:90,5,1,0
BRDA:90,6,0,0
BRDA:90,6,1,0
BRDA:91,7,0,0
BRDA:91,7,1,0
BRDA:92,8,0,0
BRDA:92,9,0,0
BRDA:92,9,1,0
BRDA:92,9,2,0
BRDA:95,10,0,0
BRDA:95,10,1,0
BRDA:95,11,0,0
BRDA:95,11,1,0
BRDA:96,12,0,0
BRDA:96,12,1,0
BRDA:97,13,0,0
BRDA:97,13,1,0
BRDA:97,14,0,0
BRDA:97,14,1,0
BRDA:98,15,0,0
BRDA:98,15,1,0
BRDA:103,16,0,0
BRDA:107,17,0,0
BRDA:107,17,1,0
BRDA:109,18,0,0
BRDA:110,19,0,0
BRDA:112,20,0,0
BRDA:116,21,0,0
BRDA:116,21,1,0
BRDA:117,22,0,0
BRDA:117,22,1,0
BRDA:118,23,0,0
BRDA:118,23,1,0
BRDA:118,24,0,0
BRDA:118,24,1,0
BRDA:119,25,0,0
BRDA:119,25,1,0
BRDA:119,26,0,0
BRDA:119,26,1,0
BRDA:120,27,0,0
BRDA:120,27,1,0
BRDA:120,28,0,0
BRDA:120,28,1,0
BRDA:121,29,0,0
BRDA:121,30,0,0
BRDA:121,30,1,0
BRDA:124,31,0,0
BRDA:126,32,0,0
BRDA:126,32,1,0
BRDA:133,33,0,0
BRDA:136,34,0,0
BRDA:136,34,1,0
BRDA:137,35,0,0
BRDA:137,35,1,0
BRDA:140,36,0,0
BRDA:164,37,0,0
BRDA:164,37,1,0
BRDA:169,38,0,0
BRDA:170,39,0,0
BRDA:171,40,0,0
BRDA:177,41,0,0
BRDA:178,42,0,0
BRDA:179,43,0,0
BRDA:180,44,0,0
BRDA:181,45,0,0
BRDA:182,46,0,0
BRDA:183,47,0,0
BRDA:184,48,0,0
BRDA:185,49,0,0
BRDA:185,50,0,0
BRDA:185,50,1,0
BRDA:186,51,0,0
BRDA:194,52,0,0
BRDA:194,52,1,0
BRDA:195,53,0,0
BRDA:195,53,1,0
BRDA:196,54,0,0
BRDA:196,54,1,0
BRDA:199,55,0,0
BRDA:203,56,0,0
BRDA:203,56,1,0
BRDA:213,57,0,0
BRDA:213,57,1,0
BRDA:216,58,0,0
BRDA:216,58,1,0
BRDA:217,59,0,0
BRDA:217,59,1,0
BRDA:224,60,0,0
BRDA:224,60,1,0
BRDA:224,61,0,0
BRDA:224,61,1,0
BRDA:228,62,0,0
BRDA:228,63,0,0
BRDA:228,63,1,0
BRDA:261,64,0,0
BRDA:262,65,0,0
BRDA:262,66,0,0
BRDA:262,66,1,0
BRDA:287,67,0,0
BRDA:288,68,0,0
BRDA:289,69,0,0
BRDA:290,70,0,0
BRDA:291,71,0,0
BRDA:292,72,0,0
BRDA:293,73,0,0
BRDA:294,74,0,0
BRDA:310,75,0,0
BRDA:310,76,0,1
BRDA:310,76,1,1
BRDA:316,77,0,1
BRDA:316,77,1,1
BRDA:332,78,0,5
BRDA:332,78,1,0
BRDA:333,79,0,4
BRDA:339,80,0,0
BRDA:339,81,0,1
BRDA:339,81,1,1
BRDA:345,82,0,0
BRDA:345,83,0,1
BRDA:345,83,1,1
BRDA:351,84,0,1
BRDA:351,84,1,0
BRDA:361,85,0,6
BRDA:362,86,0,4
BRDA:363,87,0,2
BRDA:364,88,0,2
BRDA:365,89,0,2
BRDA:366,90,0,0
BRDA:378,91,0,0
BRDA:378,91,1,0
BRDA:390,92,0,0
BRDA:390,92,1,0
BRF:143
BRH:16
end_of_record
TN:
SF:src/modules/hardware/services/hardware.service.ts
FN:12,(anonymous_2)
FN:14,(anonymous_3)
FN:18,(anonymous_4)
FN:22,(anonymous_5)
FN:26,(anonymous_6)
FN:30,(anonymous_7)
FNF:6
FNH:0
FNDA:0,(anonymous_2)
FNDA:0,(anonymous_3)
FNDA:0,(anonymous_4)
FNDA:0,(anonymous_5)
FNDA:0,(anonymous_6)
FNDA:0,(anonymous_7)
DA:11,0
DA:12,0
DA:15,0
DA:19,0
DA:23,0
DA:27,0
DA:31,0
LF:7
LH:0
BRDA:14,0,0,0
BRDA:22,1,0,0
BRF:2
BRH:0
end_of_record
TN:
SF:src/modules/heartbeat/heartbeat.module.ts
FNF:0
FNH:0
DA:9,0
LF:1
LH:0
BRF:0
BRH:0
end_of_record
TN:
SF:src/modules/heartbeat/heartbeat.ts
FN:30,(anonymous_1)
FN:74,(anonymous_2)
FN:85,(anonymous_3)
FN:109,(anonymous_4)
FN:119,(anonymous_5)
FN:150,(anonymous_6)
FN:155,(anonymous_7)
FN:162,(anonymous_8)
FN:165,(anonymous_9)
FNF:9
FNH:0
FNDA:0,(anonymous_1)
FNDA:0,(anonymous_2)
FNDA:0,(anonymous_3)
FNDA:0,(anonymous_4)
FNDA:0,(anonymous_5)
FNDA:0,(anonymous_6)
FNDA:0,(anonymous_7)
FNDA:0,(anonymous_8)
FNDA:0,(anonymous_9)
DA:26,0
DA:37,0
DA:38,0
DA:40,0
DA:52,0
DA:55,0
DA:56,0
DA:57,0
DA:65,0
DA:66,0
DA:68,0
DA:69,0
DA:71,0
DA:73,0
DA:74,0
DA:79,0
DA:86,0
DA:89,0
DA:92,0
DA:93,0
DA:97,0
DA:98,0
DA:101,0
DA:118,0
DA:119,0
DA:120,0
DA:121,0
DA:123,0
DA:124,0
DA:126,0
DA:129,0
DA:130,0
DA:131,0
DA:141,0
DA:143,0
DA:146,0
DA:150,0
DA:155,0
DA:160,0
DA:162,0
DA:163,0
DA:165,0
DA:172,0
LF:43
LH:0
BRDA:71,0,0,0
BRDA:92,1,0,0
BRDA:97,2,0,0
BRDA:97,3,0,0
BRDA:97,3,1,0
BRDA:113,4,0,0
BRDA:129,5,0,0
BRDA:129,5,1,0
BRDA:129,6,0,0
BRDA:129,6,1,0
BRDA:172,7,0,0
BRDA:172,7,1,0
BRF:12
BRH:0
end_of_record
TN:
SF:src/modules/heartbeat/services/heartbeat.service.ts
FN:13,(anonymous_2)
FN:15,(anonymous_3)
FN:19,(anonymous_4)
FN:29,(anonymous_5)
FNF:4
FNH:0
FNDA:0,(anonymous_2)
FNDA:0,(anonymous_3)
FNDA:0,(anonymous_4)
FNDA:0,(anonymous_5)
DA:12,0
DA:13,0
DA:16,0
DA:26,0
DA:30,0
LF:5
LH:0
BRDA:23,0,0,0
BRF:1
BRH:0
end_of_record
TN:
SF:src/modules/identity/identity.module.ts
FNF:0
FNH:0
DA:9,0
LF:1
LH:0
BRF:0
BRH:0
end_of_record
TN:
SF:src/modules/identity/identity.ts
FN:34,(anonymous_1)
FN:72,(anonymous_2)
FN:109,(anonymous_3)
FN:128,(anonymous_4)
FN:154,(anonymous_5)
FN:166,(anonymous_6)
FN:177,(anonymous_7)
FN:203,(anonymous_8)
FN:225,(anonymous_9)
FN:227,(anonymous_10)
FN:229,(anonymous_11)
FN:231,(anonymous_12)
FN:237,(anonymous_13)
FN:239,(anonymous_14)
FN:241,(anonymous_15)
FN:246,(anonymous_16)
FNF:16
FNH:0
FNDA:0,(anonymous_1)
FNDA:0,(anonymous_2)
FNDA:0,(anonymous_3)
FNDA:0,(anonymous_4)
FNDA:0,(anonymous_5)
FNDA:0,(anonymous_6)
FNDA:0,(anonymous_7)
FNDA:0,(anonymous_8)
FNDA:0,(anonymous_9)
FNDA:0,(anonymous_10)
FNDA:0,(anonymous_11)
FNDA:0,(anonymous_12)
FNDA:0,(anonymous_13)
FNDA:0,(anonymous_14)
FNDA:0,(anonymous_15)
FNDA:0,(anonymous_16)
DA:26,0
DA:27,0
DA:30,0
DA:35,0
DA:36,0
DA:40,0
DA:42,0
DA:43,0
DA:46,0
DA:49,0
DA:51,0
DA:63,0
DA:64,0
DA:66,0
DA:73,0
DA:75,0
DA:76,0
DA:79,0
DA:80,0
DA:82,0
DA:83,0
DA:87,0
DA:88,0
DA:90,0
DA:91,0
DA:93,0
DA:94,0
DA:96,0
DA:97,0
DA:100,0
DA:115,0
DA:116,0
DA:117,0
DA:118,0
DA:119,0
DA:133,0
DA:134,0
DA:135,0
DA:136,0
DA:142,0
DA:143,0
DA:144,0
DA:145,0
DA:147,0
DA:155,0
DA:156,0
DA:157,0
DA:158,0
DA:160,0
DA:167,0
DA:168,0
DA:170,0
DA:181,0
DA:183,0
DA:184,0
DA:186,0
DA:187,0
DA:189,0
DA:190,0
DA:192,0
DA:193,0
DA:196,0
DA:197,0
DA:212,0
DA:225,0
DA:226,0
DA:227,0
DA:228,0
DA:229,0
DA:230,0
DA:231,0
DA:236,0
DA:237,0
DA:238,0
DA:239,0
DA:240,0
DA:241,0
DA:245,0
DA:246,0
DA:254,0
LF:80
LH:0
BRDA:26,0,0,0
BRDA:26,0,1,0
BRDA:34,1,0,0
BRDA:35,2,0,0
BRDA:72,3,0,0
BRDA:75,4,0,0
BRDA:82,5,0,0
BRDA:82,6,0,0
BRDA:82,6,1,0
BRDA:82,6,2,0
BRDA:87,7,0,0
BRDA:90,8,0,0
BRDA:93,9,0,0
BRDA:96,10,0,0
BRDA:166,11,0,0
BRDA:179,12,0,0
BRDA:183,13,0,0
BRDA:186,14,0,0
BRDA:189,15,0,0
BRDA:192,16,0,0
BRDA:213,17,0,0
BRDA:213,17,1,0
BRDA:215,18,0,0
BRDA:215,18,1,0
BRDA:216,19,0,0
BRDA:216,19,1,0
BRDA:217,20,0,0
BRDA:217,20,1,0
BRDA:226,21,0,0
BRDA:226,21,1,0
BRDA:228,22,0,0
BRDA:228,22,1,0
BRDA:240,23,0,0
BRDA:240,23,1,0
BRDA:245,24,0,0
BRDA:245,24,1,0
BRF:36
BRH:0
end_of_record
TN:
SF:src/modules/identity/services/identity.service.ts
FN:9,(anonymous_2)
FN:11,(anonymous_3)
FN:15,(anonymous_4)
FN:19,(anonymous_5)
FN:23,(anonymous_6)
FN:30,(anonymous_7)
FN:34,(anonymous_8)
FN:38,(anonymous_9)
FN:42,(anonymous_10)
FNF:9
FNH:0
FNDA:0,(anonymous_2)
FNDA:0,(anonymous_3)
FNDA:0,(anonymous_4)
FNDA:0,(anonymous_5)
FNDA:0,(anonymous_6)
FNDA:0,(anonymous_7)
FNDA:0,(anonymous_8)
FNDA:0,(anonymous_9)
FNDA:0,(anonymous_10)
DA:8,0
DA:9,0
DA:12,0
DA:16,0
DA:20,0
DA:27,0
DA:31,0
DA:35,0
DA:39,0
DA:43,0
LF:10
LH:0
BRF:0
BRH:0
end_of_record
TN:
SF:src/modules/inference/inference-server.ts
FN:69,parseBody
FN:70,(anonymous_2)
FN:72,(anonymous_3)
FN:75,(anonymous_4)
FN:90,forwardToOllama
FN:126,transformToOpenAI
FN:148,notifyCoordinatorInferenceRequest
FN:163,handleChatCompletions
FN:208,handleState
FN:227,handleHealth
FN:239,handleNotFound
FN:252,startInferenceServer
FN:256,(anonymous_13)
FN:293,(anonymous_14)
FN:302,(anonymous_15)
FN:311,(anonymous_16)
FN:315,(anonymous_17)
FN:319,(anonymous_18)
FN:323,(anonymous_19)
FN:332,(anonymous_20)
FN:340,(anonymous_21)
FN:344,(anonymous_22)
FNF:22
FNH:0
FNDA:0,parseBody
FNDA:0,(anonymous_2)
FNDA:0,(anonymous_3)
FNDA:0,(anonymous_4)
FNDA:0,forwardToOllama
FNDA:0,transformToOpenAI
FNDA:0,notifyCoordinatorInferenceRequest
FNDA:0,handleChatCompletions
FNDA:0,handleState
FNDA:0,handleHealth
FNDA:0,handleNotFound
FNDA:0,startInferenceServer
FNDA:0,(anonymous_13)
FNDA:0,(anonymous_14)
FNDA:0,(anonymous_15)
FNDA:0,(anonymous_16)
FNDA:0,(anonymous_17)
FNDA:0,(anonymous_18)
FNDA:0,(anonymous_19)
FNDA:0,(anonymous_20)
FNDA:0,(anonymous_21)
FNDA:0,(anonymous_22)
DA:70,0
DA:71,0
DA:72,0
DA:73,0
DA:75,0
DA:76,0
DA:77,0
DA:79,0
DA:82,0
DA:91,0
DA:97,0
DA:98,0
DA:99,0
DA:100,0
DA:102,0
DA:103,0
DA:107,0
DA:115,0
DA:116,0
DA:119,0
DA:127,0
DA:149,0
DA:150,0
DA:169,0
DA:170,0
DA:172,0
DA:173,0
DA:174,0
DA:180,0
DA:183,0
DA:184,0
DA:186,0
DA:187,0
DA:190,0
DA:191,0
DA:194,0
DA:195,0
DA:213,0
DA:214,0
DA:215,0
DA:228,0
DA:229,0
DA:230,0
DA:240,0
DA:241,0
DA:253,0
DA:254,0
DA:256,0
DA:258,0
DA:259,0
DA:260,0
DA:263,0
DA:264,0
DA:265,0
DA:266,0
DA:269,0
DA:271,0
DA:272,0
DA:273,0
DA:274,0
DA:275,0
DA:276,0
DA:277,0
DA:279,0
DA:282,0
DA:283,0
DA:284,0
DA:293,0
DA:294,0
DA:295,0
DA:296,0
DA:297,0
DA:300,0
DA:303,0
DA:304,0
DA:310,0
DA:312,0
DA:316,0
DA:320,0
DA:329,0
DA:337,0
DA:341,0
DA:345,0
LF:83
LH:0
BRDA:77,0,0,0
BRDA:77,0,1,0
BRDA:97,1,0,0
BRDA:97,2,0,0
BRDA:97,2,1,0
BRDA:99,3,0,0
BRDA:102,4,0,0
BRDA:115,5,0,0
BRDA:172,6,0,0
BRDA:172,7,0,0
BRDA:172,7,1,0
BRDA:172,7,2,0
BRDA:172,7,3,0
BRDA:190,8,0,0
BRDA:197,9,0,0
BRDA:197,9,1,0
BRDA:254,10,0,0
BRDA:254,10,1,0
BRDA:254,11,0,0
BRDA:254,11,1,0
BRDA:263,12,0,0
BRDA:269,13,0,0
BRDA:269,13,1,0
BRDA:272,14,0,0
BRDA:272,14,1,0
BRDA:272,15,0,0
BRDA:272,15,1,0
BRDA:274,16,0,0
BRDA:274,16,1,0
BRDA:274,17,0,0
BRDA:274,17,1,0
BRDA:276,18,0,0
BRDA:276,18,1,0
BRDA:276,19,0,0
BRDA:276,19,1,0
BRF:35
BRH:0
end_of_record
TN:
SF:src/modules/inference/inference.module.ts
FNF:0
FNH:0
DA:9,0
LF:1
LH:0
BRF:0
BRH:0
end_of_record
TN:
SF:src/modules/inference/services/inference.service.ts
FN:13,(anonymous_2)
FN:17,(anonymous_3)
FN:21,(anonymous_4)
FN:25,(anonymous_5)
FN:29,(anonymous_6)
FN:33,(anonymous_7)
FN:42,(anonymous_8)
FN:50,(anonymous_9)
FNF:8
FNH:0
FNDA:0,(anonymous_2)
FNDA:0,(anonymous_3)
FNDA:0,(anonymous_4)
FNDA:0,(anonymous_5)
FNDA:0,(anonymous_6)
FNDA:0,(anonymous_7)
FNDA:0,(anonymous_8)
FNDA:0,(anonymous_9)
DA:12,0
DA:14,0
DA:18,0
DA:22,0
DA:26,0
DA:30,0
DA:39,0
DA:47,0
DA:51,0
LF:9
LH:0
BRF:0
BRH:0
end_of_record
TN:
SF:src/modules/llm/llm-provider.ts
FN:36,toErrorMessage
FN:77,getOptionalString
FN:86,parseModel
FN:120,checkLLM
FN:145,generateLLM
FN:163,checkOllamaLLM
FN:204,generateOllamaLLM
FN:210,checkCloudLLM
FN:241,generateCloudLLM
FN:264,checkAnthropic
FN:306,generateAnthropic
FN:334,checkMoonshot
FN:374,generateMoonshot
FN:401,checkMinimax
FN:441,generateMinimax
FN:481,checkOpenAICompat
FN:523,generateOpenAICompat
FN:568,(anonymous_18)
FN:572,(anonymous_19)
FN:576,(anonymous_20)
FN:580,(anonymous_21)
FN:584,(anonymous_22)
FNF:22
FNH:0
FNDA:0,toErrorMessage
FNDA:0,getOptionalString
FNDA:0,parseModel
FNDA:0,checkLLM
FNDA:0,generateLLM
FNDA:0,checkOllamaLLM
FNDA:0,generateOllamaLLM
FNDA:0,checkCloudLLM
FNDA:0,generateCloudLLM
FNDA:0,checkAnthropic
FNDA:0,generateAnthropic
FNDA:0,checkMoonshot
FNDA:0,generateMoonshot
FNDA:0,checkMinimax
FNDA:0,generateMinimax
FNDA:0,checkOpenAICompat
FNDA:0,generateOpenAICompat
FNDA:0,(anonymous_18)
FNDA:0,(anonymous_19)
FNDA:0,(anonymous_20)
FNDA:0,(anonymous_21)
FNDA:0,(anonymous_22)
DA:6,1
DA:7,1
DA:36,1
DA:37,0
DA:38,0
DA:40,0
DA:47,1
DA:62,1
DA:77,1
DA:78,0
DA:79,0
DA:80,0
DA:86,1
DA:87,0
DA:88,0
DA:92,0
DA:93,0
DA:94,0
DA:95,0
DA:98,0
DA:99,0
DA:100,0
DA:101,0
DA:104,0
DA:105,0
DA:106,0
DA:107,0
DA:111,0
DA:120,1
DA:121,0
DA:122,0
DA:123,0
DA:124,0
DA:126,0
DA:127,0
DA:130,0
DA:145,1
DA:151,0
DA:152,0
DA:154,0
DA:155,0
DA:158,0
DA:164,0
DA:165,0
DA:167,0
DA:168,0
DA:176,0
DA:177,0
DA:179,0
DA:180,0
DA:188,0
DA:195,0
DA:205,0
DA:211,0
DA:212,0
DA:220,0
DA:221,0
DA:223,0
DA:224,0
DA:226,0
DA:227,0
DA:229,0
DA:230,0
DA:233,0
DA:242,0
DA:243,0
DA:246,0
DA:247,0
DA:249,0
DA:250,0
DA:252,0
DA:253,0
DA:255,0
DA:256,0
DA:259,0
DA:265,0
DA:266,0
DA:268,0
DA:283,0
DA:284,0
DA:285,0
DA:286,0
DA:289,0
DA:297,0
DA:307,0
DA:322,0
DA:323,0
DA:324,0
DA:325,0
DA:328,0
DA:329,0
DA:335,0
DA:336,0
DA:338,0
DA:351,0
DA:352,0
DA:353,0
DA:354,0
DA:357,0
DA:365,0
DA:375,0
DA:389,0
DA:390,0
DA:391,0
DA:392,0
DA:395,0
DA:396,0
DA:402,0
DA:403,0
DA:405,0
DA:418,0
DA:419,0
DA:420,0
DA:421,0
DA:424,0
DA:432,0
DA:448,0
DA:450,0
DA:469,0
DA:470,0
DA:471,0
DA:472,0
DA:475,0
DA:476,0
DA:482,0
DA:483,0
DA:484,0
DA:485,0
DA:487,0
DA:500,0
DA:501,0
DA:502,0
DA:503,0
DA:506,0
DA:514,0
DA:530,0
DA:532,0
DA:551,0
DA:552,0
DA:553,0
DA:554,0
DA:557,0
DA:558,0
DA:562,1
DA:567,1
DA:569,0
DA:573,0
DA:577,0
DA:581,0
DA:585,0
LF:150
LH:11
BRDA:38,0,0,0
BRDA:38,0,1,0
BRDA:78,1,0,0
BRDA:80,2,0,0
BRDA:80,2,1,0
BRDA:88,3,0,0
BRDA:92,4,0,0
BRDA:94,5,0,0
BRDA:98,6,0,0
BRDA:100,7,0,0
BRDA:104,8,0,0
BRDA:104,9,0,0
BRDA:104,9,1,0
BRDA:106,10,0,0
BRDA:123,11,0,0
BRDA:126,12,0,0
BRDA:151,13,0,0
BRDA:154,14,0,0
BRDA:167,15,0,0
BRDA:172,16,0,0
BRDA:172,16,1,0
BRDA:179,17,0,0
BRDA:183,18,0,0
BRDA:183,18,1,0
BRDA:191,19,0,0
BRDA:191,19,1,0
BRDA:211,20,0,0
BRDA:220,21,0,0
BRDA:223,22,0,0
BRDA:226,23,0,0
BRDA:229,24,0,0
BRDA:242,25,0,0
BRDA:246,26,0,0
BRDA:249,27,0,0
BRDA:252,28,0,0
BRDA:255,29,0,0
BRDA:283,30,0,0
BRDA:285,31,0,0
BRDA:285,31,1,0
BRDA:292,32,0,0
BRDA:292,32,1,0
BRDA:316,33,0,0
BRDA:316,33,1,0
BRDA:317,34,0,0
BRDA:317,34,1,0
BRDA:322,35,0,0
BRDA:324,36,0,0
BRDA:324,36,1,0
BRDA:351,37,0,0
BRDA:353,38,0,0
BRDA:353,38,1,0
BRDA:360,39,0,0
BRDA:360,39,1,0
BRDA:384,40,0,0
BRDA:384,40,1,0
BRDA:385,41,0,0
BRDA:385,41,1,0
BRDA:389,42,0,0
BRDA:391,43,0,0
BRDA:391,43,1,0
BRDA:418,44,0,0
BRDA:420,45,0,0
BRDA:420,45,1,0
BRDA:427,46,0,0
BRDA:427,46,1,0
BRDA:448,47,0,0
BRDA:448,47,1,0
BRDA:464,48,0,0
BRDA:464,48,1,0
BRDA:465,49,0,0
BRDA:465,49,1,0
BRDA:469,50,0,0
BRDA:471,51,0,0
BRDA:471,51,1,0
BRDA:485,52,0,0
BRDA:485,52,1,0
BRDA:500,53,0,0
BRDA:502,54,0,0
BRDA:502,54,1,0
BRDA:509,55,0,0
BRDA:509,55,1,0
BRDA:530,56,0,0
BRDA:530,56,1,0
BRDA:546,57,0,0
BRDA:546,57,1,0
BRDA:547,58,0,0
BRDA:547,58,1,0
BRDA:551,59,0,0
BRDA:553,60,0,0
BRDA:553,60,1,0
BRF:90
BRH:0
end_of_record
TN:
SF:src/modules/llm/llm.module.ts
FNF:0
FNH:0
DA:10,0
LF:1
LH:0
BRF:0
BRH:0
end_of_record
TN:
SF:src/modules/llm/ollama.ts
FN:23,checkOllama
FN:30,(anonymous_12)
FN:33,(anonymous_13)
FN:79,pullModel
FN:124,generate
FN:168,ensureModel
FN:175,(anonymous_17)
FN:187,(anonymous_18)
FN:191,(anonymous_19)
FN:195,(anonymous_20)
FN:199,(anonymous_21)
FNF:11
FNH:0
FNDA:0,checkOllama
FNDA:0,(anonymous_12)
FNDA:0,(anonymous_13)
FNDA:0,pullModel
FNDA:0,generate
FNDA:0,ensureModel
FNDA:0,(anonymous_17)
FNDA:0,(anonymous_18)
FNDA:0,(anonymous_19)
FNDA:0,(anonymous_20)
FNDA:0,(anonymous_21)
DA:1,1
DA:2,1
DA:3,1
DA:23,1
DA:24,0
DA:26,0
DA:30,0
DA:33,0
DA:34,0
DA:35,0
DA:37,0
DA:39,0
DA:46,0
DA:47,0
DA:48,0
DA:58,0
DA:59,0
DA:60,0
DA:63,0
DA:79,1
DA:80,0
DA:81,0
DA:83,0
DA:85,0
DA:90,0
DA:92,0
DA:93,0
DA:94,0
DA:97,0
DA:98,0
DA:101,0
DA:102,0
DA:106,0
DA:107,0
DA:124,1
DA:130,0
DA:132,0
DA:133,0
DA:134,0
DA:135,0
DA:136,0
DA:138,0
DA:141,0
DA:143,0
DA:145,0
DA:156,0
DA:158,0
DA:159,0
DA:168,1
DA:169,0
DA:171,0
DA:172,0
DA:175,0
DA:177,0
DA:178,0
DA:179,0
DA:181,0
DA:186,1
DA:188,0
DA:192,0
DA:196,0
DA:200,0
LF:62
LH:8
BRDA:23,0,0,0
BRDA:37,1,0,0
BRDA:37,1,1,0
BRDA:46,2,0,0
BRDA:46,2,1,0
BRDA:46,2,2,0
BRDA:47,3,0,0
BRDA:59,4,0,0
BRDA:79,5,0,0
BRDA:93,6,0,0
BRDA:93,7,0,0
BRDA:93,7,1,0
BRDA:94,8,0,0
BRDA:94,8,1,0
BRDA:94,9,0,0
BRDA:94,9,1,0
BRDA:101,10,0,0
BRDA:106,11,0,0
BRDA:106,11,1,0
BRDA:127,12,0,0
BRDA:133,13,0,0
BRDA:135,14,0,0
BRDA:150,15,0,0
BRDA:150,15,1,0
BRDA:151,16,0,0
BRDA:151,16,1,0
BRDA:152,17,0,0
BRDA:152,17,1,0
BRDA:158,18,0,0
BRDA:158,18,1,0
BRDA:168,19,0,0
BRDA:171,20,0,0
BRDA:177,21,0,0
BRDA:177,21,1,0
BRF:34
BRH:0
end_of_record
TN:
SF:src/modules/llm/services/llm.service.ts
FN:14,(anonymous_2)
FN:19,(anonymous_3)
FN:23,(anonymous_4)
FN:27,(anonymous_5)
FN:31,(anonymous_6)
FN:35,(anonymous_7)
FN:39,(anonymous_8)
FN:43,(anonymous_9)
FNF:8
FNH:0
FNDA:0,(anonymous_2)
FNDA:0,(anonymous_3)
FNDA:0,(anonymous_4)
FNDA:0,(anonymous_5)
FNDA:0,(anonymous_6)
FNDA:0,(anonymous_7)
FNDA:0,(anonymous_8)
FNDA:0,(anonymous_9)
DA:13,0
DA:15,0
DA:16,0
DA:20,0
DA:24,0
DA:28,0
DA:32,0
DA:36,0
DA:40,0
DA:44,0
LF:10
LH:0
BRF:0
BRH:0
end_of_record
TN:
SF:src/modules/model/diloco-trainer.ts
FN:70,runDiLoCoInnerLoop
FN:74,(anonymous_2)
FN:92,(anonymous_3)
FN:104,(anonymous_4)
FN:105,(anonymous_5)
FN:151,(anonymous_6)
FN:155,(anonymous_7)
FN:173,(anonymous_8)
FN:184,(anonymous_9)
FNF:9
FNH:8
FNDA:10,runDiLoCoInnerLoop
FNDA:1,(anonymous_2)
FNDA:10,(anonymous_3)
FNDA:23,(anonymous_4)
FNDA:46,(anonymous_5)
FNDA:0,(anonymous_6)
FNDA:9,(anonymous_7)
FNDA:1,(anonymous_8)
FNDA:1,(anonymous_9)
DA:6,2
DA:7,2
DA:8,2
DA:9,2
DA:70,2
DA:74,1
DA:77,10
DA:80,10
DA:82,10
DA:92,10
DA:93,10
DA:97,10
DA:98,10
DA:101,10
DA:102,10
DA:104,10
DA:105,46
DA:106,23
DA:107,23
DA:108,23
DA:110,21
DA:111,1
DA:112,1
DA:115,20
DA:116,14
DA:117,2
DA:125,20
DA:126,6
DA:127,6
DA:129,6
DA:130,6
DA:131,6
DA:133,1
DA:136,6
DA:151,10
DA:152,0
DA:155,10
DA:156,9
DA:157,1
DA:162,1
DA:164,8
DA:165,2
DA:168,2
DA:170,6
DA:173,10
DA:174,1
DA:183,2
DA:190,1
DA:194,2
LF:49
LH:48
BRDA:73,0,0,1
BRDA:74,1,0,1
BRDA:77,2,0,10
BRDA:77,2,1,9
BRDA:84,3,0,10
BRDA:84,3,1,9
BRDA:89,4,0,10
BRDA:89,4,1,8
BRDA:110,5,0,1
BRDA:115,6,0,14
BRDA:115,7,0,20
BRDA:115,7,1,14
BRDA:116,8,0,2
BRDA:120,9,0,2
BRDA:120,9,1,0
BRDA:125,10,0,6
BRDA:137,11,0,6
BRDA:137,11,1,0
BRDA:138,12,0,6
BRDA:138,12,1,0
BRDA:139,13,0,6
BRDA:139,13,1,0
BRDA:156,14,0,1
BRDA:159,15,0,1
BRDA:159,15,1,1
BRDA:164,16,0,2
BRF:26
BRH:22
end_of_record
TN:
SF:src/modules/model/model-catalog.ts
FN:278,listModels
FN:280,(anonymous_2)
FN:288,getModelsForVram
FN:289,(anonymous_4)
FN:295,getModel
FN:296,(anonymous_6)
FN:302,pullModel
FN:322,getLocalModels
FN:326,(anonymous_9)
FN:335,isModelAvailable
FN:343,getRecommendedModel
FN:346,(anonymous_12)
FN:350,(anonymous_13)
FN:363,getModelCatalog
FN:373,normalizeModelName
FN:383,getModelByName
FN:386,(anonymous_17)
FN:394,(anonymous_18)
FN:398,(anonymous_19)
FN:402,(anonymous_20)
FN:406,(anonymous_21)
FN:410,(anonymous_22)
FN:414,(anonymous_23)
FN:418,(anonymous_24)
FN:422,(anonymous_25)
FN:426,(anonymous_26)
FN:430,(anonymous_27)
FNF:27
FNH:0
FNDA:0,listModels
FNDA:0,(anonymous_2)
FNDA:0,getModelsForVram
FNDA:0,(anonymous_4)
FNDA:0,getModel
FNDA:0,(anonymous_6)
FNDA:0,pullModel
FNDA:0,getLocalModels
FNDA:0,(anonymous_9)
FNDA:0,isModelAvailable
FNDA:0,getRecommendedModel
FNDA:0,(anonymous_12)
FNDA:0,(anonymous_13)
FNDA:0,getModelCatalog
FNDA:0,normalizeModelName
FNDA:0,getModelByName
FNDA:0,(anonymous_17)
FNDA:0,(anonymous_18)
FNDA:0,(anonymous_19)
FNDA:0,(anonymous_20)
FNDA:0,(anonymous_21)
FNDA:0,(anonymous_22)
FNDA:0,(anonymous_23)
FNDA:0,(anonymous_24)
FNDA:0,(anonymous_25)
FNDA:0,(anonymous_26)
FNDA:0,(anonymous_27)
DA:43,0
DA:243,0
DA:273,0
DA:279,0
DA:280,0
DA:282,0
DA:289,0
DA:296,0
DA:303,0
DA:305,0
DA:307,0
DA:310,0
DA:311,0
DA:312,0
DA:313,0
DA:315,0
DA:323,0
DA:324,0
DA:325,0
DA:326,0
DA:328,0
DA:336,0
DA:337,0
DA:344,0
DA:345,0
DA:346,0
DA:350,0
DA:351,0
DA:352,0
DA:354,0
DA:357,0
DA:364,0
DA:374,0
DA:384,0
DA:385,0
DA:386,0
DA:393,0
DA:395,0
DA:399,0
DA:403,0
DA:407,0
DA:411,0
DA:415,0
DA:419,0
DA:423,0
DA:427,0
DA:431,0
LF:47
LH:0
BRDA:279,0,0,0
BRDA:289,1,0,0
BRDA:289,1,1,0
BRDA:345,2,0,0
BRDA:351,3,0,0
BRDA:386,4,0,0
BRDA:386,4,1,0
BRDA:386,5,0,0
BRDA:386,5,1,0
BRF:9
BRH:0
end_of_record
TN:
SF:src/modules/model/model-downloader.ts
FN:17,getModelCacheDir
FN:22,getAdapterCacheDir
FN:43,ensureBaseModel
FN:47,(anonymous_14)
FN:108,downloadAdapter
FN:154,(anonymous_16)
FN:158,(anonymous_17)
FN:162,(anonymous_18)
FN:166,(anonymous_19)
FNF:9
FNH:8
FNDA:9,getModelCacheDir
FNDA:3,getAdapterCacheDir
FNDA:6,ensureBaseModel
FNDA:0,(anonymous_14)
FNDA:5,downloadAdapter
FNDA:1,(anonymous_16)
FNDA:1,(anonymous_17)
FNDA:1,(anonymous_18)
FNDA:1,(anonymous_19)
DA:9,1
DA:10,1
DA:11,1
DA:12,1
DA:13,1
DA:14,1
DA:17,1
DA:18,9
DA:22,1
DA:23,3
DA:43,1
DA:47,0
DA:50,6
DA:51,6
DA:54,6
DA:55,1
DA:56,1
DA:57,1
DA:58,1
DA:62,5
DA:64,4
DA:65,4
DA:69,4
DA:70,4
DA:74,1
DA:77,1
DA:79,1
DA:80,1
DA:84,0
DA:87,1
DA:88,1
DA:92,1
DA:97,0
DA:108,1
DA:113,5
DA:114,1
DA:115,1
DA:116,1
DA:117,1
DA:121,4
DA:123,4
DA:126,4
DA:127,4
DA:129,1
DA:134,3
DA:135,1
DA:140,2
DA:141,2
DA:142,2
DA:144,2
DA:153,1
DA:155,1
DA:159,1
DA:163,1
DA:167,1
DA:171,1
LF:56
LH:53
BRDA:18,0,0,9
BRDA:18,0,1,1
BRDA:23,1,0,3
BRDA:23,1,1,1
BRDA:45,2,0,0
BRDA:47,3,0,5
BRDA:54,4,0,1
BRDA:56,5,0,1
BRDA:62,6,0,4
BRDA:113,7,0,1
BRDA:115,8,0,1
BRDA:134,9,0,1
BRF:12
BRH:11
end_of_record
TN:
SF:src/modules/model/model.module.ts
FNF:0
FNH:0
DA:20,0
LF:1
LH:0
BRF:0
BRH:0
end_of_record
TN:
SF:src/modules/model/mutation-engine.ts
FN:26,proposeMutation
FN:62,buildPrompt
FN:115,parseMutationResponse
FN:160,clampValue
FN:164,clampValueToBatch
FN:166,(anonymous_6)
FN:172,clampToDimension
FN:174,(anonymous_8)
FN:180,clampToHeads
FN:182,(anonymous_10)
FN:188,validateActivation
FN:193,validateNormalization
FN:198,validateInitScheme
FN:215,(anonymous_14)
FNF:14
FNH:0
FNDA:0,proposeMutation
FNDA:0,buildPrompt
FNDA:0,parseMutationResponse
FNDA:0,clampValue
FNDA:0,clampValueToBatch
FNDA:0,(anonymous_6)
FNDA:0,clampToDimension
FNDA:0,(anonymous_8)
FNDA:0,clampToHeads
FNDA:0,(anonymous_10)
FNDA:0,validateActivation
FNDA:0,validateNormalization
FNDA:0,validateInitScheme
FNDA:0,(anonymous_14)
DA:6,1
DA:7,1
DA:26,1
DA:31,0
DA:33,0
DA:54,0
DA:55,0
DA:57,0
DA:59,0
DA:67,0
DA:68,0
DA:70,0
DA:122,0
DA:125,0
DA:126,0
DA:129,0
DA:130,0
DA:133,0
DA:149,0
DA:151,0
DA:161,0
DA:165,0
DA:166,0
DA:167,0
DA:169,0
DA:173,0
DA:174,0
DA:175,0
DA:177,0
DA:181,0
DA:182,0
DA:183,0
DA:185,0
DA:189,0
DA:190,0
DA:194,0
DA:195,0
DA:199,0
DA:200,0
DA:203,1
DA:214,1
DA:220,0
LF:42
LH:5
BRDA:31,0,0,0
BRDA:48,1,0,0
BRDA:48,1,1,0
BRDA:96,2,0,0
BRDA:96,2,1,0
BRDA:122,3,0,0
BRDA:122,3,1,0
BRDA:125,4,0,0
BRDA:129,5,0,0
BRDA:129,5,1,0
BRDA:134,6,0,0
BRDA:134,6,1,0
BRDA:135,7,0,0
BRDA:135,7,1,0
BRDA:136,8,0,0
BRDA:136,8,1,0
BRDA:137,9,0,0
BRDA:137,9,1,0
BRDA:138,10,0,0
BRDA:138,10,1,0
BRDA:142,11,0,0
BRDA:142,11,1,0
BRDA:143,12,0,0
BRDA:143,12,1,0
BRDA:144,13,0,0
BRDA:144,13,1,0
BRDA:145,14,0,0
BRDA:145,14,1,0
BRDA:146,15,0,0
BRDA:146,15,1,0
BRDA:153,16,0,0
BRDA:153,16,1,0
BRDA:153,17,0,0
BRDA:153,17,1,0
BRDA:154,18,0,0
BRDA:154,18,1,0
BRDA:156,19,0,0
BRDA:156,19,1,0
BRDA:167,20,0,0
BRDA:167,20,1,0
BRDA:175,21,0,0
BRDA:175,21,1,0
BRDA:183,22,0,0
BRDA:183,22,1,0
BRDA:190,23,0,0
BRDA:190,23,1,0
BRDA:195,24,0,0
BRDA:195,24,1,0
BRDA:200,25,0,0
BRDA:200,25,1,0
BRF:50
BRH:0
end_of_record
TN:
SF:src/modules/model/trainer.ts
FN:34,trainMicroModel
FN:53,(anonymous_2)
FN:67,(anonymous_3)
FN:68,(anonymous_4)
FN:95,(anonymous_5)
FN:100,(anonymous_6)
FN:131,(anonymous_7)
FN:140,validateTrainingConfig
FN:200,calculateImprovement
FN:215,(anonymous_10)
FN:219,(anonymous_11)
FN:223,(anonymous_12)
FNF:12
FNH:0
FNDA:0,trainMicroModel
FNDA:0,(anonymous_2)
FNDA:0,(anonymous_3)
FNDA:0,(anonymous_4)
FNDA:0,(anonymous_5)
FNDA:0,(anonymous_6)
FNDA:0,(anonymous_7)
FNDA:0,validateTrainingConfig
FNDA:0,calculateImprovement
FNDA:0,(anonymous_10)
FNDA:0,(anonymous_11)
FNDA:0,(anonymous_12)
DA:6,1
DA:7,1
DA:8,1
DA:34,1
DA:41,0
DA:43,0
DA:44,0
DA:47,0
DA:53,0
DA:54,0
DA:58,0
DA:59,0
DA:60,0
DA:63,0
DA:64,0
DA:67,0
DA:68,0
DA:70,0
DA:71,0
DA:72,0
DA:75,0
DA:76,0
DA:80,0
DA:81,0
DA:91,0
DA:95,0
DA:96,0
DA:100,0
DA:101,0
DA:103,0
DA:104,0
DA:105,0
DA:108,0
DA:109,0
DA:110,0
DA:114,0
DA:116,0
DA:127,0
DA:131,0
DA:132,0
DA:140,1
DA:141,0
DA:144,0
DA:145,0
DA:149,0
DA:150,0
DA:151,0
DA:155,0
DA:156,0
DA:157,0
DA:161,0
DA:162,0
DA:166,0
DA:167,0
DA:168,0
DA:172,0
DA:173,0
DA:174,0
DA:178,0
DA:179,0
DA:180,0
DA:184,0
DA:185,0
DA:186,0
DA:190,0
DA:191,0
DA:194,0
DA:200,1
DA:201,0
DA:202,0
DA:206,1
DA:214,1
DA:216,0
DA:220,0
DA:224,0
LF:75
LH:8
BRDA:39,0,0,0
BRDA:40,1,0,0
BRDA:75,2,0,0
BRDA:75,3,0,0
BRDA:75,3,1,0
BRDA:80,4,0,0
BRDA:103,5,0,0
BRDA:104,6,0,0
BRDA:104,6,1,0
BRDA:108,7,0,0
BRDA:118,8,0,0
BRDA:118,8,1,0
BRDA:119,9,0,0
BRDA:119,9,1,0
BRDA:144,10,0,0
BRDA:144,11,0,0
BRDA:144,11,1,0
BRDA:150,12,0,0
BRDA:156,13,0,0
BRDA:161,14,0,0
BRDA:161,15,0,0
BRDA:161,15,1,0
BRDA:167,16,0,0
BRDA:173,17,0,0
BRDA:179,18,0,0
BRDA:185,19,0,0
BRDA:190,20,0,0
BRDA:190,21,0,0
BRDA:190,21,1,0
BRDA:201,22,0,0
BRF:30
BRH:0
end_of_record
TN:
SF:src/modules/model/services/model-catalog.service.ts
FN:13,(anonymous_2)
FN:15,(anonymous_3)
FN:19,(anonymous_4)
FN:23,(anonymous_5)
FN:27,(anonymous_6)
FN:31,(anonymous_7)
FN:35,(anonymous_8)
FN:39,(anonymous_9)
FN:43,(anonymous_10)
FN:47,(anonymous_11)
FN:51,(anonymous_12)
FN:55,(anonymous_13)
FN:59,(anonymous_14)
FN:63,(anonymous_15)
FNF:14
FNH:0
FNDA:0,(anonymous_2)
FNDA:0,(anonymous_3)
FNDA:0,(anonymous_4)
FNDA:0,(anonymous_5)
FNDA:0,(anonymous_6)
FNDA:0,(anonymous_7)
FNDA:0,(anonymous_8)
FNDA:0,(anonymous_9)
FNDA:0,(anonymous_10)
FNDA:0,(anonymous_11)
FNDA:0,(anonymous_12)
FNDA:0,(anonymous_13)
FNDA:0,(anonymous_14)
FNDA:0,(anonymous_15)
DA:12,0
DA:13,0
DA:16,0
DA:20,0
DA:24,0
DA:28,0
DA:32,0
DA:36,0
DA:40,0
DA:44,0
DA:48,0
DA:52,0
DA:56,0
DA:60,0
DA:64,0
LF:15
LH:0
BRF:0
BRH:0
end_of_record
TN:
SF:src/modules/model/services/mutation-engine.service.ts
FN:7,(anonymous_2)
FN:9,(anonymous_3)
FNF:2
FNH:0
FNDA:0,(anonymous_2)
FNDA:0,(anonymous_3)
DA:6,0
DA:7,0
DA:14,0
LF:3
LH:0
BRF:0
BRH:0
end_of_record
TN:
SF:src/modules/model/services/trainer.service.ts
FN:11,(anonymous_2)
FN:13,(anonymous_3)
FN:17,(anonymous_4)
FN:21,(anonymous_5)
FNF:4
FNH:0
FNDA:0,(anonymous_2)
FNDA:0,(anonymous_3)
FNDA:0,(anonymous_4)
FNDA:0,(anonymous_5)
DA:10,0
DA:11,0
DA:14,0
DA:18,0
DA:22,0
LF:5
LH:0
BRF:0
BRH:0
end_of_record
TN:
SF:src/modules/p2p/p2p.module.ts
FNF:0
FNH:0
DA:9,0
LF:1
LH:0
BRF:0
BRH:0
end_of_record
TN:
SF:src/modules/p2p/p2p.ts
FN:30,(anonymous_1)
FN:32,(anonymous_2)
FN:52,(anonymous_3)
FN:69,(anonymous_4)
FN:74,(anonymous_5)
FN:78,(anonymous_6)
FN:82,(anonymous_7)
FN:88,(anonymous_8)
FN:96,(anonymous_9)
FN:100,(anonymous_10)
FN:105,(anonymous_11)
FN:107,(anonymous_12)
FN:110,(anonymous_13)
FN:112,(anonymous_14)
FN:115,(anonymous_15)
FN:120,(anonymous_16)
FN:126,(anonymous_17)
FN:135,(anonymous_18)
FN:142,(anonymous_19)
FN:153,createP2PNode
FNF:20
FNH:0
FNDA:0,(anonymous_1)
FNDA:0,(anonymous_2)
FNDA:0,(anonymous_3)
FNDA:0,(anonymous_4)
FNDA:0,(anonymous_5)
FNDA:0,(anonymous_6)
FNDA:0,(anonymous_7)
FNDA:0,(anonymous_8)
FNDA:0,(anonymous_9)
FNDA:0,(anonymous_10)
FNDA:0,(anonymous_11)
FNDA:0,(anonymous_12)
FNDA:0,(anonymous_13)
FNDA:0,(anonymous_14)
FNDA:0,(anonymous_15)
FNDA:0,(anonymous_16)
FNDA:0,(anonymous_17)
FNDA:0,(anonymous_18)
FNDA:0,(anonymous_19)
FNDA:0,createP2PNode
DA:16,0
DA:27,0
DA:28,0
DA:30,0
DA:33,0
DA:40,0
DA:44,0
DA:50,0
DA:52,0
DA:53,0
DA:54,0
DA:55,0
DA:56,0
DA:57,0
DA:64,0
DA:65,0
DA:68,0
DA:69,0
DA:70,0
DA:71,0
DA:74,0
DA:75,0
DA:76,0
DA:78,0
DA:79,0
DA:80,0
DA:82,0
DA:83,0
DA:84,0
DA:89,0
DA:90,0
DA:91,0
DA:92,0
DA:97,0
DA:101,0
DA:102,0
DA:106,0
DA:107,0
DA:111,0
DA:112,0
DA:116,0
DA:117,0
DA:121,0
DA:122,0
DA:123,0
DA:127,0
DA:128,0
DA:129,0
DA:132,0
DA:136,0
DA:141,0
DA:146,0
DA:147,0
DA:148,0
DA:157,0
LF:55
LH:0
BRDA:32,0,0,0
BRDA:40,1,0,0
BRDA:40,1,1,0
BRDA:56,2,0,0
BRDA:56,2,1,0
BRDA:57,3,0,0
BRDA:57,3,1,0
BRDA:71,4,0,0
BRDA:75,5,0,0
BRDA:75,5,1,0
BRDA:79,6,0,0
BRDA:79,6,1,0
BRDA:83,7,0,0
BRDA:83,7,1,0
BRDA:89,8,0,0
BRDA:101,9,0,0
BRDA:106,10,0,0
BRDA:111,11,0,0
BRDA:116,12,0,0
BRDA:116,12,1,0
BRDA:121,13,0,0
BRDA:144,14,0,0
BRDA:155,15,0,0
BRF:23
BRH:0
end_of_record
TN:
SF:src/modules/p2p/services/p2p.service.ts
FN:7,(anonymous_2)
FN:9,(anonymous_3)
FN:13,(anonymous_4)
FNF:3
FNH:0
FNDA:0,(anonymous_2)
FNDA:0,(anonymous_3)
FNDA:0,(anonymous_4)
DA:6,0
DA:7,0
DA:10,0
DA:14,0
LF:4
LH:0
BRDA:9,0,0,0
BRF:1
BRH:0
end_of_record
TN:
SF:src/modules/staking/rewards.ts
FN:40,(anonymous_1)
FN:52,(anonymous_2)
FN:65,(anonymous_3)
FN:79,(anonymous_4)
FN:83,(anonymous_5)
FN:88,(anonymous_6)
FN:95,(anonymous_7)
FN:104,(anonymous_8)
FN:114,(anonymous_9)
FN:118,(anonymous_10)
FN:147,(anonymous_11)
FN:162,(anonymous_12)
FN:193,(anonymous_13)
FN:214,(anonymous_14)
FN:233,(anonymous_15)
FN:236,(anonymous_16)
FN:239,(anonymous_17)
FN:242,(anonymous_18)
FN:245,(anonymous_19)
FN:248,(anonymous_20)
FN:251,(anonymous_21)
FN:254,(anonymous_22)
FNF:22
FNH:0
FNDA:0,(anonymous_1)
FNDA:0,(anonymous_2)
FNDA:0,(anonymous_3)
FNDA:0,(anonymous_4)
FNDA:0,(anonymous_5)
FNDA:0,(anonymous_6)
FNDA:0,(anonymous_7)
FNDA:0,(anonymous_8)
FNDA:0,(anonymous_9)
FNDA:0,(anonymous_10)
FNDA:0,(anonymous_11)
FNDA:0,(anonymous_12)
FNDA:0,(anonymous_13)
FNDA:0,(anonymous_14)
FNDA:0,(anonymous_15)
FNDA:0,(anonymous_16)
FNDA:0,(anonymous_17)
FNDA:0,(anonymous_18)
FNDA:0,(anonymous_19)
FNDA:0,(anonymous_20)
FNDA:0,(anonymous_21)
FNDA:0,(anonymous_22)
DA:36,0
DA:44,0
DA:45,0
DA:57,0
DA:58,0
DA:71,0
DA:72,0
DA:83,0
DA:86,0
DA:87,0
DA:88,0
DA:95,0
DA:113,0
DA:114,0
DA:118,0
DA:119,0
DA:123,0
DA:128,0
DA:135,0
DA:146,0
DA:147,0
DA:149,0
DA:166,0
DA:167,0
DA:175,0
DA:177,0
DA:183,0
DA:198,0
DA:199,0
DA:205,0
DA:207,0
DA:218,0
DA:219,0
DA:225,0
DA:227,0
DA:233,0
DA:234,0
DA:236,0
DA:237,0
DA:239,0
DA:240,0
DA:242,0
DA:243,0
DA:245,0
DA:246,0
DA:248,0
DA:249,0
DA:251,0
DA:252,0
DA:254,0
DA:255,0
LF:51
LH:0
BRDA:44,0,0,0
BRDA:86,1,0,0
BRDA:164,2,0,0
BRDA:185,3,0,0
BRDA:185,3,1,0
BRDA:195,4,0,0
BRDA:196,5,0,0
BRDA:215,6,0,0
BRDA:216,7,0,0
BRF:9
BRH:0
end_of_record
TN:
SF:src/modules/staking/staking-cli.ts
FN:26,getVaultAuthorityPDA
FN:34,getStakeVaultATA
FN:40,getTreasuryAuthorityPDA
FN:48,getTreasuryTokenAccount
FN:54,(anonymous_4)
FN:55,(anonymous_5)
FN:63,deriveKey
FN:68,decryptWallet
FN:88,loadWalletWithPassword
FN:119,getUserTokenAccount
FN:124,createStakeInstructionData
FN:132,createUnstakeInstructionData
FN:140,createInitializeStakeInstructionData
FN:148,createClaimRewardsInstructionData
FN:153,stakeTokens
FN:233,unstakeTokens
FN:283,claimStakingRewards
FN:345,depositSol
FN:373,depositSyn
FN:388,(anonymous_19)
FN:397,withdrawSol
FN:437,withdrawSyn
FN:489,getStakeInfo
FN:540,getWalletBalance
FN:563,findStakeAccount
FNF:25
FNH:0
FNDA:0,getVaultAuthorityPDA
FNDA:0,getStakeVaultATA
FNDA:0,getTreasuryAuthorityPDA
FNDA:0,getTreasuryTokenAccount
FNDA:0,(anonymous_4)
FNDA:0,(anonymous_5)
FNDA:0,deriveKey
FNDA:0,decryptWallet
FNDA:0,loadWalletWithPassword
FNDA:0,getUserTokenAccount
FNDA:0,createStakeInstructionData
FNDA:0,createUnstakeInstructionData
FNDA:0,createInitializeStakeInstructionData
FNDA:0,createClaimRewardsInstructionData
FNDA:0,stakeTokens
FNDA:0,unstakeTokens
FNDA:0,claimStakingRewards
FNDA:0,depositSol
FNDA:0,depositSyn
FNDA:0,(anonymous_19)
FNDA:0,withdrawSol
FNDA:0,withdrawSyn
FNDA:0,getStakeInfo
FNDA:0,getWalletBalance
FNDA:0,findStakeAccount
DA:16,0
DA:17,0
DA:18,0
DA:19,0
DA:20,0
DA:21,0
DA:22,0
DA:23,0
DA:27,0
DA:35,0
DA:36,0
DA:41,0
DA:49,0
DA:50,0
DA:54,0
DA:55,0
DA:56,0
DA:57,0
DA:58,0
DA:59,0
DA:60,0
DA:64,0
DA:69,0
DA:70,0
DA:71,0
DA:72,0
DA:73,0
DA:75,0
DA:76,0
DA:77,0
DA:79,0
DA:84,0
DA:89,0
DA:91,0
DA:92,0
DA:95,0
DA:98,0
DA:100,0
DA:101,0
DA:105,0
DA:110,0
DA:111,0
DA:112,0
DA:114,0
DA:120,0
DA:125,0
DA:126,0
DA:127,0
DA:128,0
DA:133,0
DA:134,0
DA:135,0
DA:136,0
DA:141,0
DA:142,0
DA:143,0
DA:144,0
DA:149,0
DA:154,0
DA:156,0
DA:157,0
DA:159,0
DA:162,0
DA:167,0
DA:168,0
DA:169,0
DA:170,0
DA:174,0
DA:175,0
DA:176,0
DA:178,0
DA:189,0
DA:190,0
DA:193,0
DA:195,0
DA:197,0
DA:201,0
DA:202,0
DA:203,0
DA:205,0
DA:207,0
DA:221,0
DA:222,0
DA:226,0
DA:227,0
DA:229,0
DA:234,0
DA:236,0
DA:237,0
DA:239,0
DA:242,0
DA:244,0
DA:245,0
DA:248,0
DA:251,0
DA:252,0
DA:253,0
DA:255,0
DA:257,0
DA:271,0
DA:272,0
DA:276,0
DA:277,0
DA:279,0
DA:284,0
DA:286,0
DA:287,0
DA:289,0
DA:292,0
DA:294,0
DA:295,0
DA:299,0
DA:300,0
DA:301,0
DA:304,0
DA:305,0
DA:306,0
DA:308,0
DA:309,0
DA:310,0
DA:313,0
DA:315,0
DA:316,0
DA:317,0
DA:319,0
DA:333,0
DA:334,0
DA:338,0
DA:339,0
DA:341,0
DA:346,0
DA:348,0
DA:349,0
DA:351,0
DA:354,0
DA:355,0
DA:357,0
DA:358,0
DA:359,0
DA:361,0
DA:362,0
DA:363,0
DA:366,0
DA:367,0
DA:368,0
DA:374,0
DA:376,0
DA:377,0
DA:379,0
DA:381,0
DA:383,0
DA:384,0
DA:385,0
DA:388,0
DA:389,0
DA:390,0
DA:393,0
DA:398,0
DA:400,0
DA:401,0
DA:403,0
DA:405,0
DA:406,0
DA:409,0
DA:410,0
DA:412,0
DA:413,0
DA:416,0
DA:418,0
DA:426,0
DA:430,0
DA:431,0
DA:433,0
DA:438,0
DA:440,0
DA:441,0
DA:443,0
DA:445,0
DA:448,0
DA:452,0
DA:453,0
DA:456,0
DA:457,0
DA:459,0
DA:463,0
DA:466,0
DA:468,0
DA:470,0
DA:477,0
DA:478,0
DA:482,0
DA:483,0
DA:485,0
DA:495,0
DA:496,0
DA:498,0
DA:500,0
DA:501,0
DA:504,0
DA:505,0
DA:506,0
DA:507,0
DA:510,0
DA:522,0
DA:523,0
DA:524,0
DA:525,0
DA:527,0
DA:534,0
DA:535,0
DA:544,0
DA:545,0
DA:547,0
DA:548,0
DA:550,0
DA:551,0
DA:552,0
DA:553,0
DA:554,0
DA:559,0
DA:564,0
DA:565,0
DA:576,0
DA:577,0
DA:580,0
DA:583,0
LF:226
LH:0
BRDA:16,0,0,0
BRDA:18,1,0,0
BRDA:20,2,0,0
BRDA:22,3,0,0
BRDA:22,3,1,0
BRDA:54,4,0,0
BRDA:54,4,1,0
BRDA:91,5,0,0
BRDA:98,6,0,0
BRDA:167,7,0,0
BRDA:167,7,1,0
BRDA:175,8,0,0
BRDA:244,9,0,0
BRDA:294,10,0,0
BRDA:300,11,0,0
BRDA:308,12,0,0
BRDA:389,13,0,0
BRDA:412,14,0,0
BRDA:457,15,0,0
BRDA:500,16,0,0
BRDA:506,17,0,0
BRDA:576,18,0,0
BRF:22
BRH:0
end_of_record
TN:
SF:src/modules/staking/staking.module.ts
FNF:0
FNH:0
DA:11,0
LF:1
LH:0
BRF:0
BRH:0
end_of_record
TN:
SF:src/modules/staking/staking.ts
FN:11,deriveStakeAccount
FN:36,parseStakeAccountData
FN:66,(anonymous_3)
FN:110,(anonymous_4)
FN:125,(anonymous_5)
FN:137,(anonymous_6)
FN:145,(anonymous_7)
FN:157,(anonymous_8)
FN:186,(anonymous_9)
FN:189,(anonymous_10)
FN:192,(anonymous_11)
FN:195,(anonymous_12)
FN:198,(anonymous_13)
FN:201,(anonymous_14)
FNF:14
FNH:0
FNDA:0,deriveStakeAccount
FNDA:0,parseStakeAccountData
FNDA:0,(anonymous_3)
FNDA:0,(anonymous_4)
FNDA:0,(anonymous_5)
FNDA:0,(anonymous_6)
FNDA:0,(anonymous_7)
FNDA:0,(anonymous_8)
FNDA:0,(anonymous_9)
FNDA:0,(anonymous_10)
FNDA:0,(anonymous_11)
FNDA:0,(anonymous_12)
FNDA:0,(anonymous_13)
FNDA:0,(anonymous_14)
DA:12,0
DA:47,0
DA:48,0
DA:52,0
DA:54,0
DA:62,0
DA:70,0
DA:71,0
DA:72,0
DA:75,0
DA:77,0
DA:78,0
DA:85,0
DA:87,0
DA:95,0
DA:100,0
DA:111,0
DA:119,0
DA:126,0
DA:127,0
DA:128,0
DA:129,0
DA:130,0
DA:131,0
DA:138,0
DA:139,0
DA:150,0
DA:151,0
DA:160,0
DA:161,0
DA:162,0
DA:172,0
DA:173,0
DA:174,0
DA:175,0
DA:178,0
DA:180,0
DA:186,0
DA:187,0
DA:189,0
DA:190,0
DA:192,0
DA:193,0
DA:195,0
DA:196,0
DA:198,0
DA:199,0
DA:201,0
DA:202,0
LF:49
LH:0
BRDA:47,0,0,0
BRDA:56,1,0,0
BRDA:56,1,1,0
BRDA:68,2,0,0
BRDA:77,3,0,0
BRDA:77,4,0,0
BRDA:77,4,1,0
BRDA:91,5,0,0
BRDA:91,5,1,0
BRDA:102,6,0,0
BRDA:102,6,1,0
BRDA:119,7,0,0
BRDA:119,7,1,0
BRDA:126,8,0,0
BRDA:127,9,0,0
BRDA:128,10,0,0
BRDA:129,11,0,0
BRDA:130,12,0,0
BRDA:147,13,0,0
BRDA:151,14,0,0
BRDA:151,14,1,0
BRDA:151,15,0,0
BRDA:151,15,1,0
BRDA:158,16,0,0
BRF:24
BRH:0
end_of_record
TN:
SF:src/modules/staking/services/rewards.service.ts
FN:7,(anonymous_2)
FN:9,(anonymous_3)
FN:13,(anonymous_4)
FN:17,(anonymous_5)
FN:26,(anonymous_6)
FN:30,(anonymous_7)
FN:42,(anonymous_8)
FN:46,(anonymous_9)
FN:50,(anonymous_10)
FNF:9
FNH:0
FNDA:0,(anonymous_2)
FNDA:0,(anonymous_3)
FNDA:0,(anonymous_4)
FNDA:0,(anonymous_5)
FNDA:0,(anonymous_6)
FNDA:0,(anonymous_7)
FNDA:0,(anonymous_8)
FNDA:0,(anonymous_9)
FNDA:0,(anonymous_10)
DA:6,0
DA:7,0
DA:10,0
DA:14,0
DA:23,0
DA:27,0
DA:39,0
DA:43,0
DA:47,0
DA:51,0
LF:10
LH:0
BRF:0
BRH:0
end_of_record
TN:
SF:src/modules/staking/services/staking.service.ts
FN:6,(anonymous_2)
FN:8,(anonymous_3)
FN:12,(anonymous_4)
FN:16,(anonymous_5)
FN:20,(anonymous_6)
FN:24,(anonymous_7)
FN:28,(anonymous_8)
FNF:7
FNH:0
FNDA:0,(anonymous_2)
FNDA:0,(anonymous_3)
FNDA:0,(anonymous_4)
FNDA:0,(anonymous_5)
FNDA:0,(anonymous_6)
FNDA:0,(anonymous_7)
FNDA:0,(anonymous_8)
DA:5,0
DA:6,0
DA:9,0
DA:13,0
DA:17,0
DA:21,0
DA:25,0
DA:29,0
LF:8
LH:0
BRF:0
BRH:0
end_of_record
TN:
SF:src/modules/wallet/solana-balance.ts
FN:21,(anonymous_1)
FN:53,(anonymous_2)
FN:70,(anonymous_3)
FN:94,(anonymous_4)
FN:97,(anonymous_5)
FN:100,(anonymous_6)
FNF:6
FNH:0
FNDA:0,(anonymous_1)
FNDA:0,(anonymous_2)
FNDA:0,(anonymous_3)
FNDA:0,(anonymous_4)
FNDA:0,(anonymous_5)
FNDA:0,(anonymous_6)
DA:10,0
DA:12,0
DA:16,0
DA:22,0
DA:23,0
DA:24,0
DA:25,0
DA:27,0
DA:31,0
DA:32,0
DA:36,0
DA:37,0
DA:38,0
DA:39,0
DA:40,0
DA:44,0
DA:46,0
DA:57,0
DA:58,0
DA:59,0
DA:60,0
DA:61,0
DA:63,0
DA:75,0
DA:76,0
DA:81,0
DA:82,0
DA:83,0
DA:85,0
DA:86,0
DA:88,0
DA:94,0
DA:95,0
DA:97,0
DA:98,0
DA:100,0
DA:101,0
LF:37
LH:0
BRDA:10,0,0,0
BRDA:10,0,1,0
BRDA:12,1,0,0
BRDA:12,1,1,0
BRDA:31,2,0,0
BRDA:55,3,0,0
BRDA:59,4,0,0
BRDA:61,5,0,0
BRDA:61,5,1,0
BRDA:73,6,0,0
BRDA:81,7,0,0
BRDA:83,8,0,0
BRDA:83,8,1,0
BRF:13
BRH:0
end_of_record
TN:
SF:src/modules/wallet/wallet.module.ts
FNF:0
FNH:0
DA:9,0
LF:1
LH:0
BRF:0
BRH:0
end_of_record
TN:
SF:src/modules/wallet/wallet.ts
FN:35,(anonymous_1)
FN:50,deriveKey
FN:57,encryptWallet
FN:95,decryptWallet
FN:135,(anonymous_5)
FN:150,(anonymous_6)
FN:174,(anonymous_7)
FN:195,(anonymous_8)
FN:274,(anonymous_9)
FN:305,(anonymous_10)
FN:349,(anonymous_11)
FN:366,(anonymous_12)
FN:375,(anonymous_13)
FN:393,(anonymous_14)
FN:417,(anonymous_15)
FN:420,(anonymous_16)
FN:423,(anonymous_17)
FN:426,(anonymous_18)
FN:429,(anonymous_19)
FN:432,(anonymous_20)
FN:435,(anonymous_21)
FN:438,(anonymous_22)
FN:441,(anonymous_23)
FNF:23
FNH:0
FNDA:0,(anonymous_1)
FNDA:0,deriveKey
FNDA:0,encryptWallet
FNDA:0,decryptWallet
FNDA:0,(anonymous_5)
FNDA:0,(anonymous_6)
FNDA:0,(anonymous_7)
FNDA:0,(anonymous_8)
FNDA:0,(anonymous_9)
FNDA:0,(anonymous_10)
FNDA:0,(anonymous_11)
FNDA:0,(anonymous_12)
FNDA:0,(anonymous_13)
FNDA:0,(anonymous_14)
FNDA:0,(anonymous_15)
FNDA:0,(anonymous_16)
FNDA:0,(anonymous_17)
FNDA:0,(anonymous_18)
FNDA:0,(anonymous_19)
FNDA:0,(anonymous_20)
FNDA:0,(anonymous_21)
FNDA:0,(anonymous_22)
FNDA:0,(anonymous_23)
DA:35,0
DA:36,0
DA:37,0
DA:38,0
DA:41,0
DA:42,0
DA:43,0
DA:44,0
DA:45,0
DA:51,0
DA:59,0
DA:60,0
DA:63,0
DA:66,0
DA:69,0
DA:70,0
DA:76,0
DA:79,0
DA:81,0
DA:97,0
DA:100,0
DA:101,0
DA:102,0
DA:103,0
DA:106,0
DA:109,0
DA:110,0
DA:113,0
DA:114,0
DA:119,0
DA:125,0
DA:130,0
DA:137,0
DA:138,0
DA:139,0
DA:142,0
DA:143,0
DA:152,0
DA:153,0
DA:154,0
DA:155,0
DA:157,0
DA:160,0
DA:162,0
DA:163,0
DA:164,0
DA:165,0
DA:166,0
DA:167,0
DA:168,0
DA:171,0
DA:172,0
DA:175,0
DA:176,0
DA:180,0
DA:184,0
DA:185,0
DA:188,0
DA:199,0
DA:200,0
DA:204,0
DA:205,0
DA:208,0
DA:210,0
DA:211,0
DA:212,0
DA:215,0
DA:218,0
DA:221,0
DA:224,0
DA:226,0
DA:234,0
DA:237,0
DA:244,0
DA:253,0
DA:260,0
DA:265,0
DA:278,0
DA:280,0
DA:281,0
DA:284,0
DA:285,0
DA:287,0
DA:288,0
DA:292,0
DA:293,0
DA:297,0
DA:309,0
DA:310,0
DA:312,0
DA:313,0
DA:314,0
DA:315,0
DA:317,0
DA:320,0
DA:321,0
DA:325,0
DA:326,0
DA:327,0
DA:328,0
DA:329,0
DA:330,0
DA:333,0
DA:334,0
DA:338,0
DA:342,0
DA:350,0
DA:351,0
DA:352,0
DA:353,0
DA:355,0
DA:356,0
DA:357,0
DA:359,0
DA:367,0
DA:368,0
DA:376,0
DA:378,0
DA:379,0
DA:380,0
DA:381,0
DA:382,0
DA:383,0
DA:384,0
DA:385,0
DA:386,0
DA:387,0
DA:397,0
DA:398,0
DA:401,0
DA:404,0
DA:406,0
DA:412,0
DA:417,0
DA:418,0
DA:420,0
DA:421,0
DA:423,0
DA:424,0
DA:426,0
DA:427,0
DA:429,0
DA:430,0
DA:432,0
DA:433,0
DA:435,0
DA:436,0
DA:438,0
DA:439,0
DA:441,0
DA:442,0
LF:151
LH:0
BRDA:35,0,0,0
BRDA:35,0,1,0
BRDA:135,1,0,0
BRDA:138,2,0,0
BRDA:153,3,0,0
BRDA:154,4,0,0
BRDA:175,5,0,0
BRDA:184,6,0,0
BRDA:196,7,0,0
BRDA:199,8,0,0
BRDA:204,9,0,0
BRDA:275,10,0,0
BRDA:280,11,0,0
BRDA:287,12,0,0
BRDA:292,13,0,0
BRDA:306,14,0,0
BRDA:320,15,0,0
BRDA:325,16,0,0
BRDA:327,17,0,0
BRDA:349,18,0,0
BRDA:352,19,0,0
BRDA:366,20,0,0
BRDA:376,21,0,0
BRDA:394,22,0,0
BRF:24
BRH:0
end_of_record
TN:
SF:src/modules/wallet/services/wallet.service.ts
FN:6,(anonymous_2)
FN:8,(anonymous_3)
FN:12,(anonymous_4)
FN:16,(anonymous_5)
FN:20,(anonymous_6)
FN:24,(anonymous_7)
FN:28,(anonymous_8)
FN:32,(anonymous_9)
FN:36,(anonymous_10)
FN:40,(anonymous_11)
FNF:10
FNH:0
FNDA:0,(anonymous_2)
FNDA:0,(anonymous_3)
FNDA:0,(anonymous_4)
FNDA:0,(anonymous_5)
FNDA:0,(anonymous_6)
FNDA:0,(anonymous_7)
FNDA:0,(anonymous_8)
FNDA:0,(anonymous_9)
FNDA:0,(anonymous_10)
FNDA:0,(anonymous_11)
DA:5,0
DA:6,0
DA:9,0
DA:13,0
DA:17,0
DA:21,0
DA:25,0
DA:29,0
DA:33,0
DA:37,0
DA:41,0
LF:11
LH:0
BRF:0
BRH:0
end_of_record
TN:
SF:src/shared/embedding.ts
FN:30,(anonymous_1)
FN:57,(anonymous_2)
FN:87,(anonymous_3)
FN:117,(anonymous_4)
FN:120,(anonymous_5)
FN:129,(anonymous_6)
FN:132,(anonymous_7)
FN:135,(anonymous_8)
FNF:8
FNH:0
FNDA:0,(anonymous_1)
FNDA:0,(anonymous_2)
FNDA:0,(anonymous_3)
FNDA:0,(anonymous_4)
FNDA:0,(anonymous_5)
FNDA:0,(anonymous_6)
FNDA:0,(anonymous_7)
FNDA:0,(anonymous_8)
DA:26,0
DA:34,0
DA:35,0
DA:40,0
DA:46,0
DA:47,0
DA:50,0
DA:51,0
DA:58,0
DA:59,0
DA:62,0
DA:63,0
DA:66,0
DA:67,0
DA:68,0
DA:70,0
DA:71,0
DA:72,0
DA:73,0
DA:76,0
DA:77,0
DA:80,0
DA:93,0
DA:94,0
DA:97,0
DA:98,0
DA:102,0
DA:108,0
DA:110,0
DA:111,0
DA:112,0
DA:113,0
DA:117,0
DA:118,0
DA:120,0
DA:129,0
DA:130,0
DA:132,0
DA:133,0
DA:135,0
DA:136,0
LF:41
LH:0
BRDA:32,0,0,0
BRDA:46,1,0,0
BRDA:58,2,0,0
BRDA:62,3,0,0
BRDA:76,4,0,0
BRDA:76,5,0,0
BRDA:76,5,1,0
BRDA:90,6,0,0
BRDA:91,7,0,0
BRDA:93,8,0,0
BRDA:97,9,0,0
BRF:11
BRH:0
end_of_record
TN:
SF:src/shared/validation.ts
FN:29,(anonymous_1)
FN:48,(anonymous_2)
FN:77,(anonymous_3)
FN:101,(anonymous_4)
FN:108,(anonymous_5)
FN:119,(anonymous_6)
FN:125,(anonymous_7)
FN:128,(anonymous_8)
FN:131,(anonymous_9)
FN:134,(anonymous_10)
FN:137,(anonymous_11)
FN:140,(anonymous_12)
FNF:12
FNH:0
FNDA:0,(anonymous_1)
FNDA:0,(anonymous_2)
FNDA:0,(anonymous_3)
FNDA:0,(anonymous_4)
FNDA:0,(anonymous_5)
FNDA:0,(anonymous_6)
FNDA:0,(anonymous_7)
FNDA:0,(anonymous_8)
FNDA:0,(anonymous_9)
FNDA:0,(anonymous_10)
FNDA:0,(anonymous_11)
FNDA:0,(anonymous_12)
DA:25,0
DA:33,0
DA:34,0
DA:36,0
DA:52,0
DA:55,0
DA:56,0
DA:58,0
DA:59,0
DA:62,0
DA:64,0
DA:82,0
DA:83,0
DA:85,0
DA:86,0
DA:90,0
DA:91,0
DA:92,0
DA:95,0
DA:102,0
DA:112,0
DA:113,0
DA:120,0
DA:125,0
DA:126,0
DA:128,0
DA:129,0
DA:131,0
DA:132,0
DA:134,0
DA:135,0
DA:137,0
DA:138,0
DA:140,0
DA:141,0
LF:35
LH:0
BRDA:31,0,0,0
BRDA:33,1,0,0
BRDA:33,1,1,0
BRDA:85,2,0,0
BRDA:91,3,0,0
BRF:5
BRH:0
end_of_record
TN:
SF:src/utils/idl.ts
FN:8,requireEnv
FN:29,deriveStakeAccount
FN:39,deriveTokenMint
FN:49,deriveEscrowAccount
FN:59,getAllProgramIds
FNF:5
FNH:0
FNDA:0,requireEnv
FNDA:0,deriveStakeAccount
FNDA:0,deriveTokenMint
FNDA:0,deriveEscrowAccount
FNDA:0,getAllProgramIds
DA:9,0
DA:10,0
DA:11,0
DA:15,0
DA:16,0
DA:17,0
DA:19,0
DA:22,0
DA:23,0
DA:24,0
DA:30,0
DA:40,0
DA:50,0
DA:60,0
LF:14
LH:0
BRDA:10,0,0,0
BRF:1
BRH:0
end_of_record
TN:
SF:src/utils/logger.ts
FN:20,timestamp
FN:29,stripServicePrefix
FN:34,format
FN:36,(anonymous_3)
FN:43,(anonymous_4)
FN:48,(anonymous_5)
FN:51,(anonymous_6)
FN:54,(anonymous_7)
FNF:8
FNH:6
FNDA:22,timestamp
FNDA:22,stripServicePrefix
FNDA:22,format
FNDA:22,(anonymous_3)
FNDA:0,(anonymous_4)
FNDA:17,(anonymous_5)
FNDA:5,(anonymous_6)
FNDA:0,(anonymous_7)
DA:10,1
DA:21,22
DA:22,22
DA:23,22
DA:24,22
DA:25,22
DA:26,22
DA:31,22
DA:35,22
DA:36,22
DA:38,22
DA:39,22
DA:42,1
DA:44,0
DA:45,0
DA:49,17
DA:52,5
DA:55,0
DA:60,1
DA:68,1
LF:20
LH:17
BRDA:36,0,0,22
BRDA:36,0,1,0
BRDA:44,1,0,0
BRF:3
BRH:1
end_of_record
