TN:
SF:src/app.module.ts
FNF:0
FNH:0
DA:29,0
LF:1
LH:0
BRF:0
BRH:0
end_of_record
TN:
SF:src/node-runtime.ts
FN:61,startNode
FN:137,(anonymous_1)
FN:144,(anonymous_2)
FNF:3
FNH:0
FNDA:0,startNode
FNDA:0,(anonymous_1)
FNDA:0,(anonymous_2)
DA:82,0
DA:83,0
DA:84,0
DA:85,0
DA:88,0
DA:89,0
DA:93,0
DA:94,0
DA:95,0
DA:96,0
DA:97,0
DA:100,0
DA:104,0
DA:105,0
DA:106,0
DA:115,0
DA:116,0
DA:119,0
DA:120,0
DA:121,0
DA:122,0
DA:123,0
DA:124,0
DA:127,0
DA:138,0
DA:142,0
DA:145,0
DA:146,0
DA:147,0
DA:148,0
DA:149,0
DA:150,0
DA:155,0
LF:33
LH:0
BRDA:88,0,0,0
BRDA:88,0,1,0
BRDA:89,1,0,0
BRDA:89,1,1,0
BRDA:90,2,0,0
BRDA:90,2,1,0
BRDA:96,3,0,0
BRDA:110,4,0,0
BRDA:110,4,1,0
BRDA:111,5,0,0
BRDA:111,5,1,0
BRDA:116,6,0,0
BRDA:116,6,1,0
BRDA:123,7,0,0
BRDA:123,7,1,0
BRDA:124,8,0,0
BRDA:124,8,1,0
BRDA:134,9,0,0
BRDA:134,9,1,0
BRDA:148,10,0,0
BRF:20
BRH:0
end_of_record
TN:
SF:src/modules/agent/agent-brain.ts
FN:43,initBrain
FN:62,updateBrain
FN:137,getNextAction
FN:155,getRecentMemories
FN:161,(anonymous_5)
FN:162,(anonymous_6)
FN:171,getRecentJournal
FN:181,(anonymous_8)
FN:185,(anonymous_9)
FN:192,(anonymous_10)
FN:196,(anonymous_11)
FN:204,(anonymous_12)
FNF:12
FNH:7
FNDA:28,initBrain
FNDA:394,updateBrain
FNDA:6,getNextAction
FNDA:5,getRecentMemories
FNDA:12,(anonymous_5)
FNDA:6,(anonymous_6)
FNDA:4,getRecentJournal
FNDA:0,(anonymous_8)
FNDA:0,(anonymous_9)
FNDA:0,(anonymous_10)
FNDA:0,(anonymous_11)
FNDA:0,(anonymous_12)
DA:6,3
DA:38,3
DA:43,3
DA:44,28
DA:62,3
DA:72,394
DA:75,394
DA:76,25
DA:80,394
DA:86,394
DA:89,394
DA:97,394
DA:100,394
DA:102,365
DA:103,365
DA:106,365
DA:107,18
DA:109,18
DA:110,5
DA:115,29
DA:118,29
DA:119,19
DA:124,394
DA:125,100
DA:127,394
DA:128,100
DA:131,394
DA:137,3
DA:139,6
DA:140,2
DA:144,4
DA:145,2
DA:149,2
DA:155,3
DA:160,5
DA:161,12
DA:162,6
DA:165,5
DA:171,3
DA:172,4
DA:180,3
DA:182,0
DA:189,0
DA:193,0
DA:201,0
DA:205,0
LF:46
LH:41
BRDA:45,0,0,1
BRDA:45,0,1,27
BRDA:75,1,0,25
BRDA:75,2,0,394
BRDA:75,2,1,373
BRDA:82,3,0,365
BRDA:82,3,1,29
BRDA:84,4,0,365
BRDA:84,4,1,29
BRDA:92,5,0,365
BRDA:92,5,1,29
BRDA:94,6,0,394
BRDA:94,6,1,375
BRDA:95,7,0,346
BRDA:95,7,1,29
BRDA:100,8,0,365
BRDA:100,8,1,29
BRDA:106,9,0,18
BRDA:106,10,0,365
BRDA:106,10,1,19
BRDA:109,11,0,5
BRDA:118,12,0,19
BRDA:124,13,0,100
BRDA:127,14,0,100
BRDA:139,15,0,2
BRDA:144,16,0,2
BRDA:157,17,0,2
BRDA:158,18,0,2
BRDA:171,19,0,2
BRF:29
BRH:29
end_of_record
TN:
SF:src/modules/agent/agent-loop.ts
FN:53,getAgentLoopState
FN:60,resetAgentLoopState
FN:72,fetchTopExperiments
FN:87,(anonymous_5)
FN:88,(anonymous_6)
FN:99,createExperiment
FN:130,updateExperiment
FN:158,postToFeed
FN:177,runAgentIteration
FN:257,startAgentLoop
FN:308,stopAgentLoop
FN:316,sleep
FN:317,(anonymous_14)
FN:336,(anonymous_15)
FN:340,(anonymous_16)
FN:344,(anonymous_17)
FN:348,(anonymous_18)
FN:352,(anonymous_19)
FN:356,(anonymous_20)
FN:360,(anonymous_21)
FN:369,(anonymous_22)
FN:377,(anonymous_23)
FNF:22
FNH:13
FNDA:6,getAgentLoopState
FNDA:30,resetAgentLoopState
FNDA:18,fetchTopExperiments
FNDA:9,(anonymous_5)
FNDA:3,(anonymous_6)
FNDA:11,createExperiment
FNDA:10,updateExperiment
FNDA:11,postToFeed
FNDA:11,runAgentIteration
FNDA:4,startAgentLoop
FNDA:31,stopAgentLoop
FNDA:3,sleep
FNDA:3,(anonymous_14)
FNDA:0,(anonymous_15)
FNDA:0,(anonymous_16)
FNDA:0,(anonymous_17)
FNDA:0,(anonymous_18)
FNDA:0,(anonymous_19)
FNDA:0,(anonymous_20)
FNDA:0,(anonymous_21)
FNDA:0,(anonymous_22)
FNDA:0,(anonymous_23)
DA:12,2
DA:13,2
DA:14,2
DA:15,2
DA:43,2
DA:53,2
DA:54,6
DA:60,2
DA:61,30
DA:72,2
DA:76,18
DA:77,18
DA:79,16
DA:80,1
DA:83,15
DA:86,15
DA:87,9
DA:88,3
DA:91,2
DA:92,2
DA:99,2
DA:105,11
DA:106,11
DA:116,10
DA:117,1
DA:120,9
DA:121,9
DA:123,2
DA:130,2
DA:135,10
DA:136,10
DA:146,10
DA:147,1
DA:150,1
DA:151,1
DA:158,2
DA:165,11
DA:168,11
DA:170,1
DA:177,2
DA:181,11
DA:183,11
DA:186,11
DA:187,11
DA:188,10
DA:191,10
DA:192,2
DA:194,10
DA:197,10
DA:198,10
DA:199,9
DA:200,9
DA:203,9
DA:204,9
DA:205,1
DA:209,8
DA:210,8
DA:211,8
DA:212,8
DA:215,8
DA:216,8
DA:217,8
DA:224,8
DA:225,8
DA:226,8
DA:229,8
DA:230,8
DA:233,8
DA:234,8
DA:235,7
DA:236,7
DA:240,8
DA:242,8
DA:243,8
DA:245,8
DA:257,2
DA:258,4
DA:259,1
DA:262,3
DA:263,3
DA:265,3
DA:266,3
DA:267,3
DA:268,3
DA:269,3
DA:270,3
DA:271,2
DA:273,3
DA:275,3
DA:276,3
DA:278,3
DA:280,6
DA:281,2
DA:282,2
DA:285,4
DA:286,4
DA:288,1
DA:292,3
DA:293,3
DA:294,3
DA:297,3
DA:300,2
DA:301,2
DA:308,2
DA:309,31
DA:310,31
DA:317,3
DA:321,2
DA:335,2
DA:337,0
DA:341,0
DA:345,0
DA:349,0
DA:353,0
DA:357,0
DA:366,0
DA:374,0
DA:384,0
LF:118
LH:109
BRDA:74,0,0,17
BRDA:79,1,0,1
BRDA:86,2,0,15
BRDA:86,2,1,1
BRDA:87,3,0,9
BRDA:87,3,1,8
BRDA:88,4,0,3
BRDA:88,4,1,0
BRDA:88,5,0,3
BRDA:88,5,1,0
BRDA:116,6,0,1
BRDA:146,7,0,1
BRDA:168,8,0,9
BRDA:168,8,1,2
BRDA:191,9,0,2
BRDA:191,10,0,10
BRDA:191,10,1,2
BRDA:204,11,0,1
BRDA:210,12,0,2
BRDA:210,12,1,6
BRDA:216,13,0,2
BRDA:216,13,1,6
BRDA:234,14,0,7
BRDA:258,15,0,1
BRDA:270,16,0,2
BRDA:280,17,0,2
BRDA:280,18,0,6
BRDA:280,18,1,5
BRDA:292,19,0,3
BRF:29
BRH:27
end_of_record
TN:
SF:src/modules/agent/agent.module.ts
FNF:0
FNH:0
DA:20,0
LF:1
LH:0
BRF:0
BRH:0
end_of_record
TN:
SF:src/modules/agent/round-listener.ts
FN:31,startRoundListener
FN:41,(anonymous_2)
FN:45,(anonymous_3)
FN:49,(anonymous_4)
FN:52,(anonymous_5)
FN:53,(anonymous_6)
FN:75,(anonymous_7)
FN:80,stopRoundListener
FNF:8
FNH:2
FNDA:5,startRoundListener
FNDA:0,(anonymous_2)
FNDA:0,(anonymous_3)
FNDA:0,(anonymous_4)
FNDA:0,(anonymous_5)
FNDA:0,(anonymous_6)
FNDA:1,(anonymous_7)
FNDA:0,stopRoundListener
DA:7,5
DA:8,5
DA:24,5
DA:31,5
DA:32,5
DA:34,1
DA:41,1
DA:42,0
DA:45,1
DA:46,0
DA:49,1
DA:50,0
DA:52,0
DA:53,0
DA:54,0
DA:56,0
DA:57,0
DA:58,0
DA:63,0
DA:64,0
DA:65,0
DA:71,0
DA:75,1
DA:76,1
DA:80,5
DA:81,0
DA:82,0
DA:83,0
LF:28
LH:12
BRDA:32,0,0,4
BRDA:56,1,0,0
BRDA:56,1,1,0
BRDA:57,2,0,0
BRDA:57,2,1,0
BRDA:57,3,0,0
BRDA:57,3,1,0
BRDA:63,4,0,0
BRDA:63,4,1,0
BRDA:81,5,0,0
BRF:10
BRH:1
end_of_record
TN:
SF:src/modules/agent/work-order-agent.ts
FN:33,parseSynToLamports
FN:89,scoreResearchResult
FN:109,(anonymous_13)
FN:223,getModelCostPer1kTokens
FN:242,getWorkOrderAgentState
FN:249,resetWorkOrderAgentState
FN:263,fetchAvailableWorkOrders
FN:293,acceptWorkOrder
FN:326,completeWorkOrder
FN:412,isDiLoCoWorkOrder
FN:431,uploadGradients
FN:470,executeDiLoCoWorkOrder
FN:538,(anonymous_23)
FN:538,(anonymous_24)
FN:575,isTrainingWorkOrder
FN:590,fetchTopExperiments
FN:597,(anonymous_27)
FN:612,submitTrainingExperiment
FN:647,submitTrainingToExperiments
FN:680,getDatasetCacheDir
FN:692,downloadDataset
FN:771,executeTrainingWorkOrder
FN:865,isResearchWorkOrder
FN:880,extractResearchPayload
FN:898,buildResearchPrompt
FN:923,fetchHyperparamConfig
FN:936,reportHyperparamExperiment
FN:961,executeResearchWorkOrder
FN:1052,submitResearchResult
FN:1090,saveResearchToBrain
FN:1136,fetchSynPriceUsd
FN:1165,(anonymous_42)
FN:1167,(anonymous_43)
FN:1191,loadEconomicConfig
FN:1233,loadEconomicConfigAsync
FN:1252,estimateLLMCost
FN:1282,evaluateWorkOrder
FN:1360,executeWorkOrder
FN:1397,buildWorkOrderPrompt
FN:1411,runWorkOrderAgentIteration
FN:1436,(anonymous_51)
FN:1543,(anonymous_52)
FN:1549,(anonymous_53)
FN:1626,startWorkOrderAgent
FN:1673,stopWorkOrderAgent
FN:1682,shouldStopForMaxIterations
FN:1694,shouldContinueLoop
FN:1708,shouldSleepBetweenIterations
FN:1715,sleep
FN:1716,(anonymous_60)
FN:1758,(anonymous_61)
FN:1762,(anonymous_62)
FN:1766,(anonymous_63)
FN:1770,(anonymous_64)
FN:1774,(anonymous_65)
FN:1782,(anonymous_66)
FN:1790,(anonymous_67)
FN:1799,(anonymous_68)
FN:1809,(anonymous_69)
FN:1817,(anonymous_70)
FN:1825,(anonymous_71)
FN:1834,(anonymous_72)
FN:1838,(anonymous_73)
FN:1842,(anonymous_74)
FN:1846,(anonymous_75)
FN:1850,(anonymous_76)
FN:1854,(anonymous_77)
FN:1858,(anonymous_78)
FN:1862,(anonymous_79)
FN:1866,(anonymous_80)
FN:1870,(anonymous_81)
FN:1874,(anonymous_82)
FN:1878,(anonymous_83)
FN:1882,(anonymous_84)
FNF:74
FNH:44
FNDA:19,parseSynToLamports
FNDA:13,scoreResearchResult
FNDA:22,(anonymous_13)
FNDA:15,getModelCostPer1kTokens
FNDA:6,getWorkOrderAgentState
FNDA:92,resetWorkOrderAgentState
FNDA:24,fetchAvailableWorkOrders
FNDA:10,acceptWorkOrder
FNDA:10,completeWorkOrder
FNDA:15,isDiLoCoWorkOrder
FNDA:4,uploadGradients
FNDA:2,executeDiLoCoWorkOrder
FNDA:1,(anonymous_23)
FNDA:1,(anonymous_24)
FNDA:16,isTrainingWorkOrder
FNDA:10,fetchTopExperiments
FNDA:7,(anonymous_27)
FNDA:8,submitTrainingExperiment
FNDA:7,submitTrainingToExperiments
FNDA:33,getDatasetCacheDir
FNDA:21,downloadDataset
FNDA:6,executeTrainingWorkOrder
FNDA:47,isResearchWorkOrder
FNDA:19,extractResearchPayload
FNDA:8,buildResearchPrompt
FNDA:3,fetchHyperparamConfig
FNDA:0,reportHyperparamExperiment
FNDA:8,executeResearchWorkOrder
FNDA:6,submitResearchResult
FNDA:3,saveResearchToBrain
FNDA:0,fetchSynPriceUsd
FNDA:0,(anonymous_42)
FNDA:0,(anonymous_43)
FNDA:12,loadEconomicConfig
FNDA:0,loadEconomicConfigAsync
FNDA:9,estimateLLMCost
FNDA:13,evaluateWorkOrder
FNDA:5,executeWorkOrder
FNDA:5,buildWorkOrderPrompt
FNDA:19,runWorkOrderAgentIteration
FNDA:7,(anonymous_51)
FNDA:3,(anonymous_52)
FNDA:0,(anonymous_53)
FNDA:6,startWorkOrderAgent
FNDA:3,stopWorkOrderAgent
FNDA:8,shouldStopForMaxIterations
FNDA:26,shouldContinueLoop
FNDA:13,shouldSleepBetweenIterations
FNDA:10,sleep
FNDA:10,(anonymous_60)
FNDA:0,(anonymous_61)
FNDA:0,(anonymous_62)
FNDA:0,(anonymous_63)
FNDA:0,(anonymous_64)
FNDA:0,(anonymous_65)
FNDA:0,(anonymous_66)
FNDA:0,(anonymous_67)
FNDA:0,(anonymous_68)
FNDA:0,(anonymous_69)
FNDA:0,(anonymous_70)
FNDA:0,(anonymous_71)
FNDA:0,(anonymous_72)
FNDA:0,(anonymous_73)
FNDA:0,(anonymous_74)
FNDA:0,(anonymous_75)
FNDA:0,(anonymous_76)
FNDA:0,(anonymous_77)
FNDA:0,(anonymous_78)
FNDA:0,(anonymous_79)
FNDA:0,(anonymous_80)
FNDA:0,(anonymous_81)
FNDA:0,(anonymous_82)
FNDA:0,(anonymous_83)
FNDA:0,(anonymous_84)
DA:12,5
DA:13,5
DA:14,5
DA:15,5
DA:16,5
DA:17,5
DA:20,5
DA:21,5
DA:22,5
DA:23,5
DA:24,5
DA:34,19
DA:36,19
DA:38,0
DA:39,0
DA:40,0
DA:41,0
DA:89,5
DA:90,13
DA:93,13
DA:94,13
DA:95,7
DA:96,6
DA:97,1
DA:101,13
DA:102,13
DA:103,13
DA:104,6
DA:105,7
DA:106,4
DA:108,13
DA:109,22
DA:110,10
DA:114,13
DA:115,13
DA:116,8
DA:117,5
DA:118,0
DA:121,13
DA:173,5
DA:175,5
DA:188,5
DA:217,5
DA:223,5
DA:225,15
DA:226,9
DA:230,6
DA:231,1
DA:235,5
DA:236,5
DA:242,5
DA:243,6
DA:249,5
DA:250,92
DA:263,5
DA:268,24
DA:269,24
DA:270,24
DA:272,24
DA:274,22
DA:275,2
DA:277,1
DA:279,1
DA:282,20
DA:283,20
DA:285,3
DA:286,3
DA:293,5
DA:299,10
DA:300,10
DA:310,9
DA:311,2
DA:312,2
DA:313,2
DA:316,7
DA:318,1
DA:319,1
DA:326,5
DA:333,10
DA:334,10
DA:345,9
DA:346,2
DA:347,2
DA:348,2
DA:351,7
DA:354,7
DA:355,6
DA:358,7
DA:360,1
DA:361,1
DA:412,5
DA:413,15
DA:414,14
DA:415,14
DA:416,7
DA:424,7
DA:431,5
DA:437,4
DA:438,4
DA:439,4
DA:440,4
DA:446,4
DA:451,2
DA:452,1
DA:453,1
DA:454,1
DA:456,1
DA:458,2
DA:459,2
DA:470,5
DA:476,2
DA:479,2
DA:480,2
DA:482,1
DA:487,1
DA:488,0
DA:495,0
DA:496,0
DA:497,0
DA:499,0
DA:500,0
DA:505,1
DA:506,1
DA:507,1
DA:508,1
DA:510,0
DA:514,1
DA:521,1
DA:522,1
DA:532,0
DA:533,0
DA:537,1
DA:538,1
DA:539,1
DA:541,1
DA:547,1
DA:548,1
DA:551,0
DA:554,1
DA:564,1
DA:569,1
DA:575,5
DA:576,16
DA:579,14
DA:580,14
DA:581,7
DA:583,7
DA:590,5
DA:591,10
DA:592,10
DA:593,9
DA:594,8
DA:596,8
DA:597,8
DA:605,1
DA:612,5
DA:619,8
DA:620,8
DA:647,5
DA:655,7
DA:656,7
DA:680,5
DA:681,33
DA:692,5
DA:693,21
DA:694,21
DA:695,21
DA:698,21
DA:699,0
DA:705,21
DA:706,19
DA:707,19
DA:711,18
DA:712,18
DA:718,21
DA:719,21
DA:720,21
DA:721,12
DA:722,9
DA:723,3
DA:727,21
DA:728,21
DA:731,3
DA:732,2
DA:733,2
DA:735,1
DA:738,18
DA:740,4
DA:741,4
DA:744,14
DA:745,2
DA:746,1
DA:747,1
DA:749,1
DA:753,12
DA:754,7
DA:757,7
DA:758,7
DA:759,7
DA:760,7
DA:761,7
DA:762,7
DA:764,7
DA:765,7
DA:771,5
DA:778,6
DA:781,6
DA:782,6
DA:784,1
DA:788,5
DA:791,5
DA:794,5
DA:795,1
DA:802,5
DA:803,5
DA:804,5
DA:805,0
DA:807,5
DA:812,5
DA:813,5
DA:820,1
DA:821,1
DA:824,4
DA:827,4
DA:835,4
DA:844,4
DA:856,4
DA:858,4
DA:865,5
DA:866,47
DA:869,44
DA:870,44
DA:871,21
DA:873,23
DA:880,5
DA:881,19
DA:882,19
DA:883,16
DA:884,14
DA:889,2
DA:891,3
DA:898,5
DA:899,8
DA:923,5
DA:927,3
DA:928,3
DA:929,3
DA:930,0
DA:932,0
DA:936,5
DA:943,0
DA:944,0
DA:961,5
DA:968,8
DA:970,8
DA:971,8
DA:972,1
DA:976,7
DA:977,7
DA:978,7
DA:979,3
DA:980,3
DA:981,0
DA:982,0
DA:983,0
DA:987,7
DA:988,7
DA:989,7
DA:992,7
DA:995,7
DA:1001,7
DA:1005,7
DA:1007,7
DA:1008,1
DA:1011,7
DA:1012,7
DA:1013,7
DA:1016,6
DA:1017,1
DA:1020,5
DA:1023,5
DA:1024,0
DA:1029,0
DA:1030,0
DA:1033,5
DA:1035,2
DA:1036,2
DA:1052,5
DA:1059,6
DA:1060,6
DA:1073,5
DA:1074,2
DA:1075,2
DA:1076,2
DA:1079,3
DA:1080,3
DA:1082,1
DA:1083,1
DA:1090,5
DA:1095,3
DA:1101,3
DA:1104,3
DA:1110,3
DA:1113,3
DA:1114,1
DA:1116,3
DA:1117,1
DA:1126,5
DA:1127,5
DA:1136,5
DA:1137,0
DA:1140,0
DA:1141,0
DA:1145,0
DA:1146,0
DA:1149,0
DA:1150,0
DA:1151,0
DA:1152,0
DA:1155,0
DA:1156,0
DA:1157,0
DA:1158,0
DA:1160,0
DA:1165,0
DA:1166,0
DA:1167,0
DA:1168,0
DA:1169,0
DA:1171,0
DA:1172,0
DA:1173,0
DA:1175,0
DA:1176,0
DA:1191,5
DA:1193,12
DA:1198,12
DA:1199,12
DA:1204,12
DA:1206,2
DA:1207,10
DA:1209,5
DA:1212,5
DA:1217,12
DA:1219,12
DA:1233,5
DA:1234,0
DA:1236,0
DA:1237,0
DA:1239,0
DA:1252,5
DA:1257,9
DA:1258,5
DA:1262,4
DA:1263,4
DA:1264,4
DA:1267,4
DA:1268,4
DA:1282,5
DA:1286,13
DA:1288,13
DA:1291,13
DA:1292,6
DA:1303,7
DA:1304,7
DA:1305,1
DA:1316,6
DA:1319,6
DA:1320,4
DA:1331,2
DA:1332,0
DA:1342,2
DA:1343,2
DA:1345,2
DA:1360,5
DA:1365,5
DA:1367,5
DA:1369,5
DA:1370,0
DA:1375,0
DA:1379,5
DA:1380,5
DA:1382,3
DA:1384,3
DA:1386,2
DA:1387,2
DA:1398,5
DA:1411,5
DA:1416,19
DA:1418,19
DA:1419,19
DA:1422,19
DA:1423,19
DA:1425,19
DA:1426,12
DA:1427,12
DA:1430,7
DA:1435,7
DA:1436,7
DA:1437,7
DA:1438,3
DA:1439,3
DA:1440,0
DA:1441,0
DA:1442,0
DA:1444,3
DA:1446,4
DA:1448,7
DA:1449,0
DA:1451,7
DA:1452,0
DA:1453,0
DA:1457,7
DA:1458,7
DA:1461,7
DA:1462,7
DA:1464,7
DA:1465,7
DA:1466,7
DA:1467,7
DA:1468,7
DA:1470,7
DA:1471,0
DA:1472,0
DA:1476,7
DA:1477,7
DA:1479,7
DA:1480,1
DA:1481,1
DA:1484,6
DA:1485,6
DA:1488,6
DA:1494,6
DA:1496,0
DA:1502,0
DA:1503,0
DA:1504,6
DA:1506,0
DA:1513,0
DA:1514,0
DA:1515,6
DA:1517,3
DA:1519,3
DA:1528,3
DA:1529,3
DA:1530,3
DA:1533,3
DA:1534,1
DA:1535,1
DA:1539,3
DA:1541,3
DA:1543,3
DA:1544,3
DA:1545,3
DA:1546,3
DA:1547,3
DA:1548,3
DA:1549,3
DA:1552,3
DA:1554,0
DA:1556,3
DA:1559,3
DA:1560,3
DA:1561,0
DA:1564,3
DA:1571,3
DA:1572,2
DA:1577,3
DA:1578,3
DA:1579,3
DA:1583,6
DA:1584,0
DA:1585,0
DA:1586,0
DA:1589,6
DA:1590,6
DA:1598,6
DA:1599,5
DA:1600,5
DA:1601,5
DA:1602,5
DA:1604,3
DA:1605,3
DA:1607,2
DA:1610,1
DA:1613,6
DA:1614,6
DA:1618,1
DA:1619,1
DA:1620,1
DA:1626,5
DA:1627,6
DA:1628,1
DA:1631,5
DA:1632,5
DA:1635,5
DA:1636,5
DA:1640,5
DA:1641,5
DA:1661,5
DA:1662,4
DA:1665,5
DA:1666,5
DA:1673,5
DA:1674,3
DA:1675,3
DA:1682,5
DA:1686,8
DA:1687,6
DA:1694,5
DA:1699,26
DA:1700,22
DA:1701,16
DA:1708,5
DA:1709,13
DA:1716,10
DA:1720,5
DA:1757,5
DA:1759,0
DA:1763,0
DA:1767,0
DA:1771,0
DA:1779,0
DA:1787,0
DA:1796,0
DA:1806,0
DA:1814,0
DA:1822,0
DA:1831,0
DA:1835,0
DA:1839,0
DA:1843,0
DA:1847,0
DA:1851,0
DA:1855,0
DA:1859,0
DA:1863,0
DA:1867,0
DA:1871,0
DA:1875,0
DA:1879,0
DA:1883,0
LF:542
LH:441
BRDA:34,0,0,0
BRDA:36,1,0,19
BRDA:38,2,0,0
BRDA:93,3,0,13
BRDA:93,3,1,0
BRDA:94,4,0,7
BRDA:94,4,1,6
BRDA:96,5,0,1
BRDA:101,6,0,13
BRDA:101,6,1,0
BRDA:103,7,0,6
BRDA:103,7,1,7
BRDA:105,8,0,4
BRDA:108,9,0,10
BRDA:109,10,0,22
BRDA:109,10,1,0
BRDA:110,11,0,6
BRDA:114,12,0,13
BRDA:114,12,1,0
BRDA:115,13,0,8
BRDA:115,13,1,5
BRDA:117,14,0,0
BRDA:173,15,0,5
BRDA:173,15,1,5
BRDA:225,16,0,9
BRDA:230,17,0,1
BRDA:274,18,0,2
BRDA:275,19,0,1
BRDA:283,20,0,20
BRDA:283,20,1,1
BRDA:297,21,0,2
BRDA:310,22,0,2
BRDA:331,23,0,1
BRDA:345,24,0,2
BRDA:354,25,0,6
BRDA:354,26,0,7
BRDA:354,26,1,7
BRDA:413,27,0,1
BRDA:417,28,0,7
BRDA:417,28,1,3
BRDA:417,28,2,2
BRDA:417,28,3,2
BRDA:417,28,4,2
BRDA:451,29,0,1
BRDA:487,30,0,0
BRDA:514,31,0,0
BRDA:514,31,1,1
BRDA:516,32,0,0
BRDA:516,32,1,1
BRDA:547,33,0,1
BRDA:576,34,0,2
BRDA:581,35,0,7
BRDA:581,35,1,1
BRDA:581,35,2,1
BRDA:593,36,0,1
BRDA:596,37,0,8
BRDA:596,37,1,1
BRDA:598,38,0,7
BRDA:598,38,1,0
BRDA:600,39,0,7
BRDA:600,39,1,0
BRDA:601,40,0,7
BRDA:601,40,1,0
BRDA:626,41,0,8
BRDA:626,41,1,8
BRDA:698,42,0,0
BRDA:705,43,0,19
BRDA:720,44,0,12
BRDA:720,44,1,9
BRDA:722,45,0,3
BRDA:731,46,0,2
BRDA:738,47,0,4
BRDA:744,48,0,2
BRDA:745,49,0,1
BRDA:760,50,0,1
BRDA:761,51,0,1
BRDA:794,52,0,1
BRDA:816,53,0,1
BRDA:816,53,1,4
BRDA:866,54,0,3
BRDA:871,55,0,21
BRDA:871,55,1,19
BRDA:883,56,0,14
BRDA:883,57,0,16
BRDA:883,57,1,15
BRDA:929,58,0,3
BRDA:949,59,0,0
BRDA:949,59,1,0
BRDA:971,60,0,1
BRDA:978,61,0,3
BRDA:980,62,0,0
BRDA:989,63,0,0
BRDA:989,63,1,7
BRDA:1005,64,0,7
BRDA:1005,64,1,6
BRDA:1007,65,0,1
BRDA:1012,66,0,6
BRDA:1012,66,1,1
BRDA:1016,67,0,1
BRDA:1016,68,0,6
BRDA:1016,68,1,6
BRDA:1016,68,2,5
BRDA:1023,69,0,0
BRDA:1023,70,0,5
BRDA:1023,70,1,0
BRDA:1023,70,2,0
BRDA:1025,71,0,0
BRDA:1025,71,1,0
BRDA:1026,72,0,0
BRDA:1026,72,1,0
BRDA:1027,73,0,0
BRDA:1027,73,1,0
BRDA:1033,74,0,5
BRDA:1033,74,1,5
BRDA:1044,75,0,2
BRDA:1044,75,1,2
BRDA:1069,76,0,0
BRDA:1069,76,1,6
BRDA:1073,77,0,2
BRDA:1113,78,0,1
BRDA:1116,79,0,1
BRDA:1140,80,0,0
BRDA:1145,81,0,0
BRDA:1145,82,0,0
BRDA:1145,82,1,0
BRDA:1150,83,0,0
BRDA:1158,84,0,0
BRDA:1165,85,0,0
BRDA:1165,85,1,0
BRDA:1166,86,0,0
BRDA:1167,87,0,0
BRDA:1167,87,1,0
BRDA:1167,88,0,0
BRDA:1167,88,1,0
BRDA:1169,89,0,0
BRDA:1169,90,0,0
BRDA:1169,90,1,0
BRDA:1193,91,0,12
BRDA:1193,91,1,9
BRDA:1193,91,2,5
BRDA:1199,92,0,5
BRDA:1199,92,1,7
BRDA:1204,93,0,2
BRDA:1204,93,1,10
BRDA:1207,94,0,5
BRDA:1207,94,1,5
BRDA:1217,95,0,12
BRDA:1217,95,1,11
BRDA:1224,96,0,12
BRDA:1224,96,1,11
BRDA:1236,97,0,0
BRDA:1257,98,0,5
BRDA:1291,99,0,6
BRDA:1304,100,0,1
BRDA:1319,101,0,4
BRDA:1331,102,0,0
BRDA:1351,103,0,1
BRDA:1351,103,1,1
BRDA:1369,104,0,0
BRDA:1425,105,0,12
BRDA:1437,106,0,3
BRDA:1439,107,0,0
BRDA:1439,108,0,3
BRDA:1439,108,1,0
BRDA:1448,109,0,0
BRDA:1451,110,0,0
BRDA:1467,111,0,7
BRDA:1467,111,1,0
BRDA:1468,112,0,7
BRDA:1468,112,1,0
BRDA:1470,113,0,0
BRDA:1479,114,0,1
BRDA:1494,115,0,0
BRDA:1494,115,1,6
BRDA:1504,116,0,0
BRDA:1504,116,1,6
BRDA:1515,117,0,3
BRDA:1515,117,1,3
BRDA:1525,118,0,3
BRDA:1525,118,1,0
BRDA:1533,119,0,1
BRDA:1533,120,0,3
BRDA:1533,120,1,1
BRDA:1539,121,0,3
BRDA:1546,122,0,0
BRDA:1548,123,0,0
BRDA:1549,124,0,0
BRDA:1549,124,1,0
BRDA:1549,124,2,0
BRDA:1552,125,0,0
BRDA:1560,126,0,0
BRDA:1571,127,0,2
BRDA:1583,128,0,0
BRDA:1583,129,0,6
BRDA:1583,129,1,3
BRDA:1583,129,2,3
BRDA:1583,129,3,3
BRDA:1598,130,0,5
BRDA:1598,130,1,1
BRDA:1602,131,0,3
BRDA:1602,131,1,2
BRDA:1627,132,0,1
BRDA:1635,133,0,5
BRDA:1635,133,1,0
BRDA:1661,134,0,4
BRDA:1661,135,0,5
BRDA:1661,135,1,4
BRDA:1686,136,0,2
BRDA:1699,137,0,4
BRDA:1700,138,0,6
BRDA:1700,139,0,22
BRDA:1700,139,1,15
BRF:212
BRH:146
end_of_record
TN:
SF:src/modules/agent/services/agent-brain.service.ts
FN:6,(anonymous_2)
FN:8,(anonymous_3)
FN:12,(anonymous_4)
FN:19,(anonymous_5)
FN:23,(anonymous_6)
FN:31,(anonymous_7)
FNF:6
FNH:6
FNDA:11,(anonymous_2)
FNDA:2,(anonymous_3)
FNDA:2,(anonymous_4)
FNDA:3,(anonymous_5)
FNDA:2,(anonymous_6)
FNDA:2,(anonymous_7)
DA:1,1
DA:2,1
DA:5,1
DA:6,11
DA:9,2
DA:16,2
DA:20,3
DA:28,2
DA:32,2
LF:9
LH:9
BRF:0
BRH:0
end_of_record
TN:
SF:src/modules/agent/services/agent-loop.service.ts
FN:9,(anonymous_2)
FN:11,(anonymous_3)
FN:15,(anonymous_4)
FN:19,(anonymous_5)
FN:23,(anonymous_6)
FN:27,(anonymous_7)
FN:31,(anonymous_8)
FN:35,(anonymous_9)
FN:44,(anonymous_10)
FN:52,(anonymous_11)
FNF:10
FNH:10
FNDA:10,(anonymous_2)
FNDA:1,(anonymous_3)
FNDA:1,(anonymous_4)
FNDA:1,(anonymous_5)
FNDA:1,(anonymous_6)
FNDA:1,(anonymous_7)
FNDA:2,(anonymous_8)
FNDA:1,(anonymous_9)
FNDA:1,(anonymous_10)
FNDA:1,(anonymous_11)
DA:1,1
DA:2,1
DA:8,1
DA:9,10
DA:12,1
DA:16,1
DA:20,1
DA:24,1
DA:28,1
DA:32,2
DA:41,1
DA:49,1
DA:59,1
LF:13
LH:13
BRF:0
BRH:0
end_of_record
TN:
SF:src/modules/agent/services/work-order-agent.service.ts
FN:16,(anonymous_2)
FN:18,(anonymous_3)
FN:22,(anonymous_4)
FN:26,(anonymous_5)
FN:30,(anonymous_6)
FN:34,(anonymous_7)
FN:42,(anonymous_8)
FN:50,(anonymous_9)
FN:59,(anonymous_10)
FN:69,(anonymous_11)
FN:77,(anonymous_12)
FN:85,(anonymous_13)
FN:89,(anonymous_14)
FN:93,(anonymous_15)
FN:97,(anonymous_16)
FN:101,(anonymous_17)
FN:105,(anonymous_18)
FN:109,(anonymous_19)
FN:113,(anonymous_20)
FN:117,(anonymous_21)
FN:121,(anonymous_22)
FN:125,(anonymous_23)
FNF:22
FNH:22
FNDA:23,(anonymous_2)
FNDA:1,(anonymous_3)
FNDA:1,(anonymous_4)
FNDA:1,(anonymous_5)
FNDA:1,(anonymous_6)
FNDA:2,(anonymous_7)
FNDA:1,(anonymous_8)
FNDA:1,(anonymous_9)
FNDA:1,(anonymous_10)
FNDA:1,(anonymous_11)
FNDA:1,(anonymous_12)
FNDA:1,(anonymous_13)
FNDA:1,(anonymous_14)
FNDA:1,(anonymous_15)
FNDA:1,(anonymous_16)
FNDA:2,(anonymous_17)
FNDA:1,(anonymous_18)
FNDA:1,(anonymous_19)
FNDA:1,(anonymous_20)
FNDA:1,(anonymous_21)
FNDA:1,(anonymous_22)
FNDA:1,(anonymous_23)
DA:1,1
DA:2,1
DA:15,1
DA:16,23
DA:19,1
DA:23,1
DA:27,1
DA:31,1
DA:39,2
DA:47,1
DA:56,1
DA:66,1
DA:74,1
DA:82,1
DA:86,1
DA:90,1
DA:94,1
DA:98,1
DA:102,2
DA:106,1
DA:110,1
DA:114,1
DA:118,1
DA:122,1
DA:131,1
LF:25
LH:25
BRF:0
BRH:0
end_of_record
TN:
SF:src/modules/config/config.ts
FN:26,(anonymous_1)
FN:35,(anonymous_2)
FN:36,(anonymous_3)
FN:65,(anonymous_4)
FN:72,(anonymous_5)
FN:76,(anonymous_6)
FN:90,(anonymous_7)
FN:99,(anonymous_8)
FN:102,(anonymous_9)
FN:105,(anonymous_10)
FN:108,(anonymous_11)
FN:111,(anonymous_12)
FN:114,(anonymous_13)
FNF:13
FNH:13
FNDA:5,(anonymous_1)
FNDA:3,(anonymous_2)
FNDA:3,(anonymous_3)
FNDA:3,(anonymous_4)
FNDA:8,(anonymous_5)
FNDA:10,(anonymous_6)
FNDA:10,(anonymous_7)
FNDA:3,(anonymous_8)
FNDA:3,(anonymous_9)
FNDA:3,(anonymous_10)
FNDA:8,(anonymous_11)
FNDA:10,(anonymous_12)
FNDA:10,(anonymous_13)
DA:1,2
DA:2,2
DA:3,2
DA:4,2
DA:7,2
DA:8,2
DA:10,2
DA:25,2
DA:27,5
DA:36,3
DA:37,3
DA:38,2
DA:39,2
DA:41,1
DA:44,1
DA:62,3
DA:66,3
DA:67,1
DA:69,3
DA:73,8
DA:78,10
DA:79,10
DA:81,7
DA:82,7
DA:85,5
DA:87,3
DA:91,10
DA:99,2
DA:100,3
DA:102,2
DA:103,3
DA:105,2
DA:106,3
DA:108,2
DA:109,8
DA:111,2
DA:112,10
DA:114,2
DA:115,10
LF:39
LH:39
BRDA:7,0,0,2
BRDA:7,0,1,2
BRDA:29,1,0,5
BRDA:29,1,1,5
BRDA:37,2,0,2
BRDA:66,3,0,1
BRDA:73,4,0,8
BRDA:73,4,1,6
BRDA:79,5,0,3
BRDA:82,6,0,2
BRDA:82,7,0,7
BRDA:82,7,1,6
BRDA:85,8,0,2
BRDA:91,9,0,10
BRDA:91,9,1,8
BRDA:91,9,2,6
BRDA:91,9,3,5
BRF:17
BRH:17
end_of_record
TN:
SF:src/modules/config/node-config.module.ts
FNF:0
FNH:0
DA:9,0
LF:1
LH:0
BRF:0
BRH:0
end_of_record
TN:
SF:src/modules/config/services/node-config.service.ts
FN:6,(anonymous_2)
FN:8,(anonymous_3)
FN:12,(anonymous_4)
FN:16,(anonymous_5)
FN:20,(anonymous_6)
FN:24,(anonymous_7)
FN:28,(anonymous_8)
FNF:7
FNH:7
FNDA:8,(anonymous_2)
FNDA:1,(anonymous_3)
FNDA:1,(anonymous_4)
FNDA:1,(anonymous_5)
FNDA:2,(anonymous_6)
FNDA:1,(anonymous_7)
FNDA:2,(anonymous_8)
DA:1,1
DA:2,1
DA:5,1
DA:6,8
DA:9,1
DA:13,1
DA:17,1
DA:21,2
DA:25,1
DA:29,2
LF:10
LH:10
BRF:0
BRH:0
end_of_record
TN:
SF:src/modules/hardware/hardware.module.ts
FNF:0
FNH:0
DA:9,0
LF:1
LH:0
BRF:0
BRH:0
end_of_record
TN:
SF:src/modules/hardware/hardware.ts
FN:85,(anonymous_10)
FN:102,(anonymous_11)
FN:124,(anonymous_12)
FN:162,(anonymous_13)
FN:168,(anonymous_14)
FN:176,(anonymous_15)
FN:191,(anonymous_16)
FN:194,(anonymous_17)
FN:210,(anonymous_18)
FN:261,(anonymous_19)
FN:277,(anonymous_20)
FN:280,(anonymous_21)
FN:286,(anonymous_22)
FN:307,(anonymous_23)
FN:330,(anonymous_24)
FN:359,(anonymous_25)
FN:373,(anonymous_26)
FN:375,(anonymous_27)
FN:377,(anonymous_28)
FN:379,(anonymous_29)
FN:381,(anonymous_30)
FN:383,(anonymous_31)
FN:385,(anonymous_32)
FN:387,(anonymous_33)
FN:389,(anonymous_34)
FN:391,(anonymous_35)
FN:393,(anonymous_36)
FN:395,(anonymous_37)
FN:397,(anonymous_38)
FNF:29
FNH:29
FNDA:34,(anonymous_10)
FNDA:19,(anonymous_11)
FNDA:10,(anonymous_12)
FNDA:17,(anonymous_13)
FNDA:16,(anonymous_14)
FNDA:31,(anonymous_15)
FNDA:11,(anonymous_16)
FNDA:18,(anonymous_17)
FNDA:8,(anonymous_18)
FNDA:10,(anonymous_19)
FNDA:55,(anonymous_20)
FNDA:12,(anonymous_21)
FNDA:32,(anonymous_22)
FNDA:4,(anonymous_23)
FNDA:9,(anonymous_24)
FNDA:10,(anonymous_25)
FNDA:29,(anonymous_26)
FNDA:18,(anonymous_27)
FNDA:10,(anonymous_28)
FNDA:17,(anonymous_29)
FNDA:8,(anonymous_30)
FNDA:26,(anonymous_31)
FNDA:9,(anonymous_32)
FNDA:8,(anonymous_33)
FNDA:10,(anonymous_34)
FNDA:32,(anonymous_35)
FNDA:1,(anonymous_36)
FNDA:1,(anonymous_37)
FNDA:2,(anonymous_38)
DA:5,5
DA:6,5
DA:7,5
DA:50,5
DA:80,5
DA:86,34
DA:87,31
DA:88,21
DA:89,18
DA:90,16
DA:91,11
DA:92,9
DA:95,34
DA:96,26
DA:97,15
DA:98,8
DA:103,19
DA:104,2
DA:107,19
DA:108,6
DA:109,6
DA:110,13
DA:111,11
DA:112,11
DA:116,19
DA:117,17
DA:118,15
DA:119,10
DA:120,8
DA:121,6
DA:125,10
DA:133,10
DA:135,6
DA:136,6
DA:137,6
DA:138,5
DA:139,5
DA:140,1
DA:141,1
DA:148,6
DA:149,6
DA:150,4
DA:152,2
DA:156,10
DA:163,17
DA:164,17
DA:169,16
DA:170,6
DA:171,4
DA:172,2
DA:177,31
DA:178,29
DA:179,26
DA:180,24
DA:181,22
DA:182,19
DA:183,17
DA:184,15
DA:185,13
DA:186,9
DA:187,3
DA:192,11
DA:194,18
DA:195,11
DA:196,11
DA:198,11
DA:199,11
DA:201,6
DA:202,6
DA:203,6
DA:204,6
DA:211,8
DA:212,8
DA:213,8
DA:214,8
DA:216,8
DA:217,8
DA:218,8
DA:220,8
DA:221,8
DA:223,8
DA:224,8
DA:225,6
DA:226,5
DA:227,5
DA:228,2
DA:229,2
DA:230,2
DA:231,2
DA:232,2
DA:233,2
DA:242,8
DA:262,10
DA:264,5
DA:277,55
DA:280,12
DA:287,32
DA:288,28
DA:289,24
DA:290,21
DA:291,18
DA:292,16
DA:293,14
DA:294,9
DA:295,6
DA:309,4
DA:310,4
DA:311,0
DA:315,4
DA:316,4
DA:332,9
DA:333,9
DA:334,7
DA:338,2
DA:339,2
DA:340,0
DA:344,2
DA:345,2
DA:346,0
DA:350,2
DA:351,2
DA:360,10
DA:361,10
DA:362,10
DA:363,10
DA:364,10
DA:365,2
DA:366,2
DA:368,10
DA:373,5
DA:374,29
DA:375,5
DA:376,18
DA:377,5
DA:378,10
DA:379,5
DA:380,17
DA:381,5
DA:382,8
DA:383,5
DA:384,26
DA:385,5
DA:386,9
DA:387,5
DA:388,8
DA:389,5
DA:390,10
DA:391,5
DA:392,32
DA:393,5
DA:394,1
DA:395,5
DA:396,1
DA:397,5
DA:398,2
LF:155
LH:152
BRDA:86,0,0,3
BRDA:86,0,1,31
BRDA:87,1,0,10
BRDA:87,1,1,21
BRDA:87,2,0,31
BRDA:87,2,1,24
BRDA:88,3,0,3
BRDA:88,3,1,18
BRDA:89,4,0,2
BRDA:89,4,1,16
BRDA:90,5,0,5
BRDA:90,5,1,11
BRDA:90,6,0,16
BRDA:90,6,1,13
BRDA:91,7,0,2
BRDA:91,7,1,9
BRDA:92,8,0,7
BRDA:92,9,0,9
BRDA:92,9,1,8
BRDA:92,9,2,6
BRDA:95,10,0,8
BRDA:95,10,1,26
BRDA:95,11,0,3
BRDA:95,11,1,5
BRDA:96,12,0,11
BRDA:96,12,1,15
BRDA:97,13,0,7
BRDA:97,13,1,8
BRDA:97,14,0,3
BRDA:97,14,1,4
BRDA:98,15,0,6
BRDA:98,15,1,2
BRDA:103,16,0,2
BRDA:107,17,0,6
BRDA:107,17,1,13
BRDA:109,18,0,6
BRDA:110,19,0,11
BRDA:112,20,0,11
BRDA:116,21,0,2
BRDA:116,21,1,17
BRDA:117,22,0,2
BRDA:117,22,1,15
BRDA:118,23,0,5
BRDA:118,23,1,10
BRDA:118,24,0,15
BRDA:118,24,1,14
BRDA:119,25,0,2
BRDA:119,25,1,8
BRDA:119,26,0,10
BRDA:119,26,1,9
BRDA:120,27,0,2
BRDA:120,27,1,6
BRDA:120,28,0,8
BRDA:120,28,1,7
BRDA:121,29,0,3
BRDA:121,30,0,6
BRDA:121,30,1,5
BRDA:124,31,0,0
BRDA:126,32,0,10
BRDA:126,32,1,0
BRDA:133,33,0,6
BRDA:136,34,0,6
BRDA:136,34,1,4
BRDA:137,35,0,5
BRDA:137,35,1,1
BRDA:140,36,0,1
BRDA:164,37,0,17
BRDA:164,37,1,5
BRDA:169,38,0,10
BRDA:170,39,0,2
BRDA:171,40,0,2
BRDA:177,41,0,2
BRDA:178,42,0,3
BRDA:179,43,0,2
BRDA:180,44,0,2
BRDA:181,45,0,3
BRDA:182,46,0,2
BRDA:183,47,0,2
BRDA:184,48,0,2
BRDA:185,49,0,4
BRDA:185,50,0,13
BRDA:185,50,1,11
BRDA:186,51,0,6
BRDA:194,52,0,11
BRDA:194,52,1,0
BRDA:195,53,0,11
BRDA:195,53,1,3
BRDA:196,54,0,11
BRDA:196,54,1,4
BRDA:199,55,0,5
BRDA:203,56,0,4
BRDA:203,56,1,2
BRDA:213,57,0,8
BRDA:213,57,1,6
BRDA:216,58,0,8
BRDA:216,58,1,0
BRDA:217,59,0,8
BRDA:217,59,1,0
BRDA:224,60,0,6
BRDA:224,60,1,2
BRDA:224,61,0,8
BRDA:224,61,1,6
BRDA:228,62,0,2
BRDA:228,63,0,2
BRDA:228,63,1,1
BRDA:261,64,0,0
BRDA:262,65,0,5
BRDA:262,66,0,10
BRDA:262,66,1,10
BRDA:287,67,0,4
BRDA:288,68,0,4
BRDA:289,69,0,3
BRDA:290,70,0,3
BRDA:291,71,0,2
BRDA:292,72,0,2
BRDA:293,73,0,5
BRDA:294,74,0,3
BRDA:310,75,0,0
BRDA:310,76,0,4
BRDA:310,76,1,4
BRDA:316,77,0,4
BRDA:316,77,1,4
BRDA:332,78,0,9
BRDA:332,78,1,0
BRDA:333,79,0,7
BRDA:339,80,0,0
BRDA:339,81,0,2
BRDA:339,81,1,2
BRDA:345,82,0,0
BRDA:345,83,0,2
BRDA:345,83,1,2
BRDA:351,84,0,2
BRDA:351,84,1,0
BRDA:361,85,0,10
BRDA:362,86,0,5
BRDA:363,87,0,4
BRDA:364,88,0,2
BRDA:365,89,0,2
BRDA:366,90,0,0
BRDA:378,91,0,10
BRDA:378,91,1,3
BRDA:390,92,0,10
BRDA:390,92,1,4
BRF:143
BRH:131
end_of_record
TN:
SF:src/modules/hardware/services/hardware.service.ts
FN:12,(anonymous_2)
FN:14,(anonymous_3)
FN:18,(anonymous_4)
FN:22,(anonymous_5)
FN:26,(anonymous_6)
FN:30,(anonymous_7)
FNF:6
FNH:6
FNDA:7,(anonymous_2)
FNDA:2,(anonymous_3)
FNDA:1,(anonymous_4)
FNDA:2,(anonymous_5)
FNDA:1,(anonymous_6)
FNDA:1,(anonymous_7)
DA:1,1
DA:2,1
DA:11,1
DA:12,7
DA:15,2
DA:19,1
DA:23,2
DA:27,1
DA:31,1
LF:9
LH:9
BRDA:14,0,0,1
BRDA:22,1,0,1
BRF:2
BRH:2
end_of_record
TN:
SF:src/modules/heartbeat/heartbeat.module.ts
FNF:0
FNH:0
DA:9,0
LF:1
LH:0
BRF:0
BRH:0
end_of_record
TN:
SF:src/modules/heartbeat/heartbeat.ts
FN:30,(anonymous_2)
FN:74,(anonymous_3)
FN:85,(anonymous_4)
FN:109,(anonymous_5)
FN:119,(anonymous_6)
FN:150,(anonymous_7)
FN:155,(anonymous_8)
FN:162,(anonymous_9)
FN:165,(anonymous_10)
FNF:9
FNH:8
FNDA:3,(anonymous_2)
FNDA:4,(anonymous_3)
FNDA:6,(anonymous_4)
FNDA:3,(anonymous_5)
FNDA:0,(anonymous_6)
FNDA:3,(anonymous_7)
FNDA:3,(anonymous_8)
FNDA:3,(anonymous_9)
FNDA:3,(anonymous_10)
DA:1,2
DA:2,2
DA:3,2
DA:26,2
DA:37,3
DA:38,3
DA:40,3
DA:52,3
DA:55,3
DA:56,7
DA:57,7
DA:65,7
DA:66,2
DA:68,5
DA:69,5
DA:71,5
DA:73,4
DA:74,4
DA:79,1
DA:86,6
DA:89,6
DA:92,6
DA:93,5
DA:97,6
DA:98,5
DA:101,6
DA:118,3
DA:119,3
DA:120,0
DA:121,0
DA:123,0
DA:124,0
DA:126,0
DA:129,0
DA:130,0
DA:131,0
DA:141,0
DA:143,0
DA:146,0
DA:150,3
DA:155,2
DA:160,3
DA:162,2
DA:163,3
DA:165,2
DA:172,3
LF:46
LH:35
BRDA:71,0,0,4
BRDA:92,1,0,5
BRDA:97,2,0,5
BRDA:97,3,0,6
BRDA:97,3,1,5
BRDA:113,4,0,0
BRDA:129,5,0,0
BRDA:129,5,1,0
BRDA:129,6,0,0
BRDA:129,6,1,0
BRDA:172,7,0,3
BRDA:172,7,1,1
BRF:12
BRH:7
end_of_record
TN:
SF:src/modules/heartbeat/services/heartbeat.service.ts
FN:13,(anonymous_2)
FN:15,(anonymous_3)
FN:19,(anonymous_4)
FN:29,(anonymous_5)
FNF:4
FNH:4
FNDA:4,(anonymous_2)
FNDA:1,(anonymous_3)
FNDA:2,(anonymous_4)
FNDA:1,(anonymous_5)
DA:1,1
DA:2,1
DA:12,1
DA:13,4
DA:16,1
DA:26,2
DA:30,1
LF:7
LH:7
BRDA:23,0,0,1
BRF:1
BRH:1
end_of_record
TN:
SF:src/modules/identity/identity.module.ts
FNF:0
FNH:0
DA:9,0
LF:1
LH:0
BRF:0
BRH:0
end_of_record
TN:
SF:src/modules/identity/identity.ts
FN:34,(anonymous_10)
FN:72,(anonymous_11)
FN:109,(anonymous_12)
FN:128,(anonymous_13)
FN:154,(anonymous_14)
FN:166,(anonymous_15)
FN:177,(anonymous_16)
FN:203,(anonymous_17)
FN:225,(anonymous_18)
FN:227,(anonymous_19)
FN:229,(anonymous_20)
FN:231,(anonymous_21)
FN:237,(anonymous_22)
FN:239,(anonymous_23)
FN:241,(anonymous_24)
FN:246,(anonymous_25)
FNF:16
FNH:12
FNDA:31,(anonymous_10)
FNDA:29,(anonymous_11)
FNDA:5,(anonymous_12)
FNDA:0,(anonymous_13)
FNDA:0,(anonymous_14)
FNDA:5,(anonymous_15)
FNDA:12,(anonymous_16)
FNDA:7,(anonymous_17)
FNDA:28,(anonymous_18)
FNDA:12,(anonymous_19)
FNDA:5,(anonymous_20)
FNDA:0,(anonymous_21)
FNDA:0,(anonymous_22)
FNDA:5,(anonymous_23)
FNDA:12,(anonymous_24)
FNDA:7,(anonymous_25)
DA:6,4
DA:7,4
DA:8,4
DA:9,4
DA:10,4
DA:26,4
DA:27,4
DA:30,4
DA:35,31
DA:36,4
DA:40,31
DA:42,31
DA:43,31
DA:46,31
DA:49,31
DA:51,31
DA:63,31
DA:64,31
DA:66,31
DA:73,29
DA:75,29
DA:76,4
DA:79,25
DA:80,25
DA:82,25
DA:83,1
DA:87,24
DA:88,2
DA:90,24
DA:91,2
DA:93,24
DA:94,2
DA:96,24
DA:97,2
DA:100,24
DA:115,5
DA:116,5
DA:117,5
DA:118,5
DA:119,5
DA:133,0
DA:134,0
DA:135,0
DA:136,0
DA:142,0
DA:143,0
DA:144,0
DA:145,0
DA:147,0
DA:155,0
DA:156,0
DA:157,0
DA:158,0
DA:160,0
DA:167,5
DA:168,5
DA:170,3
DA:181,12
DA:183,12
DA:184,0
DA:186,12
DA:187,9
DA:189,12
DA:190,3
DA:192,12
DA:193,4
DA:196,12
DA:197,12
DA:212,7
DA:225,4
DA:226,28
DA:227,4
DA:228,12
DA:229,4
DA:230,5
DA:231,4
DA:236,0
DA:237,4
DA:238,0
DA:239,4
DA:240,5
DA:241,4
DA:245,12
DA:246,4
DA:254,7
LF:85
LH:68
BRDA:26,0,0,4
BRDA:26,0,1,4
BRDA:34,1,0,0
BRDA:35,2,0,4
BRDA:72,3,0,0
BRDA:75,4,0,4
BRDA:82,5,0,1
BRDA:82,6,0,25
BRDA:82,6,1,24
BRDA:82,6,2,24
BRDA:87,7,0,2
BRDA:90,8,0,2
BRDA:93,9,0,2
BRDA:96,10,0,2
BRDA:166,11,0,0
BRDA:179,12,0,0
BRDA:183,13,0,0
BRDA:186,14,0,9
BRDA:189,15,0,3
BRDA:192,16,0,4
BRDA:213,17,0,7
BRDA:213,17,1,5
BRDA:215,18,0,7
BRDA:215,18,1,6
BRDA:216,19,0,7
BRDA:216,19,1,5
BRDA:217,20,0,7
BRDA:217,20,1,5
BRDA:226,21,0,28
BRDA:226,21,1,1
BRDA:228,22,0,12
BRDA:228,22,1,1
BRDA:240,23,0,5
BRDA:240,23,1,0
BRDA:245,24,0,12
BRDA:245,24,1,1
BRF:36
BRH:30
end_of_record
TN:
SF:src/modules/identity/services/identity.service.ts
FN:9,(anonymous_2)
FN:11,(anonymous_3)
FN:15,(anonymous_4)
FN:19,(anonymous_5)
FN:23,(anonymous_6)
FN:30,(anonymous_7)
FN:34,(anonymous_8)
FN:38,(anonymous_9)
FN:42,(anonymous_10)
FNF:9
FNH:9
FNDA:9,(anonymous_2)
FNDA:2,(anonymous_3)
FNDA:1,(anonymous_4)
FNDA:1,(anonymous_5)
FNDA:1,(anonymous_6)
FNDA:1,(anonymous_7)
FNDA:1,(anonymous_8)
FNDA:1,(anonymous_9)
FNDA:1,(anonymous_10)
DA:1,1
DA:2,1
DA:8,1
DA:9,9
DA:12,2
DA:16,1
DA:20,1
DA:27,1
DA:31,1
DA:35,1
DA:39,1
DA:43,1
LF:12
LH:12
BRF:0
BRH:0
end_of_record
TN:
SF:src/modules/inference/inference-server.ts
FN:69,parseBody
FN:70,(anonymous_11)
FN:72,(anonymous_12)
FN:75,(anonymous_13)
FN:90,forwardToOllama
FN:126,transformToOpenAI
FN:148,notifyCoordinatorInferenceRequest
FN:163,handleChatCompletions
FN:208,handleState
FN:227,handleHealth
FN:239,handleNotFound
FN:252,startInferenceServer
FN:256,(anonymous_22)
FN:293,(anonymous_23)
FN:302,(anonymous_24)
FN:311,(anonymous_25)
FN:315,(anonymous_26)
FN:319,(anonymous_27)
FN:323,(anonymous_28)
FN:332,(anonymous_29)
FN:340,(anonymous_30)
FN:344,(anonymous_31)
FNF:22
FNH:14
FNDA:16,parseBody
FNDA:16,(anonymous_11)
FNDA:14,(anonymous_12)
FNDA:15,(anonymous_13)
FNDA:11,forwardToOllama
FNDA:7,transformToOpenAI
FNDA:0,notifyCoordinatorInferenceRequest
FNDA:12,handleChatCompletions
FNDA:4,handleState
FNDA:4,handleHealth
FNDA:1,handleNotFound
FNDA:3,startInferenceServer
FNDA:5,(anonymous_22)
FNDA:3,(anonymous_23)
FNDA:3,(anonymous_24)
FNDA:0,(anonymous_25)
FNDA:0,(anonymous_26)
FNDA:0,(anonymous_27)
FNDA:0,(anonymous_28)
FNDA:0,(anonymous_29)
FNDA:0,(anonymous_30)
FNDA:0,(anonymous_31)
DA:9,2
DA:10,2
DA:11,2
DA:69,2
DA:70,16
DA:71,16
DA:72,16
DA:73,14
DA:75,16
DA:76,15
DA:77,15
DA:79,2
DA:82,16
DA:90,2
DA:91,11
DA:97,11
DA:98,4
DA:99,4
DA:100,3
DA:102,4
DA:103,3
DA:107,11
DA:115,8
DA:116,2
DA:119,6
DA:126,2
DA:127,7
DA:149,0
DA:150,0
DA:163,2
DA:169,12
DA:170,12
DA:172,11
DA:173,3
DA:174,3
DA:180,3
DA:183,8
DA:184,5
DA:186,5
DA:187,5
DA:190,5
DA:191,0
DA:194,4
DA:195,4
DA:208,2
DA:213,4
DA:214,4
DA:215,4
DA:227,2
DA:228,4
DA:229,4
DA:230,4
DA:240,1
DA:241,1
DA:252,2
DA:253,3
DA:254,3
DA:256,3
DA:258,5
DA:259,5
DA:260,5
DA:263,5
DA:264,1
DA:265,1
DA:266,1
DA:269,4
DA:271,4
DA:272,4
DA:273,1
DA:274,3
DA:275,1
DA:276,2
DA:277,1
DA:279,1
DA:282,0
DA:283,0
DA:284,0
DA:293,3
DA:294,3
DA:295,3
DA:296,3
DA:297,3
DA:300,3
DA:303,3
DA:304,3
DA:310,2
DA:312,0
DA:316,0
DA:320,0
DA:329,0
DA:337,0
DA:341,0
DA:345,0
LF:93
LH:80
BRDA:77,0,0,14
BRDA:77,0,1,1
BRDA:97,1,0,4
BRDA:97,2,0,11
BRDA:97,2,1,8
BRDA:99,3,0,3
BRDA:102,4,0,3
BRDA:115,5,0,2
BRDA:172,6,0,3
BRDA:172,7,0,11
BRDA:172,7,1,10
BRDA:172,7,2,9
BRDA:172,7,3,9
BRDA:190,8,0,0
BRDA:197,9,0,4
BRDA:197,9,1,0
BRDA:254,10,0,3
BRDA:254,10,1,0
BRDA:254,11,0,3
BRDA:254,11,1,3
BRDA:263,12,0,1
BRDA:269,13,0,4
BRDA:269,13,1,0
BRDA:272,14,0,1
BRDA:272,14,1,3
BRDA:272,15,0,4
BRDA:272,15,1,1
BRDA:274,16,0,1
BRDA:274,16,1,2
BRDA:274,17,0,3
BRDA:274,17,1,3
BRDA:276,18,0,1
BRDA:276,18,1,1
BRDA:276,19,0,2
BRDA:276,19,1,2
BRF:35
BRH:31
end_of_record
TN:
SF:src/modules/inference/inference.module.ts
FNF:0
FNH:0
DA:9,0
LF:1
LH:0
BRF:0
BRH:0
end_of_record
TN:
SF:src/modules/inference/services/inference.service.ts
FN:13,(anonymous_2)
FN:17,(anonymous_3)
FN:21,(anonymous_4)
FN:25,(anonymous_5)
FN:29,(anonymous_6)
FN:33,(anonymous_7)
FN:42,(anonymous_8)
FN:50,(anonymous_9)
FNF:8
FNH:8
FNDA:7,(anonymous_2)
FNDA:1,(anonymous_3)
FNDA:1,(anonymous_4)
FNDA:1,(anonymous_5)
FNDA:1,(anonymous_6)
FNDA:1,(anonymous_7)
FNDA:1,(anonymous_8)
FNDA:1,(anonymous_9)
DA:1,1
DA:8,1
DA:12,1
DA:14,7
DA:18,1
DA:22,1
DA:26,1
DA:30,1
DA:39,1
DA:47,1
DA:51,1
LF:11
LH:11
BRF:0
BRH:0
end_of_record
TN:
SF:src/modules/llm/llm-provider.ts
FN:36,toErrorMessage
FN:77,getOptionalString
FN:86,parseModel
FN:120,checkLLM
FN:145,generateLLM
FN:163,checkOllamaLLM
FN:204,generateOllamaLLM
FN:210,checkCloudLLM
FN:241,generateCloudLLM
FN:264,checkAnthropic
FN:306,generateAnthropic
FN:334,checkMoonshot
FN:374,generateMoonshot
FN:401,checkMinimax
FN:441,generateMinimax
FN:481,checkOpenAICompat
FN:523,generateOpenAICompat
FN:568,(anonymous_18)
FN:572,(anonymous_19)
FN:576,(anonymous_20)
FN:580,(anonymous_21)
FN:584,(anonymous_22)
FNF:22
FNH:15
FNDA:20,toErrorMessage
FNDA:12,getOptionalString
FNDA:23,parseModel
FNDA:24,checkLLM
FNDA:17,generateLLM
FNDA:6,checkOllamaLLM
FNDA:3,generateOllamaLLM
FNDA:17,checkCloudLLM
FNDA:12,generateCloudLLM
FNDA:5,checkAnthropic
FNDA:2,generateAnthropic
FNDA:5,checkMoonshot
FNDA:2,generateMoonshot
FNDA:5,checkMinimax
FNDA:4,generateMinimax
FNDA:0,checkOpenAICompat
FNDA:0,generateOpenAICompat
FNDA:0,(anonymous_18)
FNDA:0,(anonymous_19)
FNDA:0,(anonymous_20)
FNDA:0,(anonymous_21)
FNDA:0,(anonymous_22)
DA:6,9
DA:7,9
DA:36,9
DA:37,20
DA:38,20
DA:40,0
DA:47,9
DA:62,9
DA:77,9
DA:78,12
DA:79,9
DA:80,9
DA:86,9
DA:87,23
DA:88,23
DA:92,12
DA:93,0
DA:94,0
DA:95,0
DA:98,12
DA:99,0
DA:100,0
DA:101,0
DA:104,12
DA:105,0
DA:106,0
DA:107,0
DA:111,12
DA:120,9
DA:121,24
DA:122,24
DA:123,24
DA:124,6
DA:126,18
DA:127,17
DA:130,1
DA:145,9
DA:151,17
DA:152,3
DA:154,13
DA:155,12
DA:158,1
DA:164,6
DA:165,6
DA:167,3
DA:168,1
DA:176,2
DA:177,2
DA:179,2
DA:180,1
DA:188,1
DA:195,3
DA:205,3
DA:211,17
DA:212,1
DA:220,16
DA:221,5
DA:223,11
DA:224,5
DA:226,6
DA:227,5
DA:229,1
DA:230,0
DA:233,1
DA:242,12
DA:243,3
DA:246,9
DA:247,2
DA:249,7
DA:250,2
DA:252,5
DA:253,4
DA:255,1
DA:256,0
DA:259,1
DA:265,5
DA:266,5
DA:268,5
DA:283,2
DA:284,1
DA:285,1
DA:286,1
DA:289,1
DA:297,4
DA:307,2
DA:322,2
DA:323,1
DA:324,1
DA:325,1
DA:328,1
DA:329,1
DA:335,5
DA:336,5
DA:338,5
DA:351,2
DA:352,1
DA:353,1
DA:354,1
DA:357,1
DA:365,4
DA:375,2
DA:389,2
DA:390,1
DA:391,1
DA:392,1
DA:395,1
DA:396,1
DA:402,5
DA:403,5
DA:405,5
DA:418,2
DA:419,1
DA:420,1
DA:421,1
DA:424,1
DA:432,4
DA:448,4
DA:450,4
DA:469,4
DA:470,2
DA:471,2
DA:472,2
DA:475,2
DA:476,2
DA:482,0
DA:483,0
DA:484,0
DA:485,0
DA:487,0
DA:500,0
DA:501,0
DA:502,0
DA:503,0
DA:506,0
DA:514,0
DA:530,0
DA:532,0
DA:551,0
DA:552,0
DA:553,0
DA:554,0
DA:557,0
DA:558,0
DA:562,9
DA:567,9
DA:569,0
DA:573,0
DA:577,0
DA:581,0
DA:585,0
LF:150
LH:114
BRDA:38,0,0,20
BRDA:38,0,1,12
BRDA:78,1,0,3
BRDA:80,2,0,7
BRDA:80,2,1,2
BRDA:88,3,0,11
BRDA:92,4,0,0
BRDA:94,5,0,0
BRDA:98,6,0,0
BRDA:100,7,0,0
BRDA:104,8,0,0
BRDA:104,9,0,12
BRDA:104,9,1,12
BRDA:106,10,0,0
BRDA:123,11,0,6
BRDA:126,12,0,17
BRDA:151,13,0,3
BRDA:154,14,0,12
BRDA:167,15,0,1
BRDA:172,16,0,1
BRDA:172,16,1,0
BRDA:179,17,0,1
BRDA:183,18,0,1
BRDA:183,18,1,0
BRDA:191,19,0,1
BRDA:191,19,1,0
BRDA:211,20,0,1
BRDA:220,21,0,5
BRDA:223,22,0,5
BRDA:226,23,0,5
BRDA:229,24,0,0
BRDA:242,25,0,3
BRDA:246,26,0,2
BRDA:249,27,0,2
BRDA:252,28,0,4
BRDA:255,29,0,0
BRDA:283,30,0,1
BRDA:285,31,0,1
BRDA:285,31,1,0
BRDA:292,32,0,1
BRDA:292,32,1,0
BRDA:316,33,0,2
BRDA:316,33,1,2
BRDA:317,34,0,2
BRDA:317,34,1,0
BRDA:322,35,0,1
BRDA:324,36,0,1
BRDA:324,36,1,0
BRDA:351,37,0,1
BRDA:353,38,0,1
BRDA:353,38,1,0
BRDA:360,39,0,1
BRDA:360,39,1,0
BRDA:384,40,0,2
BRDA:384,40,1,0
BRDA:385,41,0,2
BRDA:385,41,1,0
BRDA:389,42,0,1
BRDA:391,43,0,1
BRDA:391,43,1,0
BRDA:418,44,0,1
BRDA:420,45,0,1
BRDA:420,45,1,0
BRDA:427,46,0,1
BRDA:427,46,1,0
BRDA:448,47,0,4
BRDA:448,47,1,3
BRDA:464,48,0,4
BRDA:464,48,1,0
BRDA:465,49,0,4
BRDA:465,49,1,0
BRDA:469,50,0,2
BRDA:471,51,0,2
BRDA:471,51,1,1
BRDA:485,52,0,0
BRDA:485,52,1,0
BRDA:500,53,0,0
BRDA:502,54,0,0
BRDA:502,54,1,0
BRDA:509,55,0,0
BRDA:509,55,1,0
BRDA:530,56,0,0
BRDA:530,56,1,0
BRDA:546,57,0,0
BRDA:546,57,1,0
BRDA:547,58,0,0
BRDA:547,58,1,0
BRDA:551,59,0,0
BRDA:553,60,0,0
BRDA:553,60,1,0
BRF:90
BRH:50
end_of_record
TN:
SF:src/modules/llm/llm.module.ts
FNF:0
FNH:0
DA:10,0
LF:1
LH:0
BRF:0
BRH:0
end_of_record
TN:
SF:src/modules/llm/ollama.ts
FN:23,checkOllama
FN:30,(anonymous_12)
FN:33,(anonymous_13)
FN:79,pullModel
FN:124,generate
FN:168,ensureModel
FN:175,(anonymous_17)
FN:187,(anonymous_18)
FN:191,(anonymous_19)
FN:195,(anonymous_20)
FN:199,(anonymous_21)
FNF:11
FNH:7
FNDA:15,checkOllama
FNDA:8,(anonymous_12)
FNDA:6,(anonymous_13)
FNDA:4,pullModel
FNDA:6,generate
FNDA:4,ensureModel
FNDA:3,(anonymous_17)
FNDA:0,(anonymous_18)
FNDA:0,(anonymous_19)
FNDA:0,(anonymous_20)
FNDA:0,(anonymous_21)
DA:1,9
DA:2,9
DA:3,9
DA:23,9
DA:24,15
DA:26,15
DA:30,8
DA:33,12
DA:34,6
DA:35,6
DA:37,6
DA:39,6
DA:46,9
DA:47,9
DA:48,1
DA:58,8
DA:59,8
DA:60,4
DA:63,8
DA:79,9
DA:80,4
DA:81,4
DA:83,4
DA:85,4
DA:90,3
DA:92,3
DA:93,5
DA:94,1
DA:97,1
DA:98,1
DA:101,5
DA:102,3
DA:106,1
DA:107,1
DA:124,9
DA:130,6
DA:132,6
DA:133,6
DA:134,2
DA:135,2
DA:136,1
DA:138,1
DA:141,5
DA:143,5
DA:145,5
DA:156,3
DA:158,3
DA:159,3
DA:168,9
DA:169,4
DA:171,4
DA:172,1
DA:175,3
DA:177,3
DA:178,1
DA:179,1
DA:181,2
DA:186,9
DA:188,0
DA:192,0
DA:196,0
DA:200,0
LF:62
LH:58
BRDA:23,0,0,0
BRDA:37,1,0,1
BRDA:37,1,1,5
BRDA:46,2,0,9
BRDA:46,2,1,7
BRDA:46,2,2,6
BRDA:47,3,0,1
BRDA:59,4,0,4
BRDA:79,5,0,0
BRDA:93,6,0,1
BRDA:93,7,0,5
BRDA:93,7,1,2
BRDA:94,8,0,1
BRDA:94,8,1,0
BRDA:94,9,0,1
BRDA:94,9,1,1
BRDA:101,10,0,3
BRDA:106,11,0,1
BRDA:106,11,1,0
BRDA:127,12,0,1
BRDA:133,13,0,2
BRDA:135,14,0,1
BRDA:150,15,0,5
BRDA:150,15,1,0
BRDA:151,16,0,5
BRDA:151,16,1,0
BRDA:152,17,0,5
BRDA:152,17,1,0
BRDA:158,18,0,3
BRDA:158,18,1,0
BRDA:168,19,0,0
BRDA:171,20,0,1
BRDA:177,21,0,1
BRDA:177,21,1,2
BRF:34
BRH:25
end_of_record
TN:
SF:src/modules/llm/services/llm.service.ts
FN:14,(anonymous_2)
FN:19,(anonymous_3)
FN:23,(anonymous_4)
FN:27,(anonymous_5)
FN:31,(anonymous_6)
FN:35,(anonymous_7)
FN:39,(anonymous_8)
FN:43,(anonymous_9)
FNF:8
FNH:8
FNDA:10,(anonymous_2)
FNDA:2,(anonymous_3)
FNDA:2,(anonymous_4)
FNDA:2,(anonymous_5)
FNDA:1,(anonymous_6)
FNDA:1,(anonymous_7)
FNDA:2,(anonymous_8)
FNDA:2,(anonymous_9)
DA:1,1
DA:2,1
DA:9,1
DA:10,1
DA:13,1
DA:15,10
DA:16,10
DA:20,2
DA:24,2
DA:28,2
DA:32,1
DA:36,1
DA:40,2
DA:44,2
LF:14
LH:14
BRF:0
BRH:0
end_of_record
TN:
SF:src/modules/model/diloco-trainer.ts
FN:70,runDiLoCoInnerLoop
FN:74,(anonymous_2)
FN:92,(anonymous_3)
FN:104,(anonymous_4)
FN:105,(anonymous_5)
FN:151,(anonymous_6)
FN:155,(anonymous_7)
FN:173,(anonymous_8)
FN:184,(anonymous_9)
FNF:9
FNH:8
FNDA:10,runDiLoCoInnerLoop
FNDA:1,(anonymous_2)
FNDA:10,(anonymous_3)
FNDA:23,(anonymous_4)
FNDA:46,(anonymous_5)
FNDA:0,(anonymous_6)
FNDA:9,(anonymous_7)
FNDA:1,(anonymous_8)
FNDA:1,(anonymous_9)
DA:6,6
DA:7,6
DA:8,6
DA:9,6
DA:70,6
DA:74,1
DA:77,10
DA:80,10
DA:82,10
DA:92,10
DA:93,10
DA:97,10
DA:98,10
DA:101,10
DA:102,10
DA:104,10
DA:105,46
DA:106,23
DA:107,23
DA:108,23
DA:110,21
DA:111,1
DA:112,1
DA:115,20
DA:116,14
DA:117,2
DA:125,20
DA:126,6
DA:127,6
DA:129,6
DA:130,6
DA:131,6
DA:133,1
DA:136,6
DA:151,10
DA:152,0
DA:155,10
DA:156,9
DA:157,1
DA:162,1
DA:164,8
DA:165,2
DA:168,2
DA:170,6
DA:173,10
DA:174,1
DA:183,6
DA:190,1
DA:194,6
LF:49
LH:48
BRDA:73,0,0,1
BRDA:74,1,0,1
BRDA:77,2,0,10
BRDA:77,2,1,9
BRDA:84,3,0,10
BRDA:84,3,1,9
BRDA:89,4,0,10
BRDA:89,4,1,8
BRDA:110,5,0,1
BRDA:115,6,0,14
BRDA:115,7,0,20
BRDA:115,7,1,14
BRDA:116,8,0,2
BRDA:120,9,0,2
BRDA:120,9,1,0
BRDA:125,10,0,6
BRDA:137,11,0,6
BRDA:137,11,1,0
BRDA:138,12,0,6
BRDA:138,12,1,0
BRDA:139,13,0,6
BRDA:139,13,1,0
BRDA:156,14,0,1
BRDA:159,15,0,1
BRDA:159,15,1,1
BRDA:164,16,0,2
BRF:26
BRH:22
end_of_record
TN:
SF:src/modules/model/model-catalog.ts
FN:278,listModels
FN:280,(anonymous_2)
FN:288,getModelsForVram
FN:289,(anonymous_4)
FN:295,getModel
FN:296,(anonymous_6)
FN:302,pullModel
FN:322,getLocalModels
FN:326,(anonymous_9)
FN:335,isModelAvailable
FN:343,getRecommendedModel
FN:346,(anonymous_12)
FN:350,(anonymous_13)
FN:363,getModelCatalog
FN:373,normalizeModelName
FN:383,getModelByName
FN:386,(anonymous_17)
FN:394,(anonymous_18)
FN:398,(anonymous_19)
FN:402,(anonymous_20)
FN:406,(anonymous_21)
FN:410,(anonymous_22)
FN:414,(anonymous_23)
FN:418,(anonymous_24)
FN:422,(anonymous_25)
FN:426,(anonymous_26)
FN:430,(anonymous_27)
FNF:27
FNH:17
FNDA:5,listModels
FNDA:112,(anonymous_2)
FNDA:14,getModelsForVram
FNDA:392,(anonymous_4)
FNDA:4,getModel
FNDA:74,(anonymous_6)
FNDA:2,pullModel
FNDA:6,getLocalModels
FNDA:4,(anonymous_9)
FNDA:3,isModelAvailable
FNDA:5,getRecommendedModel
FNDA:25,(anonymous_12)
FNDA:242,(anonymous_13)
FNDA:2,getModelCatalog
FNDA:13,normalizeModelName
FNDA:8,getModelByName
FNDA:78,(anonymous_17)
FNDA:0,(anonymous_18)
FNDA:0,(anonymous_19)
FNDA:0,(anonymous_20)
FNDA:0,(anonymous_21)
FNDA:0,(anonymous_22)
FNDA:0,(anonymous_23)
FNDA:0,(anonymous_24)
FNDA:0,(anonymous_25)
FNDA:0,(anonymous_26)
FNDA:0,(anonymous_27)
DA:6,2
DA:7,2
DA:43,2
DA:243,2
DA:273,2
DA:278,2
DA:279,5
DA:280,112
DA:282,1
DA:288,2
DA:289,392
DA:295,2
DA:296,74
DA:302,2
DA:303,2
DA:305,2
DA:307,1
DA:310,1
DA:311,1
DA:312,1
DA:313,0
DA:315,1
DA:322,2
DA:323,6
DA:324,6
DA:325,4
DA:326,4
DA:328,2
DA:335,2
DA:336,3
DA:337,3
DA:343,2
DA:344,5
DA:345,5
DA:346,25
DA:350,5
DA:351,242
DA:352,121
DA:354,121
DA:357,5
DA:363,2
DA:364,2
DA:373,2
DA:374,13
DA:383,2
DA:384,8
DA:385,8
DA:386,78
DA:393,2
DA:395,0
DA:399,0
DA:403,0
DA:407,0
DA:411,0
DA:415,0
DA:419,0
DA:423,0
DA:427,0
DA:431,0
LF:59
LH:48
BRDA:279,0,0,4
BRDA:289,1,0,392
BRDA:289,1,1,273
BRDA:345,2,0,1
BRDA:351,3,0,121
BRDA:386,4,0,8
BRDA:386,4,1,2
BRDA:386,5,0,78
BRDA:386,5,1,72
BRF:9
BRH:9
end_of_record
TN:
SF:src/modules/model/model-downloader.ts
FN:17,getModelCacheDir
FN:22,getAdapterCacheDir
FN:43,ensureBaseModel
FN:47,(anonymous_14)
FN:108,downloadAdapter
FN:154,(anonymous_16)
FN:158,(anonymous_17)
FN:162,(anonymous_18)
FN:166,(anonymous_19)
FNF:9
FNH:8
FNDA:9,getModelCacheDir
FNDA:3,getAdapterCacheDir
FNDA:6,ensureBaseModel
FNDA:0,(anonymous_14)
FNDA:5,downloadAdapter
FNDA:1,(anonymous_16)
FNDA:1,(anonymous_17)
FNDA:1,(anonymous_18)
FNDA:1,(anonymous_19)
DA:9,5
DA:10,5
DA:11,5
DA:12,5
DA:13,5
DA:14,5
DA:17,5
DA:18,9
DA:22,5
DA:23,3
DA:43,5
DA:47,0
DA:50,6
DA:51,6
DA:54,6
DA:55,1
DA:56,1
DA:57,1
DA:58,1
DA:62,5
DA:64,4
DA:65,4
DA:69,4
DA:70,4
DA:74,1
DA:77,1
DA:79,1
DA:80,1
DA:84,0
DA:87,1
DA:88,1
DA:92,1
DA:97,0
DA:108,5
DA:113,5
DA:114,1
DA:115,1
DA:116,1
DA:117,1
DA:121,4
DA:123,4
DA:126,4
DA:127,4
DA:129,1
DA:134,3
DA:135,1
DA:140,2
DA:141,2
DA:142,2
DA:144,2
DA:153,5
DA:155,1
DA:159,1
DA:163,1
DA:167,1
DA:171,5
LF:56
LH:53
BRDA:18,0,0,9
BRDA:18,0,1,1
BRDA:23,1,0,3
BRDA:23,1,1,1
BRDA:45,2,0,0
BRDA:47,3,0,5
BRDA:54,4,0,1
BRDA:56,5,0,1
BRDA:62,6,0,4
BRDA:113,7,0,1
BRDA:115,8,0,1
BRDA:134,9,0,1
BRF:12
BRH:11
end_of_record
TN:
SF:src/modules/model/model.module.ts
FNF:0
FNH:0
DA:20,0
LF:1
LH:0
BRF:0
BRH:0
end_of_record
TN:
SF:src/modules/model/mutation-engine.ts
FN:26,proposeMutation
FN:62,buildPrompt
FN:115,parseMutationResponse
FN:160,clampValue
FN:164,clampValueToBatch
FN:166,(anonymous_6)
FN:172,clampToDimension
FN:174,(anonymous_8)
FN:180,clampToHeads
FN:182,(anonymous_10)
FN:188,validateActivation
FN:193,validateNormalization
FN:198,validateInitScheme
FN:215,(anonymous_14)
FNF:14
FNH:13
FNDA:19,proposeMutation
FNDA:16,buildPrompt
FNDA:19,parseMutationResponse
FNDA:90,clampValue
FNDA:18,clampValueToBatch
FNDA:54,(anonymous_6)
FNDA:18,clampToDimension
FNDA:54,(anonymous_8)
FNDA:18,clampToHeads
FNDA:36,(anonymous_10)
FNDA:18,validateActivation
FNDA:18,validateNormalization
FNDA:18,validateInitScheme
FNDA:0,(anonymous_14)
DA:6,8
DA:7,8
DA:26,8
DA:31,19
DA:33,4
DA:54,15
DA:55,15
DA:57,15
DA:59,14
DA:67,16
DA:68,16
DA:70,16
DA:122,19
DA:125,19
DA:126,1
DA:129,18
DA:130,18
DA:133,18
DA:149,18
DA:151,18
DA:161,90
DA:165,18
DA:166,18
DA:167,54
DA:169,18
DA:173,18
DA:174,18
DA:175,54
DA:177,18
DA:181,18
DA:182,18
DA:183,36
DA:185,18
DA:189,18
DA:190,18
DA:194,18
DA:195,18
DA:199,18
DA:200,18
DA:203,8
DA:214,8
DA:220,0
LF:42
LH:41
BRDA:31,0,0,4
BRDA:48,1,0,1
BRDA:48,1,1,3
BRDA:96,2,0,0
BRDA:96,2,1,16
BRDA:122,3,0,19
BRDA:122,3,1,18
BRDA:125,4,0,1
BRDA:129,5,0,18
BRDA:129,5,1,17
BRDA:134,6,0,18
BRDA:134,6,1,2
BRDA:135,7,0,18
BRDA:135,7,1,4
BRDA:136,8,0,18
BRDA:136,8,1,5
BRDA:137,9,0,18
BRDA:137,9,1,4
BRDA:138,10,0,18
BRDA:138,10,1,5
BRDA:142,11,0,18
BRDA:142,11,1,5
BRDA:143,12,0,18
BRDA:143,12,1,4
BRDA:144,13,0,0
BRDA:144,13,1,18
BRDA:145,14,0,0
BRDA:145,14,1,0
BRDA:146,15,0,18
BRDA:146,15,1,4
BRDA:153,16,0,17
BRDA:153,16,1,1
BRDA:153,17,0,18
BRDA:153,17,1,2
BRDA:154,18,0,18
BRDA:154,18,1,17
BRDA:156,19,0,18
BRDA:156,19,1,0
BRDA:167,20,0,20
BRDA:167,20,1,34
BRDA:175,21,0,18
BRDA:175,21,1,36
BRDA:183,22,0,18
BRDA:183,22,1,18
BRDA:190,23,0,12
BRDA:190,23,1,6
BRDA:195,24,0,12
BRDA:195,24,1,6
BRDA:200,25,0,12
BRDA:200,25,1,6
BRF:50
BRH:45
end_of_record
TN:
SF:src/modules/model/trainer.ts
FN:34,trainMicroModel
FN:53,(anonymous_2)
FN:67,(anonymous_3)
FN:68,(anonymous_4)
FN:95,(anonymous_5)
FN:100,(anonymous_6)
FN:131,(anonymous_7)
FN:140,validateTrainingConfig
FN:200,calculateImprovement
FN:215,(anonymous_10)
FN:219,(anonymous_11)
FN:223,(anonymous_12)
FNF:12
FNH:9
FNDA:9,trainMicroModel
FNDA:9,(anonymous_2)
FNDA:12,(anonymous_3)
FNDA:28,(anonymous_4)
FNDA:1,(anonymous_5)
FNDA:8,(anonymous_6)
FNDA:1,(anonymous_7)
FNDA:22,validateTrainingConfig
FNDA:6,calculateImprovement
FNDA:0,(anonymous_10)
FNDA:0,(anonymous_11)
FNDA:0,(anonymous_12)
DA:6,8
DA:7,8
DA:8,8
DA:34,8
DA:41,9
DA:43,9
DA:44,9
DA:47,9
DA:53,9
DA:54,9
DA:58,9
DA:59,9
DA:60,9
DA:63,9
DA:64,9
DA:67,9
DA:68,28
DA:70,12
DA:71,16
DA:72,16
DA:75,14
DA:76,8
DA:80,14
DA:81,6
DA:91,12
DA:95,9
DA:96,1
DA:100,9
DA:101,8
DA:103,8
DA:104,1
DA:105,1
DA:108,7
DA:109,1
DA:110,1
DA:114,6
DA:116,6
DA:127,6
DA:131,9
DA:132,1
DA:140,8
DA:141,22
DA:144,22
DA:145,2
DA:149,20
DA:150,20
DA:151,1
DA:155,19
DA:156,19
DA:157,1
DA:161,18
DA:162,2
DA:166,16
DA:167,16
DA:168,1
DA:172,15
DA:173,15
DA:174,1
DA:178,14
DA:179,14
DA:180,1
DA:184,13
DA:185,13
DA:186,1
DA:190,12
DA:191,2
DA:194,10
DA:200,8
DA:201,6
DA:202,4
DA:206,8
DA:214,8
DA:216,0
DA:220,0
DA:224,0
LF:75
LH:72
BRDA:39,0,0,8
BRDA:40,1,0,7
BRDA:75,2,0,8
BRDA:75,3,0,14
BRDA:75,3,1,8
BRDA:80,4,0,6
BRDA:103,5,0,1
BRDA:104,6,0,1
BRDA:104,6,1,0
BRDA:108,7,0,1
BRDA:118,8,0,6
BRDA:118,8,1,0
BRDA:119,9,0,6
BRDA:119,9,1,0
BRDA:144,10,0,2
BRDA:144,11,0,22
BRDA:144,11,1,21
BRDA:150,12,0,1
BRDA:156,13,0,1
BRDA:161,14,0,2
BRDA:161,15,0,18
BRDA:161,15,1,17
BRDA:167,16,0,1
BRDA:173,17,0,1
BRDA:179,18,0,1
BRDA:185,19,0,1
BRDA:190,20,0,2
BRDA:190,21,0,12
BRDA:190,21,1,11
BRDA:201,22,0,2
BRF:30
BRH:27
end_of_record
TN:
SF:src/modules/model/services/model-catalog.service.ts
FN:13,(anonymous_2)
FN:15,(anonymous_3)
FN:19,(anonymous_4)
FN:23,(anonymous_5)
FN:27,(anonymous_6)
FN:31,(anonymous_7)
FN:35,(anonymous_8)
FN:39,(anonymous_9)
FN:43,(anonymous_10)
FN:47,(anonymous_11)
FN:51,(anonymous_12)
FN:55,(anonymous_13)
FN:59,(anonymous_14)
FN:63,(anonymous_15)
FNF:14
FNH:14
FNDA:17,(anonymous_2)
FNDA:2,(anonymous_3)
FNDA:1,(anonymous_4)
FNDA:2,(anonymous_5)
FNDA:1,(anonymous_6)
FNDA:1,(anonymous_7)
FNDA:1,(anonymous_8)
FNDA:2,(anonymous_9)
FNDA:1,(anonymous_10)
FNDA:1,(anonymous_11)
FNDA:2,(anonymous_12)
FNDA:1,(anonymous_13)
FNDA:1,(anonymous_14)
FNDA:1,(anonymous_15)
DA:1,1
DA:2,1
DA:12,1
DA:13,17
DA:16,2
DA:20,1
DA:24,2
DA:28,1
DA:32,1
DA:36,1
DA:40,2
DA:44,1
DA:48,1
DA:52,2
DA:56,1
DA:60,1
DA:64,1
LF:17
LH:17
BRF:0
BRH:0
end_of_record
TN:
SF:src/modules/model/services/mutation-engine.service.ts
FN:7,(anonymous_2)
FN:9,(anonymous_3)
FNF:2
FNH:2
FNDA:2,(anonymous_2)
FNDA:2,(anonymous_3)
DA:1,1
DA:2,1
DA:6,1
DA:7,2
DA:14,2
LF:5
LH:5
BRF:0
BRH:0
end_of_record
TN:
SF:src/modules/model/services/trainer.service.ts
FN:11,(anonymous_2)
FN:13,(anonymous_3)
FN:17,(anonymous_4)
FN:21,(anonymous_5)
FNF:4
FNH:4
FNDA:5,(anonymous_2)
FNDA:1,(anonymous_3)
FNDA:2,(anonymous_4)
FNDA:2,(anonymous_5)
DA:1,1
DA:2,1
DA:10,1
DA:11,5
DA:14,1
DA:18,2
DA:22,2
LF:7
LH:7
BRF:0
BRH:0
end_of_record
TN:
SF:src/modules/p2p/p2p.module.ts
FNF:0
FNH:0
DA:9,0
LF:1
LH:0
BRF:0
BRH:0
end_of_record
TN:
SF:src/modules/p2p/p2p.ts
FN:30,(anonymous_2)
FN:32,(anonymous_3)
FN:52,(anonymous_4)
FN:69,(anonymous_5)
FN:74,(anonymous_6)
FN:78,(anonymous_7)
FN:82,(anonymous_8)
FN:88,(anonymous_9)
FN:96,(anonymous_10)
FN:100,(anonymous_11)
FN:105,(anonymous_12)
FN:107,(anonymous_13)
FN:110,(anonymous_14)
FN:112,(anonymous_15)
FN:115,(anonymous_16)
FN:120,(anonymous_17)
FN:126,(anonymous_18)
FN:135,(anonymous_19)
FN:142,(anonymous_20)
FN:153,createP2PNode
FNF:20
FNH:17
FNDA:27,(anonymous_2)
FNDA:21,(anonymous_3)
FNDA:4,(anonymous_4)
FNDA:20,(anonymous_5)
FNDA:0,(anonymous_6)
FNDA:0,(anonymous_7)
FNDA:0,(anonymous_8)
FNDA:2,(anonymous_9)
FNDA:5,(anonymous_10)
FNDA:2,(anonymous_11)
FNDA:2,(anonymous_12)
FNDA:2,(anonymous_13)
FNDA:2,(anonymous_14)
FNDA:1,(anonymous_15)
FNDA:5,(anonymous_16)
FNDA:2,(anonymous_17)
FNDA:1,(anonymous_18)
FNDA:1,(anonymous_19)
FNDA:3,(anonymous_20)
FNDA:3,createP2PNode
DA:2,2
DA:3,2
DA:4,2
DA:5,2
DA:6,2
DA:7,2
DA:8,2
DA:9,2
DA:10,2
DA:11,2
DA:12,2
DA:14,2
DA:16,2
DA:26,2
DA:27,27
DA:28,27
DA:30,27
DA:33,21
DA:40,21
DA:44,21
DA:50,21
DA:52,21
DA:53,4
DA:54,4
DA:55,4
DA:56,3
DA:57,3
DA:64,21
DA:65,84
DA:68,21
DA:69,21
DA:70,21
DA:71,21
DA:74,21
DA:75,0
DA:76,0
DA:78,21
DA:79,0
DA:80,0
DA:82,21
DA:83,0
DA:84,0
DA:89,2
DA:90,1
DA:91,1
DA:92,1
DA:97,5
DA:101,2
DA:102,1
DA:106,2
DA:107,2
DA:111,2
DA:112,1
DA:116,5
DA:117,5
DA:121,2
DA:122,1
DA:123,1
DA:127,1
DA:128,1
DA:129,1
DA:132,1
DA:136,1
DA:141,2
DA:146,3
DA:147,3
DA:148,3
DA:153,2
DA:157,3
LF:69
LH:63
BRDA:32,0,0,15
BRDA:40,1,0,3
BRDA:40,1,1,18
BRDA:56,2,0,3
BRDA:56,2,1,1
BRDA:57,3,0,3
BRDA:57,3,1,0
BRDA:71,4,0,20
BRDA:75,5,0,0
BRDA:75,5,1,0
BRDA:79,6,0,0
BRDA:79,6,1,0
BRDA:83,7,0,0
BRDA:83,7,1,0
BRDA:89,8,0,1
BRDA:101,9,0,1
BRDA:106,10,0,1
BRDA:111,11,0,1
BRDA:116,12,0,5
BRDA:116,12,1,4
BRDA:121,13,0,1
BRDA:144,14,0,0
BRDA:155,15,0,1
BRF:23
BRH:15
end_of_record
TN:
SF:src/modules/p2p/services/p2p.service.ts
FN:7,(anonymous_2)
FN:9,(anonymous_3)
FN:13,(anonymous_4)
FNF:3
FNH:3
FNDA:3,(anonymous_2)
FNDA:2,(anonymous_3)
FNDA:1,(anonymous_4)
DA:1,1
DA:2,1
DA:6,1
DA:7,3
DA:10,2
DA:14,1
LF:6
LH:6
BRDA:9,0,0,1
BRF:1
BRH:1
end_of_record
TN:
SF:src/modules/staking/rewards.ts
FN:40,(anonymous_1)
FN:52,(anonymous_2)
FN:65,(anonymous_3)
FN:79,(anonymous_4)
FN:83,(anonymous_5)
FN:88,(anonymous_6)
FN:95,(anonymous_7)
FN:104,(anonymous_8)
FN:114,(anonymous_9)
FN:118,(anonymous_10)
FN:147,(anonymous_11)
FN:162,(anonymous_12)
FN:193,(anonymous_13)
FN:214,(anonymous_14)
FN:233,(anonymous_15)
FN:236,(anonymous_16)
FN:239,(anonymous_17)
FN:242,(anonymous_18)
FN:245,(anonymous_19)
FN:248,(anonymous_20)
FN:251,(anonymous_21)
FN:254,(anonymous_22)
FNF:22
FNH:22
FNDA:13,(anonymous_1)
FNDA:26,(anonymous_2)
FNDA:13,(anonymous_3)
FNDA:11,(anonymous_4)
FNDA:16,(anonymous_5)
FNDA:2,(anonymous_6)
FNDA:14,(anonymous_7)
FNDA:6,(anonymous_8)
FNDA:8,(anonymous_9)
FNDA:8,(anonymous_10)
FNDA:8,(anonymous_11)
FNDA:2,(anonymous_12)
FNDA:3,(anonymous_13)
FNDA:3,(anonymous_14)
FNDA:5,(anonymous_15)
FNDA:5,(anonymous_16)
FNDA:5,(anonymous_17)
FNDA:5,(anonymous_18)
FNDA:6,(anonymous_19)
FNDA:2,(anonymous_20)
FNDA:3,(anonymous_21)
FNDA:3,(anonymous_22)
DA:6,2
DA:7,2
DA:36,2
DA:44,13
DA:45,12
DA:57,26
DA:58,26
DA:71,13
DA:72,13
DA:83,16
DA:86,11
DA:87,2
DA:88,2
DA:95,14
DA:113,6
DA:114,8
DA:118,6
DA:119,8
DA:123,8
DA:128,8
DA:135,8
DA:146,6
DA:147,8
DA:149,6
DA:166,2
DA:167,2
DA:175,2
DA:177,2
DA:183,0
DA:198,3
DA:199,3
DA:205,3
DA:207,0
DA:218,3
DA:219,3
DA:225,3
DA:227,0
DA:233,2
DA:234,5
DA:236,2
DA:237,5
DA:239,2
DA:240,5
DA:242,2
DA:243,5
DA:245,2
DA:246,6
DA:248,2
DA:249,2
DA:251,2
DA:252,3
DA:254,2
DA:255,3
LF:53
LH:50
BRDA:44,0,0,1
BRDA:86,1,0,2
BRDA:164,2,0,1
BRDA:185,3,0,0
BRDA:185,3,1,0
BRDA:195,4,0,1
BRDA:196,5,0,3
BRDA:215,6,0,1
BRDA:216,7,0,3
BRF:9
BRH:7
end_of_record
TN:
SF:src/modules/staking/staking-cli.ts
FN:26,getVaultAuthorityPDA
FN:34,getStakeVaultATA
FN:40,getTreasuryAuthorityPDA
FN:48,getTreasuryTokenAccount
FN:54,(anonymous_4)
FN:55,(anonymous_5)
FN:63,deriveKey
FN:68,decryptWallet
FN:88,loadWalletWithPassword
FN:119,getUserTokenAccount
FN:124,createStakeInstructionData
FN:132,createUnstakeInstructionData
FN:140,createInitializeStakeInstructionData
FN:148,createClaimRewardsInstructionData
FN:153,stakeTokens
FN:233,unstakeTokens
FN:283,claimStakingRewards
FN:345,depositSol
FN:373,depositSyn
FN:388,(anonymous_19)
FN:397,withdrawSol
FN:437,withdrawSyn
FN:489,getStakeInfo
FN:540,getWalletBalance
FN:563,findStakeAccount
FNF:25
FNH:0
FNDA:0,getVaultAuthorityPDA
FNDA:0,getStakeVaultATA
FNDA:0,getTreasuryAuthorityPDA
FNDA:0,getTreasuryTokenAccount
FNDA:0,(anonymous_4)
FNDA:0,(anonymous_5)
FNDA:0,deriveKey
FNDA:0,decryptWallet
FNDA:0,loadWalletWithPassword
FNDA:0,getUserTokenAccount
FNDA:0,createStakeInstructionData
FNDA:0,createUnstakeInstructionData
FNDA:0,createInitializeStakeInstructionData
FNDA:0,createClaimRewardsInstructionData
FNDA:0,stakeTokens
FNDA:0,unstakeTokens
FNDA:0,claimStakingRewards
FNDA:0,depositSol
FNDA:0,depositSyn
FNDA:0,(anonymous_19)
FNDA:0,withdrawSol
FNDA:0,withdrawSyn
FNDA:0,getStakeInfo
FNDA:0,getWalletBalance
FNDA:0,findStakeAccount
DA:16,0
DA:17,0
DA:18,0
DA:19,0
DA:20,0
DA:21,0
DA:22,0
DA:23,0
DA:27,0
DA:35,0
DA:36,0
DA:41,0
DA:49,0
DA:50,0
DA:54,0
DA:55,0
DA:56,0
DA:57,0
DA:58,0
DA:59,0
DA:60,0
DA:64,0
DA:69,0
DA:70,0
DA:71,0
DA:72,0
DA:73,0
DA:75,0
DA:76,0
DA:77,0
DA:79,0
DA:84,0
DA:89,0
DA:91,0
DA:92,0
DA:95,0
DA:98,0
DA:100,0
DA:101,0
DA:105,0
DA:110,0
DA:111,0
DA:112,0
DA:114,0
DA:120,0
DA:125,0
DA:126,0
DA:127,0
DA:128,0
DA:133,0
DA:134,0
DA:135,0
DA:136,0
DA:141,0
DA:142,0
DA:143,0
DA:144,0
DA:149,0
DA:154,0
DA:156,0
DA:157,0
DA:159,0
DA:162,0
DA:167,0
DA:168,0
DA:169,0
DA:170,0
DA:174,0
DA:175,0
DA:176,0
DA:178,0
DA:189,0
DA:190,0
DA:193,0
DA:195,0
DA:197,0
DA:201,0
DA:202,0
DA:203,0
DA:205,0
DA:207,0
DA:221,0
DA:222,0
DA:226,0
DA:227,0
DA:229,0
DA:234,0
DA:236,0
DA:237,0
DA:239,0
DA:242,0
DA:244,0
DA:245,0
DA:248,0
DA:251,0
DA:252,0
DA:253,0
DA:255,0
DA:257,0
DA:271,0
DA:272,0
DA:276,0
DA:277,0
DA:279,0
DA:284,0
DA:286,0
DA:287,0
DA:289,0
DA:292,0
DA:294,0
DA:295,0
DA:299,0
DA:300,0
DA:301,0
DA:304,0
DA:305,0
DA:306,0
DA:308,0
DA:309,0
DA:310,0
DA:313,0
DA:315,0
DA:316,0
DA:317,0
DA:319,0
DA:333,0
DA:334,0
DA:338,0
DA:339,0
DA:341,0
DA:346,0
DA:348,0
DA:349,0
DA:351,0
DA:354,0
DA:355,0
DA:357,0
DA:358,0
DA:359,0
DA:361,0
DA:362,0
DA:363,0
DA:366,0
DA:367,0
DA:368,0
DA:374,0
DA:376,0
DA:377,0
DA:379,0
DA:381,0
DA:383,0
DA:384,0
DA:385,0
DA:388,0
DA:389,0
DA:390,0
DA:393,0
DA:398,0
DA:400,0
DA:401,0
DA:403,0
DA:405,0
DA:406,0
DA:409,0
DA:410,0
DA:412,0
DA:413,0
DA:416,0
DA:418,0
DA:426,0
DA:430,0
DA:431,0
DA:433,0
DA:438,0
DA:440,0
DA:441,0
DA:443,0
DA:445,0
DA:448,0
DA:452,0
DA:453,0
DA:456,0
DA:457,0
DA:459,0
DA:463,0
DA:466,0
DA:468,0
DA:470,0
DA:477,0
DA:478,0
DA:482,0
DA:483,0
DA:485,0
DA:495,0
DA:496,0
DA:498,0
DA:500,0
DA:501,0
DA:504,0
DA:505,0
DA:506,0
DA:507,0
DA:510,0
DA:522,0
DA:523,0
DA:524,0
DA:525,0
DA:527,0
DA:534,0
DA:535,0
DA:544,0
DA:545,0
DA:547,0
DA:548,0
DA:550,0
DA:551,0
DA:552,0
DA:553,0
DA:554,0
DA:559,0
DA:564,0
DA:565,0
DA:576,0
DA:577,0
DA:580,0
DA:583,0
LF:226
LH:0
BRDA:16,0,0,0
BRDA:18,1,0,0
BRDA:20,2,0,0
BRDA:22,3,0,0
BRDA:22,3,1,0
BRDA:54,4,0,0
BRDA:54,4,1,0
BRDA:91,5,0,0
BRDA:98,6,0,0
BRDA:167,7,0,0
BRDA:167,7,1,0
BRDA:175,8,0,0
BRDA:244,9,0,0
BRDA:294,10,0,0
BRDA:300,11,0,0
BRDA:308,12,0,0
BRDA:389,13,0,0
BRDA:412,14,0,0
BRDA:457,15,0,0
BRDA:500,16,0,0
BRDA:506,17,0,0
BRDA:576,18,0,0
BRF:22
BRH:0
end_of_record
TN:
SF:src/modules/staking/staking.module.ts
FNF:0
FNH:0
DA:11,0
LF:1
LH:0
BRF:0
BRH:0
end_of_record
TN:
SF:src/modules/staking/staking.ts
FN:11,deriveStakeAccount
FN:36,parseStakeAccountData
FN:66,(anonymous_3)
FN:110,(anonymous_4)
FN:125,(anonymous_5)
FN:137,(anonymous_6)
FN:145,(anonymous_7)
FN:157,(anonymous_8)
FN:186,(anonymous_9)
FN:189,(anonymous_10)
FN:192,(anonymous_11)
FN:195,(anonymous_12)
FN:198,(anonymous_13)
FN:201,(anonymous_14)
FNF:14
FNH:14
FNDA:9,deriveStakeAccount
FNDA:9,parseStakeAccountData
FNDA:9,(anonymous_3)
FNDA:11,(anonymous_4)
FNDA:16,(anonymous_5)
FNDA:4,(anonymous_6)
FNDA:2,(anonymous_7)
FNDA:5,(anonymous_8)
FNDA:7,(anonymous_9)
FNDA:7,(anonymous_10)
FNDA:12,(anonymous_11)
FNDA:4,(anonymous_12)
FNDA:2,(anonymous_13)
FNDA:5,(anonymous_14)
DA:6,2
DA:7,2
DA:8,2
DA:12,9
DA:47,9
DA:48,1
DA:52,8
DA:54,8
DA:62,2
DA:70,9
DA:71,9
DA:72,9
DA:75,9
DA:77,7
DA:78,3
DA:85,4
DA:87,4
DA:95,4
DA:100,2
DA:111,11
DA:119,11
DA:126,16
DA:127,12
DA:128,8
DA:129,4
DA:130,2
DA:131,1
DA:138,4
DA:139,4
DA:150,2
DA:151,2
DA:160,5
DA:161,5
DA:162,5
DA:172,4
DA:173,4
DA:174,5
DA:175,4
DA:178,3
DA:180,2
DA:186,2
DA:187,7
DA:189,2
DA:190,7
DA:192,2
DA:193,12
DA:195,2
DA:196,4
DA:198,2
DA:199,2
DA:201,2
DA:202,5
LF:52
LH:52
BRDA:47,0,0,1
BRDA:56,1,0,7
BRDA:56,1,1,1
BRDA:68,2,0,7
BRDA:77,3,0,3
BRDA:77,4,0,7
BRDA:77,4,1,5
BRDA:91,5,0,0
BRDA:91,5,1,4
BRDA:102,6,0,1
BRDA:102,6,1,1
BRDA:119,7,0,11
BRDA:119,7,1,2
BRDA:126,8,0,4
BRDA:127,9,0,4
BRDA:128,10,0,4
BRDA:129,11,0,2
BRDA:130,12,0,1
BRDA:147,13,0,2
BRDA:151,14,0,1
BRDA:151,14,1,1
BRDA:151,15,0,2
BRDA:151,15,1,1
BRDA:158,16,0,5
BRF:24
BRH:23
end_of_record
TN:
SF:src/modules/staking/services/rewards.service.ts
FN:7,(anonymous_2)
FN:9,(anonymous_3)
FN:13,(anonymous_4)
FN:17,(anonymous_5)
FN:26,(anonymous_6)
FN:30,(anonymous_7)
FN:42,(anonymous_8)
FN:46,(anonymous_9)
FN:50,(anonymous_10)
FNF:9
FNH:9
FNDA:11,(anonymous_2)
FNDA:1,(anonymous_3)
FNDA:1,(anonymous_4)
FNDA:1,(anonymous_5)
FNDA:1,(anonymous_6)
FNDA:1,(anonymous_7)
FNDA:2,(anonymous_8)
FNDA:2,(anonymous_9)
FNDA:2,(anonymous_10)
DA:1,1
DA:2,1
DA:6,1
DA:7,11
DA:10,1
DA:14,1
DA:23,1
DA:27,1
DA:39,1
DA:43,2
DA:47,2
DA:51,2
LF:12
LH:12
BRF:0
BRH:0
end_of_record
TN:
SF:src/modules/staking/services/staking.service.ts
FN:6,(anonymous_2)
FN:8,(anonymous_3)
FN:12,(anonymous_4)
FN:16,(anonymous_5)
FN:20,(anonymous_6)
FN:24,(anonymous_7)
FN:28,(anonymous_8)
FNF:7
FNH:7
FNDA:10,(anonymous_2)
FNDA:2,(anonymous_3)
FNDA:1,(anonymous_4)
FNDA:1,(anonymous_5)
FNDA:2,(anonymous_6)
FNDA:2,(anonymous_7)
FNDA:2,(anonymous_8)
DA:1,1
DA:2,1
DA:5,1
DA:6,10
DA:9,2
DA:13,1
DA:17,1
DA:21,2
DA:25,2
DA:29,2
LF:10
LH:10
BRF:0
BRH:0
end_of_record
TN:
SF:src/modules/wallet/solana-balance.ts
FN:21,(anonymous_1)
FN:53,(anonymous_2)
FN:70,(anonymous_3)
FN:94,(anonymous_4)
FN:97,(anonymous_5)
FN:100,(anonymous_6)
FNF:6
FNH:0
FNDA:0,(anonymous_1)
FNDA:0,(anonymous_2)
FNDA:0,(anonymous_3)
FNDA:0,(anonymous_4)
FNDA:0,(anonymous_5)
FNDA:0,(anonymous_6)
DA:10,0
DA:12,0
DA:16,0
DA:22,0
DA:23,0
DA:24,0
DA:25,0
DA:27,0
DA:31,0
DA:32,0
DA:36,0
DA:37,0
DA:38,0
DA:39,0
DA:40,0
DA:44,0
DA:46,0
DA:57,0
DA:58,0
DA:59,0
DA:60,0
DA:61,0
DA:63,0
DA:75,0
DA:76,0
DA:81,0
DA:82,0
DA:83,0
DA:85,0
DA:86,0
DA:88,0
DA:94,0
DA:95,0
DA:97,0
DA:98,0
DA:100,0
DA:101,0
LF:37
LH:0
BRDA:10,0,0,0
BRDA:10,0,1,0
BRDA:12,1,0,0
BRDA:12,1,1,0
BRDA:31,2,0,0
BRDA:55,3,0,0
BRDA:59,4,0,0
BRDA:61,5,0,0
BRDA:61,5,1,0
BRDA:73,6,0,0
BRDA:81,7,0,0
BRDA:83,8,0,0
BRDA:83,8,1,0
BRF:13
BRH:0
end_of_record
TN:
SF:src/modules/wallet/wallet.module.ts
FNF:0
FNH:0
DA:9,0
LF:1
LH:0
BRF:0
BRH:0
end_of_record
TN:
SF:src/modules/wallet/wallet.ts
FN:35,(anonymous_10)
FN:50,deriveKey
FN:57,encryptWallet
FN:95,decryptWallet
FN:135,(anonymous_14)
FN:142,(anonymous_15)
FN:150,(anonymous_16)
FN:160,(anonymous_17)
FN:174,(anonymous_18)
FN:195,(anonymous_19)
FN:210,(anonymous_20)
FN:211,(anonymous_21)
FN:274,(anonymous_22)
FN:305,(anonymous_23)
FN:349,(anonymous_24)
FN:366,(anonymous_25)
FN:375,(anonymous_26)
FN:393,(anonymous_27)
FN:417,(anonymous_28)
FN:420,(anonymous_29)
FN:423,(anonymous_30)
FN:426,(anonymous_31)
FN:429,(anonymous_32)
FN:432,(anonymous_33)
FN:435,(anonymous_34)
FN:438,(anonymous_35)
FN:441,(anonymous_36)
FNF:27
FNH:1
FNDA:1,(anonymous_10)
FNDA:0,deriveKey
FNDA:0,encryptWallet
FNDA:0,decryptWallet
FNDA:0,(anonymous_14)
FNDA:0,(anonymous_15)
FNDA:0,(anonymous_16)
FNDA:0,(anonymous_17)
FNDA:0,(anonymous_18)
FNDA:0,(anonymous_19)
FNDA:0,(anonymous_20)
FNDA:0,(anonymous_21)
FNDA:0,(anonymous_22)
FNDA:0,(anonymous_23)
FNDA:0,(anonymous_24)
FNDA:0,(anonymous_25)
FNDA:0,(anonymous_26)
FNDA:0,(anonymous_27)
FNDA:0,(anonymous_28)
FNDA:0,(anonymous_29)
FNDA:0,(anonymous_30)
FNDA:0,(anonymous_31)
FNDA:0,(anonymous_32)
FNDA:0,(anonymous_33)
FNDA:0,(anonymous_34)
FNDA:0,(anonymous_35)
FNDA:0,(anonymous_36)
DA:6,1
DA:7,1
DA:8,1
DA:9,1
DA:10,1
DA:35,1
DA:36,1
DA:37,1
DA:38,1
DA:41,1
DA:42,1
DA:43,1
DA:44,1
DA:45,1
DA:51,0
DA:59,0
DA:60,0
DA:63,0
DA:66,0
DA:69,0
DA:70,0
DA:76,0
DA:79,0
DA:81,0
DA:97,0
DA:100,0
DA:101,0
DA:102,0
DA:103,0
DA:106,0
DA:109,0
DA:110,0
DA:113,0
DA:114,0
DA:119,0
DA:125,0
DA:130,1
DA:137,0
DA:138,0
DA:139,0
DA:142,0
DA:143,0
DA:152,0
DA:153,0
DA:154,0
DA:155,0
DA:157,0
DA:160,0
DA:162,0
DA:163,0
DA:164,0
DA:165,0
DA:166,0
DA:167,0
DA:168,0
DA:171,0
DA:172,0
DA:175,0
DA:176,0
DA:180,0
DA:184,0
DA:185,0
DA:188,0
DA:199,0
DA:200,0
DA:204,0
DA:205,0
DA:208,0
DA:210,0
DA:211,0
DA:212,0
DA:215,0
DA:218,0
DA:221,0
DA:224,0
DA:226,0
DA:234,0
DA:237,0
DA:244,0
DA:253,0
DA:260,0
DA:265,0
DA:278,0
DA:280,0
DA:281,0
DA:284,0
DA:285,0
DA:287,0
DA:288,0
DA:292,0
DA:293,0
DA:297,0
DA:309,0
DA:310,0
DA:312,0
DA:313,0
DA:314,0
DA:315,0
DA:317,0
DA:320,0
DA:321,0
DA:325,0
DA:326,0
DA:327,0
DA:328,0
DA:329,0
DA:330,0
DA:333,0
DA:334,0
DA:338,0
DA:342,0
DA:350,0
DA:351,0
DA:352,0
DA:353,0
DA:355,0
DA:356,0
DA:357,0
DA:359,0
DA:367,0
DA:368,0
DA:376,0
DA:378,0
DA:379,0
DA:380,0
DA:381,0
DA:382,0
DA:383,0
DA:384,0
DA:385,0
DA:386,0
DA:387,0
DA:397,0
DA:398,0
DA:401,0
DA:404,0
DA:406,0
DA:412,0
DA:417,1
DA:418,0
DA:420,1
DA:421,0
DA:423,1
DA:424,0
DA:426,1
DA:427,0
DA:429,1
DA:430,0
DA:432,1
DA:433,0
DA:435,1
DA:436,0
DA:438,1
DA:439,0
DA:441,1
DA:442,0
LF:156
LH:24
BRDA:35,0,0,1
BRDA:35,0,1,1
BRDA:135,1,0,0
BRDA:138,2,0,0
BRDA:153,3,0,0
BRDA:154,4,0,0
BRDA:175,5,0,0
BRDA:184,6,0,0
BRDA:196,7,0,0
BRDA:199,8,0,0
BRDA:204,9,0,0
BRDA:275,10,0,0
BRDA:280,11,0,0
BRDA:287,12,0,0
BRDA:292,13,0,0
BRDA:306,14,0,0
BRDA:320,15,0,0
BRDA:325,16,0,0
BRDA:327,17,0,0
BRDA:349,18,0,0
BRDA:352,19,0,0
BRDA:366,20,0,0
BRDA:376,21,0,0
BRDA:394,22,0,0
BRF:24
BRH:2
end_of_record
TN:
SF:src/modules/wallet/services/wallet.service.ts
FN:6,(anonymous_2)
FN:8,(anonymous_3)
FN:12,(anonymous_4)
FN:16,(anonymous_5)
FN:20,(anonymous_6)
FN:24,(anonymous_7)
FN:28,(anonymous_8)
FN:32,(anonymous_9)
FN:36,(anonymous_10)
FN:40,(anonymous_11)
FNF:10
FNH:10
FNDA:11,(anonymous_2)
FNDA:2,(anonymous_3)
FNDA:1,(anonymous_4)
FNDA:1,(anonymous_5)
FNDA:1,(anonymous_6)
FNDA:2,(anonymous_7)
FNDA:1,(anonymous_8)
FNDA:1,(anonymous_9)
FNDA:1,(anonymous_10)
FNDA:1,(anonymous_11)
DA:1,1
DA:2,1
DA:5,1
DA:6,11
DA:9,2
DA:13,1
DA:17,1
DA:21,1
DA:25,2
DA:29,1
DA:33,1
DA:37,1
DA:41,1
LF:13
LH:13
BRF:0
BRH:0
end_of_record
TN:
SF:src/shared/embedding.ts
FN:30,(anonymous_1)
FN:57,(anonymous_2)
FN:87,(anonymous_3)
FN:117,(anonymous_4)
FN:120,(anonymous_5)
FN:129,(anonymous_6)
FN:132,(anonymous_7)
FN:135,(anonymous_8)
FNF:8
FNH:8
FNDA:46,(anonymous_1)
FNDA:42,(anonymous_2)
FNDA:11,(anonymous_3)
FNDA:24,(anonymous_4)
FNDA:14,(anonymous_5)
FNDA:7,(anonymous_6)
FNDA:11,(anonymous_7)
FNDA:11,(anonymous_8)
DA:6,1
DA:26,1
DA:34,46
DA:35,46
DA:40,46
DA:46,44
DA:47,1
DA:50,43
DA:51,43
DA:58,42
DA:59,1
DA:62,41
DA:63,1
DA:66,40
DA:67,40
DA:68,40
DA:70,40
DA:71,1115
DA:72,1115
DA:73,1115
DA:76,40
DA:77,1
DA:80,39
DA:93,11
DA:94,1
DA:97,10
DA:98,2
DA:102,8
DA:108,7
DA:110,7
DA:111,31
DA:112,31
DA:113,31
DA:117,24
DA:118,7
DA:120,14
DA:129,1
DA:130,7
DA:132,1
DA:133,11
DA:135,1
DA:136,11
LF:42
LH:42
BRDA:32,0,0,6
BRDA:46,1,0,1
BRDA:58,2,0,1
BRDA:62,3,0,1
BRDA:76,4,0,1
BRDA:76,5,0,40
BRDA:76,5,1,39
BRDA:90,6,0,0
BRDA:91,7,0,10
BRDA:93,8,0,1
BRDA:97,9,0,2
BRF:11
BRH:10
end_of_record
TN:
SF:src/shared/validation.ts
FN:29,(anonymous_1)
FN:48,(anonymous_2)
FN:77,(anonymous_3)
FN:101,(anonymous_4)
FN:108,(anonymous_5)
FN:119,(anonymous_6)
FN:125,(anonymous_7)
FN:128,(anonymous_8)
FN:131,(anonymous_9)
FN:134,(anonymous_10)
FN:137,(anonymous_11)
FN:140,(anonymous_12)
FNF:12
FNH:12
FNDA:43,(anonymous_1)
FNDA:22,(anonymous_2)
FNDA:10,(anonymous_3)
FNDA:3,(anonymous_4)
FNDA:11,(anonymous_5)
FNDA:6,(anonymous_6)
FNDA:43,(anonymous_7)
FNDA:22,(anonymous_8)
FNDA:10,(anonymous_9)
FNDA:3,(anonymous_10)
FNDA:11,(anonymous_11)
FNDA:6,(anonymous_12)
DA:6,1
DA:7,1
DA:25,1
DA:33,43
DA:34,43
DA:36,43
DA:52,22
DA:55,22
DA:56,22
DA:58,22
DA:59,22
DA:62,22
DA:64,22
DA:82,10
DA:83,10
DA:85,10
DA:86,3
DA:90,7
DA:91,7
DA:92,3
DA:95,4
DA:102,3
DA:112,11
DA:113,11
DA:120,6
DA:125,1
DA:126,43
DA:128,1
DA:129,22
DA:131,1
DA:132,10
DA:134,1
DA:135,3
DA:137,1
DA:138,11
DA:140,1
DA:141,6
LF:37
LH:37
BRDA:31,0,0,13
BRDA:33,1,0,43
BRDA:33,1,1,11
BRDA:85,2,0,3
BRDA:91,3,0,3
BRF:5
BRH:5
end_of_record
TN:
SF:src/utils/idl.ts
FN:8,requireEnv
FN:29,deriveStakeAccount
FN:39,deriveTokenMint
FN:49,deriveEscrowAccount
FN:59,getAllProgramIds
FNF:5
FNH:1
FNDA:6,requireEnv
FNDA:0,deriveStakeAccount
FNDA:0,deriveTokenMint
FNDA:0,deriveEscrowAccount
FNDA:0,getAllProgramIds
DA:6,2
DA:9,6
DA:10,6
DA:11,6
DA:15,2
DA:16,2
DA:17,2
DA:19,2
DA:22,2
DA:23,2
DA:24,2
DA:29,2
DA:30,0
DA:39,2
DA:40,0
DA:49,2
DA:50,0
DA:59,2
DA:60,0
LF:19
LH:15
BRDA:10,0,0,0
BRF:1
BRH:0
end_of_record
TN:
SF:src/utils/logger.ts
FN:20,timestamp
FN:29,stripServicePrefix
FN:34,format
FN:36,(anonymous_3)
FN:43,(anonymous_4)
FN:48,(anonymous_5)
FN:51,(anonymous_6)
FN:54,(anonymous_7)
FNF:8
FNH:7
FNDA:535,timestamp
FNDA:535,stripServicePrefix
FNDA:535,format
FNDA:598,(anonymous_3)
FNDA:0,(anonymous_4)
FNDA:490,(anonymous_5)
FNDA:38,(anonymous_6)
FNDA:7,(anonymous_7)
DA:10,11
DA:21,535
DA:22,535
DA:23,535
DA:24,535
DA:25,535
DA:26,535
DA:31,535
DA:35,535
DA:36,598
DA:38,535
DA:39,535
DA:42,11
DA:44,0
DA:45,0
DA:49,490
DA:52,38
DA:55,7
DA:60,11
DA:68,11
LF:20
LH:18
BRDA:36,0,0,598
BRDA:36,0,1,0
BRDA:44,1,0,0
BRF:3
BRH:1
end_of_record
